2025-04-01 00:14:23.560 [info] Extension host with pid 1301 started
2025-04-01 00:14:23.561 [error] Error: EEXIST: file already exists, open '/home/apoorvtripathi537/.codeoss/data/User/workspaceStorage/-554792f2/vscode.lock'
2025-04-01 00:14:23.591 [info] Lock '/home/apoorvtripathi537/.codeoss/data/User/workspaceStorage/-554792f2/vscode.lock': Could not acquire lock, checking if the file is stale.
2025-04-01 00:14:23.593 [info] Lock '/home/apoorvtripathi537/.codeoss/data/User/workspaceStorage/-554792f2/vscode.lock': The pid 1249 appears to be gone.
2025-04-01 00:14:23.593 [info] Lock '/home/apoorvtripathi537/.codeoss/data/User/workspaceStorage/-554792f2/vscode.lock': Deleting a stale lock.
2025-04-01 00:14:23.626 [info] ExtensionService#_doActivateExtension vscode.emmet, startup: false, activationEvent: 'onLanguage'
2025-04-01 00:14:23.657 [info] Lock '/home/apoorvtripathi537/.codeoss/data/User/workspaceStorage/-554792f2/vscode.lock': Lock acquired.
2025-04-01 00:14:23.739 [info] ExtensionService#_doActivateExtension vscode.git-base, startup: true, activationEvent: '*', root cause: vscode.git
2025-04-01 00:14:23.751 [info] ExtensionService#_doActivateExtension ms-python.python, startup: true, activationEvent: 'workspaceContains:requirements.txt'
2025-04-01 00:14:24.207 [info] ExtensionService#_doActivateExtension vscode.git, startup: true, activationEvent: '*'
2025-04-01 00:14:24.207 [info] ExtensionService#_doActivateExtension vscode.github, startup: true, activationEvent: '*'
2025-04-01 00:14:24.408 [info] ExtensionService#_doActivateExtension redhat.fabric8-analytics, startup: true, activationEvent: 'workspaceContains:**/package.json,**/pom.xml,**/go.mod,**/requirements.txt,**/build.gradle,**/Dockerfile,**/Containerfile'
2025-04-01 00:14:24.767 [error] Error: spawn /google/devshell/editor/code-oss-for-cloud-shell/extensions/ms-python.python/python-env-tools/bin/pet ENOENT
	at ChildProcess._handle.onexit (node:internal/child_process:286:19)
	at onErrorNT (node:internal/child_process:484:16)
	at process.processTicksAndRejections (node:internal/process/task_queues:82:21)
2025-04-01 00:14:24.975 [info] Eager extensions activated
2025-04-01 00:14:24.975 [info] ExtensionService#_doActivateExtension EditorConfig.EditorConfig, startup: false, activationEvent: 'onStartupFinished'
2025-04-01 00:14:24.976 [info] ExtensionService#_doActivateExtension google.cloud-shell, startup: false, activationEvent: 'onStartupFinished'
2025-04-01 00:14:24.976 [info] ExtensionService#_doActivateExtension google.geminicodeassist, startup: false, activationEvent: 'onStartupFinished', root cause: googlecloudtools.cloudcode
2025-04-01 00:14:24.977 [info] ExtensionService#_doActivateExtension vscode.debug-auto-launch, startup: false, activationEvent: 'onStartupFinished'
2025-04-01 00:14:24.977 [info] ExtensionService#_doActivateExtension vscode.merge-conflict, startup: false, activationEvent: 'onStartupFinished'
2025-04-01 00:14:26.562 [info] ExtensionService#_doActivateExtension vscode.configuration-editing, startup: false, activationEvent: 'onLanguage:jsonc'
2025-04-01 00:14:26.563 [info] ExtensionService#_doActivateExtension vscode.json-language-features, startup: false, activationEvent: 'onLanguage:jsonc'
2025-04-01 00:14:26.564 [info] ExtensionService#_doActivateExtension vscode.typescript-language-features, startup: false, activationEvent: 'onLanguage:jsonc'
2025-04-01 00:14:26.811 [info] ExtensionService#_doActivateExtension vscode.github-authentication, startup: false, activationEvent: 'onAuthenticationRequest:github'
2025-04-01 00:14:27.741 [error] unauthorized.
2025-04-01 00:14:40.506 [error] unauthorized. cloudshell.authorize {"value":"google.cloud-shell","_lower":"google.cloud-shell"}
2025-04-01 00:14:40.569 [info] ExtensionService#_doActivateExtension googlecloudtools.cloudcode, startup: false, activationEvent: 'onStartupFinished'
2025-04-01 00:38:21.325 [info] Extension host terminating: renderer disconnected for too long (2)
2025-04-01 00:38:21.327 [info] Lock '/home/apoorvtripathi537/.codeoss/data/User/workspaceStorage/-554792f2/vscode.lock': Marking the lockfile as scheduled to be released in 6000 ms.
2025-04-01 00:38:21.354 [error] Canceled: Canceled
    at Ac (file:///google/devshell/editor/code-oss-for-cloud-shell/out/vs/workbench/api/node/extensionHostProcess.js:7:1122)
    at file:///google/devshell/editor/code-oss-for-cloud-shell/out/vs/workbench/api/node/extensionHostProcess.js:31:118205
    at Array.forEach (<anonymous>)
    at Zb.dispose (file:///google/devshell/editor/code-oss-for-cloud-shell/out/vs/workbench/api/node/extensionHostProcess.js:31:118145)
    at dB.terminate (file:///google/devshell/editor/code-oss-for-cloud-shell/out/vs/workbench/api/node/extensionHostProcess.js:118:10085)
    at M3.terminate (file:///google/devshell/editor/code-oss-for-cloud-shell/out/vs/workbench/api/node/extensionHostProcess.js:119:1424)
    at ps (file:///google/devshell/editor/code-oss-for-cloud-shell/out/vs/workbench/api/node/extensionHostProcess.js:174:15058)
    at H4.a (file:///google/devshell/editor/code-oss-for-cloud-shell/out/vs/workbench/api/node/extensionHostProcess.js:174:11968)
    at H4.h (file:///google/devshell/editor/code-oss-for-cloud-shell/out/vs/workbench/api/node/extensionHostProcess.js:30:75706)
    at listOnTimeout (node:internal/timers:581:17)
    at processTimers (node:internal/timers:519:7) setContext undefined
2025-04-01 00:38:21.354 [error] Canceled: Canceled
    at Ac (file:///google/devshell/editor/code-oss-for-cloud-shell/out/vs/workbench/api/node/extensionHostProcess.js:7:1122)
    at file:///google/devshell/editor/code-oss-for-cloud-shell/out/vs/workbench/api/node/extensionHostProcess.js:31:118205
    at Array.forEach (<anonymous>)
    at Zb.dispose (file:///google/devshell/editor/code-oss-for-cloud-shell/out/vs/workbench/api/node/extensionHostProcess.js:31:118145)
    at dB.terminate (file:///google/devshell/editor/code-oss-for-cloud-shell/out/vs/workbench/api/node/extensionHostProcess.js:118:10085)
    at M3.terminate (file:///google/devshell/editor/code-oss-for-cloud-shell/out/vs/workbench/api/node/extensionHostProcess.js:119:1424)
    at ps (file:///google/devshell/editor/code-oss-for-cloud-shell/out/vs/workbench/api/node/extensionHostProcess.js:174:15058)
    at H4.a (file:///google/devshell/editor/code-oss-for-cloud-shell/out/vs/workbench/api/node/extensionHostProcess.js:174:11968)
    at H4.h (file:///google/devshell/editor/code-oss-for-cloud-shell/out/vs/workbench/api/node/extensionHostProcess.js:30:75706)
    at listOnTimeout (node:internal/timers:581:17)
    at processTimers (node:internal/timers:519:7) setContext undefined
2025-04-01 00:38:21.355 [error] Canceled: Canceled
    at Ac (file:///google/devshell/editor/code-oss-for-cloud-shell/out/vs/workbench/api/node/extensionHostProcess.js:7:1122)
    at file:///google/devshell/editor/code-oss-for-cloud-shell/out/vs/workbench/api/node/extensionHostProcess.js:31:118205
    at Array.forEach (<anonymous>)
    at Zb.dispose (file:///google/devshell/editor/code-oss-for-cloud-shell/out/vs/workbench/api/node/extensionHostProcess.js:31:118145)
    at dB.terminate (file:///google/devshell/editor/code-oss-for-cloud-shell/out/vs/workbench/api/node/extensionHostProcess.js:118:10085)
    at M3.terminate (file:///google/devshell/editor/code-oss-for-cloud-shell/out/vs/workbench/api/node/extensionHostProcess.js:119:1424)
    at ps (file:///google/devshell/editor/code-oss-for-cloud-shell/out/vs/workbench/api/node/extensionHostProcess.js:174:15058)
    at H4.a (file:///google/devshell/editor/code-oss-for-cloud-shell/out/vs/workbench/api/node/extensionHostProcess.js:174:11968)
    at H4.h (file:///google/devshell/editor/code-oss-for-cloud-shell/out/vs/workbench/api/node/extensionHostProcess.js:30:75706)
    at listOnTimeout (node:internal/timers:581:17)
    at processTimers (node:internal/timers:519:7) setContext undefined
2025-04-01 00:38:21.355 [error] Canceled: Canceled
    at Ac (file:///google/devshell/editor/code-oss-for-cloud-shell/out/vs/workbench/api/node/extensionHostProcess.js:7:1122)
    at file:///google/devshell/editor/code-oss-for-cloud-shell/out/vs/workbench/api/node/extensionHostProcess.js:31:118205
    at Array.forEach (<anonymous>)
    at Zb.dispose (file:///google/devshell/editor/code-oss-for-cloud-shell/out/vs/workbench/api/node/extensionHostProcess.js:31:118145)
    at dB.terminate (file:///google/devshell/editor/code-oss-for-cloud-shell/out/vs/workbench/api/node/extensionHostProcess.js:118:10085)
    at M3.terminate (file:///google/devshell/editor/code-oss-for-cloud-shell/out/vs/workbench/api/node/extensionHostProcess.js:119:1424)
    at ps (file:///google/devshell/editor/code-oss-for-cloud-shell/out/vs/workbench/api/node/extensionHostProcess.js:174:15058)
    at H4.a (file:///google/devshell/editor/code-oss-for-cloud-shell/out/vs/workbench/api/node/extensionHostProcess.js:174:11968)
    at H4.h (file:///google/devshell/editor/code-oss-for-cloud-shell/out/vs/workbench/api/node/extensionHostProcess.js:30:75706)
    at listOnTimeout (node:internal/timers:581:17)
    at processTimers (node:internal/timers:519:7) setContext undefined
2025-04-01 00:38:21.356 [error] Canceled: Canceled
    at Ac (file:///google/devshell/editor/code-oss-for-cloud-shell/out/vs/workbench/api/node/extensionHostProcess.js:7:1122)
    at file:///google/devshell/editor/code-oss-for-cloud-shell/out/vs/workbench/api/node/extensionHostProcess.js:31:118205
    at Array.forEach (<anonymous>)
    at Zb.dispose (file:///google/devshell/editor/code-oss-for-cloud-shell/out/vs/workbench/api/node/extensionHostProcess.js:31:118145)
    at dB.terminate (file:///google/devshell/editor/code-oss-for-cloud-shell/out/vs/workbench/api/node/extensionHostProcess.js:118:10085)
    at M3.terminate (file:///google/devshell/editor/code-oss-for-cloud-shell/out/vs/workbench/api/node/extensionHostProcess.js:119:1424)
    at ps (file:///google/devshell/editor/code-oss-for-cloud-shell/out/vs/workbench/api/node/extensionHostProcess.js:174:15058)
    at H4.a (file:///google/devshell/editor/code-oss-for-cloud-shell/out/vs/workbench/api/node/extensionHostProcess.js:174:11968)
    at H4.h (file:///google/devshell/editor/code-oss-for-cloud-shell/out/vs/workbench/api/node/extensionHostProcess.js:30:75706)
    at listOnTimeout (node:internal/timers:581:17)
    at processTimers (node:internal/timers:519:7) setContext undefined
2025-04-01 00:38:21.356 [error] Canceled: Canceled
    at Ac (file:///google/devshell/editor/code-oss-for-cloud-shell/out/vs/workbench/api/node/extensionHostProcess.js:7:1122)
    at file:///google/devshell/editor/code-oss-for-cloud-shell/out/vs/workbench/api/node/extensionHostProcess.js:31:118205
    at Array.forEach (<anonymous>)
    at Zb.dispose (file:///google/devshell/editor/code-oss-for-cloud-shell/out/vs/workbench/api/node/extensionHostProcess.js:31:118145)
    at dB.terminate (file:///google/devshell/editor/code-oss-for-cloud-shell/out/vs/workbench/api/node/extensionHostProcess.js:118:10085)
    at M3.terminate (file:///google/devshell/editor/code-oss-for-cloud-shell/out/vs/workbench/api/node/extensionHostProcess.js:119:1424)
    at ps (file:///google/devshell/editor/code-oss-for-cloud-shell/out/vs/workbench/api/node/extensionHostProcess.js:174:15058)
    at H4.a (file:///google/devshell/editor/code-oss-for-cloud-shell/out/vs/workbench/api/node/extensionHostProcess.js:174:11968)
    at H4.h (file:///google/devshell/editor/code-oss-for-cloud-shell/out/vs/workbench/api/node/extensionHostProcess.js:30:75706)
    at listOnTimeout (node:internal/timers:581:17)
    at processTimers (node:internal/timers:519:7) setContext undefined
2025-04-01 00:38:21.356 [error] Canceled: Canceled
    at Ac (file:///google/devshell/editor/code-oss-for-cloud-shell/out/vs/workbench/api/node/extensionHostProcess.js:7:1122)
    at file:///google/devshell/editor/code-oss-for-cloud-shell/out/vs/workbench/api/node/extensionHostProcess.js:31:118205
    at Array.forEach (<anonymous>)
    at Zb.dispose (file:///google/devshell/editor/code-oss-for-cloud-shell/out/vs/workbench/api/node/extensionHostProcess.js:31:118145)
    at dB.terminate (file:///google/devshell/editor/code-oss-for-cloud-shell/out/vs/workbench/api/node/extensionHostProcess.js:118:10085)
    at M3.terminate (file:///google/devshell/editor/code-oss-for-cloud-shell/out/vs/workbench/api/node/extensionHostProcess.js:119:1424)
    at ps (file:///google/devshell/editor/code-oss-for-cloud-shell/out/vs/workbench/api/node/extensionHostProcess.js:174:15058)
    at H4.a (file:///google/devshell/editor/code-oss-for-cloud-shell/out/vs/workbench/api/node/extensionHostProcess.js:174:11968)
    at H4.h (file:///google/devshell/editor/code-oss-for-cloud-shell/out/vs/workbench/api/node/extensionHostProcess.js:30:75706)
    at listOnTimeout (node:internal/timers:581:17)
    at processTimers (node:internal/timers:519:7) setContext undefined
2025-04-01 00:38:21.371 [error] Canceled: Canceled
    at new eA (file:///google/devshell/editor/code-oss-for-cloud-shell/out/vs/workbench/api/node/extensionHostProcess.js:31:116752)
    at Zb.U (file:///google/devshell/editor/code-oss-for-cloud-shell/out/vs/workbench/api/node/extensionHostProcess.js:31:121364)
    at Proxy.s.<computed>.n.charCodeAt.s.<computed> (file:///google/devshell/editor/code-oss-for-cloud-shell/out/vs/workbench/api/node/extensionHostProcess.js:31:118858)
    at T0.g (file:///google/devshell/editor/code-oss-for-cloud-shell/out/vs/workbench/api/node/extensionHostProcess.js:114:32325)
    at T0.executeCommand (file:///google/devshell/editor/code-oss-for-cloud-shell/out/vs/workbench/api/node/extensionHostProcess.js:114:31826)
    at r.registerCommand.description (file:///google/devshell/editor/code-oss-for-cloud-shell/out/vs/workbench/api/node/extensionHostProcess.js:114:31156)
    at T0.h (file:///google/devshell/editor/code-oss-for-cloud-shell/out/vs/workbench/api/node/extensionHostProcess.js:114:32845)
    at T0.g (file:///google/devshell/editor/code-oss-for-cloud-shell/out/vs/workbench/api/node/extensionHostProcess.js:114:31919)
    at T0.executeCommand (file:///google/devshell/editor/code-oss-for-cloud-shell/out/vs/workbench/api/node/extensionHostProcess.js:114:31826)
    at Object.executeCommand (file:///google/devshell/editor/code-oss-for-cloud-shell/out/vs/workbench/api/node/extensionHostProcess.js:156:37049)
    at gh.O [as value] (/google/devshell/editor/code-oss-for-cloud-shell/extensions/git/dist/main.js:2:173696)
    at T.B (file:///google/devshell/editor/code-oss-for-cloud-shell/out/vs/workbench/api/node/extensionHostProcess.js:29:732)
    at T.C (file:///google/devshell/editor/code-oss-for-cloud-shell/out/vs/workbench/api/node/extensionHostProcess.js:29:802)
    at T.fire (file:///google/devshell/editor/code-oss-for-cloud-shell/out/vs/workbench/api/node/extensionHostProcess.js:29:1019)
    at Object.p [as dispose] (/google/devshell/editor/code-oss-for-cloud-shell/extensions/git/dist/main.js:2:194274)
    at /google/devshell/editor/code-oss-for-cloud-shell/extensions/git/dist/main.js:2:200396
    at Array.forEach (<anonymous>)
    at f.dispose (/google/devshell/editor/code-oss-for-cloud-shell/extensions/git/dist/main.js:2:200382)
    at D1.<anonymous> (file:///google/devshell/editor/code-oss-for-cloud-shell/out/vs/workbench/api/node/extensionHostProcess.js:108:19996)
    at D1.dispose (file:///google/devshell/editor/code-oss-for-cloud-shell/out/vs/workbench/api/node/extensionHostProcess.js:108:20092)
    at D1.<anonymous> (/google/devshell/editor/code-oss-for-cloud-shell/extensions/git/dist/main.js:2:175994)
    at D1.dispose (file:///google/devshell/editor/code-oss-for-cloud-shell/out/vs/workbench/api/node/extensionHostProcess.js:108:20092)
    at Si (file:///google/devshell/editor/code-oss-for-cloud-shell/out/vs/workbench/api/node/extensionHostProcess.js:24:701)
    at file:///google/devshell/editor/code-oss-for-cloud-shell/out/vs/workbench/api/node/extensionHostProcess.js:118:14995
    at file:///google/devshell/editor/code-oss-for-cloud-shell/out/vs/workbench/api/node/extensionHostProcess.js:24:1011
    at Object.dispose (file:///google/devshell/editor/code-oss-for-cloud-shell/out/vs/workbench/api/node/extensionHostProcess.js:7:2146)
    at dB.eb (file:///google/devshell/editor/code-oss-for-cloud-shell/out/vs/workbench/api/node/extensionHostProcess.js:118:11922)
    at file:///google/devshell/editor/code-oss-for-cloud-shell/out/vs/workbench/api/node/extensionHostProcess.js:118:9877
    at Array.map (<anonymous>)
    at dB.$ (file:///google/devshell/editor/code-oss-for-cloud-shell/out/vs/workbench/api/node/extensionHostProcess.js:118:9865)
    at dB.terminate (file:///google/devshell/editor/code-oss-for-cloud-shell/out/vs/workbench/api/node/extensionHostProcess.js:118:10108)
    at M3.terminate (file:///google/devshell/editor/code-oss-for-cloud-shell/out/vs/workbench/api/node/extensionHostProcess.js:119:1424)
    at ps (file:///google/devshell/editor/code-oss-for-cloud-shell/out/vs/workbench/api/node/extensionHostProcess.js:174:15058)
    at H4.a (file:///google/devshell/editor/code-oss-for-cloud-shell/out/vs/workbench/api/node/extensionHostProcess.js:174:11968)
    at H4.h (file:///google/devshell/editor/code-oss-for-cloud-shell/out/vs/workbench/api/node/extensionHostProcess.js:30:75706)
    at listOnTimeout (node:internal/timers:581:17)
    at processTimers (node:internal/timers:519:7) setContext undefined
2025-04-01 00:38:21.377 [error] Canceled: Canceled
    at new eA (file:///google/devshell/editor/code-oss-for-cloud-shell/out/vs/workbench/api/node/extensionHostProcess.js:31:116752)
    at Zb.U (file:///google/devshell/editor/code-oss-for-cloud-shell/out/vs/workbench/api/node/extensionHostProcess.js:31:121364)
    at Proxy.s.<computed>.n.charCodeAt.s.<computed> (file:///google/devshell/editor/code-oss-for-cloud-shell/out/vs/workbench/api/node/extensionHostProcess.js:31:118858)
    at T0.g (file:///google/devshell/editor/code-oss-for-cloud-shell/out/vs/workbench/api/node/extensionHostProcess.js:114:32325)
    at T0.executeCommand (file:///google/devshell/editor/code-oss-for-cloud-shell/out/vs/workbench/api/node/extensionHostProcess.js:114:31826)
    at r.registerCommand.description (file:///google/devshell/editor/code-oss-for-cloud-shell/out/vs/workbench/api/node/extensionHostProcess.js:114:31156)
    at T0.h (file:///google/devshell/editor/code-oss-for-cloud-shell/out/vs/workbench/api/node/extensionHostProcess.js:114:32845)
    at T0.g (file:///google/devshell/editor/code-oss-for-cloud-shell/out/vs/workbench/api/node/extensionHostProcess.js:114:31919)
    at T0.executeCommand (file:///google/devshell/editor/code-oss-for-cloud-shell/out/vs/workbench/api/node/extensionHostProcess.js:114:31826)
    at Object.executeCommand (file:///google/devshell/editor/code-oss-for-cloud-shell/out/vs/workbench/api/node/extensionHostProcess.js:156:37049)
    at a.VscodeDevShareProvider.set hasGitHubRepositories [as hasGitHubRepositories] (/google/devshell/editor/code-oss-for-cloud-shell/extensions/github/dist/extension.js:2:25682)
    at /google/devshell/editor/code-oss-for-cloud-shell/extensions/github/dist/extension.js:2:26641
    at gh.value (/google/devshell/editor/code-oss-for-cloud-shell/extensions/git/dist/main.js:2:282537)
    at T.B (file:///google/devshell/editor/code-oss-for-cloud-shell/out/vs/workbench/api/node/extensionHostProcess.js:29:732)
    at T.C (file:///google/devshell/editor/code-oss-for-cloud-shell/out/vs/workbench/api/node/extensionHostProcess.js:29:802)
    at T.fire (file:///google/devshell/editor/code-oss-for-cloud-shell/out/vs/workbench/api/node/extensionHostProcess.js:29:1019)
    at Object.p [as dispose] (/google/devshell/editor/code-oss-for-cloud-shell/extensions/git/dist/main.js:2:194274)
    at /google/devshell/editor/code-oss-for-cloud-shell/extensions/git/dist/main.js:2:200396
    at Array.forEach (<anonymous>)
    at f.dispose (/google/devshell/editor/code-oss-for-cloud-shell/extensions/git/dist/main.js:2:200382)
    at D1.<anonymous> (file:///google/devshell/editor/code-oss-for-cloud-shell/out/vs/workbench/api/node/extensionHostProcess.js:108:19996)
    at D1.dispose (file:///google/devshell/editor/code-oss-for-cloud-shell/out/vs/workbench/api/node/extensionHostProcess.js:108:20092)
    at D1.<anonymous> (/google/devshell/editor/code-oss-for-cloud-shell/extensions/git/dist/main.js:2:175994)
    at D1.dispose (file:///google/devshell/editor/code-oss-for-cloud-shell/out/vs/workbench/api/node/extensionHostProcess.js:108:20092)
    at Si (file:///google/devshell/editor/code-oss-for-cloud-shell/out/vs/workbench/api/node/extensionHostProcess.js:24:701)
    at file:///google/devshell/editor/code-oss-for-cloud-shell/out/vs/workbench/api/node/extensionHostProcess.js:118:14995
    at file:///google/devshell/editor/code-oss-for-cloud-shell/out/vs/workbench/api/node/extensionHostProcess.js:24:1011
    at Object.dispose (file:///google/devshell/editor/code-oss-for-cloud-shell/out/vs/workbench/api/node/extensionHostProcess.js:7:2146)
    at dB.eb (file:///google/devshell/editor/code-oss-for-cloud-shell/out/vs/workbench/api/node/extensionHostProcess.js:118:11922)
    at file:///google/devshell/editor/code-oss-for-cloud-shell/out/vs/workbench/api/node/extensionHostProcess.js:118:9877
    at Array.map (<anonymous>)
    at dB.$ (file:///google/devshell/editor/code-oss-for-cloud-shell/out/vs/workbench/api/node/extensionHostProcess.js:118:9865)
    at dB.terminate (file:///google/devshell/editor/code-oss-for-cloud-shell/out/vs/workbench/api/node/extensionHostProcess.js:118:10108)
    at M3.terminate (file:///google/devshell/editor/code-oss-for-cloud-shell/out/vs/workbench/api/node/extensionHostProcess.js:119:1424)
    at ps (file:///google/devshell/editor/code-oss-for-cloud-shell/out/vs/workbench/api/node/extensionHostProcess.js:174:15058)
    at H4.a (file:///google/devshell/editor/code-oss-for-cloud-shell/out/vs/workbench/api/node/extensionHostProcess.js:174:11968)
    at H4.h (file:///google/devshell/editor/code-oss-for-cloud-shell/out/vs/workbench/api/node/extensionHostProcess.js:30:75706)
    at listOnTimeout (node:internal/timers:581:17)
    at processTimers (node:internal/timers:519:7) setContext undefined
2025-04-01 00:38:21.404 [info] Extension host with pid 1301 exiting with code 0
