2025-04-12 22:19:13.821 [warning] Dir "/home/apoorvtripathi537/.pixi/envs" is not watchable (directory does not exist)
2025-04-12 22:19:13.965 [info] Python interpreter path: ./venv-translate/bin/python
2025-04-12 22:19:14.192 [info] > pyenv which python
2025-04-12 22:19:14.192 [info] cwd: .
2025-04-12 22:19:16.352 [info] Starting Jedi language server for apoorvtripathi537.
2025-04-12 22:28:52.465 [info] Discover tests for workspace name: apoorvtripathi537 - uri: /home/apoorvtripathi537/main.py
2025-04-12 22:28:54.710 [info] Discover tests for workspace name: apoorvtripathi537 - uri: /home/apoorvtripathi537/main.py
2025-04-12 22:28:55.374 [info] Discover tests for workspace name: apoorvtripathi537 - uri: /home/apoorvtripathi537/main.py
2025-04-12 22:28:55.955 [info] Discover tests for workspace name: apoorvtripathi537 - uri: /home/apoorvtripathi537/main.py
2025-04-12 22:29:04.753 [info] Discover tests for workspace name: apoorvtripathi537 - uri: /home/apoorvtripathi537/main.py
2025-04-12 22:29:05.696 [info] Discover tests for workspace name: apoorvtripathi537 - uri: /home/apoorvtripathi537/main.py
2025-04-12 22:29:06.333 [info] Discover tests for workspace name: apoorvtripathi537 - uri: /home/apoorvtripathi537/main.py
2025-04-12 22:31:07.169 [info] Discover tests for workspace name: apoorvtripathi537 - uri: /home/apoorvtripathi537/main.py
2025-04-12 22:31:09.746 [info] Discover tests for workspace name: apoorvtripathi537 - uri: /home/apoorvtripathi537/main.py
2025-04-12 22:31:11.475 [info] Discover tests for workspace name: apoorvtripathi537 - uri: /home/apoorvtripathi537/main.py
2025-04-12 22:31:16.063 [info] Discover tests for workspace name: apoorvtripathi537 - uri: /home/apoorvtripathi537/main.py
2025-04-12 22:31:45.700 [info] Discover tests for workspace name: apoorvtripathi537 - uri: /home/apoorvtripathi537/main.py
2025-04-12 22:31:47.044 [info] Discover tests for workspace name: apoorvtripathi537 - uri: /home/apoorvtripathi537/main.py
2025-04-12 22:31:51.877 [info] Discover tests for workspace name: apoorvtripathi537 - uri: /home/apoorvtripathi537/main.py
2025-04-12 22:31:52.458 [info] Discover tests for workspace name: apoorvtripathi537 - uri: /home/apoorvtripathi537/main.py
2025-04-12 22:33:01.278 [info] Discover tests for workspace name: apoorvtripathi537 - uri: /home/apoorvtripathi537/main.py
2025-04-12 22:33:02.737 [info] Discover tests for workspace name: apoorvtripathi537 - uri: /home/apoorvtripathi537/main.py
2025-04-12 22:33:14.768 [info] Discover tests for workspace name: apoorvtripathi537 - uri: /home/apoorvtripathi537/main.py
2025-04-12 22:33:29.318 [info] Discover tests for workspace name: apoorvtripathi537 - uri: /home/apoorvtripathi537/main.py
2025-04-12 22:35:05.759 [info] Discover tests for workspace name: apoorvtripathi537 - uri: /home/apoorvtripathi537/main.py
2025-04-12 22:35:08.263 [info] Discover tests for workspace name: apoorvtripathi537 - uri: /home/apoorvtripathi537/main.py
2025-04-12 22:35:08.980 [info] Discover tests for workspace name: apoorvtripathi537 - uri: /home/apoorvtripathi537/main.py
2025-04-12 22:36:13.291 [info] Discover tests for workspace name: apoorvtripathi537 - uri: /home/apoorvtripathi537/main.py
2025-04-12 22:36:45.709 [info] Discover tests for workspace name: apoorvtripathi537 - uri: /home/apoorvtripathi537/main.py
2025-04-12 22:36:46.628 [info] Discover tests for workspace name: apoorvtripathi537 - uri: /home/apoorvtripathi537/main.py
2025-04-12 22:36:47.194 [info] Discover tests for workspace name: apoorvtripathi537 - uri: /home/apoorvtripathi537/main.py
2025-04-12 22:44:29.994 [info] Discover tests for workspace name: apoorvtripathi537 - uri: /home/apoorvtripathi537/main.py
2025-04-12 22:44:48.299 [info] Discover tests for workspace name: apoorvtripathi537 - uri: /home/apoorvtripathi537/main.py
2025-04-12 22:44:50.805 [info] Discover tests for workspace name: apoorvtripathi537 - uri: /home/apoorvtripathi537/main.py
2025-04-12 22:44:53.235 [info] Discover tests for workspace name: apoorvtripathi537 - uri: /home/apoorvtripathi537/main.py
2025-04-12 22:44:54.667 [info] Discover tests for workspace name: apoorvtripathi537 - uri: /home/apoorvtripathi537/main.py
2025-04-12 22:44:58.100 [info] Discover tests for workspace name: apoorvtripathi537 - uri: /home/apoorvtripathi537/main.py
2025-04-12 22:44:59.668 [info] Discover tests for workspace name: apoorvtripathi537 - uri: /home/apoorvtripathi537/main.py
2025-04-12 22:45:05.574 [info] Discover tests for workspace name: apoorvtripathi537 - uri: /home/apoorvtripathi537/main.py
2025-04-12 22:45:07.233 [info] Discover tests for workspace name: apoorvtripathi537 - uri: /home/apoorvtripathi537/main.py
2025-04-12 22:45:10.474 [info] Discover tests for workspace name: apoorvtripathi537 - uri: /home/apoorvtripathi537/main.py
2025-04-12 22:45:12.227 [info] Discover tests for workspace name: apoorvtripathi537 - uri: /home/apoorvtripathi537/main.py
2025-04-12 22:45:14.105 [info] Discover tests for workspace name: apoorvtripathi537 - uri: /home/apoorvtripathi537/main.py
2025-04-12 22:45:17.608 [info] Discover tests for workspace name: apoorvtripathi537 - uri: /home/apoorvtripathi537/main.py
2025-04-12 22:47:37.484 [info] Discover tests for workspace name: apoorvtripathi537 - uri: /home/apoorvtripathi537/main.py
2025-04-12 22:47:39.758 [info] Discover tests for workspace name: apoorvtripathi537 - uri: /home/apoorvtripathi537/main.py
2025-04-12 22:47:41.471 [info] Discover tests for workspace name: apoorvtripathi537 - uri: /home/apoorvtripathi537/main.py
2025-04-12 22:47:43.401 [info] Discover tests for workspace name: apoorvtripathi537 - uri: /home/apoorvtripathi537/main.py
2025-04-12 22:47:45.021 [info] Discover tests for workspace name: apoorvtripathi537 - uri: /home/apoorvtripathi537/main.py
2025-04-12 22:47:46.627 [info] Discover tests for workspace name: apoorvtripathi537 - uri: /home/apoorvtripathi537/main.py
2025-04-12 22:47:48.214 [info] Discover tests for workspace name: apoorvtripathi537 - uri: /home/apoorvtripathi537/main.py
2025-04-12 22:47:49.817 [info] Discover tests for workspace name: apoorvtripathi537 - uri: /home/apoorvtripathi537/main.py
2025-04-12 22:47:51.440 [info] Discover tests for workspace name: apoorvtripathi537 - uri: /home/apoorvtripathi537/main.py
2025-04-12 22:47:53.949 [info] Discover tests for workspace name: apoorvtripathi537 - uri: /home/apoorvtripathi537/main.py
2025-04-12 22:47:55.803 [info] Discover tests for workspace name: apoorvtripathi537 - uri: /home/apoorvtripathi537/main.py
2025-04-12 22:47:57.979 [info] Discover tests for workspace name: apoorvtripathi537 - uri: /home/apoorvtripathi537/main.py
2025-04-12 22:47:59.767 [info] Discover tests for workspace name: apoorvtripathi537 - uri: /home/apoorvtripathi537/main.py
2025-04-12 22:48:06.893 [info] Discover tests for workspace name: apoorvtripathi537 - uri: /home/apoorvtripathi537/main.py
2025-04-12 22:48:22.498 [info] Discover tests for workspace name: apoorvtripathi537 - uri: /home/apoorvtripathi537/main.py
2025-04-12 22:48:28.463 [info] Discover tests for workspace name: apoorvtripathi537 - uri: /home/apoorvtripathi537/main.py
2025-04-12 22:48:30.108 [info] Discover tests for workspace name: apoorvtripathi537 - uri: /home/apoorvtripathi537/main.py
2025-04-12 22:49:04.013 [info] Discover tests for workspace name: apoorvtripathi537 - uri: /home/apoorvtripathi537/main.py
2025-04-12 22:49:09.043 [info] Discover tests for workspace name: apoorvtripathi537 - uri: /home/apoorvtripathi537/main.py
2025-04-12 22:49:09.551 [info] Discover tests for workspace name: apoorvtripathi537 - uri: /home/apoorvtripathi537/main.py
2025-04-12 22:49:10.170 [info] Discover tests for workspace name: apoorvtripathi537 - uri: /home/apoorvtripathi537/main.py
2025-04-12 22:50:15.422 [info] Discover tests for workspace name: apoorvtripathi537 - uri: /home/apoorvtripathi537/main.py
2025-04-12 22:50:54.371 [info] Discover tests for workspace name: apoorvtripathi537 - uri: /home/apoorvtripathi537/main.py
2025-04-12 22:50:56.964 [info] Discover tests for workspace name: apoorvtripathi537 - uri: /home/apoorvtripathi537/main.py
2025-04-12 22:50:57.557 [info] Discover tests for workspace name: apoorvtripathi537 - uri: /home/apoorvtripathi537/main.py
2025-04-12 22:52:28.291 [info] Discover tests for workspace name: apoorvtripathi537 - uri: /home/apoorvtripathi537/main.py
2025-04-12 22:52:29.080 [info] Discover tests for workspace name: apoorvtripathi537 - uri: /home/apoorvtripathi537/main.py
2025-04-12 22:52:29.678 [info] Discover tests for workspace name: apoorvtripathi537 - uri: /home/apoorvtripathi537/main.py
2025-04-12 22:52:30.234 [info] Discover tests for workspace name: apoorvtripathi537 - uri: /home/apoorvtripathi537/main.py
2025-04-12 22:52:30.869 [info] Discover tests for workspace name: apoorvtripathi537 - uri: /home/apoorvtripathi537/main.py
2025-04-12 22:59:05.004 [info] Discover tests for workspace name: apoorvtripathi537 - uri: /home/apoorvtripathi537/main.py
2025-04-12 22:59:13.217 [info] Discover tests for workspace name: apoorvtripathi537 - uri: /home/apoorvtripathi537/main.py
2025-04-12 22:59:20.702 [info] Discover tests for workspace name: apoorvtripathi537 - uri: /home/apoorvtripathi537/main.py
2025-04-12 22:59:21.325 [info] Discover tests for workspace name: apoorvtripathi537 - uri: /home/apoorvtripathi537/main.py
2025-04-12 22:59:44.228 [info] Discover tests for workspace name: apoorvtripathi537 - uri: /home/apoorvtripathi537/main.py
2025-04-12 22:59:45.683 [info] Discover tests for workspace name: apoorvtripathi537 - uri: /home/apoorvtripathi537/main.py
2025-04-12 22:59:46.364 [info] Discover tests for workspace name: apoorvtripathi537 - uri: /home/apoorvtripathi537/main.py
2025-04-12 22:59:46.844 [info] Discover tests for workspace name: apoorvtripathi537 - uri: /home/apoorvtripathi537/main.py
2025-04-12 23:01:34.688 [info] Discover tests for workspace name: apoorvtripathi537 - uri: /home/apoorvtripathi537/main.py
2025-04-12 23:01:36.686 [info] Discover tests for workspace name: apoorvtripathi537 - uri: /home/apoorvtripathi537/main.py
2025-04-12 23:01:37.267 [info] Discover tests for workspace name: apoorvtripathi537 - uri: /home/apoorvtripathi537/main.py
2025-04-12 23:01:37.731 [info] Discover tests for workspace name: apoorvtripathi537 - uri: /home/apoorvtripathi537/main.py
2025-04-12 23:15:35.721 [info] CreateEnv Trigger - Skipping for /home/apoorvtripathi537/test.py
2025-04-12 23:15:35.756 [info] Send text to terminal: source /home/apoorvtripathi537/venv-translate/bin/activate
2025-04-12 23:15:36.758 [info] Send text to terminal: /home/apoorvtripathi537/venv-translate/bin/python /home/apoorvtripathi537/test.py
2025-04-12 23:18:48.747 [info] Discover tests for workspace name: apoorvtripathi537 - uri: /home/apoorvtripathi537/test.py
2025-04-12 23:19:08.575 [info] Discover tests for workspace name: apoorvtripathi537 - uri: /home/apoorvtripathi537/main.py
2025-04-12 23:19:09.596 [info] Discover tests for workspace name: apoorvtripathi537 - uri: /home/apoorvtripathi537/main.py
2025-04-12 23:19:11.260 [info] Discover tests for workspace name: apoorvtripathi537 - uri: /home/apoorvtripathi537/main.py
2025-04-12 23:19:11.910 [info] Discover tests for workspace name: apoorvtripathi537 - uri: /home/apoorvtripathi537/main.py
2025-04-12 23:19:12.425 [info] Discover tests for workspace name: apoorvtripathi537 - uri: /home/apoorvtripathi537/main.py
