2025-04-01 21:21:04.761 [info] [main] Log level: Info
2025-04-01 21:21:04.761 [info] [main] Validating found git in: "git"
2025-04-01 21:21:04.761 [info] [main] Using git "2.43.0" from "git"
2025-04-01 21:21:04.761 [info] [Model][doInitialScan] Initial repository scan started
2025-04-01 21:21:04.761 [info] > git rev-parse --show-toplevel [27ms]
2025-04-01 21:21:04.761 [info] > git rev-parse --git-dir --git-common-dir [4ms]
2025-04-01 21:21:04.761 [info] [Model][openRepository] Opened repository: /home/apoorvtripathi537
2025-04-01 21:21:04.761 [info] > git config --get commit.template [6ms]
2025-04-01 21:21:04.761 [info] > git for-each-ref --format=%(refname)%00%(upstream:short)%00%(objectname)%00%(upstream:track)%00%(upstream:remotename)%00%(upstream:remoteref) refs/heads/master refs/remotes/master [3ms]
2025-04-01 21:21:04.761 [info] > git rev-parse --show-toplevel [12ms]
2025-04-01 21:21:04.761 [info] > git for-each-ref --sort -committerdate --format %(refname) %(objectname) %(*objectname) [9ms]
2025-04-01 21:21:04.761 [info] > git rev-parse --show-toplevel [4ms]
2025-04-01 21:21:04.761 [info] > git rev-parse --show-toplevel [3ms]
2025-04-01 21:21:04.761 [info] > git rev-parse --show-toplevel [2ms]
2025-04-01 21:21:04.761 [info] > git rev-parse --show-toplevel [2ms]
2025-04-01 21:21:04.761 [info] > git rev-parse --show-toplevel [2ms]
2025-04-01 21:21:04.761 [info] > git rev-parse --show-toplevel [1ms]
2025-04-01 21:21:04.761 [info] > git status -z -uall [52ms]
2025-04-01 21:21:04.761 [info] > git rev-parse --show-toplevel [21ms]
2025-04-01 21:21:04.761 [info] > git for-each-ref --format=%(refname)%00%(upstream:short)%00%(objectname)%00%(upstream:track)%00%(upstream:remotename)%00%(upstream:remoteref) refs/heads/master refs/remotes/master [18ms]
2025-04-01 21:21:04.761 [info] > git config --local branch.master.vscode-merge-base [27ms]
2025-04-01 21:21:04.761 [warning] [Git][config] git config failed: Failed to execute git
2025-04-01 21:21:04.761 [info] > git rev-parse --show-toplevel [43ms]
2025-04-01 21:21:04.761 [info] > git config --get commit.template [46ms]
2025-04-01 21:21:04.761 [info] > git reflog master --grep-reflog=branch: Created from *. [28ms]
2025-04-01 21:21:04.761 [info] > git for-each-ref --format=%(refname)%00%(upstream:short)%00%(objectname)%00%(upstream:track)%00%(upstream:remotename)%00%(upstream:remoteref) refs/heads/master refs/remotes/master [6ms]
2025-04-01 21:21:04.761 [info] > git rev-parse --show-toplevel [17ms]
2025-04-01 21:21:04.761 [info] > git symbolic-ref --short refs/remotes/origin/HEAD [5ms]
2025-04-01 21:21:04.761 [info] fatal: ref refs/remotes/origin/HEAD is not a symbolic ref
2025-04-01 21:21:04.761 [warning] [Repository][getDefaultBranch] Failed to get default branch details: Failed to execute git.
2025-04-01 21:21:04.761 [info] > git rev-parse --show-toplevel [6ms]
2025-04-01 21:21:04.761 [info] > git merge-base refs/heads/master refs/remotes/origin/master [3ms]
2025-04-01 21:21:04.761 [info] > git rev-parse --show-toplevel [14ms]
2025-04-01 21:21:04.761 [info] > git diff --name-status -z --diff-filter=ADMR ae54d5703c5e6277a64919db1dea687af7ee5769...refs/remotes/origin/master [18ms]
2025-04-01 21:21:04.761 [info] > git status -z -uall [255ms]
2025-04-01 21:21:04.761 [info] > git for-each-ref --sort -committerdate --format %(refname) %(objectname) %(*objectname) [251ms]
2025-04-01 21:21:04.761 [info] > git rev-parse --show-toplevel [36ms]
2025-04-01 21:21:04.761 [info] > git rev-parse --show-toplevel [4ms]
2025-04-01 21:21:04.761 [info] [Model][doInitialScan] Initial repository scan completed - repositories (1), closed repositories (0), parent repositories (0), unsafe repositories (0)
2025-04-01 21:21:06.775 [info] > git check-ignore -v -z --stdin [67ms]
2025-04-01 21:21:06.776 [info] > git show --textconv :main.py [48ms]
2025-04-01 21:21:06.782 [info] > git config --get commit.template [18ms]
2025-04-01 21:21:06.782 [info] > git ls-files --stage -- /home/apoorvtripathi537/main.py [47ms]
2025-04-01 21:21:06.857 [info] > git cat-file -s 58e769657a82a059d793108421575e698102cf55 [61ms]
2025-04-01 21:21:06.859 [info] > git for-each-ref --format=%(refname)%00%(upstream:short)%00%(objectname)%00%(upstream:track)%00%(upstream:remotename)%00%(upstream:remoteref) refs/heads/master refs/remotes/master [9ms]
2025-04-01 21:21:06.895 [info] > git for-each-ref --sort -committerdate --format %(refname) %(objectname) %(*objectname) [4ms]
2025-04-01 21:21:07.038 [info] > git status -z -uall [160ms]
2025-04-01 21:21:14.190 [info] > git config --get commit.template [16ms]
2025-04-01 21:21:14.193 [info] > git for-each-ref --format=%(refname)%00%(upstream:short)%00%(objectname)%00%(upstream:track)%00%(upstream:remotename)%00%(upstream:remoteref) refs/heads/master refs/remotes/master [4ms]
2025-04-01 21:21:14.282 [info] > git for-each-ref --sort -committerdate --format %(refname) %(objectname) %(*objectname) [4ms]
2025-04-01 21:21:14.316 [info] > git status -z -uall [80ms]
2025-04-01 21:21:19.346 [info] > git config --get commit.template [10ms]
2025-04-01 21:21:19.347 [info] > git for-each-ref --format=%(refname)%00%(upstream:short)%00%(objectname)%00%(upstream:track)%00%(upstream:remotename)%00%(upstream:remoteref) refs/heads/master refs/remotes/master [2ms]
2025-04-01 21:21:19.371 [info] > git for-each-ref --sort -committerdate --format %(refname) %(objectname) %(*objectname) [2ms]
2025-04-01 21:21:19.398 [info] > git status -z -uall [43ms]
2025-04-01 21:22:23.505 [info] > git config --get commit.template [7ms]
2025-04-01 21:22:23.505 [info] > git for-each-ref --format=%(refname)%00%(upstream:short)%00%(objectname)%00%(upstream:track)%00%(upstream:remotename)%00%(upstream:remoteref) refs/heads/master refs/remotes/master [1ms]
2025-04-01 21:22:23.523 [info] > git for-each-ref --sort -committerdate --format %(refname) %(objectname) %(*objectname) [1ms]
2025-04-01 21:22:23.557 [info] > git status -z -uall [45ms]
2025-04-01 21:22:28.577 [info] > git config --get commit.template [9ms]
2025-04-01 21:22:28.578 [info] > git for-each-ref --format=%(refname)%00%(upstream:short)%00%(objectname)%00%(upstream:track)%00%(upstream:remotename)%00%(upstream:remoteref) refs/heads/master refs/remotes/master [2ms]
2025-04-01 21:22:28.601 [info] > git for-each-ref --sort -committerdate --format %(refname) %(objectname) %(*objectname) [3ms]
2025-04-01 21:22:28.629 [info] > git status -z -uall [43ms]
2025-04-01 21:22:55.226 [info] > git show --textconv :main.py [12ms]
2025-04-01 21:22:55.228 [info] > git ls-files --stage -- /home/apoorvtripathi537/main.py [5ms]
2025-04-01 21:22:55.237 [info] > git cat-file -s 58e769657a82a059d793108421575e698102cf55 [2ms]
