2025-02-24 00:55:06.233 [info] [main] Log level: Info
2025-02-24 00:55:06.233 [info] [main] Validating found git in: "git"
2025-02-24 00:55:06.233 [info] [main] Using git "2.43.0" from "git"
2025-02-24 00:55:06.233 [info] [Model][doInitialScan] Initial repository scan started
2025-02-24 00:55:06.233 [info] > git rev-parse --show-toplevel [7ms]
2025-02-24 00:55:06.233 [info] > git rev-parse --git-dir --git-common-dir [2ms]
2025-02-24 00:55:06.233 [info] [Model][openRepository] Opened repository: /home/apoorvtripathi537
2025-02-24 00:55:06.233 [info] > git config --get commit.template [4ms]
2025-02-24 00:55:06.233 [info] > git rev-parse --show-toplevel [3ms]
2025-02-24 00:55:06.233 [info] > git rev-parse --show-toplevel [1ms]
2025-02-24 00:55:06.233 [info] > git rev-parse --show-toplevel [1ms]
2025-02-24 00:55:06.233 [info] > git rev-parse --show-toplevel [2ms]
2025-02-24 00:55:06.233 [info] > git rev-parse --show-toplevel [2ms]
2025-02-24 00:55:06.233 [info] > git rev-parse --show-toplevel [1ms]
2025-02-24 00:55:06.233 [info] > git for-each-ref --format=%(refname)%00%(upstream:short)%00%(objectname)%00%(upstream:track)%00%(upstream:remotename)%00%(upstream:remoteref) refs/heads/master refs/remotes/master [36ms]
2025-02-24 00:55:06.233 [info] > git rev-parse --show-toplevel [2ms]
2025-02-24 00:55:06.233 [info] > git rev-parse --show-toplevel [11ms]
2025-02-24 00:55:06.233 [info] > git for-each-ref --sort -committerdate --format %(refname) %(objectname) %(*objectname) [6ms]
2025-02-24 00:55:06.233 [info] > git rev-parse --show-toplevel [2ms]
2025-02-24 00:55:06.233 [info] > git rev-parse --show-toplevel [2ms]
2025-02-24 00:55:06.233 [info] > git rev-parse --show-toplevel [2ms]
2025-02-24 00:55:06.233 [info] > git rev-parse --show-toplevel [2ms]
2025-02-24 00:55:06.233 [info] > git rev-parse --show-toplevel [2ms]
2025-02-24 00:55:06.233 [info] > git rev-parse --show-toplevel [2ms]
2025-02-24 00:55:06.233 [info] > git rev-parse --show-toplevel [1ms]
2025-02-24 00:55:06.233 [info] [Model][doInitialScan] Initial repository scan completed - repositories (1), closed repositories (0), parent repositories (0), unsafe repositories (0)
2025-02-24 00:55:06.233 [info] > git status -z -uall [4136ms]
2025-02-24 00:55:06.233 [info] > git check-ignore -v -z --stdin [15ms]
2025-02-24 00:55:06.233 [info] > git for-each-ref --format=%(refname)%00%(upstream:short)%00%(objectname)%00%(upstream:track)%00%(upstream:remotename)%00%(upstream:remoteref) refs/heads/master refs/remotes/master [33ms]
2025-02-24 00:55:06.233 [info] > git config --get commit.template [16ms]
2025-02-24 00:55:06.233 [info] > git config --local branch.master.vscode-merge-base [16ms]
2025-02-24 00:55:06.233 [warning] [Git][config] git config failed: Failed to execute git
2025-02-24 00:55:06.233 [info] > git show --textconv :templates/index.html [327ms]
2025-02-24 00:55:06.233 [info] > git for-each-ref --format=%(refname)%00%(upstream:short)%00%(objectname)%00%(upstream:track)%00%(upstream:remotename)%00%(upstream:remoteref) refs/heads/master refs/remotes/master [365ms]
2025-02-24 00:55:06.255 [info] > git ls-files --stage -- /home/apoorvtripathi537/templates/index.html [344ms]
2025-02-24 00:55:06.266 [info] > git reflog master --grep-reflog=branch: Created from *. [406ms]
2025-02-24 00:55:06.294 [info] > git cat-file -s 1e9b5f690e058b6ee651538f8a3adcb57917e378 [30ms]
2025-02-24 00:55:06.307 [info] > git symbolic-ref --short refs/remotes/origin/HEAD [32ms]
2025-02-24 00:55:06.307 [info] fatal: ref refs/remotes/origin/HEAD is not a symbolic ref
2025-02-24 00:55:06.307 [warning] [Repository][getDefaultBranch] Failed to get default branch details: Failed to execute git.
2025-02-24 00:55:06.432 [info] > git status -z -uall [85ms]
2025-02-24 00:55:06.435 [info] > git for-each-ref --sort -committerdate --format %(refname) %(objectname) %(*objectname) [73ms]
2025-02-24 00:55:06.503 [info] > git merge-base refs/heads/master refs/remotes/origin/master [183ms]
2025-02-24 00:55:06.538 [info] > git merge-base refs/heads/master refs/remotes/origin/master [40ms]
2025-02-24 00:55:06.574 [info] > git diff --name-status -z --diff-filter=ADMR 643f0a380796d257ff0429865c8f17430f9dd7a5...refs/remotes/origin/master [56ms]
2025-02-24 00:55:06.632 [info] > git diff --name-status -z --diff-filter=ADMR 643f0a380796d257ff0429865c8f17430f9dd7a5...refs/remotes/origin/master [86ms]
2025-02-24 00:55:50.637 [info] > git config --get commit.template [7ms]
2025-02-24 00:55:50.638 [info] > git for-each-ref --format=%(refname)%00%(upstream:short)%00%(objectname)%00%(upstream:track)%00%(upstream:remotename)%00%(upstream:remoteref) refs/heads/master refs/remotes/master [2ms]
2025-02-24 00:55:50.656 [info] > git for-each-ref --sort -committerdate --format %(refname) %(objectname) %(*objectname) [3ms]
2025-02-24 00:55:50.666 [info] > git status -z -uall [20ms]
2025-02-24 00:55:54.791 [info] > git check-ignore -v -z --stdin [2ms]
2025-02-24 00:55:55.690 [info] > git config --get commit.template [8ms]
2025-02-24 00:55:55.693 [info] > git for-each-ref --format=%(refname)%00%(upstream:short)%00%(objectname)%00%(upstream:track)%00%(upstream:remotename)%00%(upstream:remoteref) refs/heads/master refs/remotes/master [4ms]
2025-02-24 00:55:55.711 [info] > git for-each-ref --sort -committerdate --format %(refname) %(objectname) %(*objectname) [2ms]
2025-02-24 00:55:55.722 [info] > git status -z -uall [21ms]
2025-02-24 00:56:00.299 [info] > git check-ignore -v -z --stdin [4ms]
2025-02-24 00:56:00.350 [info] > git log --format=%H%n%aN%n%aE%n%at%n%ct%n%P%n%D%n%B -z --shortstat --diff-merges=first-parent -n50 --skip=0 --topo-order --decorate=full --stdin [6092ms]
2025-02-24 00:56:00.736 [info] > git config --get commit.template [2ms]
2025-02-24 00:56:00.744 [info] > git for-each-ref --format=%(refname)%00%(upstream:short)%00%(objectname)%00%(upstream:track)%00%(upstream:remotename)%00%(upstream:remoteref) refs/heads/master refs/remotes/master [2ms]
2025-02-24 00:56:00.762 [info] > git for-each-ref --sort -committerdate --format %(refname) %(objectname) %(*objectname) [3ms]
2025-02-24 00:56:00.772 [info] > git status -z -uall [21ms]
2025-02-24 00:56:07.972 [info] > git config --get commit.template [175ms]
2025-02-24 00:56:07.976 [info] > git for-each-ref --format=%(refname)%00%(upstream:short)%00%(objectname)%00%(upstream:track)%00%(upstream:remotename)%00%(upstream:remoteref) refs/heads/master refs/remotes/master [170ms]
2025-02-24 00:56:08.004 [info] > git for-each-ref --sort -committerdate --format %(refname) %(objectname) %(*objectname) [2ms]
2025-02-24 00:56:08.014 [info] > git status -z -uall [19ms]
2025-02-24 00:56:13.033 [info] > git config --get commit.template [8ms]
2025-02-24 00:56:13.034 [info] > git for-each-ref --format=%(refname)%00%(upstream:short)%00%(objectname)%00%(upstream:track)%00%(upstream:remotename)%00%(upstream:remoteref) refs/heads/master refs/remotes/master [2ms]
2025-02-24 00:56:13.052 [info] > git for-each-ref --sort -committerdate --format %(refname) %(objectname) %(*objectname) [2ms]
2025-02-24 00:56:13.064 [info] > git status -z -uall [22ms]
2025-02-24 00:56:18.110 [info] > git config --get commit.template [34ms]
2025-02-24 00:56:18.111 [info] > git for-each-ref --format=%(refname)%00%(upstream:short)%00%(objectname)%00%(upstream:track)%00%(upstream:remotename)%00%(upstream:remoteref) refs/heads/master refs/remotes/master [2ms]
2025-02-24 00:56:18.130 [info] > git for-each-ref --sort -committerdate --format %(refname) %(objectname) %(*objectname) [2ms]
2025-02-24 00:56:18.142 [info] > git status -z -uall [22ms]
2025-02-24 00:56:23.166 [info] > git config --get commit.template [8ms]
2025-02-24 00:56:23.167 [info] > git for-each-ref --format=%(refname)%00%(upstream:short)%00%(objectname)%00%(upstream:track)%00%(upstream:remotename)%00%(upstream:remoteref) refs/heads/master refs/remotes/master [2ms]
2025-02-24 00:56:23.185 [info] > git for-each-ref --sort -committerdate --format %(refname) %(objectname) %(*objectname) [3ms]
2025-02-24 00:56:23.194 [info] > git status -z -uall [19ms]
2025-02-24 00:56:28.208 [info] > git config --get commit.template [2ms]
2025-02-24 00:56:28.217 [info] > git for-each-ref --format=%(refname)%00%(upstream:short)%00%(objectname)%00%(upstream:track)%00%(upstream:remotename)%00%(upstream:remoteref) refs/heads/master refs/remotes/master [2ms]
2025-02-24 00:56:28.234 [info] > git for-each-ref --sort -committerdate --format %(refname) %(objectname) %(*objectname) [2ms]
2025-02-24 00:56:28.245 [info] > git status -z -uall [20ms]
2025-02-24 00:57:48.908 [info] > git config --get commit.template [8ms]
2025-02-24 00:57:48.909 [info] > git for-each-ref --format=%(refname)%00%(upstream:short)%00%(objectname)%00%(upstream:track)%00%(upstream:remotename)%00%(upstream:remoteref) refs/heads/master refs/remotes/master [2ms]
2025-02-24 00:57:48.929 [info] > git for-each-ref --sort -committerdate --format %(refname) %(objectname) %(*objectname) [3ms]
2025-02-24 00:57:48.937 [info] > git status -z -uall [19ms]
2025-02-24 01:34:20.920 [info] > git config --get commit.template [9ms]
2025-02-24 01:34:20.921 [info] > git for-each-ref --format=%(refname)%00%(upstream:short)%00%(objectname)%00%(upstream:track)%00%(upstream:remotename)%00%(upstream:remoteref) refs/heads/master refs/remotes/master [2ms]
2025-02-24 01:34:20.940 [info] > git for-each-ref --sort -committerdate --format %(refname) %(objectname) %(*objectname) [2ms]
2025-02-24 01:34:20.950 [info] > git status -z -uall [22ms]
2025-02-24 01:34:21.390 [info] > git check-ignore -v -z --stdin [2ms]
2025-02-24 01:41:05.094 [info] > git config --get commit.template [8ms]
2025-02-24 01:41:05.095 [info] > git for-each-ref --format=%(refname)%00%(upstream:short)%00%(objectname)%00%(upstream:track)%00%(upstream:remotename)%00%(upstream:remoteref) refs/heads/master refs/remotes/master [2ms]
2025-02-24 01:41:05.114 [info] > git for-each-ref --sort -committerdate --format %(refname) %(objectname) %(*objectname) [1ms]
2025-02-24 01:41:05.125 [info] > git status -z -uall [22ms]
2025-02-24 01:41:05.331 [info] > git check-ignore -v -z --stdin [3ms]
2025-02-24 01:41:09.485 [info] > git check-ignore -v -z --stdin [2ms]
