2025-02-24 02:18:49.295 [info] [main] Log level: Info
2025-02-24 02:18:49.295 [info] [main] Validating found git in: "git"
2025-02-24 02:18:49.295 [info] [main] Using git "2.43.0" from "git"
2025-02-24 02:18:49.295 [info] [Model][doInitialScan] Initial repository scan started
2025-02-24 02:18:49.295 [info] > git rev-parse --show-toplevel [49ms]
2025-02-24 02:18:49.295 [info] > git rev-parse --git-dir --git-common-dir [26ms]
2025-02-24 02:18:49.295 [info] [Model][openRepository] Opened repository: /home/apoorvtripathi537
2025-02-24 02:18:52.029 [info] > git config --get commit.template [2726ms]
2025-02-24 02:18:52.240 [info] > git for-each-ref --format=%(refname)%00%(upstream:short)%00%(objectname)%00%(upstream:track)%00%(upstream:remotename)%00%(upstream:remoteref) refs/heads/master refs/remotes/master [141ms]
2025-02-24 02:18:52.529 [info] > git check-ignore -v -z --stdin [13ms]
2025-02-24 02:18:52.902 [info] > git status -z -uall [179ms]
2025-02-24 02:18:52.913 [info] > git for-each-ref --sort -committerdate --format %(refname) %(objectname) %(*objectname) [157ms]
2025-02-24 02:18:53.178 [info] > git for-each-ref --format=%(refname)%00%(upstream:short)%00%(objectname)%00%(upstream:track)%00%(upstream:remotename)%00%(upstream:remoteref) refs/heads/master refs/remotes/master [177ms]
2025-02-24 02:18:53.243 [info] > git config --local branch.master.vscode-merge-base [44ms]
2025-02-24 02:18:53.243 [warning] [Git][config] git config failed: Failed to execute git
2025-02-24 02:18:53.254 [info] > git config --get commit.template [198ms]
2025-02-24 02:18:53.255 [info] > git rev-parse --show-toplevel [222ms]
2025-02-24 02:18:53.355 [info] > git reflog master --grep-reflog=branch: Created from *. [101ms]
2025-02-24 02:18:53.407 [info] > git rev-parse --show-toplevel [69ms]
2025-02-24 02:18:53.446 [info] > git for-each-ref --format=%(refname)%00%(upstream:short)%00%(objectname)%00%(upstream:track)%00%(upstream:remotename)%00%(upstream:remoteref) refs/heads/master refs/remotes/master [49ms]
2025-02-24 02:18:53.449 [info] > git symbolic-ref --short refs/remotes/origin/HEAD [78ms]
2025-02-24 02:18:53.449 [info] fatal: ref refs/remotes/origin/HEAD is not a symbolic ref
2025-02-24 02:18:53.449 [warning] [Repository][getDefaultBranch] Failed to get default branch details: Failed to execute git.
2025-02-24 02:18:53.467 [info] > git merge-base refs/heads/master refs/remotes/origin/master [4ms]
2025-02-24 02:18:53.481 [info] > git rev-parse --show-toplevel [43ms]
2025-02-24 02:18:53.584 [info] > git diff --name-status -z --diff-filter=ADMR 42921955552c21d8dcec38f94886a174cd9a8f67...refs/remotes/origin/master [104ms]
2025-02-24 02:18:53.634 [info] > git rev-parse --show-toplevel [138ms]
2025-02-24 02:18:53.660 [info] > git for-each-ref --sort -committerdate --format %(refname) %(objectname) %(*objectname) [28ms]
2025-02-24 02:18:53.669 [info] > git rev-parse --show-toplevel [19ms]
2025-02-24 02:18:53.682 [info] > git status -z -uall [64ms]
2025-02-24 02:18:53.704 [info] > git rev-parse --show-toplevel [24ms]
2025-02-24 02:18:53.763 [info] > git rev-parse --show-toplevel [44ms]
2025-02-24 02:18:53.882 [info] > git rev-parse --show-toplevel [45ms]
2025-02-24 02:18:53.913 [info] > git rev-parse --show-toplevel [8ms]
2025-02-24 02:18:53.932 [info] > git rev-parse --show-toplevel [5ms]
2025-02-24 02:18:54.065 [info] > git rev-parse --show-toplevel [7ms]
2025-02-24 02:18:54.090 [info] > git rev-parse --show-toplevel [12ms]
2025-02-24 02:18:54.128 [info] > git rev-parse --show-toplevel [13ms]
2025-02-24 02:18:54.148 [info] > git rev-parse --show-toplevel [5ms]
2025-02-24 02:18:54.149 [info] [Model][doInitialScan] Initial repository scan completed - repositories (1), closed repositories (0), parent repositories (0), unsafe repositories (0)
2025-02-24 02:18:54.228 [info] > git show --textconv :requirements.txt [35ms]
2025-02-24 02:19:01.751 [info] > git ls-files --stage -- /home/apoorvtripathi537/requirements.txt [7529ms]
2025-02-24 02:19:01.855 [info] > git cat-file -s 79ea5f82f9b50c84d694d1686aa0dd9b3cf78a50 [93ms]
2025-02-24 02:19:01.865 [info] > git config --get commit.template [87ms]
2025-02-24 02:19:01.885 [info] > git for-each-ref --format=%(refname)%00%(upstream:short)%00%(objectname)%00%(upstream:track)%00%(upstream:remotename)%00%(upstream:remoteref) refs/heads/master refs/remotes/master [7ms]
2025-02-24 02:19:01.934 [info] > git for-each-ref --sort -committerdate --format %(refname) %(objectname) %(*objectname) [7ms]
2025-02-24 02:19:01.957 [info] > git status -z -uall [51ms]
2025-02-24 02:19:07.329 [info] > git config --get commit.template [63ms]
2025-02-24 02:19:07.385 [info] > git for-each-ref --format=%(refname)%00%(upstream:short)%00%(objectname)%00%(upstream:track)%00%(upstream:remotename)%00%(upstream:remoteref) refs/heads/master refs/remotes/master [17ms]
2025-02-24 02:19:07.490 [info] > git for-each-ref --sort -committerdate --format %(refname) %(objectname) %(*objectname) [19ms]
2025-02-24 02:19:07.501 [info] > git status -z -uall [68ms]
