2025-04-01 19:22:25.467 [info] [main] Log level: Info
2025-04-01 19:22:25.467 [info] [main] Validating found git in: "git"
2025-04-01 19:22:25.467 [info] [main] Using git "2.43.0" from "git"
2025-04-01 19:22:25.467 [info] [Model][doInitialScan] Initial repository scan started
2025-04-01 19:22:25.467 [info] > git rev-parse --show-toplevel [2ms]
2025-04-01 19:22:25.467 [info] > git rev-parse --git-dir --git-common-dir [2ms]
2025-04-01 19:22:25.467 [info] [Model][openRepository] Opened repository: /home/apoorvtripathi537
2025-04-01 19:22:25.467 [info] > git config --get commit.template [2ms]
2025-04-01 19:22:25.467 [info] > git for-each-ref --format=%(refname)%00%(upstream:short)%00%(objectname)%00%(upstream:track)%00%(upstream:remotename)%00%(upstream:remoteref) refs/heads/master refs/remotes/master [5ms]
2025-04-01 19:22:25.467 [info] > git rev-parse --show-toplevel [3ms]
2025-04-01 19:22:25.467 [info] > git rev-parse --show-toplevel [11ms]
2025-04-01 19:22:25.467 [info] > git for-each-ref --sort -committerdate --format %(refname) %(objectname) %(*objectname) [3ms]
2025-04-01 19:22:25.467 [info] > git rev-parse --show-toplevel [4ms]
2025-04-01 19:22:25.467 [info] > git rev-parse --show-toplevel [3ms]
2025-04-01 19:22:25.467 [info] > git rev-parse --show-toplevel [2ms]
2025-04-01 19:22:25.467 [info] > git rev-parse --show-toplevel [2ms]
2025-04-01 19:22:25.467 [info] > git status -z -uall [36ms]
2025-04-01 19:22:25.467 [info] > git for-each-ref --format=%(refname)%00%(upstream:short)%00%(objectname)%00%(upstream:track)%00%(upstream:remotename)%00%(upstream:remoteref) refs/heads/master refs/remotes/master [7ms]
2025-04-01 19:22:25.467 [info] > git rev-parse --show-toplevel [20ms]
2025-04-01 19:22:25.467 [info] > git config --get commit.template [7ms]
2025-04-01 19:22:25.467 [info] > git rev-parse --show-toplevel [20ms]
2025-04-01 19:22:25.467 [info] > git config --local branch.master.vscode-merge-base [24ms]
2025-04-01 19:22:25.467 [warning] [Git][config] git config failed: Failed to execute git
2025-04-01 19:22:25.467 [info] > git for-each-ref --format=%(refname)%00%(upstream:short)%00%(objectname)%00%(upstream:track)%00%(upstream:remotename)%00%(upstream:remoteref) refs/heads/master refs/remotes/master [4ms]
2025-04-01 19:22:25.467 [info] > git reflog master --grep-reflog=branch: Created from *. [7ms]
2025-04-01 19:22:25.467 [info] > git rev-parse --show-toplevel [4ms]
2025-04-01 19:22:25.467 [info] > git symbolic-ref --short refs/remotes/origin/HEAD [4ms]
2025-04-01 19:22:25.467 [info] fatal: ref refs/remotes/origin/HEAD is not a symbolic ref
2025-04-01 19:22:25.467 [warning] [Repository][getDefaultBranch] Failed to get default branch details: Failed to execute git.
2025-04-01 19:22:25.467 [info] > git rev-parse --show-toplevel [14ms]
2025-04-01 19:22:25.467 [info] > git for-each-ref --sort -committerdate --format %(refname) %(objectname) %(*objectname) [4ms]
2025-04-01 19:22:25.467 [info] > git merge-base refs/heads/master refs/remotes/origin/master [14ms]
2025-04-01 19:22:25.467 [info] > git rev-parse --show-toplevel [5ms]
2025-04-01 19:22:25.467 [info] > git diff --name-status -z --diff-filter=ADMR 278fddd58f3ba3ac11cdc370502f2146ec0dba60...refs/remotes/origin/master [4ms]
2025-04-01 19:22:25.467 [info] > git rev-parse --show-toplevel [2ms]
2025-04-01 19:22:25.467 [info] > git rev-parse --show-toplevel [1ms]
2025-04-01 19:22:25.467 [info] > git rev-parse --show-toplevel [1ms]
2025-04-01 19:22:25.467 [info] [Model][doInitialScan] Initial repository scan completed - repositories (1), closed repositories (0), parent repositories (0), unsafe repositories (0)
2025-04-01 19:22:25.467 [info] > git status -z -uall [30ms]
2025-04-01 19:22:27.445 [info] > git check-ignore -v -z --stdin [47ms]
2025-04-01 19:22:27.452 [info] > git show --textconv :main.py [42ms]
2025-04-01 19:22:27.454 [info] > git config --get commit.template [16ms]
2025-04-01 19:22:27.454 [info] > git ls-files --stage -- /home/apoorvtripathi537/main.py [39ms]
2025-04-01 19:22:27.500 [info] > git cat-file -s 58e769657a82a059d793108421575e698102cf55 [40ms]
2025-04-01 19:22:27.505 [info] > git for-each-ref --format=%(refname)%00%(upstream:short)%00%(objectname)%00%(upstream:track)%00%(upstream:remotename)%00%(upstream:remoteref) refs/heads/master refs/remotes/master [12ms]
2025-04-01 19:22:27.536 [info] > git for-each-ref --sort -committerdate --format %(refname) %(objectname) %(*objectname) [5ms]
2025-04-01 19:22:27.565 [info] > git status -z -uall [48ms]
2025-04-01 19:22:32.599 [info] > git config --get commit.template [3ms]
2025-04-01 19:22:32.613 [info] > git for-each-ref --format=%(refname)%00%(upstream:short)%00%(objectname)%00%(upstream:track)%00%(upstream:remotename)%00%(upstream:remoteref) refs/heads/master refs/remotes/master [4ms]
2025-04-01 19:22:32.645 [info] > git for-each-ref --sort -committerdate --format %(refname) %(objectname) %(*objectname) [3ms]
2025-04-01 19:22:32.671 [info] > git status -z -uall [44ms]
2025-04-01 19:22:37.896 [info] > git config --get commit.template [29ms]
2025-04-01 19:22:37.912 [info] > git for-each-ref --format=%(refname)%00%(upstream:short)%00%(objectname)%00%(upstream:track)%00%(upstream:remotename)%00%(upstream:remoteref) refs/heads/master refs/remotes/master [2ms]
2025-04-01 19:22:37.945 [info] > git for-each-ref --sort -committerdate --format %(refname) %(objectname) %(*objectname) [3ms]
2025-04-01 19:22:37.966 [info] > git status -z -uall [40ms]
2025-04-01 19:23:27.335 [info] > git config --get commit.template [9ms]
2025-04-01 19:23:27.336 [info] > git for-each-ref --format=%(refname)%00%(upstream:short)%00%(objectname)%00%(upstream:track)%00%(upstream:remotename)%00%(upstream:remoteref) refs/heads/master refs/remotes/master [3ms]
2025-04-01 19:23:27.354 [info] > git for-each-ref --sort -committerdate --format %(refname) %(objectname) %(*objectname) [2ms]
2025-04-01 19:23:27.374 [info] > git status -z -uall [31ms]
2025-04-01 19:23:32.516 [info] > git config --get commit.template [3ms]
2025-04-01 19:23:32.532 [info] > git for-each-ref --format=%(refname)%00%(upstream:short)%00%(objectname)%00%(upstream:track)%00%(upstream:remotename)%00%(upstream:remoteref) refs/heads/master refs/remotes/master [8ms]
2025-04-01 19:23:32.555 [info] > git for-each-ref --sort -committerdate --format %(refname) %(objectname) %(*objectname) [5ms]
2025-04-01 19:23:32.572 [info] > git status -z -uall [32ms]
2025-04-01 19:23:51.256 [info] > git ls-files --stage -- /home/apoorvtripathi537/requirements.txt [3ms]
2025-04-01 19:23:51.266 [info] > git cat-file -s 230ea486861ea641e6f7492b5d1afb12f27d275b [3ms]
2025-04-01 19:23:51.267 [info] > git show --textconv :requirements.txt [23ms]
2025-04-01 19:24:25.211 [info] > git show --textconv :main.py [9ms]
2025-04-01 19:24:25.214 [info] > git ls-files --stage -- /home/apoorvtripathi537/main.py [3ms]
2025-04-01 19:24:25.223 [info] > git cat-file -s 58e769657a82a059d793108421575e698102cf55 [2ms]
2025-04-01 19:25:21.632 [info] > git config --get commit.template [10ms]
2025-04-01 19:25:21.633 [info] > git for-each-ref --format=%(refname)%00%(upstream:short)%00%(objectname)%00%(upstream:track)%00%(upstream:remotename)%00%(upstream:remoteref) refs/heads/master refs/remotes/master [2ms]
2025-04-01 19:25:21.659 [info] > git for-each-ref --sort -committerdate --format %(refname) %(objectname) %(*objectname) [3ms]
2025-04-01 19:25:21.676 [info] > git status -z -uall [34ms]
2025-04-01 19:25:26.699 [info] > git config --get commit.template [9ms]
2025-04-01 19:25:26.700 [info] > git for-each-ref --format=%(refname)%00%(upstream:short)%00%(objectname)%00%(upstream:track)%00%(upstream:remotename)%00%(upstream:remoteref) refs/heads/master refs/remotes/master [3ms]
2025-04-01 19:25:26.720 [info] > git for-each-ref --sort -committerdate --format %(refname) %(objectname) %(*objectname) [2ms]
2025-04-01 19:25:26.741 [info] > git status -z -uall [32ms]
2025-04-01 19:25:36.863 [info] > git config --get commit.template [9ms]
2025-04-01 19:25:36.864 [info] > git for-each-ref --format=%(refname)%00%(upstream:short)%00%(objectname)%00%(upstream:track)%00%(upstream:remotename)%00%(upstream:remoteref) refs/heads/master refs/remotes/master [2ms]
2025-04-01 19:25:36.886 [info] > git for-each-ref --sort -committerdate --format %(refname) %(objectname) %(*objectname) [2ms]
2025-04-01 19:25:36.905 [info] > git status -z -uall [34ms]
2025-04-01 19:26:33.131 [info] > git config --get commit.template [8ms]
2025-04-01 19:26:33.132 [info] > git for-each-ref --format=%(refname)%00%(upstream:short)%00%(objectname)%00%(upstream:track)%00%(upstream:remotename)%00%(upstream:remoteref) refs/heads/master refs/remotes/master [2ms]
2025-04-01 19:26:33.153 [info] > git for-each-ref --sort -committerdate --format %(refname) %(objectname) %(*objectname) [2ms]
2025-04-01 19:26:33.178 [info] > git status -z -uall [38ms]
2025-04-01 19:27:01.388 [info] > git config --get commit.template [9ms]
2025-04-01 19:27:01.389 [info] > git for-each-ref --format=%(refname)%00%(upstream:short)%00%(objectname)%00%(upstream:track)%00%(upstream:remotename)%00%(upstream:remoteref) refs/heads/master refs/remotes/master [2ms]
2025-04-01 19:27:01.410 [info] > git for-each-ref --sort -committerdate --format %(refname) %(objectname) %(*objectname) [2ms]
2025-04-01 19:27:01.439 [info] > git status -z -uall [42ms]
2025-04-01 19:27:06.461 [info] > git config --get commit.template [9ms]
2025-04-01 19:27:06.462 [info] > git for-each-ref --format=%(refname)%00%(upstream:short)%00%(objectname)%00%(upstream:track)%00%(upstream:remotename)%00%(upstream:remoteref) refs/heads/master refs/remotes/master [2ms]
2025-04-01 19:27:06.483 [info] > git for-each-ref --sort -committerdate --format %(refname) %(objectname) %(*objectname) [3ms]
2025-04-01 19:27:06.510 [info] > git status -z -uall [39ms]
2025-04-01 19:27:06.735 [info] > git show --textconv :requirements.txt [9ms]
2025-04-01 19:27:06.737 [info] > git ls-files --stage -- /home/apoorvtripathi537/requirements.txt [3ms]
2025-04-01 19:27:06.746 [info] > git cat-file -s 230ea486861ea641e6f7492b5d1afb12f27d275b [2ms]
2025-04-01 19:35:28.438 [info] > git config --get commit.template [9ms]
2025-04-01 19:35:28.440 [info] > git for-each-ref --format=%(refname)%00%(upstream:short)%00%(objectname)%00%(upstream:track)%00%(upstream:remotename)%00%(upstream:remoteref) refs/heads/master refs/remotes/master [2ms]
2025-04-01 19:35:28.460 [info] > git for-each-ref --sort -committerdate --format %(refname) %(objectname) %(*objectname) [1ms]
2025-04-01 19:35:28.492 [info] > git status -z -uall [43ms]
2025-04-01 19:35:33.517 [info] > git config --get commit.template [9ms]
2025-04-01 19:35:33.518 [info] > git for-each-ref --format=%(refname)%00%(upstream:short)%00%(objectname)%00%(upstream:track)%00%(upstream:remotename)%00%(upstream:remoteref) refs/heads/master refs/remotes/master [2ms]
2025-04-01 19:35:33.541 [info] > git for-each-ref --sort -committerdate --format %(refname) %(objectname) %(*objectname) [3ms]
2025-04-01 19:35:33.559 [info] > git status -z -uall [34ms]
2025-04-01 19:37:22.606 [info] > git config --get commit.template [2ms]
2025-04-01 19:37:22.616 [info] > git for-each-ref --format=%(refname)%00%(upstream:short)%00%(objectname)%00%(upstream:track)%00%(upstream:remotename)%00%(upstream:remoteref) refs/heads/master refs/remotes/master [2ms]
2025-04-01 19:37:22.638 [info] > git for-each-ref --sort -committerdate --format %(refname) %(objectname) %(*objectname) [2ms]
2025-04-01 19:37:22.680 [info] > git status -z -uall [55ms]
2025-04-01 19:37:27.768 [info] > git config --get commit.template [11ms]
2025-04-01 19:37:27.770 [info] > git for-each-ref --format=%(refname)%00%(upstream:short)%00%(objectname)%00%(upstream:track)%00%(upstream:remotename)%00%(upstream:remoteref) refs/heads/master refs/remotes/master [3ms]
2025-04-01 19:37:27.797 [info] > git for-each-ref --sort -committerdate --format %(refname) %(objectname) %(*objectname) [2ms]
2025-04-01 19:37:27.830 [info] > git status -z -uall [49ms]
2025-04-01 19:37:48.177 [info] > git show --textconv :main.py [10ms]
2025-04-01 19:37:48.179 [info] > git ls-files --stage -- /home/apoorvtripathi537/main.py [4ms]
2025-04-01 19:37:48.188 [info] > git cat-file -s 58e769657a82a059d793108421575e698102cf55 [2ms]
2025-04-01 19:45:27.983 [info] > git config --get commit.template [3ms]
2025-04-01 19:45:27.994 [info] > git for-each-ref --format=%(refname)%00%(upstream:short)%00%(objectname)%00%(upstream:track)%00%(upstream:remotename)%00%(upstream:remoteref) refs/heads/master refs/remotes/master [2ms]
2025-04-01 19:45:28.019 [info] > git for-each-ref --sort -committerdate --format %(refname) %(objectname) %(*objectname) [3ms]
2025-04-01 19:45:28.059 [info] > git status -z -uall [56ms]
2025-04-01 19:45:30.723 [info] > git show --textconv :requirements.txt [10ms]
2025-04-01 19:45:30.725 [info] > git ls-files --stage -- /home/apoorvtripathi537/requirements.txt [3ms]
2025-04-01 19:45:30.735 [info] > git cat-file -s 230ea486861ea641e6f7492b5d1afb12f27d275b [1ms]
2025-04-01 19:45:33.140 [info] > git config --get commit.template [9ms]
2025-04-01 19:45:33.141 [info] > git for-each-ref --format=%(refname)%00%(upstream:short)%00%(objectname)%00%(upstream:track)%00%(upstream:remotename)%00%(upstream:remoteref) refs/heads/master refs/remotes/master [2ms]
2025-04-01 19:45:33.162 [info] > git for-each-ref --sort -committerdate --format %(refname) %(objectname) %(*objectname) [2ms]
2025-04-01 19:45:33.197 [info] > git status -z -uall [48ms]
2025-04-01 19:45:44.532 [info] > git config --get commit.template [11ms]
2025-04-01 19:45:44.533 [info] > git for-each-ref --format=%(refname)%00%(upstream:short)%00%(objectname)%00%(upstream:track)%00%(upstream:remotename)%00%(upstream:remoteref) refs/heads/master refs/remotes/master [2ms]
2025-04-01 19:45:44.555 [info] > git for-each-ref --sort -committerdate --format %(refname) %(objectname) %(*objectname) [2ms]
2025-04-01 19:45:44.591 [info] > git status -z -uall [49ms]
2025-04-01 19:45:48.617 [info] > git show --textconv :requirements.txt [10ms]
2025-04-01 19:45:48.619 [info] > git ls-files --stage -- /home/apoorvtripathi537/requirements.txt [3ms]
2025-04-01 19:45:48.630 [info] > git cat-file -s 230ea486861ea641e6f7492b5d1afb12f27d275b [1ms]
2025-04-01 20:10:59.644 [info] > git config --get commit.template [9ms]
2025-04-01 20:10:59.647 [info] > git for-each-ref --format=%(refname)%00%(upstream:short)%00%(objectname)%00%(upstream:track)%00%(upstream:remotename)%00%(upstream:remoteref) refs/heads/master refs/remotes/master [3ms]
2025-04-01 20:10:59.673 [info] > git for-each-ref --sort -committerdate --format %(refname) %(objectname) %(*objectname) [3ms]
2025-04-01 20:10:59.708 [info] > git status -z -uall [53ms]
2025-04-01 20:10:59.738 [info] > git merge-base refs/heads/master refs/remotes/origin/master [3ms]
2025-04-01 20:10:59.749 [info] > git diff --name-status -z --diff-filter=ADMR ae54d5703c5e6277a64919db1dea687af7ee5769...refs/remotes/origin/master [3ms]
2025-04-01 20:11:00.026 [info] > git ls-files --stage -- /home/apoorvtripathi537/requirements.txt [4ms]
2025-04-01 20:11:00.037 [info] > git cat-file -s 0e53df3256716f83a0e860c2a4628d710e9500d6 [2ms]
2025-04-01 20:11:00.390 [info] > git show --textconv :requirements.txt [4ms]
2025-04-01 20:11:04.757 [info] > git config --get commit.template [10ms]
2025-04-01 20:11:04.758 [info] > git for-each-ref --format=%(refname)%00%(upstream:short)%00%(objectname)%00%(upstream:track)%00%(upstream:remotename)%00%(upstream:remoteref) refs/heads/master refs/remotes/master [2ms]
2025-04-01 20:11:04.783 [info] > git for-each-ref --sort -committerdate --format %(refname) %(objectname) %(*objectname) [3ms]
2025-04-01 20:11:04.811 [info] > git status -z -uall [45ms]
2025-04-01 20:11:17.377 [info] > git show --textconv :main.py [10ms]
2025-04-01 20:11:17.380 [info] > git ls-files --stage -- /home/apoorvtripathi537/main.py [4ms]
2025-04-01 20:11:17.390 [info] > git cat-file -s 58e769657a82a059d793108421575e698102cf55 [2ms]
2025-04-01 20:11:58.821 [info] > git check-ignore -v -z --stdin [4ms]
2025-04-01 20:12:16.176 [info] > git config --get commit.template [8ms]
2025-04-01 20:12:16.178 [info] > git for-each-ref --format=%(refname)%00%(upstream:short)%00%(objectname)%00%(upstream:track)%00%(upstream:remotename)%00%(upstream:remoteref) refs/heads/master refs/remotes/master [3ms]
2025-04-01 20:12:16.204 [info] > git for-each-ref --sort -committerdate --format %(refname) %(objectname) %(*objectname) [3ms]
2025-04-01 20:12:16.227 [info] > git status -z -uall [41ms]
2025-04-01 20:12:18.104 [info] > git show --textconv :requirements.txt [10ms]
2025-04-01 20:12:18.108 [info] > git ls-files --stage -- /home/apoorvtripathi537/requirements.txt [4ms]
2025-04-01 20:12:18.117 [info] > git cat-file -s 0e53df3256716f83a0e860c2a4628d710e9500d6 [2ms]
2025-04-01 20:12:21.249 [info] > git config --get commit.template [10ms]
2025-04-01 20:12:21.250 [info] > git for-each-ref --format=%(refname)%00%(upstream:short)%00%(objectname)%00%(upstream:track)%00%(upstream:remotename)%00%(upstream:remoteref) refs/heads/master refs/remotes/master [1ms]
2025-04-01 20:12:21.276 [info] > git for-each-ref --sort -committerdate --format %(refname) %(objectname) %(*objectname) [3ms]
2025-04-01 20:12:21.300 [info] > git status -z -uall [41ms]
2025-04-01 20:53:13.382 [info] > git for-each-ref --format=%(refname)%00%(upstream:short)%00%(objectname)%00%(upstream:track)%00%(upstream:remotename)%00%(upstream:remoteref) refs/heads/master refs/remotes/master [2ms]
2025-04-01 20:53:13.383 [info] > git config --get commit.template [11ms]
2025-04-01 20:53:13.407 [info] > git for-each-ref --sort -committerdate --format %(refname) %(objectname) %(*objectname) [3ms]
2025-04-01 20:53:13.430 [info] > git status -z -uall [40ms]
2025-04-01 20:53:19.683 [info] > git config --get commit.template [8ms]
2025-04-01 20:53:19.685 [info] > git for-each-ref --format=%(refname)%00%(upstream:short)%00%(objectname)%00%(upstream:track)%00%(upstream:remotename)%00%(upstream:remoteref) refs/heads/master refs/remotes/master [3ms]
2025-04-01 20:53:19.705 [info] > git for-each-ref --sort -committerdate --format %(refname) %(objectname) %(*objectname) [2ms]
2025-04-01 20:53:19.731 [info] > git status -z -uall [39ms]
2025-04-01 20:53:46.590 [info] > git check-ignore -v -z --stdin [4ms]
2025-04-01 20:53:47.954 [info] > git config --get commit.template [11ms]
2025-04-01 20:53:47.955 [info] > git for-each-ref --format=%(refname)%00%(upstream:short)%00%(objectname)%00%(upstream:track)%00%(upstream:remotename)%00%(upstream:remoteref) refs/heads/master refs/remotes/master [2ms]
2025-04-01 20:53:47.980 [info] > git for-each-ref --sort -committerdate --format %(refname) %(objectname) %(*objectname) [3ms]
2025-04-01 20:53:48.016 [info] > git status -z -uall [53ms]
2025-04-01 20:53:53.040 [info] > git config --get commit.template [10ms]
2025-04-01 20:53:53.041 [info] > git for-each-ref --format=%(refname)%00%(upstream:short)%00%(objectname)%00%(upstream:track)%00%(upstream:remotename)%00%(upstream:remoteref) refs/heads/master refs/remotes/master [1ms]
2025-04-01 20:53:53.067 [info] > git for-each-ref --sort -committerdate --format %(refname) %(objectname) %(*objectname) [3ms]
2025-04-01 20:53:53.090 [info] > git status -z -uall [41ms]
