2025-02-22 20:49:37.055 [info] [main] Log level: Info
2025-02-22 20:49:37.055 [info] [main] Validating found git in: "git"
2025-02-22 20:49:37.055 [info] [main] Using git "2.43.0" from "git"
2025-02-22 20:49:37.055 [info] [Model][doInitialScan] Initial repository scan started
2025-02-22 20:49:37.055 [info] > git rev-parse --show-toplevel [289ms]
2025-02-22 20:49:37.055 [info] fatal: not a git repository (or any parent up to mount point /)
Stopping at filesystem boundary (GIT_DISCOVERY_ACROSS_FILESYSTEM not set).
2025-02-22 20:49:37.055 [info] > git rev-parse --show-toplevel [1896ms]
2025-02-22 20:49:37.055 [info] fatal: not a git repository (or any parent up to mount point /)
Stopping at filesystem boundary (GIT_DISCOVERY_ACROSS_FILESYSTEM not set).
2025-02-22 20:49:37.055 [info] > git rev-parse --show-toplevel [137ms]
2025-02-22 20:49:37.055 [info] fatal: not a git repository (or any parent up to mount point /)
Stopping at filesystem boundary (GIT_DISCOVERY_ACROSS_FILESYSTEM not set).
2025-02-22 20:49:39.777 [info] > git rev-parse --show-toplevel [68ms]
2025-02-22 20:49:39.777 [info] fatal: not a git repository (or any parent up to mount point /)
Stopping at filesystem boundary (GIT_DISCOVERY_ACROSS_FILESYSTEM not set).
2025-02-22 20:49:39.959 [info] > git rev-parse --show-toplevel [42ms]
2025-02-22 20:49:39.959 [info] fatal: not a git repository (or any parent up to mount point /)
Stopping at filesystem boundary (GIT_DISCOVERY_ACROSS_FILESYSTEM not set).
2025-02-22 20:49:40.188 [info] > git rev-parse --show-toplevel [121ms]
2025-02-22 20:49:40.188 [info] fatal: not a git repository (or any parent up to mount point /)
Stopping at filesystem boundary (GIT_DISCOVERY_ACROSS_FILESYSTEM not set).
2025-02-22 20:49:40.251 [info] > git rev-parse --show-toplevel [46ms]
2025-02-22 20:49:40.251 [info] fatal: not a git repository (or any parent up to mount point /)
Stopping at filesystem boundary (GIT_DISCOVERY_ACROSS_FILESYSTEM not set).
2025-02-22 20:49:40.287 [info] > git rev-parse --show-toplevel [24ms]
2025-02-22 20:49:40.287 [info] fatal: not a git repository (or any parent up to mount point /)
Stopping at filesystem boundary (GIT_DISCOVERY_ACROSS_FILESYSTEM not set).
2025-02-22 20:49:40.302 [info] > git rev-parse --show-toplevel [3ms]
2025-02-22 20:49:40.302 [info] fatal: not a git repository (or any parent up to mount point /)
Stopping at filesystem boundary (GIT_DISCOVERY_ACROSS_FILESYSTEM not set).
2025-02-22 20:49:40.377 [info] > git rev-parse --show-toplevel [16ms]
2025-02-22 20:49:40.378 [info] fatal: not a git repository (or any parent up to mount point /)
Stopping at filesystem boundary (GIT_DISCOVERY_ACROSS_FILESYSTEM not set).
2025-02-22 20:49:40.393 [info] > git rev-parse --show-toplevel [4ms]
2025-02-22 20:49:40.393 [info] fatal: not a git repository (or any parent up to mount point /)
Stopping at filesystem boundary (GIT_DISCOVERY_ACROSS_FILESYSTEM not set).
2025-02-22 20:49:40.406 [info] > git rev-parse --show-toplevel [1ms]
2025-02-22 20:49:40.406 [info] fatal: not a git repository (or any parent up to mount point /)
Stopping at filesystem boundary (GIT_DISCOVERY_ACROSS_FILESYSTEM not set).
2025-02-22 20:49:40.453 [info] > git rev-parse --show-toplevel [26ms]
2025-02-22 20:49:40.453 [info] fatal: not a git repository (or any parent up to mount point /)
Stopping at filesystem boundary (GIT_DISCOVERY_ACROSS_FILESYSTEM not set).
2025-02-22 20:49:40.482 [info] > git rev-parse --show-toplevel [5ms]
2025-02-22 20:49:40.482 [info] fatal: not a git repository (or any parent up to mount point /)
Stopping at filesystem boundary (GIT_DISCOVERY_ACROSS_FILESYSTEM not set).
2025-02-22 20:49:40.495 [info] > git rev-parse --show-toplevel [3ms]
2025-02-22 20:49:40.495 [info] fatal: not a git repository (or any parent up to mount point /)
Stopping at filesystem boundary (GIT_DISCOVERY_ACROSS_FILESYSTEM not set).
2025-02-22 20:49:40.512 [info] > git rev-parse --show-toplevel [7ms]
2025-02-22 20:49:40.512 [info] fatal: not a git repository (or any parent up to mount point /)
Stopping at filesystem boundary (GIT_DISCOVERY_ACROSS_FILESYSTEM not set).
2025-02-22 20:49:40.528 [info] > git rev-parse --show-toplevel [4ms]
2025-02-22 20:49:40.528 [info] fatal: not a git repository (or any parent up to mount point /)
Stopping at filesystem boundary (GIT_DISCOVERY_ACROSS_FILESYSTEM not set).
2025-02-22 20:49:40.528 [info] [Model][doInitialScan] Initial repository scan completed - repositories (0), closed repositories (0), parent repositories (0), unsafe repositories (0)
