2025-02-22 21:10:10.066 [info] [main] Log level: Info
2025-02-22 21:10:10.066 [info] [main] Validating found git in: "git"
2025-02-22 21:10:10.066 [info] [main] Using git "2.43.0" from "git"
2025-02-22 21:10:10.066 [info] [Model][doInitialScan] Initial repository scan started
2025-02-22 21:10:10.066 [info] > git rev-parse --show-toplevel [393ms]
2025-02-22 21:10:10.066 [info] fatal: not a git repository (or any parent up to mount point /)
Stopping at filesystem boundary (GIT_DISCOVERY_ACROSS_FILESYSTEM not set).
2025-02-22 21:10:10.066 [info] > git rev-parse --show-toplevel [1500ms]
2025-02-22 21:10:10.066 [info] fatal: not a git repository (or any parent up to mount point /)
Stopping at filesystem boundary (GIT_DISCOVERY_ACROSS_FILESYSTEM not set).
2025-02-22 21:10:13.165 [info] > git rev-parse --show-toplevel [13ms]
2025-02-22 21:10:13.165 [info] fatal: not a git repository (or any parent up to mount point /)
Stopping at filesystem boundary (GIT_DISCOVERY_ACROSS_FILESYSTEM not set).
2025-02-22 21:10:13.470 [info] > git rev-parse --show-toplevel [8ms]
2025-02-22 21:10:13.470 [info] fatal: not a git repository (or any parent up to mount point /)
Stopping at filesystem boundary (GIT_DISCOVERY_ACROSS_FILESYSTEM not set).
2025-02-22 21:10:13.590 [info] > git rev-parse --show-toplevel [70ms]
2025-02-22 21:10:13.590 [info] fatal: not a git repository (or any parent up to mount point /)
Stopping at filesystem boundary (GIT_DISCOVERY_ACROSS_FILESYSTEM not set).
2025-02-22 21:10:13.728 [info] > git rev-parse --show-toplevel [120ms]
2025-02-22 21:10:13.728 [info] fatal: not a git repository (or any parent up to mount point /)
Stopping at filesystem boundary (GIT_DISCOVERY_ACROSS_FILESYSTEM not set).
2025-02-22 21:10:13.822 [info] > git rev-parse --show-toplevel [14ms]
2025-02-22 21:10:13.822 [info] fatal: not a git repository (or any parent up to mount point /)
Stopping at filesystem boundary (GIT_DISCOVERY_ACROSS_FILESYSTEM not set).
2025-02-22 21:10:13.842 [info] > git rev-parse --show-toplevel [3ms]
2025-02-22 21:10:13.842 [info] fatal: not a git repository (or any parent up to mount point /)
Stopping at filesystem boundary (GIT_DISCOVERY_ACROSS_FILESYSTEM not set).
2025-02-22 21:10:13.957 [info] > git rev-parse --show-toplevel [97ms]
2025-02-22 21:10:13.957 [info] fatal: not a git repository (or any parent up to mount point /)
Stopping at filesystem boundary (GIT_DISCOVERY_ACROSS_FILESYSTEM not set).
2025-02-22 21:10:14.006 [info] > git rev-parse --show-toplevel [33ms]
2025-02-22 21:10:14.007 [info] fatal: not a git repository (or any parent up to mount point /)
Stopping at filesystem boundary (GIT_DISCOVERY_ACROSS_FILESYSTEM not set).
2025-02-22 21:10:14.028 [info] > git rev-parse --show-toplevel [10ms]
2025-02-22 21:10:14.028 [info] fatal: not a git repository (or any parent up to mount point /)
Stopping at filesystem boundary (GIT_DISCOVERY_ACROSS_FILESYSTEM not set).
2025-02-22 21:10:14.102 [info] > git rev-parse --show-toplevel [58ms]
2025-02-22 21:10:14.102 [info] fatal: not a git repository (or any parent up to mount point /)
Stopping at filesystem boundary (GIT_DISCOVERY_ACROSS_FILESYSTEM not set).
2025-02-22 21:10:14.129 [info] > git rev-parse --show-toplevel [11ms]
2025-02-22 21:10:14.129 [info] fatal: not a git repository (or any parent up to mount point /)
Stopping at filesystem boundary (GIT_DISCOVERY_ACROSS_FILESYSTEM not set).
2025-02-22 21:10:14.142 [info] > git rev-parse --show-toplevel [4ms]
2025-02-22 21:10:14.142 [info] fatal: not a git repository (or any parent up to mount point /)
Stopping at filesystem boundary (GIT_DISCOVERY_ACROSS_FILESYSTEM not set).
2025-02-22 21:10:14.155 [info] > git rev-parse --show-toplevel [2ms]
2025-02-22 21:10:14.156 [info] fatal: not a git repository (or any parent up to mount point /)
Stopping at filesystem boundary (GIT_DISCOVERY_ACROSS_FILESYSTEM not set).
2025-02-22 21:10:14.169 [info] > git rev-parse --show-toplevel [4ms]
2025-02-22 21:10:14.169 [info] fatal: not a git repository (or any parent up to mount point /)
Stopping at filesystem boundary (GIT_DISCOVERY_ACROSS_FILESYSTEM not set).
2025-02-22 21:10:14.182 [info] > git rev-parse --show-toplevel [4ms]
2025-02-22 21:10:14.182 [info] fatal: not a git repository (or any parent up to mount point /)
Stopping at filesystem boundary (GIT_DISCOVERY_ACROSS_FILESYSTEM not set).
2025-02-22 21:10:14.183 [info] [Model][doInitialScan] Initial repository scan completed - repositories (0), closed repositories (0), parent repositories (0), unsafe repositories (0)
2025-02-22 21:10:29.774 [info] > git rev-parse --show-toplevel [2ms]
2025-02-22 21:10:29.774 [info] fatal: not a git repository (or any parent up to mount point /)
Stopping at filesystem boundary (GIT_DISCOVERY_ACROSS_FILESYSTEM not set).
2025-02-22 21:13:27.139 [info] > git rev-parse --show-toplevel [4ms]
2025-02-22 21:13:27.139 [info] fatal: not a git repository (or any parent up to mount point /)
Stopping at filesystem boundary (GIT_DISCOVERY_ACROSS_FILESYSTEM not set).
2025-02-22 21:20:24.439 [info] > git rev-parse --show-toplevel [2ms]
2025-02-22 21:20:24.449 [info] > git rev-parse --git-dir --git-common-dir [2ms]
2025-02-22 21:20:24.461 [info] [Model][openRepository] Opened repository: /home/apoorvtripathi537
2025-02-22 21:20:24.474 [info] > git config --get commit.template [2ms]
2025-02-22 21:20:24.483 [info] [Git][getRemotes] No remotes found in the git config file
2025-02-22 21:20:24.485 [info] > git for-each-ref --format=%(refname)%00%(upstream:short)%00%(objectname)%00%(upstream:track)%00%(upstream:remotename)%00%(upstream:remoteref) refs/heads/master refs/remotes/master [3ms]
2025-02-22 21:20:24.486 [warning] [Git][getBranch] No such branch: master
2025-02-22 21:20:24.505 [info] > git for-each-ref --sort -committerdate --format %(refname) %(objectname) %(*objectname) [2ms]
2025-02-22 21:20:24.511 [info] > git status -z -uall [17ms]
2025-02-22 21:20:24.810 [info] > git for-each-ref --format=%(refname)%00%(upstream:short)%00%(objectname)%00%(upstream:track)%00%(upstream:remotename)%00%(upstream:remoteref) refs/heads/master refs/remotes/master [253ms]
2025-02-22 21:20:24.810 [warning] [Git][getBranch] No such branch: master
2025-02-22 21:20:24.811 [error] [GitHistoryProvider][resolveHEADMergeBase] Failed to resolve merge base for master: Error: No such branch: master.
2025-02-22 21:20:24.818 [info] > git config --get commit.template [17ms]
2025-02-22 21:20:24.829 [info] [Git][getRemotes] No remotes found in the git config file
2025-02-22 21:20:24.830 [info] > git for-each-ref --format=%(refname)%00%(upstream:short)%00%(objectname)%00%(upstream:track)%00%(upstream:remotename)%00%(upstream:remoteref) refs/heads/master refs/remotes/master [2ms]
2025-02-22 21:20:24.830 [warning] [Git][getBranch] No such branch: master
2025-02-22 21:20:24.849 [info] > git status -z -uall [11ms]
2025-02-22 21:20:24.849 [info] > git for-each-ref --sort -committerdate --format %(refname) %(objectname) %(*objectname) [3ms]
2025-02-22 21:20:25.238 [info] > git show --textconv :main.py [10ms]
2025-02-22 21:20:25.239 [info] > git ls-files --stage -- /home/apoorvtripathi537/main.py [3ms]
2025-02-22 21:20:25.314 [info] > git check-ignore -v -z --stdin [1ms]
