2025-04-12 18:21:25.546 [info] [main] Log level: Info
2025-04-12 18:21:25.546 [info] [main] Validating found git in: "git"
2025-04-12 18:21:25.546 [info] [main] Using git "2.43.0" from "git"
2025-04-12 18:21:25.546 [info] [Model][doInitialScan] Initial repository scan started
2025-04-12 18:21:25.546 [info] > git rev-parse --show-toplevel [4ms]
2025-04-12 18:21:25.548 [info] > git rev-parse --git-dir --git-common-dir [2ms]
2025-04-12 18:21:25.561 [info] [Model][openRepository] Opened repository: /home/apoorvtripathi537
2025-04-12 18:21:26.124 [info] > git for-each-ref --format=%(refname)%00%(upstream:short)%00%(objectname)%00%(upstream:track)%00%(upstream:remotename)%00%(upstream:remoteref) refs/heads/master refs/remotes/master [13ms]
2025-04-12 18:21:28.573 [info] > git status -z -uall [2419ms]
2025-04-12 18:21:28.574 [info] > git for-each-ref --sort -committerdate --format %(refname) %(objectname) %(*objectname) [2406ms]
2025-04-12 18:21:28.575 [info] > git rev-parse --show-toplevel [2429ms]
2025-04-12 18:21:29.316 [info] > git check-ignore -v -z --stdin [726ms]
2025-04-12 18:21:29.341 [info] > git for-each-ref --format=%(refname)%00%(upstream:short)%00%(objectname)%00%(upstream:track)%00%(upstream:remotename)%00%(upstream:remoteref) refs/heads/master refs/remotes/master [473ms]
2025-04-12 18:21:29.367 [info] > git rev-parse --show-toplevel [737ms]
2025-04-12 18:21:29.403 [info] > git config --local branch.master.vscode-merge-base [36ms]
2025-04-12 18:21:29.403 [warning] [Git][config] git config failed: Failed to execute git
2025-04-12 18:21:29.651 [info] > git rev-parse --show-toplevel [255ms]
2025-04-12 18:21:29.703 [info] > git reflog master --grep-reflog=branch: Created from *. [288ms]
2025-04-12 18:21:29.762 [info] > git symbolic-ref --short refs/remotes/origin/HEAD [45ms]
2025-04-12 18:21:29.762 [info] fatal: ref refs/remotes/origin/HEAD is not a symbolic ref
2025-04-12 18:21:29.762 [warning] [Repository][getDefaultBranch] Failed to get default branch details: Failed to execute git.
2025-04-12 18:21:29.795 [info] > git rev-parse --show-toplevel [111ms]
2025-04-12 18:21:29.796 [info] > git for-each-ref --format=%(refname)%00%(upstream:short)%00%(objectname)%00%(upstream:track)%00%(upstream:remotename)%00%(upstream:remoteref) refs/heads/master refs/remotes/master [129ms]
2025-04-12 18:21:29.925 [info] > git merge-base refs/heads/master refs/remotes/origin/master [134ms]
2025-04-12 18:21:29.989 [info] > git rev-parse --show-toplevel [85ms]
2025-04-12 18:21:30.144 [info] > git diff --name-status -z --diff-filter=ADMR ae54d5703c5e6277a64919db1dea687af7ee5769...refs/remotes/origin/master [183ms]
2025-04-12 18:21:30.221 [info] > git rev-parse --show-toplevel [77ms]
2025-04-12 18:21:30.291 [info] > git for-each-ref --sort -committerdate --format %(refname) %(objectname) %(*objectname) [93ms]
2025-04-12 18:21:30.306 [info] > git status -z -uall [139ms]
2025-04-12 18:21:30.308 [info] > git rev-parse --show-toplevel [64ms]
2025-04-12 18:21:30.468 [info] > git rev-parse --show-toplevel [97ms]
2025-04-12 18:21:30.769 [info] > git rev-parse --show-toplevel [19ms]
2025-04-12 18:21:30.808 [info] > git rev-parse --show-toplevel [7ms]
2025-04-12 18:21:30.888 [info] > git rev-parse --show-toplevel [17ms]
2025-04-12 18:21:31.000 [info] > git rev-parse --show-toplevel [55ms]
2025-04-12 18:21:31.026 [info] > git rev-parse --show-toplevel [4ms]
2025-04-12 18:21:31.062 [info] > git rev-parse --show-toplevel [6ms]
2025-04-12 18:21:31.066 [info] [Model][doInitialScan] Initial repository scan completed - repositories (1), closed repositories (0), parent repositories (0), unsafe repositories (0)
2025-04-12 18:21:31.117 [info] > git show --textconv :requirements.txt [30ms]
2025-04-12 18:21:31.126 [info] > git ls-files --stage -- /home/apoorvtripathi537/requirements.txt [15ms]
2025-04-12 18:21:31.154 [info] > git cat-file -s a875bfd32905ac2096a4ae09487f6710d123142f [5ms]
2025-04-12 18:21:33.113 [info] > git for-each-ref --format=%(refname)%00%(upstream:short)%00%(objectname)%00%(upstream:track)%00%(upstream:remotename)%00%(upstream:remoteref) refs/heads/master refs/remotes/master [40ms]
2025-04-12 18:21:33.268 [info] > git for-each-ref --sort -committerdate --format %(refname) %(objectname) %(*objectname) [22ms]
2025-04-12 18:21:33.382 [info] > git show --textconv :main.py [47ms]
2025-04-12 18:21:33.391 [info] > git ls-files --stage -- /home/apoorvtripathi537/main.py [22ms]
2025-04-12 18:21:33.413 [info] > git status -z -uall [221ms]
2025-04-12 18:21:33.464 [info] > git cat-file -s cd8b840c6a2cc57bb6082c3fa09575f889d656b4 [54ms]
2025-04-12 18:21:38.564 [info] > git for-each-ref --format=%(refname)%00%(upstream:short)%00%(objectname)%00%(upstream:track)%00%(upstream:remotename)%00%(upstream:remoteref) refs/heads/master refs/remotes/master [34ms]
2025-04-12 18:21:38.651 [info] > git for-each-ref --sort -committerdate --format %(refname) %(objectname) %(*objectname) [6ms]
2025-04-12 18:21:38.696 [info] > git status -z -uall [86ms]
2025-04-12 18:21:43.740 [info] > git for-each-ref --format=%(refname)%00%(upstream:short)%00%(objectname)%00%(upstream:track)%00%(upstream:remotename)%00%(upstream:remoteref) refs/heads/master refs/remotes/master [3ms]
2025-04-12 18:21:43.779 [info] > git for-each-ref --sort -committerdate --format %(refname) %(objectname) %(*objectname) [1ms]
2025-04-12 18:21:43.822 [info] > git status -z -uall [68ms]
2025-04-12 18:22:05.505 [info] > git check-ignore -v -z --stdin [4ms]
2025-04-12 18:22:10.970 [info] > git for-each-ref --format=%(refname)%00%(upstream:short)%00%(objectname)%00%(upstream:track)%00%(upstream:remotename)%00%(upstream:remoteref) refs/heads/master refs/remotes/master [3ms]
2025-04-12 18:22:11.009 [info] > git for-each-ref --sort -committerdate --format %(refname) %(objectname) %(*objectname) [5ms]
2025-04-12 18:22:11.043 [info] > git status -z -uall [59ms]
2025-04-12 18:22:16.079 [info] > git for-each-ref --format=%(refname)%00%(upstream:short)%00%(objectname)%00%(upstream:track)%00%(upstream:remotename)%00%(upstream:remoteref) refs/heads/master refs/remotes/master [3ms]
2025-04-12 18:22:16.115 [info] > git for-each-ref --sort -committerdate --format %(refname) %(objectname) %(*objectname) [3ms]
2025-04-12 18:22:16.145 [info] > git status -z -uall [54ms]
2025-04-12 18:22:30.784 [info] > git for-each-ref --format=%(refname)%00%(upstream:short)%00%(objectname)%00%(upstream:track)%00%(upstream:remotename)%00%(upstream:remoteref) refs/heads/master refs/remotes/master [14ms]
2025-04-12 18:22:30.815 [info] > git for-each-ref --sort -committerdate --format %(refname) %(objectname) %(*objectname) [5ms]
2025-04-12 18:22:30.850 [info] > git status -z -uall [55ms]
2025-04-12 18:22:31.262 [info] > git check-ignore -v -z --stdin [4ms]
