2025-02-22 20:51:12.182 [info] [main] Log level: Info
2025-02-22 20:51:12.182 [info] [main] Validating found git in: "git"
2025-02-22 20:51:12.182 [info] [main] Using git "2.43.0" from "git"
2025-02-22 20:51:12.182 [info] [Model][doInitialScan] Initial repository scan started
2025-02-22 20:51:12.182 [info] > git rev-parse --show-toplevel [256ms]
2025-02-22 20:51:12.182 [info] fatal: not a git repository (or any parent up to mount point /)
Stopping at filesystem boundary (GIT_DISCOVERY_ACROSS_FILESYSTEM not set).
2025-02-22 20:51:12.182 [info] > git rev-parse --show-toplevel [4ms]
2025-02-22 20:51:12.182 [info] fatal: not a git repository (or any parent up to mount point /)
Stopping at filesystem boundary (GIT_DISCOVERY_ACROSS_FILESYSTEM not set).
2025-02-22 20:51:13.437 [info] > git rev-parse --show-toplevel [1249ms]
2025-02-22 20:51:13.437 [info] fatal: not a git repository (or any parent up to mount point /)
Stopping at filesystem boundary (GIT_DISCOVERY_ACROSS_FILESYSTEM not set).
2025-02-22 20:51:13.544 [info] > git rev-parse --show-toplevel [9ms]
2025-02-22 20:51:13.544 [info] fatal: not a git repository (or any parent up to mount point /)
Stopping at filesystem boundary (GIT_DISCOVERY_ACROSS_FILESYSTEM not set).
2025-02-22 20:51:15.751 [info] > git rev-parse --show-toplevel [2201ms]
2025-02-22 20:51:15.751 [info] fatal: not a git repository (or any parent up to mount point /)
Stopping at filesystem boundary (GIT_DISCOVERY_ACROSS_FILESYSTEM not set).
2025-02-22 20:51:16.010 [info] > git rev-parse --show-toplevel [241ms]
2025-02-22 20:51:16.010 [info] fatal: not a git repository (or any parent up to mount point /)
Stopping at filesystem boundary (GIT_DISCOVERY_ACROSS_FILESYSTEM not set).
2025-02-22 20:51:16.167 [info] > git rev-parse --show-toplevel [148ms]
2025-02-22 20:51:16.167 [info] fatal: not a git repository (or any parent up to mount point /)
Stopping at filesystem boundary (GIT_DISCOVERY_ACROSS_FILESYSTEM not set).
2025-02-22 20:51:16.227 [info] > git rev-parse --show-toplevel [43ms]
2025-02-22 20:51:16.227 [info] fatal: not a git repository (or any parent up to mount point /)
Stopping at filesystem boundary (GIT_DISCOVERY_ACROSS_FILESYSTEM not set).
2025-02-22 20:51:16.405 [info] > git rev-parse --show-toplevel [140ms]
2025-02-22 20:51:16.407 [info] fatal: not a git repository (or any parent up to mount point /)
Stopping at filesystem boundary (GIT_DISCOVERY_ACROSS_FILESYSTEM not set).
2025-02-22 20:51:16.632 [info] > git rev-parse --show-toplevel [15ms]
2025-02-22 20:51:16.632 [info] fatal: not a git repository (or any parent up to mount point /)
Stopping at filesystem boundary (GIT_DISCOVERY_ACROSS_FILESYSTEM not set).
2025-02-22 20:51:16.790 [info] > git rev-parse --show-toplevel [128ms]
2025-02-22 20:51:16.790 [info] fatal: not a git repository (or any parent up to mount point /)
Stopping at filesystem boundary (GIT_DISCOVERY_ACROSS_FILESYSTEM not set).
2025-02-22 20:51:16.845 [info] > git rev-parse --show-toplevel [29ms]
2025-02-22 20:51:16.845 [info] fatal: not a git repository (or any parent up to mount point /)
Stopping at filesystem boundary (GIT_DISCOVERY_ACROSS_FILESYSTEM not set).
2025-02-22 20:51:16.864 [info] > git rev-parse --show-toplevel [11ms]
2025-02-22 20:51:16.864 [info] fatal: not a git repository (or any parent up to mount point /)
Stopping at filesystem boundary (GIT_DISCOVERY_ACROSS_FILESYSTEM not set).
2025-02-22 20:51:16.919 [info] > git rev-parse --show-toplevel [43ms]
2025-02-22 20:51:16.919 [info] fatal: not a git repository (or any parent up to mount point /)
Stopping at filesystem boundary (GIT_DISCOVERY_ACROSS_FILESYSTEM not set).
2025-02-22 20:51:16.932 [info] > git rev-parse --show-toplevel [3ms]
2025-02-22 20:51:16.932 [info] fatal: not a git repository (or any parent up to mount point /)
Stopping at filesystem boundary (GIT_DISCOVERY_ACROSS_FILESYSTEM not set).
2025-02-22 20:51:17.047 [info] > git rev-parse --show-toplevel [104ms]
2025-02-22 20:51:17.047 [info] fatal: not a git repository (or any parent up to mount point /)
Stopping at filesystem boundary (GIT_DISCOVERY_ACROSS_FILESYSTEM not set).
2025-02-22 20:51:17.048 [info] [Model][doInitialScan] Initial repository scan completed - repositories (0), closed repositories (0), parent repositories (0), unsafe repositories (0)
2025-02-22 20:51:17.070 [info] > git rev-parse --show-toplevel [11ms]
2025-02-22 20:51:17.070 [info] fatal: not a git repository (or any parent up to mount point /)
Stopping at filesystem boundary (GIT_DISCOVERY_ACROSS_FILESYSTEM not set).
