2025-04-01 19:22:23.854 [warning] Dir "/home/apoorvtripathi537/.pixi/envs" is not watchable (directory does not exist)
2025-04-01 19:22:24.274 [info] Python interpreter path: ./venv-translate/bin/python
2025-04-01 19:22:24.581 [info] > pyenv which python
2025-04-01 19:22:24.581 [info] cwd: .
2025-04-01 19:22:27.439 [info] Send text to terminal: source /home/apoorvtripathi537/venv-translate/bin/activate
2025-04-01 19:22:27.480 [info] Starting Jedi language server for apoorvtripathi537.
2025-04-01 19:23:50.756 [info] Running installed packages checker:  {
  id: '/home/apoorvtripathi537/venv-translate/bin/python',
  sysPrefix: '/home/apoorvtripathi537/venv-translate',
  envType: 'Venv',
  envName: 'venv-translate',
  envPath: '/home/apoorvtripathi537/venv-translate',
  path: '/home/apoorvtripathi537/venv-translate/bin/python',
  architecture: 3,
  sysVersion: '3.12.3 (main, Feb  4 2025, 14:48:35) [GCC 13.3.0]',
  version: {
    raw: '3.12.3',
    major: 3,
    minor: 12,
    patch: 3,
    build: [],
    prerelease: [ 'final', '0' ]
  },
  displayName: "Python 3.12.3 ('venv-translate')",
  detailedDisplayName: "Python 3.12.3 ('venv-translate': venv)",
  type: 'Virtual'
} /google/devshell/editor/code-oss-for-cloud-shell/extensions/ms-python.python/python_files/installed_check.py /home/apoorvtripathi537/requirements.txt
2025-04-01 19:23:50.757 [info] > ./venv-translate/bin/python /google/devshell/editor/code-oss-for-cloud-shell/extensions/ms-python.python/python_files/installed_check.py ./requirements.txt
2025-04-01 19:24:05.011 [info] Running installed packages checker:  {
  id: '/home/apoorvtripathi537/venv-translate/bin/python',
  sysPrefix: '/home/apoorvtripathi537/venv-translate',
  envType: 'Venv',
  envName: 'venv-translate',
  envPath: '/home/apoorvtripathi537/venv-translate',
  path: '/home/apoorvtripathi537/venv-translate/bin/python',
  architecture: 3,
  sysVersion: '3.12.3 (main, Feb  4 2025, 14:48:35) [GCC 13.3.0]',
  version: {
    raw: '3.12.3',
    major: 3,
    minor: 12,
    patch: 3,
    build: [],
    prerelease: [ 'final', '0' ]
  },
  displayName: "Python 3.12.3 ('venv-translate')",
  detailedDisplayName: "Python 3.12.3 ('venv-translate': venv)",
  type: 'Virtual'
} /google/devshell/editor/code-oss-for-cloud-shell/extensions/ms-python.python/python_files/installed_check.py /home/apoorvtripathi537/requirements.txt
2025-04-01 19:24:05.011 [info] > ./venv-translate/bin/python /google/devshell/editor/code-oss-for-cloud-shell/extensions/ms-python.python/python_files/installed_check.py ./requirements.txt
2025-04-01 19:24:08.553 [info] Running installed packages checker:  {
  id: '/home/apoorvtripathi537/venv-translate/bin/python',
  sysPrefix: '/home/apoorvtripathi537/venv-translate',
  envType: 'Venv',
  envName: 'venv-translate',
  envPath: '/home/apoorvtripathi537/venv-translate',
  path: '/home/apoorvtripathi537/venv-translate/bin/python',
  architecture: 3,
  sysVersion: '3.12.3 (main, Feb  4 2025, 14:48:35) [GCC 13.3.0]',
  version: {
    raw: '3.12.3',
    major: 3,
    minor: 12,
    patch: 3,
    build: [],
    prerelease: [ 'final', '0' ]
  },
  displayName: "Python 3.12.3 ('venv-translate')",
  detailedDisplayName: "Python 3.12.3 ('venv-translate': venv)",
  type: 'Virtual'
} /google/devshell/editor/code-oss-for-cloud-shell/extensions/ms-python.python/python_files/installed_check.py /home/apoorvtripathi537/requirements.txt
2025-04-01 19:24:08.553 [info] > ./venv-translate/bin/python /google/devshell/editor/code-oss-for-cloud-shell/extensions/ms-python.python/python_files/installed_check.py ./requirements.txt
2025-04-01 19:24:13.054 [info] Running installed packages checker:  {
  id: '/home/apoorvtripathi537/venv-translate/bin/python',
  sysPrefix: '/home/apoorvtripathi537/venv-translate',
  envType: 'Venv',
  envName: 'venv-translate',
  envPath: '/home/apoorvtripathi537/venv-translate',
  path: '/home/apoorvtripathi537/venv-translate/bin/python',
  architecture: 3,
  sysVersion: '3.12.3 (main, Feb  4 2025, 14:48:35) [GCC 13.3.0]',
  version: {
    raw: '3.12.3',
    major: 3,
    minor: 12,
    patch: 3,
    build: [],
    prerelease: [ 'final', '0' ]
  },
  displayName: "Python 3.12.3 ('venv-translate')",
  detailedDisplayName: "Python 3.12.3 ('venv-translate': venv)",
  type: 'Virtual'
} /google/devshell/editor/code-oss-for-cloud-shell/extensions/ms-python.python/python_files/installed_check.py /home/apoorvtripathi537/requirements.txt
2025-04-01 19:24:13.054 [info] > ./venv-translate/bin/python /google/devshell/editor/code-oss-for-cloud-shell/extensions/ms-python.python/python_files/installed_check.py ./requirements.txt
2025-04-01 19:24:14.928 [info] Running installed packages checker:  {
  id: '/home/apoorvtripathi537/venv-translate/bin/python',
  sysPrefix: '/home/apoorvtripathi537/venv-translate',
  envType: 'Venv',
  envName: 'venv-translate',
  envPath: '/home/apoorvtripathi537/venv-translate',
  path: '/home/apoorvtripathi537/venv-translate/bin/python',
  architecture: 3,
  sysVersion: '3.12.3 (main, Feb  4 2025, 14:48:35) [GCC 13.3.0]',
  version: {
    raw: '3.12.3',
    major: 3,
    minor: 12,
    patch: 3,
    build: [],
    prerelease: [ 'final', '0' ]
  },
  displayName: "Python 3.12.3 ('venv-translate')",
  detailedDisplayName: "Python 3.12.3 ('venv-translate': venv)",
  type: 'Virtual'
} /google/devshell/editor/code-oss-for-cloud-shell/extensions/ms-python.python/python_files/installed_check.py /home/apoorvtripathi537/requirements.txt
2025-04-01 19:24:14.928 [info] > ./venv-translate/bin/python /google/devshell/editor/code-oss-for-cloud-shell/extensions/ms-python.python/python_files/installed_check.py ./requirements.txt
2025-04-01 19:24:19.088 [info] Running installed packages checker:  {
  id: '/home/apoorvtripathi537/venv-translate/bin/python',
  sysPrefix: '/home/apoorvtripathi537/venv-translate',
  envType: 'Venv',
  envName: 'venv-translate',
  envPath: '/home/apoorvtripathi537/venv-translate',
  path: '/home/apoorvtripathi537/venv-translate/bin/python',
  architecture: 3,
  sysVersion: '3.12.3 (main, Feb  4 2025, 14:48:35) [GCC 13.3.0]',
  version: {
    raw: '3.12.3',
    major: 3,
    minor: 12,
    patch: 3,
    build: [],
    prerelease: [ 'final', '0' ]
  },
  displayName: "Python 3.12.3 ('venv-translate')",
  detailedDisplayName: "Python 3.12.3 ('venv-translate': venv)",
  type: 'Virtual'
} /google/devshell/editor/code-oss-for-cloud-shell/extensions/ms-python.python/python_files/installed_check.py /home/apoorvtripathi537/requirements.txt
2025-04-01 19:24:19.088 [info] > ./venv-translate/bin/python /google/devshell/editor/code-oss-for-cloud-shell/extensions/ms-python.python/python_files/installed_check.py ./requirements.txt
2025-04-01 19:24:20.677 [info] Running installed packages checker:  {
  id: '/home/apoorvtripathi537/venv-translate/bin/python',
  sysPrefix: '/home/apoorvtripathi537/venv-translate',
  envType: 'Venv',
  envName: 'venv-translate',
  envPath: '/home/apoorvtripathi537/venv-translate',
  path: '/home/apoorvtripathi537/venv-translate/bin/python',
  architecture: 3,
  sysVersion: '3.12.3 (main, Feb  4 2025, 14:48:35) [GCC 13.3.0]',
  version: {
    raw: '3.12.3',
    major: 3,
    minor: 12,
    patch: 3,
    build: [],
    prerelease: [ 'final', '0' ]
  },
  displayName: "Python 3.12.3 ('venv-translate')",
  detailedDisplayName: "Python 3.12.3 ('venv-translate': venv)",
  type: 'Virtual'
} /google/devshell/editor/code-oss-for-cloud-shell/extensions/ms-python.python/python_files/installed_check.py /home/apoorvtripathi537/requirements.txt
2025-04-01 19:24:20.678 [info] > ./venv-translate/bin/python /google/devshell/editor/code-oss-for-cloud-shell/extensions/ms-python.python/python_files/installed_check.py ./requirements.txt
2025-04-01 19:27:10.908 [info] Running installed packages checker:  {
  id: '/home/apoorvtripathi537/venv-translate/bin/python',
  sysPrefix: '/home/apoorvtripathi537/venv-translate',
  envType: 'Venv',
  envName: 'venv-translate',
  envPath: '/home/apoorvtripathi537/venv-translate',
  path: '/home/apoorvtripathi537/venv-translate/bin/python',
  architecture: 3,
  sysVersion: '3.12.3 (main, Feb  4 2025, 14:48:35) [GCC 13.3.0]',
  version: {
    raw: '3.12.3',
    major: 3,
    minor: 12,
    patch: 3,
    build: [],
    prerelease: [ 'final', '0' ]
  },
  displayName: "Python 3.12.3 ('venv-translate')",
  detailedDisplayName: "Python 3.12.3 ('venv-translate': venv)",
  type: 'Virtual'
} /google/devshell/editor/code-oss-for-cloud-shell/extensions/ms-python.python/python_files/installed_check.py /home/apoorvtripathi537/requirements.txt
2025-04-01 19:27:10.908 [info] > ./venv-translate/bin/python /google/devshell/editor/code-oss-for-cloud-shell/extensions/ms-python.python/python_files/installed_check.py ./requirements.txt
2025-04-01 19:27:14.217 [info] Running installed packages checker:  {
  id: '/home/apoorvtripathi537/venv-translate/bin/python',
  sysPrefix: '/home/apoorvtripathi537/venv-translate',
  envType: 'Venv',
  envName: 'venv-translate',
  envPath: '/home/apoorvtripathi537/venv-translate',
  path: '/home/apoorvtripathi537/venv-translate/bin/python',
  architecture: 3,
  sysVersion: '3.12.3 (main, Feb  4 2025, 14:48:35) [GCC 13.3.0]',
  version: {
    raw: '3.12.3',
    major: 3,
    minor: 12,
    patch: 3,
    build: [],
    prerelease: [ 'final', '0' ]
  },
  displayName: "Python 3.12.3 ('venv-translate')",
  detailedDisplayName: "Python 3.12.3 ('venv-translate': venv)",
  type: 'Virtual'
} /google/devshell/editor/code-oss-for-cloud-shell/extensions/ms-python.python/python_files/installed_check.py /home/apoorvtripathi537/requirements.txt
2025-04-01 19:27:14.217 [info] > ./venv-translate/bin/python /google/devshell/editor/code-oss-for-cloud-shell/extensions/ms-python.python/python_files/installed_check.py ./requirements.txt
2025-04-01 19:35:35.278 [info] Running installed packages checker:  {
  id: '/home/apoorvtripathi537/venv-translate/bin/python',
  sysPrefix: '/home/apoorvtripathi537/venv-translate',
  envType: 'Venv',
  envName: 'venv-translate',
  envPath: '/home/apoorvtripathi537/venv-translate',
  path: '/home/apoorvtripathi537/venv-translate/bin/python',
  architecture: 3,
  sysVersion: '3.12.3 (main, Feb  4 2025, 14:48:35) [GCC 13.3.0]',
  version: {
    raw: '3.12.3',
    major: 3,
    minor: 12,
    patch: 3,
    build: [],
    prerelease: [ 'final', '0' ]
  },
  displayName: "Python 3.12.3 ('venv-translate')",
  detailedDisplayName: "Python 3.12.3 ('venv-translate': venv)",
  type: 'Virtual'
} /google/devshell/editor/code-oss-for-cloud-shell/extensions/ms-python.python/python_files/installed_check.py /home/apoorvtripathi537/requirements.txt
2025-04-01 19:35:35.279 [info] > ./venv-translate/bin/python /google/devshell/editor/code-oss-for-cloud-shell/extensions/ms-python.python/python_files/installed_check.py ./requirements.txt
2025-04-01 19:37:27.597 [info] Running installed packages checker:  {
  id: '/home/apoorvtripathi537/venv-translate/bin/python',
  sysPrefix: '/home/apoorvtripathi537/venv-translate',
  envType: 'Venv',
  envName: 'venv-translate',
  envPath: '/home/apoorvtripathi537/venv-translate',
  path: '/home/apoorvtripathi537/venv-translate/bin/python',
  architecture: 3,
  sysVersion: '3.12.3 (main, Feb  4 2025, 14:48:35) [GCC 13.3.0]',
  version: {
    raw: '3.12.3',
    major: 3,
    minor: 12,
    patch: 3,
    build: [],
    prerelease: [ 'final', '0' ]
  },
  displayName: "Python 3.12.3 ('venv-translate')",
  detailedDisplayName: "Python 3.12.3 ('venv-translate': venv)",
  type: 'Virtual'
} /google/devshell/editor/code-oss-for-cloud-shell/extensions/ms-python.python/python_files/installed_check.py /home/apoorvtripathi537/requirements.txt
2025-04-01 19:37:27.598 [info] > ./venv-translate/bin/python /google/devshell/editor/code-oss-for-cloud-shell/extensions/ms-python.python/python_files/installed_check.py ./requirements.txt
2025-04-01 19:37:31.385 [info] Running installed packages checker:  {
  id: '/home/apoorvtripathi537/venv-translate/bin/python',
  sysPrefix: '/home/apoorvtripathi537/venv-translate',
  envType: 'Venv',
  envName: 'venv-translate',
  envPath: '/home/apoorvtripathi537/venv-translate',
  path: '/home/apoorvtripathi537/venv-translate/bin/python',
  architecture: 3,
  sysVersion: '3.12.3 (main, Feb  4 2025, 14:48:35) [GCC 13.3.0]',
  version: {
    raw: '3.12.3',
    major: 3,
    minor: 12,
    patch: 3,
    build: [],
    prerelease: [ 'final', '0' ]
  },
  displayName: "Python 3.12.3 ('venv-translate')",
  detailedDisplayName: "Python 3.12.3 ('venv-translate': venv)",
  type: 'Virtual'
} /google/devshell/editor/code-oss-for-cloud-shell/extensions/ms-python.python/python_files/installed_check.py /home/apoorvtripathi537/requirements.txt
2025-04-01 19:37:31.386 [info] > ./venv-translate/bin/python /google/devshell/editor/code-oss-for-cloud-shell/extensions/ms-python.python/python_files/installed_check.py ./requirements.txt
2025-04-01 19:37:33.427 [info] Running installed packages checker:  {
  id: '/home/apoorvtripathi537/venv-translate/bin/python',
  sysPrefix: '/home/apoorvtripathi537/venv-translate',
  envType: 'Venv',
  envName: 'venv-translate',
  envPath: '/home/apoorvtripathi537/venv-translate',
  path: '/home/apoorvtripathi537/venv-translate/bin/python',
  architecture: 3,
  sysVersion: '3.12.3 (main, Feb  4 2025, 14:48:35) [GCC 13.3.0]',
  version: {
    raw: '3.12.3',
    major: 3,
    minor: 12,
    patch: 3,
    build: [],
    prerelease: [ 'final', '0' ]
  },
  displayName: "Python 3.12.3 ('venv-translate')",
  detailedDisplayName: "Python 3.12.3 ('venv-translate': venv)",
  type: 'Virtual'
} /google/devshell/editor/code-oss-for-cloud-shell/extensions/ms-python.python/python_files/installed_check.py /home/apoorvtripathi537/requirements.txt
2025-04-01 19:37:33.427 [info] > ./venv-translate/bin/python /google/devshell/editor/code-oss-for-cloud-shell/extensions/ms-python.python/python_files/installed_check.py ./requirements.txt
2025-04-01 19:37:38.497 [info] Running installed packages checker:  {
  id: '/home/apoorvtripathi537/venv-translate/bin/python',
  sysPrefix: '/home/apoorvtripathi537/venv-translate',
  envType: 'Venv',
  envName: 'venv-translate',
  envPath: '/home/apoorvtripathi537/venv-translate',
  path: '/home/apoorvtripathi537/venv-translate/bin/python',
  architecture: 3,
  sysVersion: '3.12.3 (main, Feb  4 2025, 14:48:35) [GCC 13.3.0]',
  version: {
    raw: '3.12.3',
    major: 3,
    minor: 12,
    patch: 3,
    build: [],
    prerelease: [ 'final', '0' ]
  },
  displayName: "Python 3.12.3 ('venv-translate')",
  detailedDisplayName: "Python 3.12.3 ('venv-translate': venv)",
  type: 'Virtual'
} /google/devshell/editor/code-oss-for-cloud-shell/extensions/ms-python.python/python_files/installed_check.py /home/apoorvtripathi537/requirements.txt
2025-04-01 19:37:38.497 [info] > ./venv-translate/bin/python /google/devshell/editor/code-oss-for-cloud-shell/extensions/ms-python.python/python_files/installed_check.py ./requirements.txt
2025-04-01 19:37:41.757 [info] Running installed packages checker:  {
  id: '/home/apoorvtripathi537/venv-translate/bin/python',
  sysPrefix: '/home/apoorvtripathi537/venv-translate',
  envType: 'Venv',
  envName: 'venv-translate',
  envPath: '/home/apoorvtripathi537/venv-translate',
  path: '/home/apoorvtripathi537/venv-translate/bin/python',
  architecture: 3,
  sysVersion: '3.12.3 (main, Feb  4 2025, 14:48:35) [GCC 13.3.0]',
  version: {
    raw: '3.12.3',
    major: 3,
    minor: 12,
    patch: 3,
    build: [],
    prerelease: [ 'final', '0' ]
  },
  displayName: "Python 3.12.3 ('venv-translate')",
  detailedDisplayName: "Python 3.12.3 ('venv-translate': venv)",
  type: 'Virtual'
} /google/devshell/editor/code-oss-for-cloud-shell/extensions/ms-python.python/python_files/installed_check.py /home/apoorvtripathi537/requirements.txt
2025-04-01 19:37:41.757 [info] > ./venv-translate/bin/python /google/devshell/editor/code-oss-for-cloud-shell/extensions/ms-python.python/python_files/installed_check.py ./requirements.txt
2025-04-01 19:37:45.355 [info] Running installed packages checker:  {
  id: '/home/apoorvtripathi537/venv-translate/bin/python',
  sysPrefix: '/home/apoorvtripathi537/venv-translate',
  envType: 'Venv',
  envName: 'venv-translate',
  envPath: '/home/apoorvtripathi537/venv-translate',
  path: '/home/apoorvtripathi537/venv-translate/bin/python',
  architecture: 3,
  sysVersion: '3.12.3 (main, Feb  4 2025, 14:48:35) [GCC 13.3.0]',
  version: {
    raw: '3.12.3',
    major: 3,
    minor: 12,
    patch: 3,
    build: [],
    prerelease: [ 'final', '0' ]
  },
  displayName: "Python 3.12.3 ('venv-translate')",
  detailedDisplayName: "Python 3.12.3 ('venv-translate': venv)",
  type: 'Virtual'
} /google/devshell/editor/code-oss-for-cloud-shell/extensions/ms-python.python/python_files/installed_check.py /home/apoorvtripathi537/requirements.txt
2025-04-01 19:37:45.355 [info] > ./venv-translate/bin/python /google/devshell/editor/code-oss-for-cloud-shell/extensions/ms-python.python/python_files/installed_check.py ./requirements.txt
2025-04-01 19:37:47.095 [info] Running installed packages checker:  {
  id: '/home/apoorvtripathi537/venv-translate/bin/python',
  sysPrefix: '/home/apoorvtripathi537/venv-translate',
  envType: 'Venv',
  envName: 'venv-translate',
  envPath: '/home/apoorvtripathi537/venv-translate',
  path: '/home/apoorvtripathi537/venv-translate/bin/python',
  architecture: 3,
  sysVersion: '3.12.3 (main, Feb  4 2025, 14:48:35) [GCC 13.3.0]',
  version: {
    raw: '3.12.3',
    major: 3,
    minor: 12,
    patch: 3,
    build: [],
    prerelease: [ 'final', '0' ]
  },
  displayName: "Python 3.12.3 ('venv-translate')",
  detailedDisplayName: "Python 3.12.3 ('venv-translate': venv)",
  type: 'Virtual'
} /google/devshell/editor/code-oss-for-cloud-shell/extensions/ms-python.python/python_files/installed_check.py /home/apoorvtripathi537/requirements.txt
2025-04-01 19:37:47.095 [info] > ./venv-translate/bin/python /google/devshell/editor/code-oss-for-cloud-shell/extensions/ms-python.python/python_files/installed_check.py ./requirements.txt
2025-04-01 19:37:50.527 [info] Discover tests for workspace name: apoorvtripathi537 - uri: /home/apoorvtripathi537/main.py
2025-04-01 20:11:07.199 [info] Running installed packages checker:  {
  id: '/home/apoorvtripathi537/venv-translate/bin/python',
  sysPrefix: '/home/apoorvtripathi537/venv-translate',
  envType: 'Venv',
  envName: 'venv-translate',
  envPath: '/home/apoorvtripathi537/venv-translate',
  path: '/home/apoorvtripathi537/venv-translate/bin/python',
  architecture: 3,
  sysVersion: '3.12.3 (main, Feb  4 2025, 14:48:35) [GCC 13.3.0]',
  version: {
    raw: '3.12.3',
    major: 3,
    minor: 12,
    patch: 3,
    build: [],
    prerelease: [ 'final', '0' ]
  },
  displayName: "Python 3.12.3 ('venv-translate')",
  detailedDisplayName: "Python 3.12.3 ('venv-translate': venv)",
  type: 'Virtual'
} /google/devshell/editor/code-oss-for-cloud-shell/extensions/ms-python.python/python_files/installed_check.py /home/apoorvtripathi537/requirements.txt
2025-04-01 20:11:07.199 [info] > ./venv-translate/bin/python /google/devshell/editor/code-oss-for-cloud-shell/extensions/ms-python.python/python_files/installed_check.py ./requirements.txt
2025-04-01 20:11:09.987 [info] Running installed packages checker:  {
  id: '/home/apoorvtripathi537/venv-translate/bin/python',
  sysPrefix: '/home/apoorvtripathi537/venv-translate',
  envType: 'Venv',
  envName: 'venv-translate',
  envPath: '/home/apoorvtripathi537/venv-translate',
  path: '/home/apoorvtripathi537/venv-translate/bin/python',
  architecture: 3,
  sysVersion: '3.12.3 (main, Feb  4 2025, 14:48:35) [GCC 13.3.0]',
  version: {
    raw: '3.12.3',
    major: 3,
    minor: 12,
    patch: 3,
    build: [],
    prerelease: [ 'final', '0' ]
  },
  displayName: "Python 3.12.3 ('venv-translate')",
  detailedDisplayName: "Python 3.12.3 ('venv-translate': venv)",
  type: 'Virtual'
} /google/devshell/editor/code-oss-for-cloud-shell/extensions/ms-python.python/python_files/installed_check.py /home/apoorvtripathi537/requirements.txt
2025-04-01 20:11:09.987 [info] > ./venv-translate/bin/python /google/devshell/editor/code-oss-for-cloud-shell/extensions/ms-python.python/python_files/installed_check.py ./requirements.txt
2025-04-01 20:11:11.500 [info] Running installed packages checker:  {
  id: '/home/apoorvtripathi537/venv-translate/bin/python',
  sysPrefix: '/home/apoorvtripathi537/venv-translate',
  envType: 'Venv',
  envName: 'venv-translate',
  envPath: '/home/apoorvtripathi537/venv-translate',
  path: '/home/apoorvtripathi537/venv-translate/bin/python',
  architecture: 3,
  sysVersion: '3.12.3 (main, Feb  4 2025, 14:48:35) [GCC 13.3.0]',
  version: {
    raw: '3.12.3',
    major: 3,
    minor: 12,
    patch: 3,
    build: [],
    prerelease: [ 'final', '0' ]
  },
  displayName: "Python 3.12.3 ('venv-translate')",
  detailedDisplayName: "Python 3.12.3 ('venv-translate': venv)",
  type: 'Virtual'
} /google/devshell/editor/code-oss-for-cloud-shell/extensions/ms-python.python/python_files/installed_check.py /home/apoorvtripathi537/requirements.txt
2025-04-01 20:11:11.500 [info] > ./venv-translate/bin/python /google/devshell/editor/code-oss-for-cloud-shell/extensions/ms-python.python/python_files/installed_check.py ./requirements.txt
2025-04-01 20:12:23.549 [info] Running installed packages checker:  {
  id: '/home/apoorvtripathi537/venv-translate/bin/python',
  sysPrefix: '/home/apoorvtripathi537/venv-translate',
  envType: 'Venv',
  envName: 'venv-translate',
  envPath: '/home/apoorvtripathi537/venv-translate',
  path: '/home/apoorvtripathi537/venv-translate/bin/python',
  architecture: 3,
  sysVersion: '3.12.3 (main, Feb  4 2025, 14:48:35) [GCC 13.3.0]',
  version: {
    raw: '3.12.3',
    major: 3,
    minor: 12,
    patch: 3,
    build: [],
    prerelease: [ 'final', '0' ]
  },
  displayName: "Python 3.12.3 ('venv-translate')",
  detailedDisplayName: "Python 3.12.3 ('venv-translate': venv)",
  type: 'Virtual'
} /google/devshell/editor/code-oss-for-cloud-shell/extensions/ms-python.python/python_files/installed_check.py /home/apoorvtripathi537/requirements.txt
2025-04-01 20:12:23.549 [info] > ./venv-translate/bin/python /google/devshell/editor/code-oss-for-cloud-shell/extensions/ms-python.python/python_files/installed_check.py ./requirements.txt
2025-04-01 20:12:25.833 [info] Running installed packages checker:  {
  id: '/home/apoorvtripathi537/venv-translate/bin/python',
  sysPrefix: '/home/apoorvtripathi537/venv-translate',
  envType: 'Venv',
  envName: 'venv-translate',
  envPath: '/home/apoorvtripathi537/venv-translate',
  path: '/home/apoorvtripathi537/venv-translate/bin/python',
  architecture: 3,
  sysVersion: '3.12.3 (main, Feb  4 2025, 14:48:35) [GCC 13.3.0]',
  version: {
    raw: '3.12.3',
    major: 3,
    minor: 12,
    patch: 3,
    build: [],
    prerelease: [ 'final', '0' ]
  },
  displayName: "Python 3.12.3 ('venv-translate')",
  detailedDisplayName: "Python 3.12.3 ('venv-translate': venv)",
  type: 'Virtual'
} /google/devshell/editor/code-oss-for-cloud-shell/extensions/ms-python.python/python_files/installed_check.py /home/apoorvtripathi537/requirements.txt
2025-04-01 20:12:25.833 [info] > ./venv-translate/bin/python /google/devshell/editor/code-oss-for-cloud-shell/extensions/ms-python.python/python_files/installed_check.py ./requirements.txt
2025-04-01 20:53:28.014 [info] Running installed packages checker:  {
  id: '/home/apoorvtripathi537/venv-translate/bin/python',
  sysPrefix: '/home/apoorvtripathi537/venv-translate',
  envType: 'Venv',
  envName: 'venv-translate',
  envPath: '/home/apoorvtripathi537/venv-translate',
  path: '/home/apoorvtripathi537/venv-translate/bin/python',
  architecture: 3,
  sysVersion: '3.12.3 (main, Feb  4 2025, 14:48:35) [GCC 13.3.0]',
  version: {
    raw: '3.12.3',
    major: 3,
    minor: 12,
    patch: 3,
    build: [],
    prerelease: [ 'final', '0' ]
  },
  displayName: "Python 3.12.3 ('venv-translate')",
  detailedDisplayName: "Python 3.12.3 ('venv-translate': venv)",
  type: 'Virtual'
} /google/devshell/editor/code-oss-for-cloud-shell/extensions/ms-python.python/python_files/installed_check.py /home/apoorvtripathi537/requirements.txt
2025-04-01 20:53:28.014 [info] > ./venv-translate/bin/python /google/devshell/editor/code-oss-for-cloud-shell/extensions/ms-python.python/python_files/installed_check.py ./requirements.txt
2025-04-01 20:54:09.068 [info] Running installed packages checker:  {
  id: '/home/apoorvtripathi537/venv-translate/bin/python',
  sysPrefix: '/home/apoorvtripathi537/venv-translate',
  envType: 'Venv',
  envName: 'venv-translate',
  envPath: '/home/apoorvtripathi537/venv-translate',
  path: '/home/apoorvtripathi537/venv-translate/bin/python',
  architecture: 3,
  sysVersion: '3.12.3 (main, Feb  4 2025, 14:48:35) [GCC 13.3.0]',
  version: {
    raw: '3.12.3',
    major: 3,
    minor: 12,
    patch: 3,
    build: [],
    prerelease: [ 'final', '0' ]
  },
  displayName: "Python 3.12.3 ('venv-translate')",
  detailedDisplayName: "Python 3.12.3 ('venv-translate': venv)",
  type: 'Virtual'
} /google/devshell/editor/code-oss-for-cloud-shell/extensions/ms-python.python/python_files/installed_check.py /home/apoorvtripathi537/requirements.txt
2025-04-01 20:54:09.068 [info] > ./venv-translate/bin/python /google/devshell/editor/code-oss-for-cloud-shell/extensions/ms-python.python/python_files/installed_check.py ./requirements.txt
2025-04-01 20:54:10.625 [info] Running installed packages checker:  {
  id: '/home/apoorvtripathi537/venv-translate/bin/python',
  sysPrefix: '/home/apoorvtripathi537/venv-translate',
  envType: 'Venv',
  envName: 'venv-translate',
  envPath: '/home/apoorvtripathi537/venv-translate',
  path: '/home/apoorvtripathi537/venv-translate/bin/python',
  architecture: 3,
  sysVersion: '3.12.3 (main, Feb  4 2025, 14:48:35) [GCC 13.3.0]',
  version: {
    raw: '3.12.3',
    major: 3,
    minor: 12,
    patch: 3,
    build: [],
    prerelease: [ 'final', '0' ]
  },
  displayName: "Python 3.12.3 ('venv-translate')",
  detailedDisplayName: "Python 3.12.3 ('venv-translate': venv)",
  type: 'Virtual'
} /google/devshell/editor/code-oss-for-cloud-shell/extensions/ms-python.python/python_files/installed_check.py /home/apoorvtripathi537/requirements.txt
2025-04-01 20:54:10.625 [info] > ./venv-translate/bin/python /google/devshell/editor/code-oss-for-cloud-shell/extensions/ms-python.python/python_files/installed_check.py ./requirements.txt
