2025-02-22 17:31:10.225 [info] [main] Log level: Info
2025-02-22 17:31:10.225 [info] [main] Validating found git in: "git"
2025-02-22 17:31:10.225 [info] [main] Using git "2.43.0" from "git"
2025-02-22 17:31:10.225 [info] [Model][doInitialScan] Initial repository scan started
2025-02-22 17:31:10.225 [info] > git rev-parse --show-toplevel [262ms]
2025-02-22 17:31:10.225 [info] fatal: not a git repository (or any parent up to mount point /)
Stopping at filesystem boundary (GIT_DISCOVERY_ACROSS_FILESYSTEM not set).
2025-02-22 17:31:10.225 [info] > git rev-parse --show-toplevel [30ms]
2025-02-22 17:31:10.225 [info] fatal: not a git repository (or any parent up to mount point /)
Stopping at filesystem boundary (GIT_DISCOVERY_ACROSS_FILESYSTEM not set).
2025-02-22 17:31:10.270 [info] > git rev-parse --show-toplevel [3ms]
2025-02-22 17:31:10.270 [info] fatal: not a git repository (or any parent up to mount point /)
Stopping at filesystem boundary (GIT_DISCOVERY_ACROSS_FILESYSTEM not set).
2025-02-22 17:31:10.282 [info] > git rev-parse --show-toplevel [3ms]
2025-02-22 17:31:10.282 [info] fatal: not a git repository (or any parent up to mount point /)
Stopping at filesystem boundary (GIT_DISCOVERY_ACROSS_FILESYSTEM not set).
2025-02-22 17:31:10.294 [info] > git rev-parse --show-toplevel [3ms]
2025-02-22 17:31:10.295 [info] fatal: not a git repository (or any parent up to mount point /)
Stopping at filesystem boundary (GIT_DISCOVERY_ACROSS_FILESYSTEM not set).
2025-02-22 17:31:10.307 [info] > git rev-parse --show-toplevel [2ms]
2025-02-22 17:31:10.307 [info] fatal: not a git repository (or any parent up to mount point /)
Stopping at filesystem boundary (GIT_DISCOVERY_ACROSS_FILESYSTEM not set).
2025-02-22 17:31:10.318 [info] > git rev-parse --show-toplevel [3ms]
2025-02-22 17:31:10.318 [info] fatal: not a git repository (or any parent up to mount point /)
Stopping at filesystem boundary (GIT_DISCOVERY_ACROSS_FILESYSTEM not set).
2025-02-22 17:31:10.330 [info] > git rev-parse --show-toplevel [3ms]
2025-02-22 17:31:10.330 [info] fatal: not a git repository (or any parent up to mount point /)
Stopping at filesystem boundary (GIT_DISCOVERY_ACROSS_FILESYSTEM not set).
2025-02-22 17:31:10.342 [info] > git rev-parse --show-toplevel [4ms]
2025-02-22 17:31:10.342 [info] fatal: not a git repository (or any parent up to mount point /)
Stopping at filesystem boundary (GIT_DISCOVERY_ACROSS_FILESYSTEM not set).
2025-02-22 17:31:10.616 [info] > git rev-parse --show-toplevel [243ms]
2025-02-22 17:31:10.616 [info] fatal: not a git repository (or any parent up to mount point /)
Stopping at filesystem boundary (GIT_DISCOVERY_ACROSS_FILESYSTEM not set).
2025-02-22 17:31:10.645 [info] > git rev-parse --show-toplevel [18ms]
2025-02-22 17:31:10.645 [info] fatal: not a git repository (or any parent up to mount point /)
Stopping at filesystem boundary (GIT_DISCOVERY_ACROSS_FILESYSTEM not set).
2025-02-22 17:31:10.681 [info] > git rev-parse --show-toplevel [28ms]
2025-02-22 17:31:10.681 [info] fatal: not a git repository (or any parent up to mount point /)
Stopping at filesystem boundary (GIT_DISCOVERY_ACROSS_FILESYSTEM not set).
2025-02-22 17:31:10.749 [info] > git rev-parse --show-toplevel [24ms]
2025-02-22 17:31:10.749 [info] fatal: not a git repository (or any parent up to mount point /)
Stopping at filesystem boundary (GIT_DISCOVERY_ACROSS_FILESYSTEM not set).
2025-02-22 17:31:10.775 [info] > git rev-parse --show-toplevel [15ms]
2025-02-22 17:31:10.775 [info] fatal: not a git repository (or any parent up to mount point /)
Stopping at filesystem boundary (GIT_DISCOVERY_ACROSS_FILESYSTEM not set).
2025-02-22 17:31:10.878 [info] > git rev-parse --show-toplevel [18ms]
2025-02-22 17:31:10.878 [info] fatal: not a git repository (or any parent up to mount point /)
Stopping at filesystem boundary (GIT_DISCOVERY_ACROSS_FILESYSTEM not set).
2025-02-22 17:31:10.894 [info] > git rev-parse --show-toplevel [4ms]
2025-02-22 17:31:10.894 [info] fatal: not a git repository (or any parent up to mount point /)
Stopping at filesystem boundary (GIT_DISCOVERY_ACROSS_FILESYSTEM not set).
2025-02-22 17:31:10.895 [info] [Model][doInitialScan] Initial repository scan completed - repositories (0), closed repositories (0), parent repositories (0), unsafe repositories (0)
2025-02-22 17:32:29.770 [info] > git rev-parse --show-toplevel [2ms]
2025-02-22 17:32:29.770 [info] fatal: not a git repository (or any parent up to mount point /)
Stopping at filesystem boundary (GIT_DISCOVERY_ACROSS_FILESYSTEM not set).
2025-02-22 17:32:30.096 [info] > git rev-parse --show-toplevel [13ms]
2025-02-22 17:32:30.096 [info] fatal: not a git repository (or any parent up to mount point /)
Stopping at filesystem boundary (GIT_DISCOVERY_ACROSS_FILESYSTEM not set).
2025-02-22 17:32:30.108 [info] > git rev-parse --show-toplevel [3ms]
2025-02-22 17:32:30.108 [info] fatal: not a git repository (or any parent up to mount point /)
Stopping at filesystem boundary (GIT_DISCOVERY_ACROSS_FILESYSTEM not set).
2025-02-22 17:32:30.122 [info] > git rev-parse --show-toplevel [2ms]
2025-02-22 17:32:30.122 [info] fatal: not a git repository (or any parent up to mount point /)
Stopping at filesystem boundary (GIT_DISCOVERY_ACROSS_FILESYSTEM not set).
2025-02-22 17:32:30.132 [info] > git rev-parse --show-toplevel [2ms]
2025-02-22 17:32:30.132 [info] fatal: not a git repository (or any parent up to mount point /)
Stopping at filesystem boundary (GIT_DISCOVERY_ACROSS_FILESYSTEM not set).
2025-02-22 17:32:30.141 [info] > git rev-parse --show-toplevel [1ms]
2025-02-22 17:32:30.141 [info] fatal: not a git repository (or any parent up to mount point /)
Stopping at filesystem boundary (GIT_DISCOVERY_ACROSS_FILESYSTEM not set).
2025-02-22 17:32:30.173 [info] > git rev-parse --show-toplevel [2ms]
2025-02-22 17:32:30.173 [info] fatal: not a git repository (or any parent up to mount point /)
Stopping at filesystem boundary (GIT_DISCOVERY_ACROSS_FILESYSTEM not set).
2025-02-22 17:32:30.223 [info] > git rev-parse --show-toplevel [3ms]
2025-02-22 17:32:30.223 [info] fatal: not a git repository (or any parent up to mount point /)
Stopping at filesystem boundary (GIT_DISCOVERY_ACROSS_FILESYSTEM not set).
