2025-04-12 04:28:33.502 [info] [main] Log level: Info
2025-04-12 04:28:33.502 [info] [main] Validating found git in: "git"
2025-04-12 04:28:33.502 [info] [main] Using git "2.43.0" from "git"
2025-04-12 04:28:33.502 [info] [Model][doInitialScan] Initial repository scan started
2025-04-12 04:28:33.502 [info] > git rev-parse --show-toplevel [2244ms]
2025-04-12 04:28:33.502 [info] > git rev-parse --git-dir --git-common-dir [90ms]
2025-04-12 04:28:33.502 [info] [Model][openRepository] Opened repository: /home/apoorvtripathi537
2025-04-12 04:28:33.908 [info] > git rev-parse --show-toplevel [10ms]
2025-04-12 04:28:33.934 [info] > git rev-parse --show-toplevel [5ms]
2025-04-12 04:28:33.947 [info] > git rev-parse --show-toplevel [3ms]
2025-04-12 04:28:34.043 [info] > git rev-parse --show-toplevel [41ms]
2025-04-12 04:28:34.102 [info] > git rev-parse --show-toplevel [10ms]
2025-04-12 04:28:34.242 [info] > git rev-parse --show-toplevel [122ms]
2025-04-12 04:28:34.243 [info] > git for-each-ref --format=%(refname)%00%(upstream:short)%00%(objectname)%00%(upstream:track)%00%(upstream:remotename)%00%(upstream:remoteref) refs/heads/master refs/remotes/master [451ms]
2025-04-12 04:28:34.282 [info] > git rev-parse --show-toplevel [3ms]
2025-04-12 04:28:34.344 [info] > git check-ignore -v -z --stdin [87ms]
2025-04-12 04:28:34.347 [info] > git rev-parse --show-toplevel [50ms]
2025-04-12 04:28:34.361 [info] > git for-each-ref --sort -committerdate --format %(refname) %(objectname) %(*objectname) [24ms]
2025-04-12 04:28:34.364 [info] > git rev-parse --show-toplevel [5ms]
2025-04-12 04:28:34.380 [info] > git rev-parse --show-toplevel [4ms]
2025-04-12 04:28:34.396 [info] > git rev-parse --show-toplevel [4ms]
2025-04-12 04:28:34.411 [info] > git rev-parse --show-toplevel [3ms]
2025-04-12 04:28:34.426 [info] > git rev-parse --show-toplevel [3ms]
2025-04-12 04:28:34.441 [info] > git rev-parse --show-toplevel [4ms]
2025-04-12 04:28:34.442 [info] [Model][doInitialScan] Initial repository scan completed - repositories (1), closed repositories (0), parent repositories (0), unsafe repositories (0)
2025-04-12 04:28:34.479 [info] > git status -z -uall [159ms]
2025-04-12 04:28:34.479 [info] > git show --textconv :main.py [23ms]
2025-04-12 04:28:34.533 [info] > git for-each-ref --format=%(refname)%00%(upstream:short)%00%(objectname)%00%(upstream:track)%00%(upstream:remotename)%00%(upstream:remoteref) refs/heads/master refs/remotes/master [8ms]
2025-04-12 04:28:34.554 [info] > git ls-files --stage -- /home/apoorvtripathi537/main.py [88ms]
2025-04-12 04:28:34.568 [info] > git config --local branch.master.vscode-merge-base [13ms]
2025-04-12 04:28:34.568 [warning] [Git][config] git config failed: Failed to execute git
2025-04-12 04:28:34.577 [info] > git cat-file -s cd8b840c6a2cc57bb6082c3fa09575f889d656b4 [14ms]
2025-04-12 04:28:34.746 [info] > git for-each-ref --format=%(refname)%00%(upstream:short)%00%(objectname)%00%(upstream:track)%00%(upstream:remotename)%00%(upstream:remoteref) refs/heads/master refs/remotes/master [160ms]
2025-04-12 04:28:34.747 [info] > git reflog master --grep-reflog=branch: Created from *. [171ms]
2025-04-12 04:28:34.778 [info] > git symbolic-ref --short refs/remotes/origin/HEAD [19ms]
2025-04-12 04:28:34.778 [info] fatal: ref refs/remotes/origin/HEAD is not a symbolic ref
2025-04-12 04:28:34.778 [warning] [Repository][getDefaultBranch] Failed to get default branch details: Failed to execute git.
2025-04-12 04:28:34.796 [info] > git merge-base refs/heads/master refs/remotes/origin/master [4ms]
2025-04-12 04:28:34.846 [info] > git diff --name-status -z --diff-filter=ADMR ae54d5703c5e6277a64919db1dea687af7ee5769...refs/remotes/origin/master [36ms]
2025-04-12 04:28:34.851 [info] > git for-each-ref --sort -committerdate --format %(refname) %(objectname) %(*objectname) [9ms]
2025-04-12 04:28:34.896 [info] > git status -z -uall [75ms]
2025-04-12 04:28:39.739 [info] > git for-each-ref --format=%(refname)%00%(upstream:short)%00%(objectname)%00%(upstream:track)%00%(upstream:remotename)%00%(upstream:remoteref) refs/heads/master refs/remotes/master [13ms]
2025-04-12 04:28:39.819 [info] > git for-each-ref --sort -committerdate --format %(refname) %(objectname) %(*objectname) [35ms]
2025-04-12 04:28:39.838 [info] > git status -z -uall [80ms]
2025-04-12 04:28:50.852 [info] > git for-each-ref --format=%(refname)%00%(upstream:short)%00%(objectname)%00%(upstream:track)%00%(upstream:remotename)%00%(upstream:remoteref) refs/heads/master refs/remotes/master [3ms]
2025-04-12 04:28:50.888 [info] > git for-each-ref --sort -committerdate --format %(refname) %(objectname) %(*objectname) [3ms]
2025-04-12 04:28:50.916 [info] > git status -z -uall [49ms]
2025-04-12 04:28:55.943 [info] > git for-each-ref --format=%(refname)%00%(upstream:short)%00%(objectname)%00%(upstream:track)%00%(upstream:remotename)%00%(upstream:remoteref) refs/heads/master refs/remotes/master [2ms]
2025-04-12 04:28:55.974 [info] > git for-each-ref --sort -committerdate --format %(refname) %(objectname) %(*objectname) [3ms]
2025-04-12 04:28:56.006 [info] > git status -z -uall [51ms]
2025-04-12 04:29:01.031 [info] > git for-each-ref --format=%(refname)%00%(upstream:short)%00%(objectname)%00%(upstream:track)%00%(upstream:remotename)%00%(upstream:remoteref) refs/heads/master refs/remotes/master [2ms]
2025-04-12 04:29:01.062 [info] > git for-each-ref --sort -committerdate --format %(refname) %(objectname) %(*objectname) [3ms]
2025-04-12 04:29:01.089 [info] > git status -z -uall [47ms]
2025-04-12 04:29:28.246 [info] > git check-ignore -v -z --stdin [4ms]
2025-04-12 04:29:48.230 [info] > git check-ignore -v -z --stdin [4ms]
2025-04-12 04:29:54.340 [info] > git for-each-ref --format=%(refname)%00%(upstream:short)%00%(objectname)%00%(upstream:track)%00%(upstream:remotename)%00%(upstream:remoteref) refs/heads/master refs/remotes/master [2ms]
2025-04-12 04:29:54.361 [info] > git for-each-ref --sort -committerdate --format %(refname) %(objectname) %(*objectname) [2ms]
2025-04-12 04:29:54.404 [info] > git status -z -uall [55ms]
2025-04-12 04:29:59.441 [info] > git for-each-ref --format=%(refname)%00%(upstream:short)%00%(objectname)%00%(upstream:track)%00%(upstream:remotename)%00%(upstream:remoteref) refs/heads/master refs/remotes/master [5ms]
2025-04-12 04:29:59.462 [info] > git for-each-ref --sort -committerdate --format %(refname) %(objectname) %(*objectname) [3ms]
2025-04-12 04:29:59.495 [info] > git status -z -uall [46ms]
2025-04-12 04:30:02.045 [info] > git check-ignore -v -z --stdin [4ms]
2025-04-12 04:30:04.522 [info] > git for-each-ref --format=%(refname)%00%(upstream:short)%00%(objectname)%00%(upstream:track)%00%(upstream:remotename)%00%(upstream:remoteref) refs/heads/master refs/remotes/master [2ms]
2025-04-12 04:30:04.544 [info] > git for-each-ref --sort -committerdate --format %(refname) %(objectname) %(*objectname) [4ms]
2025-04-12 04:30:04.579 [info] > git status -z -uall [51ms]
2025-04-12 04:30:09.601 [info] > git for-each-ref --format=%(refname)%00%(upstream:short)%00%(objectname)%00%(upstream:track)%00%(upstream:remotename)%00%(upstream:remoteref) refs/heads/master refs/remotes/master [3ms]
2025-04-12 04:30:09.619 [info] > git for-each-ref --sort -committerdate --format %(refname) %(objectname) %(*objectname) [1ms]
2025-04-12 04:30:09.659 [info] > git status -z -uall [52ms]
2025-04-12 04:30:14.687 [info] > git for-each-ref --format=%(refname)%00%(upstream:short)%00%(objectname)%00%(upstream:track)%00%(upstream:remotename)%00%(upstream:remoteref) refs/heads/master refs/remotes/master [3ms]
2025-04-12 04:30:14.707 [info] > git for-each-ref --sort -committerdate --format %(refname) %(objectname) %(*objectname) [2ms]
2025-04-12 04:30:14.739 [info] > git status -z -uall [45ms]
2025-04-12 04:30:19.759 [info] > git for-each-ref --format=%(refname)%00%(upstream:short)%00%(objectname)%00%(upstream:track)%00%(upstream:remotename)%00%(upstream:remoteref) refs/heads/master refs/remotes/master [2ms]
2025-04-12 04:30:19.777 [info] > git for-each-ref --sort -committerdate --format %(refname) %(objectname) %(*objectname) [1ms]
2025-04-12 04:30:19.811 [info] > git status -z -uall [46ms]
2025-04-12 04:30:24.834 [info] > git for-each-ref --format=%(refname)%00%(upstream:short)%00%(objectname)%00%(upstream:track)%00%(upstream:remotename)%00%(upstream:remoteref) refs/heads/master refs/remotes/master [3ms]
2025-04-12 04:30:24.854 [info] > git for-each-ref --sort -committerdate --format %(refname) %(objectname) %(*objectname) [2ms]
2025-04-12 04:30:24.886 [info] > git status -z -uall [46ms]
2025-04-12 04:30:29.911 [info] > git for-each-ref --format=%(refname)%00%(upstream:short)%00%(objectname)%00%(upstream:track)%00%(upstream:remotename)%00%(upstream:remoteref) refs/heads/master refs/remotes/master [2ms]
2025-04-12 04:30:29.930 [info] > git for-each-ref --sort -committerdate --format %(refname) %(objectname) %(*objectname) [2ms]
2025-04-12 04:30:29.962 [info] > git status -z -uall [45ms]
2025-04-12 04:30:34.984 [info] > git for-each-ref --format=%(refname)%00%(upstream:short)%00%(objectname)%00%(upstream:track)%00%(upstream:remotename)%00%(upstream:remoteref) refs/heads/master refs/remotes/master [3ms]
2025-04-12 04:30:35.005 [info] > git for-each-ref --sort -committerdate --format %(refname) %(objectname) %(*objectname) [3ms]
2025-04-12 04:30:35.035 [info] > git status -z -uall [45ms]
2025-04-12 04:30:40.057 [info] > git for-each-ref --format=%(refname)%00%(upstream:short)%00%(objectname)%00%(upstream:track)%00%(upstream:remotename)%00%(upstream:remoteref) refs/heads/master refs/remotes/master [3ms]
2025-04-12 04:30:40.077 [info] > git for-each-ref --sort -committerdate --format %(refname) %(objectname) %(*objectname) [4ms]
2025-04-12 04:30:40.107 [info] > git status -z -uall [44ms]
2025-04-12 04:30:45.130 [info] > git for-each-ref --format=%(refname)%00%(upstream:short)%00%(objectname)%00%(upstream:track)%00%(upstream:remotename)%00%(upstream:remoteref) refs/heads/master refs/remotes/master [2ms]
2025-04-12 04:30:45.149 [info] > git for-each-ref --sort -committerdate --format %(refname) %(objectname) %(*objectname) [5ms]
2025-04-12 04:30:45.184 [info] > git status -z -uall [48ms]
2025-04-12 04:30:50.207 [info] > git for-each-ref --format=%(refname)%00%(upstream:short)%00%(objectname)%00%(upstream:track)%00%(upstream:remotename)%00%(upstream:remoteref) refs/heads/master refs/remotes/master [3ms]
2025-04-12 04:30:50.228 [info] > git for-each-ref --sort -committerdate --format %(refname) %(objectname) %(*objectname) [7ms]
2025-04-12 04:30:50.259 [info] > git status -z -uall [45ms]
2025-04-12 04:30:55.280 [info] > git for-each-ref --format=%(refname)%00%(upstream:short)%00%(objectname)%00%(upstream:track)%00%(upstream:remotename)%00%(upstream:remoteref) refs/heads/master refs/remotes/master [3ms]
2025-04-12 04:30:55.301 [info] > git for-each-ref --sort -committerdate --format %(refname) %(objectname) %(*objectname) [3ms]
2025-04-12 04:30:55.330 [info] > git status -z -uall [44ms]
2025-04-12 04:31:00.351 [info] > git for-each-ref --format=%(refname)%00%(upstream:short)%00%(objectname)%00%(upstream:track)%00%(upstream:remotename)%00%(upstream:remoteref) refs/heads/master refs/remotes/master [2ms]
2025-04-12 04:31:00.370 [info] > git for-each-ref --sort -committerdate --format %(refname) %(objectname) %(*objectname) [3ms]
2025-04-12 04:31:00.403 [info] > git status -z -uall [45ms]
2025-04-12 04:31:05.424 [info] > git for-each-ref --format=%(refname)%00%(upstream:short)%00%(objectname)%00%(upstream:track)%00%(upstream:remotename)%00%(upstream:remoteref) refs/heads/master refs/remotes/master [2ms]
2025-04-12 04:31:05.442 [info] > git for-each-ref --sort -committerdate --format %(refname) %(objectname) %(*objectname) [1ms]
2025-04-12 04:31:05.475 [info] > git status -z -uall [45ms]
2025-04-12 04:31:10.497 [info] > git for-each-ref --format=%(refname)%00%(upstream:short)%00%(objectname)%00%(upstream:track)%00%(upstream:remotename)%00%(upstream:remoteref) refs/heads/master refs/remotes/master [3ms]
2025-04-12 04:31:10.518 [info] > git for-each-ref --sort -committerdate --format %(refname) %(objectname) %(*objectname) [3ms]
2025-04-12 04:31:10.550 [info] > git status -z -uall [47ms]
2025-04-12 04:31:17.410 [info] > git for-each-ref --format=%(refname)%00%(upstream:short)%00%(objectname)%00%(upstream:track)%00%(upstream:remotename)%00%(upstream:remoteref) refs/heads/master refs/remotes/master [2ms]
2025-04-12 04:31:17.430 [info] > git for-each-ref --sort -committerdate --format %(refname) %(objectname) %(*objectname) [5ms]
2025-04-12 04:31:17.464 [info] > git status -z -uall [47ms]
2025-04-12 04:31:22.486 [info] > git for-each-ref --format=%(refname)%00%(upstream:short)%00%(objectname)%00%(upstream:track)%00%(upstream:remotename)%00%(upstream:remoteref) refs/heads/master refs/remotes/master [2ms]
2025-04-12 04:31:22.505 [info] > git for-each-ref --sort -committerdate --format %(refname) %(objectname) %(*objectname) [3ms]
2025-04-12 04:31:22.538 [info] > git status -z -uall [45ms]
2025-04-12 04:31:27.560 [info] > git for-each-ref --format=%(refname)%00%(upstream:short)%00%(objectname)%00%(upstream:track)%00%(upstream:remotename)%00%(upstream:remoteref) refs/heads/master refs/remotes/master [3ms]
2025-04-12 04:31:27.577 [info] > git for-each-ref --sort -committerdate --format %(refname) %(objectname) %(*objectname) [3ms]
2025-04-12 04:31:27.616 [info] > git status -z -uall [50ms]
2025-04-12 04:31:32.636 [info] > git for-each-ref --format=%(refname)%00%(upstream:short)%00%(objectname)%00%(upstream:track)%00%(upstream:remotename)%00%(upstream:remoteref) refs/heads/master refs/remotes/master [3ms]
2025-04-12 04:31:32.656 [info] > git for-each-ref --sort -committerdate --format %(refname) %(objectname) %(*objectname) [4ms]
2025-04-12 04:31:32.691 [info] > git status -z -uall [50ms]
2025-04-12 04:31:39.824 [info] > git for-each-ref --format=%(refname)%00%(upstream:short)%00%(objectname)%00%(upstream:track)%00%(upstream:remotename)%00%(upstream:remoteref) refs/heads/master refs/remotes/master [3ms]
2025-04-12 04:31:39.843 [info] > git for-each-ref --sort -committerdate --format %(refname) %(objectname) %(*objectname) [1ms]
2025-04-12 04:31:39.878 [info] > git status -z -uall [48ms]
2025-04-12 04:31:44.904 [info] > git for-each-ref --format=%(refname)%00%(upstream:short)%00%(objectname)%00%(upstream:track)%00%(upstream:remotename)%00%(upstream:remoteref) refs/heads/master refs/remotes/master [3ms]
2025-04-12 04:31:44.924 [info] > git for-each-ref --sort -committerdate --format %(refname) %(objectname) %(*objectname) [3ms]
2025-04-12 04:31:44.955 [info] > git status -z -uall [45ms]
2025-04-12 04:32:28.615 [info] > git for-each-ref --format=%(refname)%00%(upstream:short)%00%(objectname)%00%(upstream:track)%00%(upstream:remotename)%00%(upstream:remoteref) refs/heads/master refs/remotes/master [2ms]
2025-04-12 04:32:28.636 [info] > git for-each-ref --sort -committerdate --format %(refname) %(objectname) %(*objectname) [2ms]
2025-04-12 04:32:28.670 [info] > git status -z -uall [47ms]
2025-04-12 04:33:37.653 [info] > git for-each-ref --format=%(refname)%00%(upstream:short)%00%(objectname)%00%(upstream:track)%00%(upstream:remotename)%00%(upstream:remoteref) refs/heads/master refs/remotes/master [3ms]
2025-04-12 04:33:37.673 [info] > git for-each-ref --sort -committerdate --format %(refname) %(objectname) %(*objectname) [1ms]
2025-04-12 04:33:37.712 [info] > git status -z -uall [53ms]
2025-04-12 04:33:42.740 [info] > git for-each-ref --format=%(refname)%00%(upstream:short)%00%(objectname)%00%(upstream:track)%00%(upstream:remotename)%00%(upstream:remoteref) refs/heads/master refs/remotes/master [3ms]
2025-04-12 04:33:42.760 [info] > git for-each-ref --sort -committerdate --format %(refname) %(objectname) %(*objectname) [4ms]
2025-04-12 04:33:42.793 [info] > git status -z -uall [48ms]
2025-04-12 04:33:47.816 [info] > git for-each-ref --format=%(refname)%00%(upstream:short)%00%(objectname)%00%(upstream:track)%00%(upstream:remotename)%00%(upstream:remoteref) refs/heads/master refs/remotes/master [2ms]
2025-04-12 04:33:47.835 [info] > git for-each-ref --sort -committerdate --format %(refname) %(objectname) %(*objectname) [2ms]
2025-04-12 04:33:47.869 [info] > git status -z -uall [47ms]
2025-04-12 04:33:52.890 [info] > git for-each-ref --format=%(refname)%00%(upstream:short)%00%(objectname)%00%(upstream:track)%00%(upstream:remotename)%00%(upstream:remoteref) refs/heads/master refs/remotes/master [3ms]
2025-04-12 04:33:52.910 [info] > git for-each-ref --sort -committerdate --format %(refname) %(objectname) %(*objectname) [2ms]
2025-04-12 04:33:52.942 [info] > git status -z -uall [46ms]
2025-04-12 04:33:57.963 [info] > git for-each-ref --format=%(refname)%00%(upstream:short)%00%(objectname)%00%(upstream:track)%00%(upstream:remotename)%00%(upstream:remoteref) refs/heads/master refs/remotes/master [2ms]
2025-04-12 04:33:57.984 [info] > git for-each-ref --sort -committerdate --format %(refname) %(objectname) %(*objectname) [3ms]
2025-04-12 04:33:58.016 [info] > git status -z -uall [46ms]
2025-04-12 04:34:03.037 [info] > git for-each-ref --format=%(refname)%00%(upstream:short)%00%(objectname)%00%(upstream:track)%00%(upstream:remotename)%00%(upstream:remoteref) refs/heads/master refs/remotes/master [2ms]
2025-04-12 04:34:03.053 [info] > git for-each-ref --sort -committerdate --format %(refname) %(objectname) %(*objectname) [3ms]
2025-04-12 04:34:03.090 [info] > git status -z -uall [47ms]
2025-04-12 04:34:08.112 [info] > git for-each-ref --format=%(refname)%00%(upstream:short)%00%(objectname)%00%(upstream:track)%00%(upstream:remotename)%00%(upstream:remoteref) refs/heads/master refs/remotes/master [2ms]
2025-04-12 04:34:08.132 [info] > git for-each-ref --sort -committerdate --format %(refname) %(objectname) %(*objectname) [7ms]
2025-04-12 04:34:08.165 [info] > git status -z -uall [47ms]
2025-04-12 04:34:13.187 [info] > git for-each-ref --format=%(refname)%00%(upstream:short)%00%(objectname)%00%(upstream:track)%00%(upstream:remotename)%00%(upstream:remoteref) refs/heads/master refs/remotes/master [2ms]
2025-04-12 04:34:13.205 [info] > git for-each-ref --sort -committerdate --format %(refname) %(objectname) %(*objectname) [1ms]
2025-04-12 04:34:13.239 [info] > git status -z -uall [46ms]
2025-04-12 04:34:20.596 [info] > git for-each-ref --format=%(refname)%00%(upstream:short)%00%(objectname)%00%(upstream:track)%00%(upstream:remotename)%00%(upstream:remoteref) refs/heads/master refs/remotes/master [2ms]
2025-04-12 04:34:20.615 [info] > git for-each-ref --sort -committerdate --format %(refname) %(objectname) %(*objectname) [2ms]
2025-04-12 04:34:20.649 [info] > git status -z -uall [45ms]
2025-04-12 04:34:25.676 [info] > git for-each-ref --format=%(refname)%00%(upstream:short)%00%(objectname)%00%(upstream:track)%00%(upstream:remotename)%00%(upstream:remoteref) refs/heads/master refs/remotes/master [3ms]
2025-04-12 04:34:25.695 [info] > git for-each-ref --sort -committerdate --format %(refname) %(objectname) %(*objectname) [3ms]
2025-04-12 04:34:25.727 [info] > git status -z -uall [45ms]
2025-04-12 04:34:30.750 [info] > git for-each-ref --format=%(refname)%00%(upstream:short)%00%(objectname)%00%(upstream:track)%00%(upstream:remotename)%00%(upstream:remoteref) refs/heads/master refs/remotes/master [3ms]
2025-04-12 04:34:30.770 [info] > git for-each-ref --sort -committerdate --format %(refname) %(objectname) %(*objectname) [3ms]
2025-04-12 04:34:30.805 [info] > git status -z -uall [49ms]
2025-04-12 04:34:35.827 [info] > git for-each-ref --format=%(refname)%00%(upstream:short)%00%(objectname)%00%(upstream:track)%00%(upstream:remotename)%00%(upstream:remoteref) refs/heads/master refs/remotes/master [3ms]
2025-04-12 04:34:35.850 [info] > git for-each-ref --sort -committerdate --format %(refname) %(objectname) %(*objectname) [3ms]
2025-04-12 04:34:35.886 [info] > git status -z -uall [51ms]
2025-04-12 04:34:40.913 [info] > git for-each-ref --format=%(refname)%00%(upstream:short)%00%(objectname)%00%(upstream:track)%00%(upstream:remotename)%00%(upstream:remoteref) refs/heads/master refs/remotes/master [3ms]
2025-04-12 04:34:40.933 [info] > git for-each-ref --sort -committerdate --format %(refname) %(objectname) %(*objectname) [2ms]
2025-04-12 04:34:40.963 [info] > git status -z -uall [44ms]
2025-04-12 04:34:45.985 [info] > git for-each-ref --format=%(refname)%00%(upstream:short)%00%(objectname)%00%(upstream:track)%00%(upstream:remotename)%00%(upstream:remoteref) refs/heads/master refs/remotes/master [2ms]
2025-04-12 04:34:46.003 [info] > git for-each-ref --sort -committerdate --format %(refname) %(objectname) %(*objectname) [1ms]
2025-04-12 04:34:46.036 [info] > git status -z -uall [45ms]
2025-04-12 04:34:51.057 [info] > git for-each-ref --format=%(refname)%00%(upstream:short)%00%(objectname)%00%(upstream:track)%00%(upstream:remotename)%00%(upstream:remoteref) refs/heads/master refs/remotes/master [2ms]
2025-04-12 04:34:51.077 [info] > git for-each-ref --sort -committerdate --format %(refname) %(objectname) %(*objectname) [2ms]
2025-04-12 04:34:51.108 [info] > git status -z -uall [45ms]
2025-04-12 04:35:00.569 [info] > git for-each-ref --format=%(refname)%00%(upstream:short)%00%(objectname)%00%(upstream:track)%00%(upstream:remotename)%00%(upstream:remoteref) refs/heads/master refs/remotes/master [3ms]
2025-04-12 04:35:00.589 [info] > git for-each-ref --sort -committerdate --format %(refname) %(objectname) %(*objectname) [6ms]
2025-04-12 04:35:00.625 [info] > git status -z -uall [49ms]
2025-04-12 04:35:07.919 [info] > git for-each-ref --format=%(refname)%00%(upstream:short)%00%(objectname)%00%(upstream:track)%00%(upstream:remotename)%00%(upstream:remoteref) refs/heads/master refs/remotes/master [2ms]
2025-04-12 04:35:07.938 [info] > git for-each-ref --sort -committerdate --format %(refname) %(objectname) %(*objectname) [4ms]
2025-04-12 04:35:07.973 [info] > git status -z -uall [47ms]
2025-04-12 04:35:12.999 [info] > git for-each-ref --format=%(refname)%00%(upstream:short)%00%(objectname)%00%(upstream:track)%00%(upstream:remotename)%00%(upstream:remoteref) refs/heads/master refs/remotes/master [2ms]
2025-04-12 04:35:13.020 [info] > git for-each-ref --sort -committerdate --format %(refname) %(objectname) %(*objectname) [2ms]
2025-04-12 04:35:13.053 [info] > git status -z -uall [46ms]
2025-04-12 04:35:18.080 [info] > git for-each-ref --format=%(refname)%00%(upstream:short)%00%(objectname)%00%(upstream:track)%00%(upstream:remotename)%00%(upstream:remoteref) refs/heads/master refs/remotes/master [2ms]
2025-04-12 04:35:18.101 [info] > git for-each-ref --sort -committerdate --format %(refname) %(objectname) %(*objectname) [2ms]
2025-04-12 04:35:18.131 [info] > git status -z -uall [44ms]
2025-04-12 04:35:23.722 [info] > git for-each-ref --format=%(refname)%00%(upstream:short)%00%(objectname)%00%(upstream:track)%00%(upstream:remotename)%00%(upstream:remoteref) refs/heads/master refs/remotes/master [3ms]
2025-04-12 04:35:23.746 [info] > git for-each-ref --sort -committerdate --format %(refname) %(objectname) %(*objectname) [3ms]
2025-04-12 04:35:23.777 [info] > git status -z -uall [48ms]
2025-04-12 04:35:28.798 [info] > git for-each-ref --format=%(refname)%00%(upstream:short)%00%(objectname)%00%(upstream:track)%00%(upstream:remotename)%00%(upstream:remoteref) refs/heads/master refs/remotes/master [3ms]
2025-04-12 04:35:28.818 [info] > git for-each-ref --sort -committerdate --format %(refname) %(objectname) %(*objectname) [7ms]
2025-04-12 04:35:28.852 [info] > git status -z -uall [48ms]
2025-04-12 04:35:44.948 [info] > git for-each-ref --format=%(refname)%00%(upstream:short)%00%(objectname)%00%(upstream:track)%00%(upstream:remotename)%00%(upstream:remoteref) refs/heads/master refs/remotes/master [2ms]
2025-04-12 04:35:44.967 [info] > git for-each-ref --sort -committerdate --format %(refname) %(objectname) %(*objectname) [5ms]
2025-04-12 04:35:45.000 [info] > git status -z -uall [46ms]
2025-04-12 04:35:50.020 [info] > git for-each-ref --format=%(refname)%00%(upstream:short)%00%(objectname)%00%(upstream:track)%00%(upstream:remotename)%00%(upstream:remoteref) refs/heads/master refs/remotes/master [3ms]
2025-04-12 04:35:50.040 [info] > git for-each-ref --sort -committerdate --format %(refname) %(objectname) %(*objectname) [3ms]
2025-04-12 04:35:50.071 [info] > git status -z -uall [45ms]
2025-04-12 04:35:53.886 [info] > git ls-files --stage -- /home/apoorvtripathi537/requirements.txt [7ms]
2025-04-12 04:35:53.895 [info] > git show --textconv :requirements.txt [27ms]
2025-04-12 04:35:53.897 [info] > git cat-file -s a875bfd32905ac2096a4ae09487f6710d123142f [2ms]
2025-04-12 04:35:55.089 [info] > git for-each-ref --format=%(refname)%00%(upstream:short)%00%(objectname)%00%(upstream:track)%00%(upstream:remotename)%00%(upstream:remoteref) refs/heads/master refs/remotes/master [2ms]
2025-04-12 04:35:55.109 [info] > git for-each-ref --sort -committerdate --format %(refname) %(objectname) %(*objectname) [0ms]
2025-04-12 04:35:55.140 [info] > git status -z -uall [45ms]
2025-04-12 04:35:58.737 [info] > git show --textconv :main.py [8ms]
2025-04-12 04:35:58.741 [info] > git ls-files --stage -- /home/apoorvtripathi537/main.py [4ms]
2025-04-12 04:35:58.750 [info] > git cat-file -s cd8b840c6a2cc57bb6082c3fa09575f889d656b4 [2ms]
2025-04-12 04:36:00.165 [info] > git for-each-ref --format=%(refname)%00%(upstream:short)%00%(objectname)%00%(upstream:track)%00%(upstream:remotename)%00%(upstream:remoteref) refs/heads/master refs/remotes/master [3ms]
2025-04-12 04:36:00.189 [info] > git for-each-ref --sort -committerdate --format %(refname) %(objectname) %(*objectname) [5ms]
2025-04-12 04:36:00.220 [info] > git status -z -uall [48ms]
2025-04-12 04:36:07.748 [info] > git for-each-ref --format=%(refname)%00%(upstream:short)%00%(objectname)%00%(upstream:track)%00%(upstream:remotename)%00%(upstream:remoteref) refs/heads/master refs/remotes/master [2ms]
2025-04-12 04:36:07.774 [info] > git for-each-ref --sort -committerdate --format %(refname) %(objectname) %(*objectname) [3ms]
2025-04-12 04:36:07.805 [info] > git status -z -uall [49ms]
