Initializing document watcher...
Document watcher initialized
/User/settings.json: Using EditorConfig core...
apoorvtripathi537/main.py: {}
apoorvtripathi537/main.py: {}
apoorvtripathi537/main.py: {}
apoorvtripathi537/main.py: {}
apoorvtripathi537/main.py: {}
apoorvtripathi537/main.py: {}
apoorvtripathi537/main.py: {}
apoorvtripathi537/main.py: Using EditorConfig core...
apoorvtripathi537/main.py: Using EditorConfig core...
apoorvtripathi537/main.py: {}
apoorvtripathi537/main.py: {}
apoorvtripathi537/main.py: {}
apoorvtripathi537/main.py: {}
apoorvtripathi537/main.py: Using EditorConfig core...
apoorvtripathi537/main.py: {}
apoorvtripathi537/main.py: Using EditorConfig core...
apoorvtripathi537/main.py: Using EditorConfig core...
apoorvtripathi537/main.py: {}
apoorvtripathi537/main.py: {}
apoorvtripathi537/main.py: Using EditorConfig core...
apoorvtripathi537/main.py: Using EditorConfig core...
apoorvtripathi537/main.py: {}
apoorvtripathi537/main.py: {}
apoorvtripathi537/main.py: Using EditorConfig core...
apoorvtripathi537/main.py: {}
apoorvtripathi537/main.py: {}
apoorvtripathi537/main.py: {}
apoorvtripathi537/main.py: {}
apoorvtripathi537/main.py: {}
apoorvtripathi537/main.py: Using EditorConfig core...
apoorvtripathi537/main.py: {}
apoorvtripathi537/main.py: {}
apoorvtripathi537/main.py: {}
apoorvtripathi537/main.py: Using EditorConfig core...
apoorvtripathi537/main.py: Using EditorConfig core...
apoorvtripathi537/main.py: Using EditorConfig core...
apoorvtripathi537/main.py: {}
apoorvtripathi537/main.py: Using EditorConfig core...
apoorvtripathi537/main.py: Using EditorConfig core...
apoorvtripathi537/main.py: Using EditorConfig core...
apoorvtripathi537/main.py: {}
apoorvtripathi537/main.py: {}
apoorvtripathi537/main.py: {}
apoorvtripathi537/main.py: Using EditorConfig core...
apoorvtripathi537/main.py: Using EditorConfig core...
apoorvtripathi537/main.py: Using EditorConfig core...
apoorvtripathi537/main.py: {}
apoorvtripathi537/main.py: {}
apoorvtripathi537/main.py: Using EditorConfig core...
apoorvtripathi537/main.py: Using EditorConfig core...
apoorvtripathi537/main.py: Using EditorConfig core...
apoorvtripathi537/main.py: Using EditorConfig core...
apoorvtripathi537/main.py: Using EditorConfig core...
apoorvtripathi537/main.py: {}
apoorvtripathi537/main.py: {}
apoorvtripathi537/main.py: Using EditorConfig core...
apoorvtripathi537/main.py: {}
apoorvtripathi537/main.py: {}
apoorvtripathi537/main.py: Using EditorConfig core...
apoorvtripathi537/main.py: {}
apoorvtripathi537/main.py: {}
apoorvtripathi537/main.py: Using EditorConfig core...
apoorvtripathi537/main.py: Using EditorConfig core...
apoorvtripathi537/main.py: Using EditorConfig core...
apoorvtripathi537/main.py: {}
apoorvtripathi537/main.py: {}
apoorvtripathi537/main.py: {}
apoorvtripathi537/main.py: {}
apoorvtripathi537/main.py: Using EditorConfig core...
apoorvtripathi537/main.py: Using EditorConfig core...
apoorvtripathi537/main.py: Using EditorConfig core...
apoorvtripathi537/main.py: Using EditorConfig core...
apoorvtripathi537/main.py: {}
apoorvtripathi537/main.py: {}
apoorvtripathi537/main.py: Using EditorConfig core...
apoorvtripathi537/main.py: Using EditorConfig core...
apoorvtripathi537/main.py: Using EditorConfig core...
apoorvtripathi537/main.py: Using EditorConfig core...
apoorvtripathi537/main.py: Using EditorConfig core...
apoorvtripathi537/main.py: {}
apoorvtripathi537/main.py: {}
apoorvtripathi537/main.py: {}
apoorvtripathi537/main.py: {}
apoorvtripathi537/main.py: Using EditorConfig core...
apoorvtripathi537/main.py: Using EditorConfig core...
apoorvtripathi537/main.py: Using EditorConfig core...
apoorvtripathi537/main.py: {}
apoorvtripathi537/main.py: Using EditorConfig core...
apoorvtripathi537/main.py: {}
apoorvtripathi537/main.py: {}
apoorvtripathi537/main.py: Using EditorConfig core...
apoorvtripathi537/main.py: Using EditorConfig core...
apoorvtripathi537/main.py: Using EditorConfig core...
apoorvtripathi537/main.py: Using EditorConfig core...
apoorvtripathi537/main.py: {}
apoorvtripathi537/main.py: {}
