2025-02-24 02:18:46.602 [warning] Dir "/home/apoorvtripathi537/.pixi/envs" is not watchable (directory does not exist)
2025-02-24 02:18:46.840 [info] Python interpreter path: ./venv-translate/bin/python
2025-02-24 02:18:46.856 [info] > pyenv which python
2025-02-24 02:18:46.856 [info] cwd: .
2025-02-24 02:18:52.026 [info] Running installed packages checker:  {
  id: '/home/apoorvtripathi537/venv-translate/bin/python',
  sysPrefix: '/home/apoorvtripathi537/venv-translate',
  envType: 'Venv',
  envName: 'venv-translate',
  envPath: '/home/apoorvtripathi537/venv-translate',
  path: '/home/apoorvtripathi537/venv-translate/bin/python',
  architecture: 3,
  sysVersion: '3.12.3 (main, Jan 17 2025, 18:03:48) [GCC 13.3.0]',
  version: {
    raw: '3.12.3',
    major: 3,
    minor: 12,
    patch: 3,
    build: [],
    prerelease: [ 'final', '0' ]
  },
  displayName: "Python 3.12.3 ('venv-translate')",
  detailedDisplayName: "Python 3.12.3 ('venv-translate': venv)",
  type: 'Virtual'
} /google/devshell/editor/code-oss-for-cloud-shell/extensions/ms-python.python/python_files/installed_check.py /home/apoorvtripathi537/requirements.txt
2025-02-24 02:18:52.026 [info] > ./venv-translate/bin/python /google/devshell/editor/code-oss-for-cloud-shell/extensions/ms-python.python/python_files/installed_check.py ./requirements.txt
2025-02-24 02:18:52.232 [info] Starting Jedi language server for apoorvtripathi537.
2025-02-24 02:18:54.234 [info] Send text to terminal: source /home/apoorvtripathi537/venv-translate/bin/activate
2025-02-24 02:19:02.066 [info] Running installed packages checker:  {
  id: '/home/apoorvtripathi537/venv-translate/bin/python',
  sysPrefix: '/home/apoorvtripathi537/venv-translate',
  envType: 'Venv',
  envName: 'venv-translate',
  envPath: '/home/apoorvtripathi537/venv-translate',
  path: '/home/apoorvtripathi537/venv-translate/bin/python',
  architecture: 3,
  sysVersion: '3.12.3 (main, Jan 17 2025, 18:03:48) [GCC 13.3.0]',
  version: {
    raw: '3.12.3',
    major: 3,
    minor: 12,
    patch: 3,
    build: [],
    prerelease: [ 'final', '0' ]
  },
  displayName: "Python 3.12.3 ('venv-translate')",
  detailedDisplayName: "Python 3.12.3 ('venv-translate': venv)",
  type: 'Virtual'
} /google/devshell/editor/code-oss-for-cloud-shell/extensions/ms-python.python/python_files/installed_check.py /home/apoorvtripathi537/requirements.txt
2025-02-24 02:19:02.066 [info] > ./venv-translate/bin/python /google/devshell/editor/code-oss-for-cloud-shell/extensions/ms-python.python/python_files/installed_check.py ./requirements.txt
2025-02-24 02:19:07.239 [info] Running installed packages checker:  {
  id: '/home/apoorvtripathi537/venv-translate/bin/python',
  sysPrefix: '/home/apoorvtripathi537/venv-translate',
  envType: 'Venv',
  envName: 'venv-translate',
  envPath: '/home/apoorvtripathi537/venv-translate',
  path: '/home/apoorvtripathi537/venv-translate/bin/python',
  architecture: 3,
  sysVersion: '3.12.3 (main, Jan 17 2025, 18:03:48) [GCC 13.3.0]',
  version: {
    raw: '3.12.3',
    major: 3,
    minor: 12,
    patch: 3,
    build: [],
    prerelease: [ 'final', '0' ]
  },
  displayName: "Python 3.12.3 ('venv-translate')",
  detailedDisplayName: "Python 3.12.3 ('venv-translate': venv)",
  type: 'Virtual'
} /google/devshell/editor/code-oss-for-cloud-shell/extensions/ms-python.python/python_files/installed_check.py /home/apoorvtripathi537/requirements.txt
2025-02-24 02:19:07.239 [info] > ./venv-translate/bin/python /google/devshell/editor/code-oss-for-cloud-shell/extensions/ms-python.python/python_files/installed_check.py ./requirements.txt
2025-02-24 02:19:11.821 [info] Running installed packages checker:  {
  id: '/home/apoorvtripathi537/venv-translate/bin/python',
  sysPrefix: '/home/apoorvtripathi537/venv-translate',
  envType: 'Venv',
  envName: 'venv-translate',
  envPath: '/home/apoorvtripathi537/venv-translate',
  path: '/home/apoorvtripathi537/venv-translate/bin/python',
  architecture: 3,
  sysVersion: '3.12.3 (main, Jan 17 2025, 18:03:48) [GCC 13.3.0]',
  version: {
    raw: '3.12.3',
    major: 3,
    minor: 12,
    patch: 3,
    build: [],
    prerelease: [ 'final', '0' ]
  },
  displayName: "Python 3.12.3 ('venv-translate')",
  detailedDisplayName: "Python 3.12.3 ('venv-translate': venv)",
  type: 'Virtual'
} /google/devshell/editor/code-oss-for-cloud-shell/extensions/ms-python.python/python_files/installed_check.py /home/apoorvtripathi537/requirements.txt
2025-02-24 02:19:11.822 [info] > ./venv-translate/bin/python /google/devshell/editor/code-oss-for-cloud-shell/extensions/ms-python.python/python_files/installed_check.py ./requirements.txt
2025-02-24 02:19:12.457 [info] Running installed packages checker:  {
  id: '/home/apoorvtripathi537/venv-translate/bin/python',
  sysPrefix: '/home/apoorvtripathi537/venv-translate',
  envType: 'Venv',
  envName: 'venv-translate',
  envPath: '/home/apoorvtripathi537/venv-translate',
  path: '/home/apoorvtripathi537/venv-translate/bin/python',
  architecture: 3,
  sysVersion: '3.12.3 (main, Jan 17 2025, 18:03:48) [GCC 13.3.0]',
  version: {
    raw: '3.12.3',
    major: 3,
    minor: 12,
    patch: 3,
    build: [],
    prerelease: [ 'final', '0' ]
  },
  displayName: "Python 3.12.3 ('venv-translate')",
  detailedDisplayName: "Python 3.12.3 ('venv-translate': venv)",
  type: 'Virtual'
} /google/devshell/editor/code-oss-for-cloud-shell/extensions/ms-python.python/python_files/installed_check.py /home/apoorvtripathi537/requirements.txt
2025-02-24 02:19:12.457 [info] > ./venv-translate/bin/python /google/devshell/editor/code-oss-for-cloud-shell/extensions/ms-python.python/python_files/installed_check.py ./requirements.txt
2025-02-24 02:19:12.960 [info] Running installed packages checker:  {
  id: '/home/apoorvtripathi537/venv-translate/bin/python',
  sysPrefix: '/home/apoorvtripathi537/venv-translate',
  envType: 'Venv',
  envName: 'venv-translate',
  envPath: '/home/apoorvtripathi537/venv-translate',
  path: '/home/apoorvtripathi537/venv-translate/bin/python',
  architecture: 3,
  sysVersion: '3.12.3 (main, Jan 17 2025, 18:03:48) [GCC 13.3.0]',
  version: {
    raw: '3.12.3',
    major: 3,
    minor: 12,
    patch: 3,
    build: [],
    prerelease: [ 'final', '0' ]
  },
  displayName: "Python 3.12.3 ('venv-translate')",
  detailedDisplayName: "Python 3.12.3 ('venv-translate': venv)",
  type: 'Virtual'
} /google/devshell/editor/code-oss-for-cloud-shell/extensions/ms-python.python/python_files/installed_check.py /home/apoorvtripathi537/requirements.txt
2025-02-24 02:19:12.960 [info] > ./venv-translate/bin/python /google/devshell/editor/code-oss-for-cloud-shell/extensions/ms-python.python/python_files/installed_check.py ./requirements.txt
2025-02-24 02:19:13.468 [info] Running installed packages checker:  {
  id: '/home/apoorvtripathi537/venv-translate/bin/python',
  sysPrefix: '/home/apoorvtripathi537/venv-translate',
  envType: 'Venv',
  envName: 'venv-translate',
  envPath: '/home/apoorvtripathi537/venv-translate',
  path: '/home/apoorvtripathi537/venv-translate/bin/python',
  architecture: 3,
  sysVersion: '3.12.3 (main, Jan 17 2025, 18:03:48) [GCC 13.3.0]',
  version: {
    raw: '3.12.3',
    major: 3,
    minor: 12,
    patch: 3,
    build: [],
    prerelease: [ 'final', '0' ]
  },
  displayName: "Python 3.12.3 ('venv-translate')",
  detailedDisplayName: "Python 3.12.3 ('venv-translate': venv)",
  type: 'Virtual'
} /google/devshell/editor/code-oss-for-cloud-shell/extensions/ms-python.python/python_files/installed_check.py /home/apoorvtripathi537/requirements.txt
2025-02-24 02:19:13.468 [info] > ./venv-translate/bin/python /google/devshell/editor/code-oss-for-cloud-shell/extensions/ms-python.python/python_files/installed_check.py ./requirements.txt
