2025-04-01 15:27:41.687 [info] Extension host with pid 1248 started
2025-04-01 15:27:41.697 [info] Lock '/home/apoorvtripathi537/.codeoss/data/User/workspaceStorage/-5077c325/vscode.lock': Lock acquired.
2025-04-01 15:27:42.114 [info] ExtensionService#_doActivateExtension vscode.emmet, startup: false, activationEvent: 'onLanguage'
2025-04-01 15:27:42.116 [info] ExtensionService#_doActivateExtension vscode.configuration-editing, startup: false, activationEvent: 'onLanguage:jsonc'
2025-04-01 15:27:42.116 [info] ExtensionService#_doActivateExtension vscode.json-language-features, startup: false, activationEvent: 'onLanguage:jsonc'
2025-04-01 15:27:42.116 [info] ExtensionService#_doActivateExtension vscode.typescript-language-features, startup: false, activationEvent: 'onLanguage:jsonc'
2025-04-01 15:27:42.875 [info] ExtensionService#_doActivateExtension vscode.git-base, startup: true, activationEvent: '*', root cause: vscode.git
2025-04-01 15:27:42.884 [info] ExtensionService#_doActivateExtension ms-python.python, startup: true, activationEvent: 'workspaceContains:requirements.txt'
2025-04-01 15:27:43.234 [info] ExtensionService#_doActivateExtension vscode.git, startup: true, activationEvent: '*'
2025-04-01 15:27:43.235 [info] ExtensionService#_doActivateExtension vscode.github, startup: true, activationEvent: '*'
2025-04-01 15:27:43.575 [error] Error: spawn /google/devshell/editor/code-oss-for-cloud-shell/extensions/ms-python.python/python-env-tools/bin/pet ENOENT
	at ChildProcess._handle.onexit (node:internal/child_process:286:19)
	at onErrorNT (node:internal/child_process:484:16)
	at process.processTicksAndRejections (node:internal/process/task_queues:82:21)
2025-04-01 15:27:44.028 [info] ExtensionService#_doActivateExtension redhat.fabric8-analytics, startup: true, activationEvent: 'workspaceContains:**/package.json,**/pom.xml,**/go.mod,**/requirements.txt,**/build.gradle,**/Dockerfile,**/Containerfile'
2025-04-01 15:27:44.740 [info] Eager extensions activated
2025-04-01 15:27:44.740 [info] ExtensionService#_doActivateExtension EditorConfig.EditorConfig, startup: false, activationEvent: 'onStartupFinished'
2025-04-01 15:27:44.741 [info] ExtensionService#_doActivateExtension google.cloud-shell, startup: false, activationEvent: 'onStartupFinished'
2025-04-01 15:27:44.741 [info] ExtensionService#_doActivateExtension google.geminicodeassist, startup: false, activationEvent: 'onStartupFinished', root cause: googlecloudtools.cloudcode
2025-04-01 15:27:44.742 [info] ExtensionService#_doActivateExtension vscode.debug-auto-launch, startup: false, activationEvent: 'onStartupFinished'
2025-04-01 15:27:44.742 [info] ExtensionService#_doActivateExtension vscode.merge-conflict, startup: false, activationEvent: 'onStartupFinished'
2025-04-01 15:27:46.471 [warning] [Decorations] CAPPING events from decorations provider vscode.git 820
2025-04-01 15:27:47.149 [info] ExtensionService#_doActivateExtension vscode.github-authentication, startup: false, activationEvent: 'onAuthenticationRequest:github'
2025-04-01 15:27:47.251 [warning] [Decorations] CAPPING events from decorations provider vscode.git 823
2025-04-01 15:27:49.075 [info] ExtensionService#_doActivateExtension googlecloudtools.cloudcode, startup: false, activationEvent: 'onStartupFinished'
2025-04-01 15:28:14.204 [warning] [Decorations] CAPPING events from decorations provider vscode.git 831
2025-04-01 15:28:19.432 [warning] [Decorations] CAPPING events from decorations provider vscode.git 830
2025-04-01 15:28:24.686 [warning] [Decorations] CAPPING events from decorations provider vscode.git 830
2025-04-01 15:28:29.916 [warning] [Decorations] CAPPING events from decorations provider vscode.git 830
2025-04-01 15:28:35.153 [warning] [Decorations] CAPPING events from decorations provider vscode.git 830
2025-04-01 15:28:40.383 [warning] [Decorations] CAPPING events from decorations provider vscode.git 830
2025-04-01 15:28:45.619 [warning] [Decorations] CAPPING events from decorations provider vscode.git 830
2025-04-01 15:28:51.284 [warning] [Decorations] CAPPING events from decorations provider vscode.git 830
2025-04-01 15:28:56.504 [warning] [Decorations] CAPPING events from decorations provider vscode.git 830
2025-04-01 15:29:01.728 [warning] [Decorations] CAPPING events from decorations provider vscode.git 830
2025-04-01 15:29:06.948 [warning] [Decorations] CAPPING events from decorations provider vscode.git 830
2025-04-01 15:29:12.208 [warning] [Decorations] CAPPING events from decorations provider vscode.git 830
2025-04-01 15:29:17.432 [warning] [Decorations] CAPPING events from decorations provider vscode.git 830
2025-04-01 15:29:22.657 [warning] [Decorations] CAPPING events from decorations provider vscode.git 830
2025-04-01 15:29:27.872 [warning] [Decorations] CAPPING events from decorations provider vscode.git 830
2025-04-01 15:29:33.093 [warning] [Decorations] CAPPING events from decorations provider vscode.git 830
2025-04-01 15:29:38.310 [warning] [Decorations] CAPPING events from decorations provider vscode.git 830
2025-04-01 15:30:13.145 [warning] [Decorations] CAPPING events from decorations provider vscode.git 830
2025-04-01 15:30:18.378 [warning] [Decorations] CAPPING events from decorations provider vscode.git 830
2025-04-01 15:30:24.791 [warning] [Decorations] CAPPING events from decorations provider vscode.git 830
2025-04-01 15:30:30.017 [warning] [Decorations] CAPPING events from decorations provider vscode.git 830
2025-04-01 15:30:35.235 [warning] [Decorations] CAPPING events from decorations provider vscode.git 830
2025-04-01 15:31:01.333 [warning] [Decorations] CAPPING events from decorations provider vscode.git 830
2025-04-01 15:31:06.563 [warning] [Decorations] CAPPING events from decorations provider vscode.git 830
2025-04-01 15:31:13.821 [warning] [Decorations] CAPPING events from decorations provider vscode.git 830
2025-04-01 15:31:21.178 [warning] [Decorations] CAPPING events from decorations provider vscode.git 830
2025-04-01 15:31:26.410 [warning] [Decorations] CAPPING events from decorations provider vscode.git 830
2025-04-01 15:31:31.631 [warning] [Decorations] CAPPING events from decorations provider vscode.git 833
2025-04-01 15:31:50.743 [warning] [Decorations] CAPPING events from decorations provider vscode.git 833
2025-04-01 15:32:20.037 [warning] [Decorations] CAPPING events from decorations provider vscode.git 833
2025-04-01 15:32:39.000 [warning] [Decorations] CAPPING events from decorations provider vscode.git 833
2025-04-01 15:32:44.229 [warning] [Decorations] CAPPING events from decorations provider vscode.git 833
2025-04-01 15:32:49.458 [warning] [Decorations] CAPPING events from decorations provider vscode.git 833
2025-04-01 15:33:14.549 [warning] [Decorations] CAPPING events from decorations provider vscode.git 833
2025-04-01 15:33:19.781 [warning] [Decorations] CAPPING events from decorations provider vscode.git 833
2025-04-01 15:33:25.003 [warning] [Decorations] CAPPING events from decorations provider vscode.git 833
2025-04-01 15:33:30.230 [warning] [Decorations] CAPPING events from decorations provider vscode.git 833
2025-04-01 15:33:36.518 [warning] [Decorations] CAPPING events from decorations provider vscode.git 833
2025-04-01 15:33:41.749 [warning] [Decorations] CAPPING events from decorations provider vscode.git 833
2025-04-01 15:33:46.966 [warning] [Decorations] CAPPING events from decorations provider vscode.git 833
2025-04-01 15:33:52.199 [warning] [Decorations] CAPPING events from decorations provider vscode.git 833
2025-04-01 15:33:57.412 [warning] [Decorations] CAPPING events from decorations provider vscode.git 833
2025-04-01 15:34:02.633 [warning] [Decorations] CAPPING events from decorations provider vscode.git 833
2025-04-01 15:34:07.854 [warning] [Decorations] CAPPING events from decorations provider vscode.git 833
2025-04-01 15:34:13.070 [warning] [Decorations] CAPPING events from decorations provider vscode.git 833
2025-04-01 15:34:18.286 [warning] [Decorations] CAPPING events from decorations provider vscode.git 833
2025-04-01 15:34:23.514 [warning] [Decorations] CAPPING events from decorations provider vscode.git 833
2025-04-01 15:34:28.735 [warning] [Decorations] CAPPING events from decorations provider vscode.git 833
2025-04-01 15:34:33.953 [warning] [Decorations] CAPPING events from decorations provider vscode.git 833
2025-04-01 15:34:39.178 [warning] [Decorations] CAPPING events from decorations provider vscode.git 833
2025-04-01 15:34:47.117 [warning] [Decorations] CAPPING events from decorations provider vscode.git 833
2025-04-01 15:35:00.160 [warning] [Decorations] CAPPING events from decorations provider vscode.git 833
2025-04-01 15:35:25.721 [warning] [Decorations] CAPPING events from decorations provider vscode.git 833
2025-04-01 15:35:30.950 [warning] [Decorations] CAPPING events from decorations provider vscode.git 833
2025-04-01 15:35:37.166 [warning] [Decorations] CAPPING events from decorations provider vscode.git 835
2025-04-01 15:35:42.392 [warning] [Decorations] CAPPING events from decorations provider vscode.git 835
2025-04-01 15:35:47.621 [warning] [Decorations] CAPPING events from decorations provider vscode.git 835
2025-04-01 15:35:52.854 [warning] [Decorations] CAPPING events from decorations provider vscode.git 835
2025-04-01 15:35:58.073 [warning] [Decorations] CAPPING events from decorations provider vscode.git 835
2025-04-01 15:36:03.293 [warning] [Decorations] CAPPING events from decorations provider vscode.git 835
2025-04-01 15:36:08.512 [warning] [Decorations] CAPPING events from decorations provider vscode.git 835
2025-04-01 15:36:13.748 [warning] [Decorations] CAPPING events from decorations provider vscode.git 835
2025-04-01 15:36:18.963 [warning] [Decorations] CAPPING events from decorations provider vscode.git 835
2025-04-01 15:36:24.184 [warning] [Decorations] CAPPING events from decorations provider vscode.git 835
2025-04-01 15:36:29.400 [warning] [Decorations] CAPPING events from decorations provider vscode.git 835
2025-04-01 15:36:34.652 [warning] [Decorations] CAPPING events from decorations provider vscode.git 835
2025-04-01 15:36:39.883 [warning] [Decorations] CAPPING events from decorations provider vscode.git 835
2025-04-01 15:43:59.652 [warning] [Decorations] CAPPING events from decorations provider vscode.git 835
2025-04-01 15:44:04.890 [warning] [Decorations] CAPPING events from decorations provider vscode.git 835
2025-04-01 15:44:19.418 [warning] [Decorations] CAPPING events from decorations provider vscode.git 838
2025-04-01 15:44:39.270 [warning] [Decorations] CAPPING events from decorations provider vscode.git 840
2025-04-01 15:44:43.775 [error] [ms-python.python] provider FAILED
2025-04-01 15:44:43.795 [error] Error: ValueError: `column` parameter (14) is not in a valid range (0-13) for line 15 ('from vertexai\r\n').
    at ae (/google/devshell/editor/code-oss-for-cloud-shell/extensions/ms-python.python/out/client/extension.js:2:2049071)
    at oe (/google/devshell/editor/code-oss-for-cloud-shell/extensions/ms-python.python/out/client/extension.js:2:2047031)
    at Immediate.<anonymous> (/google/devshell/editor/code-oss-for-cloud-shell/extensions/ms-python.python/out/client/extension.js:2:2043325)
    at processImmediate (node:internal/timers:483:21)
2025-04-01 15:44:44.512 [warning] [Decorations] CAPPING events from decorations provider vscode.git 841
2025-04-01 15:44:57.532 [warning] [Decorations] CAPPING events from decorations provider vscode.git 844
2025-04-01 15:45:22.603 [warning] [Decorations] CAPPING events from decorations provider vscode.git 840
2025-04-01 15:45:35.645 [warning] [Decorations] CAPPING events from decorations provider vscode.git 840
2025-04-01 15:45:40.874 [warning] [Decorations] CAPPING events from decorations provider vscode.git 840
2025-04-01 15:45:49.836 [warning] [Decorations] CAPPING events from decorations provider vscode.git 841
2025-04-01 15:45:55.063 [warning] [Decorations] CAPPING events from decorations provider vscode.git 841
2025-04-01 15:46:13.660 [warning] [Decorations] CAPPING events from decorations provider vscode.git 843
2025-04-01 15:46:18.894 [warning] [Decorations] CAPPING events from decorations provider vscode.git 850
2025-04-01 15:46:24.121 [warning] [Decorations] CAPPING events from decorations provider vscode.git 841
2025-04-01 15:46:29.828 [warning] [Decorations] CAPPING events from decorations provider vscode.git 842
2025-04-01 15:46:35.056 [warning] [Decorations] CAPPING events from decorations provider vscode.git 842
2025-04-01 15:47:02.902 [warning] [Decorations] CAPPING events from decorations provider vscode.git 1060
2025-04-01 15:47:08.140 [warning] [Decorations] CAPPING events from decorations provider vscode.git 1060
2025-04-01 15:47:13.391 [warning] [Decorations] CAPPING events from decorations provider vscode.git 1060
2025-04-01 15:47:18.633 [warning] [Decorations] CAPPING events from decorations provider vscode.git 1060
2025-04-01 15:47:23.874 [warning] [Decorations] CAPPING events from decorations provider vscode.git 1061
2025-04-01 15:47:29.108 [warning] [Decorations] CAPPING events from decorations provider vscode.git 1066
2025-04-01 15:47:34.346 [warning] [Decorations] CAPPING events from decorations provider vscode.git 1066
2025-04-01 15:47:39.584 [warning] [Decorations] CAPPING events from decorations provider vscode.git 1066
2025-04-01 15:47:44.844 [warning] [Decorations] CAPPING events from decorations provider vscode.git 1066
2025-04-01 15:47:50.094 [warning] [Decorations] CAPPING events from decorations provider vscode.git 1066
2025-04-01 15:47:55.331 [warning] [Decorations] CAPPING events from decorations provider vscode.git 1066
2025-04-01 15:48:00.581 [warning] [Decorations] CAPPING events from decorations provider vscode.git 1066
2025-04-01 15:48:05.832 [warning] [Decorations] CAPPING events from decorations provider vscode.git 1066
2025-04-01 15:48:11.083 [warning] [Decorations] CAPPING events from decorations provider vscode.git 1068
2025-04-01 15:50:15.786 [warning] [Decorations] CAPPING events from decorations provider vscode.git 1074
2025-04-01 15:50:21.049 [warning] [Decorations] CAPPING events from decorations provider vscode.git 1079
2025-04-01 15:50:34.629 [warning] [Decorations] CAPPING events from decorations provider vscode.git 1145
2025-04-01 15:51:10.669 [warning] [Decorations] CAPPING events from decorations provider vscode.git 1234
2025-04-01 15:51:19.984 [warning] [Decorations] CAPPING events from decorations provider vscode.git 1283
2025-04-01 15:51:31.102 [warning] [Decorations] CAPPING events from decorations provider vscode.git 1275
2025-04-01 15:51:36.351 [warning] [Decorations] CAPPING events from decorations provider vscode.git 1276
2025-04-01 15:51:41.598 [warning] [Decorations] CAPPING events from decorations provider vscode.git 1276
2025-04-01 15:52:04.042 [warning] [Decorations] CAPPING events from decorations provider vscode.git 1276
2025-04-01 15:52:10.525 [warning] [Decorations] CAPPING events from decorations provider vscode.git 1277
2025-04-01 15:52:15.764 [warning] [Decorations] CAPPING events from decorations provider vscode.git 1277
2025-04-01 15:52:21.006 [warning] [Decorations] CAPPING events from decorations provider vscode.git 1277
2025-04-01 15:52:47.386 [warning] [Decorations] CAPPING events from decorations provider vscode.git 1288
2025-04-01 15:52:52.634 [warning] [Decorations] CAPPING events from decorations provider vscode.git 1288
2025-04-01 15:53:25.784 [warning] [Decorations] CAPPING events from decorations provider vscode.git 1289
2025-04-01 15:53:49.579 [warning] [Decorations] CAPPING events from decorations provider vscode.git 1290
2025-04-01 15:53:54.837 [warning] [Decorations] CAPPING events from decorations provider vscode.git 1290
2025-04-01 15:54:33.346 [warning] [Decorations] CAPPING events from decorations provider vscode.git 1292
2025-04-01 15:58:00.209 [warning] [Decorations] CAPPING events from decorations provider vscode.git 1292
2025-04-01 15:58:05.456 [warning] [Decorations] CAPPING events from decorations provider vscode.git 1292
2025-04-01 15:58:10.702 [warning] [Decorations] CAPPING events from decorations provider vscode.git 1292
2025-04-01 15:58:15.944 [warning] [Decorations] CAPPING events from decorations provider vscode.git 1292
2025-04-01 15:58:21.203 [warning] [Decorations] CAPPING events from decorations provider vscode.git 1292
2025-04-01 15:58:26.571 [warning] [Decorations] CAPPING events from decorations provider vscode.git 1293
2025-04-01 15:58:32.612 [warning] [Decorations] CAPPING events from decorations provider vscode.git 1293
2025-04-01 15:58:37.872 [warning] [Decorations] CAPPING events from decorations provider vscode.git 1293
2025-04-01 15:58:47.590 [warning] [Decorations] CAPPING events from decorations provider vscode.git 1308
2025-04-01 15:58:52.826 [warning] [Decorations] CAPPING events from decorations provider vscode.git 1308
2025-04-01 15:58:58.065 [warning] [Decorations] CAPPING events from decorations provider vscode.git 1308
2025-04-01 15:59:03.308 [warning] [Decorations] CAPPING events from decorations provider vscode.git 1308
2025-04-01 15:59:08.711 [warning] [Decorations] CAPPING events from decorations provider vscode.git 1308
2025-04-01 15:59:13.958 [warning] [Decorations] CAPPING events from decorations provider vscode.git 1308
2025-04-01 15:59:19.210 [warning] [Decorations] CAPPING events from decorations provider vscode.git 1308
2025-04-01 15:59:25.820 [warning] [Decorations] CAPPING events from decorations provider vscode.git 1308
2025-04-01 15:59:31.065 [warning] [Decorations] CAPPING events from decorations provider vscode.git 1308
2025-04-01 15:59:36.302 [warning] [Decorations] CAPPING events from decorations provider vscode.git 1308
2025-04-01 15:59:41.539 [warning] [Decorations] CAPPING events from decorations provider vscode.git 1309
2025-04-01 15:59:46.781 [warning] [Decorations] CAPPING events from decorations provider vscode.git 1309
2025-04-01 15:59:59.939 [warning] [Decorations] CAPPING events from decorations provider vscode.git 1310
2025-04-01 16:00:05.193 [warning] [Decorations] CAPPING events from decorations provider vscode.git 1310
2025-04-01 16:00:16.067 [warning] [Decorations] CAPPING events from decorations provider vscode.git 1311
2025-04-01 16:00:21.307 [warning] [Decorations] CAPPING events from decorations provider vscode.git 1311
2025-04-01 16:00:26.547 [warning] [Decorations] CAPPING events from decorations provider vscode.git 1311
2025-04-01 16:00:31.790 [warning] [Decorations] CAPPING events from decorations provider vscode.git 1311
2025-04-01 16:00:37.203 [warning] [Decorations] CAPPING events from decorations provider vscode.git 1311
2025-04-01 16:00:42.454 [warning] [Decorations] CAPPING events from decorations provider vscode.git 1311
2025-04-01 16:00:47.693 [warning] [Decorations] CAPPING events from decorations provider vscode.git 1311
2025-04-01 16:00:52.932 [warning] [Decorations] CAPPING events from decorations provider vscode.git 1311
2025-04-01 16:00:58.173 [warning] [Decorations] CAPPING events from decorations provider vscode.git 1311
2025-04-01 16:01:03.422 [warning] [Decorations] CAPPING events from decorations provider vscode.git 1311
2025-04-01 16:01:08.662 [warning] [Decorations] CAPPING events from decorations provider vscode.git 1311
2025-04-01 16:01:13.899 [warning] [Decorations] CAPPING events from decorations provider vscode.git 1311
2025-04-01 16:01:19.152 [warning] [Decorations] CAPPING events from decorations provider vscode.git 1311
2025-04-01 16:01:30.343 [warning] [Decorations] CAPPING events from decorations provider vscode.git 1312
2025-04-01 16:01:35.582 [warning] [Decorations] CAPPING events from decorations provider vscode.git 1312
2025-04-01 16:01:40.820 [warning] [Decorations] CAPPING events from decorations provider vscode.git 1312
2025-04-01 16:01:46.071 [warning] [Decorations] CAPPING events from decorations provider vscode.git 1312
2025-04-01 16:01:51.321 [warning] [Decorations] CAPPING events from decorations provider vscode.git 1312
2025-04-01 16:02:06.327 [warning] [Decorations] CAPPING events from decorations provider vscode.git 1313
2025-04-01 16:02:11.579 [warning] [Decorations] CAPPING events from decorations provider vscode.git 1313
2025-04-01 16:02:16.838 [warning] [Decorations] CAPPING events from decorations provider vscode.git 1313
2025-04-01 16:02:22.079 [warning] [Decorations] CAPPING events from decorations provider vscode.git 1313
2025-04-01 16:02:27.320 [warning] [Decorations] CAPPING events from decorations provider vscode.git 1313
2025-04-01 16:02:32.563 [warning] [Decorations] CAPPING events from decorations provider vscode.git 1313
2025-04-01 16:08:21.476 [warning] [Decorations] CAPPING events from decorations provider vscode.git 1313
2025-04-01 16:08:26.730 [warning] [Decorations] CAPPING events from decorations provider vscode.git 1313
2025-04-01 16:08:31.979 [warning] [Decorations] CAPPING events from decorations provider vscode.git 1314
2025-04-01 16:08:37.226 [warning] [Decorations] CAPPING events from decorations provider vscode.git 1314
2025-04-01 16:08:43.477 [warning] [Decorations] CAPPING events from decorations provider vscode.git 1314
2025-04-01 16:08:48.757 [warning] [Decorations] CAPPING events from decorations provider vscode.git 1315
2025-04-01 16:15:11.272 [warning] [Decorations] CAPPING events from decorations provider vscode.git 1316
2025-04-01 16:15:16.522 [warning] [Decorations] CAPPING events from decorations provider vscode.git 1317
2025-04-01 16:15:21.762 [warning] [Decorations] CAPPING events from decorations provider vscode.git 1317
2025-04-01 16:15:26.998 [warning] [Decorations] CAPPING events from decorations provider vscode.git 1317
2025-04-01 16:15:32.259 [warning] [Decorations] CAPPING events from decorations provider vscode.git 1317
2025-04-01 16:15:37.566 [warning] [Decorations] CAPPING events from decorations provider vscode.git 1317
2025-04-01 16:15:42.813 [warning] [Decorations] CAPPING events from decorations provider vscode.git 1317
2025-04-01 16:15:48.052 [warning] [Decorations] CAPPING events from decorations provider vscode.git 1317
2025-04-01 16:15:53.293 [warning] [Decorations] CAPPING events from decorations provider vscode.git 1317
2025-04-01 16:15:58.534 [warning] [Decorations] CAPPING events from decorations provider vscode.git 1317
2025-04-01 16:16:03.774 [warning] [Decorations] CAPPING events from decorations provider vscode.git 1317
2025-04-01 16:16:09.011 [warning] [Decorations] CAPPING events from decorations provider vscode.git 1317
2025-04-01 16:16:14.256 [warning] [Decorations] CAPPING events from decorations provider vscode.git 1317
2025-04-01 16:16:19.498 [warning] [Decorations] CAPPING events from decorations provider vscode.git 1317
2025-04-01 16:16:25.354 [warning] [Decorations] CAPPING events from decorations provider vscode.git 1317
2025-04-01 16:16:30.593 [warning] [Decorations] CAPPING events from decorations provider vscode.git 1317
2025-04-01 16:16:35.837 [warning] [Decorations] CAPPING events from decorations provider vscode.git 1317
2025-04-01 16:16:41.080 [warning] [Decorations] CAPPING events from decorations provider vscode.git 1317
2025-04-01 16:16:46.317 [warning] [Decorations] CAPPING events from decorations provider vscode.git 1317
2025-04-01 16:16:51.557 [warning] [Decorations] CAPPING events from decorations provider vscode.git 1317
2025-04-01 16:16:56.800 [warning] [Decorations] CAPPING events from decorations provider vscode.git 1317
2025-04-01 16:17:50.362 [warning] [Decorations] CAPPING events from decorations provider vscode.git 1317
2025-04-01 16:17:55.614 [warning] [Decorations] CAPPING events from decorations provider vscode.git 1317
2025-04-01 16:18:00.860 [warning] [Decorations] CAPPING events from decorations provider vscode.git 1317
2025-04-01 16:18:07.579 [warning] [Decorations] CAPPING events from decorations provider vscode.git 1318
2025-04-01 16:18:12.823 [warning] [Decorations] CAPPING events from decorations provider vscode.git 1318
2025-04-01 16:18:18.070 [warning] [Decorations] CAPPING events from decorations provider vscode.git 1318
2025-04-01 16:18:23.315 [warning] [Decorations] CAPPING events from decorations provider vscode.git 1318
2025-04-01 16:18:28.554 [warning] [Decorations] CAPPING events from decorations provider vscode.git 1318
2025-04-01 16:18:33.796 [warning] [Decorations] CAPPING events from decorations provider vscode.git 1318
2025-04-01 16:18:39.036 [warning] [Decorations] CAPPING events from decorations provider vscode.git 1318
2025-04-01 16:18:44.281 [warning] [Decorations] CAPPING events from decorations provider vscode.git 1318
2025-04-01 16:18:49.529 [warning] [Decorations] CAPPING events from decorations provider vscode.git 1318
2025-04-01 16:18:54.781 [warning] [Decorations] CAPPING events from decorations provider vscode.git 1322
2025-04-01 16:19:00.021 [warning] [Decorations] CAPPING events from decorations provider vscode.git 1322
2025-04-01 16:19:05.268 [warning] [Decorations] CAPPING events from decorations provider vscode.git 1322
2025-04-01 16:19:10.527 [warning] [Decorations] CAPPING events from decorations provider vscode.git 1322
2025-04-01 16:19:15.794 [warning] [Decorations] CAPPING events from decorations provider vscode.git 1322
2025-04-01 16:19:21.040 [warning] [Decorations] CAPPING events from decorations provider vscode.git 1322
2025-04-01 16:19:26.291 [warning] [Decorations] CAPPING events from decorations provider vscode.git 1322
2025-04-01 16:19:34.278 [warning] [Decorations] CAPPING events from decorations provider vscode.git 1323
2025-04-01 16:19:39.530 [warning] [Decorations] CAPPING events from decorations provider vscode.git 1323
2025-04-01 16:19:48.514 [warning] [Decorations] CAPPING events from decorations provider vscode.git 1323
2025-04-01 16:19:53.754 [warning] [Decorations] CAPPING events from decorations provider vscode.git 1323
2025-04-01 16:19:58.993 [warning] [Decorations] CAPPING events from decorations provider vscode.git 1323
2025-04-01 16:20:04.240 [warning] [Decorations] CAPPING events from decorations provider vscode.git 1323
2025-04-01 16:20:09.482 [warning] [Decorations] CAPPING events from decorations provider vscode.git 1323
2025-04-01 16:20:22.704 [warning] [Decorations] CAPPING events from decorations provider vscode.git 1344
2025-04-01 16:20:27.945 [warning] [Decorations] CAPPING events from decorations provider vscode.git 1344
2025-04-01 16:20:33.187 [warning] [Decorations] CAPPING events from decorations provider vscode.git 1344
2025-04-01 16:20:38.426 [warning] [Decorations] CAPPING events from decorations provider vscode.git 1344
2025-04-01 16:20:48.823 [warning] [Decorations] CAPPING events from decorations provider vscode.git 1345
2025-04-01 16:20:54.084 [warning] [Decorations] CAPPING events from decorations provider vscode.git 1345
2025-04-01 16:20:59.331 [warning] [Decorations] CAPPING events from decorations provider vscode.git 1345
2025-04-01 16:21:04.602 [warning] [Decorations] CAPPING events from decorations provider vscode.git 1346
2025-04-01 16:21:09.852 [warning] [Decorations] CAPPING events from decorations provider vscode.git 1361
2025-04-01 16:21:15.092 [warning] [Decorations] CAPPING events from decorations provider vscode.git 1361
2025-04-01 16:21:24.066 [warning] [Decorations] CAPPING events from decorations provider vscode.git 1362
2025-04-01 16:21:29.314 [warning] [Decorations] CAPPING events from decorations provider vscode.git 1365
2025-04-01 16:21:36.009 [warning] [Decorations] CAPPING events from decorations provider vscode.git 1369
2025-04-01 16:21:42.017 [warning] [Decorations] CAPPING events from decorations provider vscode.git 1369
2025-04-01 16:21:58.274 [warning] [Decorations] CAPPING events from decorations provider vscode.git 1370
2025-04-01 16:22:03.517 [warning] [Decorations] CAPPING events from decorations provider vscode.git 1371
2025-04-01 16:22:08.770 [warning] [Decorations] CAPPING events from decorations provider vscode.git 1371
2025-04-01 16:22:14.011 [warning] [Decorations] CAPPING events from decorations provider vscode.git 1371
2025-04-01 16:22:19.250 [warning] [Decorations] CAPPING events from decorations provider vscode.git 1371
2025-04-01 16:22:20.762 [info] ExtensionService#_doActivateExtension vscode.simple-browser, startup: false, activationEvent: 'onOpenExternalUri:https'
2025-04-01 16:23:06.759 [warning] [Decorations] CAPPING events from decorations provider vscode.git 1373
2025-04-01 16:23:12.007 [warning] [Decorations] CAPPING events from decorations provider vscode.git 1373
2025-04-01 16:23:17.255 [warning] [Decorations] CAPPING events from decorations provider vscode.git 1373
2025-04-01 16:23:22.497 [warning] [Decorations] CAPPING events from decorations provider vscode.git 1373
2025-04-01 16:23:27.738 [warning] [Decorations] CAPPING events from decorations provider vscode.git 1373
2025-04-01 16:23:32.978 [warning] [Decorations] CAPPING events from decorations provider vscode.git 1373
2025-04-01 16:23:38.228 [warning] [Decorations] CAPPING events from decorations provider vscode.git 1373
2025-04-01 16:23:43.466 [warning] [Decorations] CAPPING events from decorations provider vscode.git 1373
2025-04-01 16:23:48.705 [warning] [Decorations] CAPPING events from decorations provider vscode.git 1373
2025-04-01 16:23:53.949 [warning] [Decorations] CAPPING events from decorations provider vscode.git 1373
2025-04-01 16:23:59.202 [warning] [Decorations] CAPPING events from decorations provider vscode.git 1373
2025-04-01 16:24:04.449 [warning] [Decorations] CAPPING events from decorations provider vscode.git 1373
2025-04-01 16:24:12.437 [warning] [Decorations] CAPPING events from decorations provider vscode.git 1374
2025-04-01 16:24:17.675 [warning] [Decorations] CAPPING events from decorations provider vscode.git 1374
2025-04-01 16:24:22.916 [warning] [Decorations] CAPPING events from decorations provider vscode.git 1374
2025-04-01 16:24:28.156 [warning] [Decorations] CAPPING events from decorations provider vscode.git 1374
2025-04-01 16:24:33.423 [warning] [Decorations] CAPPING events from decorations provider vscode.git 1374
2025-04-01 16:24:38.661 [warning] [Decorations] CAPPING events from decorations provider vscode.git 1374
2025-04-01 16:24:43.900 [warning] [Decorations] CAPPING events from decorations provider vscode.git 1374
2025-04-01 16:24:49.140 [warning] [Decorations] CAPPING events from decorations provider vscode.git 1374
2025-04-01 16:24:54.383 [warning] [Decorations] CAPPING events from decorations provider vscode.git 1374
2025-04-01 16:25:00.407 [warning] [Decorations] CAPPING events from decorations provider vscode.git 1374
2025-04-01 16:25:05.651 [warning] [Decorations] CAPPING events from decorations provider vscode.git 1374
2025-04-01 16:25:10.896 [warning] [Decorations] CAPPING events from decorations provider vscode.git 1374
2025-04-01 16:25:23.536 [warning] [Decorations] CAPPING events from decorations provider vscode.git 1375
2025-04-01 16:25:28.786 [warning] [Decorations] CAPPING events from decorations provider vscode.git 1375
2025-04-01 16:25:34.030 [warning] [Decorations] CAPPING events from decorations provider vscode.git 1375
2025-04-01 16:25:39.273 [warning] [Decorations] CAPPING events from decorations provider vscode.git 1375
2025-04-01 16:25:44.538 [warning] [Decorations] CAPPING events from decorations provider vscode.git 1375
2025-04-01 16:26:03.546 [warning] [Decorations] CAPPING events from decorations provider vscode.git 1377
2025-04-01 16:26:27.778 [warning] [Decorations] CAPPING events from decorations provider vscode.git 1379
2025-04-01 16:26:33.029 [warning] [Decorations] CAPPING events from decorations provider vscode.git 1379
2025-04-01 16:26:38.278 [warning] [Decorations] CAPPING events from decorations provider vscode.git 1379
2025-04-01 16:26:43.522 [warning] [Decorations] CAPPING events from decorations provider vscode.git 1379
2025-04-01 16:26:48.769 [warning] [Decorations] CAPPING events from decorations provider vscode.git 1379
2025-04-01 16:26:54.017 [warning] [Decorations] CAPPING events from decorations provider vscode.git 1379
2025-04-01 16:27:00.781 [warning] [Decorations] CAPPING events from decorations provider vscode.git 1380
2025-04-01 16:27:06.020 [warning] [Decorations] CAPPING events from decorations provider vscode.git 1380
2025-04-01 16:27:27.603 [warning] [Decorations] CAPPING events from decorations provider vscode.git 1380
2025-04-01 16:27:32.866 [warning] [Decorations] CAPPING events from decorations provider vscode.git 1381
2025-04-01 16:27:55.930 [warning] [Decorations] CAPPING events from decorations provider vscode.git 1381
2025-04-01 16:28:12.202 [warning] [Decorations] CAPPING events from decorations provider vscode.git 1382
2025-04-01 16:28:17.460 [warning] [Decorations] CAPPING events from decorations provider vscode.git 1384
2025-04-01 16:28:50.792 [warning] [Decorations] CAPPING events from decorations provider vscode.git 1393
2025-04-01 16:29:07.405 [warning] [Decorations] CAPPING events from decorations provider vscode.git 1391
2025-04-01 16:29:12.658 [warning] [Decorations] CAPPING events from decorations provider vscode.git 1391
2025-04-01 16:29:39.635 [warning] [Decorations] CAPPING events from decorations provider vscode.git 1427
2025-04-01 16:30:05.568 [warning] [Decorations] CAPPING events from decorations provider vscode.git 1454
2025-04-01 16:30:10.822 [warning] [Decorations] CAPPING events from decorations provider vscode.git 1456
2025-04-01 16:30:16.070 [warning] [Decorations] CAPPING events from decorations provider vscode.git 1457
2025-04-01 16:30:21.321 [warning] [Decorations] CAPPING events from decorations provider vscode.git 1457
2025-04-01 16:30:26.572 [warning] [Decorations] CAPPING events from decorations provider vscode.git 1457
2025-04-01 16:31:03.143 [warning] [Decorations] CAPPING events from decorations provider vscode.git 1459
2025-04-01 16:31:08.400 [warning] [Decorations] CAPPING events from decorations provider vscode.git 1459
2025-04-01 16:31:13.644 [warning] [Decorations] CAPPING events from decorations provider vscode.git 1459
2025-04-01 16:31:18.901 [warning] [Decorations] CAPPING events from decorations provider vscode.git 1459
2025-04-01 16:31:24.151 [warning] [Decorations] CAPPING events from decorations provider vscode.git 1478
2025-04-01 16:31:34.598 [warning] [Decorations] CAPPING events from decorations provider vscode.git 1478
2025-04-01 16:31:39.860 [warning] [Decorations] CAPPING events from decorations provider vscode.git 1478
2025-04-01 16:32:04.627 [warning] [Decorations] CAPPING events from decorations provider vscode.git 1479
2025-04-01 16:32:34.615 [warning] [Decorations] CAPPING events from decorations provider vscode.git 1479
2025-04-01 16:32:39.993 [warning] [Decorations] CAPPING events from decorations provider vscode.git 1479
2025-04-01 16:32:45.238 [warning] [Decorations] CAPPING events from decorations provider vscode.git 1479
2025-04-01 16:32:50.504 [warning] [Decorations] CAPPING events from decorations provider vscode.git 1479
2025-04-01 16:33:14.302 [warning] [Decorations] CAPPING events from decorations provider vscode.git 1481
2025-04-01 16:33:19.552 [warning] [Decorations] CAPPING events from decorations provider vscode.git 1481
2025-04-01 16:33:24.801 [warning] [Decorations] CAPPING events from decorations provider vscode.git 1481
2025-04-01 16:33:31.696 [warning] [Decorations] CAPPING events from decorations provider vscode.git 1482
2025-04-01 16:33:36.946 [warning] [Decorations] CAPPING events from decorations provider vscode.git 1482
2025-04-01 16:33:44.828 [warning] [Decorations] CAPPING events from decorations provider vscode.git 1483
2025-04-01 16:33:50.831 [warning] [Decorations] CAPPING events from decorations provider vscode.git 1483
2025-04-01 16:33:56.076 [warning] [Decorations] CAPPING events from decorations provider vscode.git 1483
2025-04-01 16:34:13.975 [warning] [Decorations] CAPPING events from decorations provider vscode.git 1484
2025-04-01 16:34:34.002 [warning] [Decorations] CAPPING events from decorations provider vscode.git 1485
2025-04-01 16:34:39.266 [warning] [Decorations] CAPPING events from decorations provider vscode.git 1485
2025-04-01 16:34:39.746 [info] ExtensionService#_doActivateExtension vscode.media-preview, startup: false, activationEvent: 'onCustomEditor:vscode.audioPreview'
2025-04-01 16:34:44.529 [warning] [Decorations] CAPPING events from decorations provider vscode.git 1485
2025-04-01 16:34:49.778 [warning] [Decorations] CAPPING events from decorations provider vscode.git 1485
2025-04-01 16:34:55.020 [warning] [Decorations] CAPPING events from decorations provider vscode.git 1485
2025-04-01 16:35:00.270 [warning] [Decorations] CAPPING events from decorations provider vscode.git 1485
2025-04-01 16:35:05.519 [warning] [Decorations] CAPPING events from decorations provider vscode.git 1485
2025-04-01 16:35:10.766 [warning] [Decorations] CAPPING events from decorations provider vscode.git 1485
2025-04-01 16:35:16.012 [warning] [Decorations] CAPPING events from decorations provider vscode.git 1478
2025-04-01 16:35:25.545 [warning] [Decorations] CAPPING events from decorations provider vscode.git 1476
2025-04-01 16:35:30.791 [warning] [Decorations] CAPPING events from decorations provider vscode.git 1476
2025-04-01 16:35:36.039 [warning] [Decorations] CAPPING events from decorations provider vscode.git 1476
2025-04-01 16:35:40.913 [info] ExtensionService#_doActivateExtension vscode.html-language-features, startup: false, activationEvent: 'onLanguage:html'
2025-04-01 16:35:41.289 [warning] [Decorations] CAPPING events from decorations provider vscode.git 1476
2025-04-01 16:35:49.478 [warning] [Decorations] CAPPING events from decorations provider vscode.git 1477
2025-04-01 16:35:54.745 [warning] [Decorations] CAPPING events from decorations provider vscode.git 1477
2025-04-01 16:35:59.989 [warning] [Decorations] CAPPING events from decorations provider vscode.git 1477
2025-04-01 16:36:05.246 [warning] [Decorations] CAPPING events from decorations provider vscode.git 1477
2025-04-01 16:36:18.126 [warning] [Decorations] CAPPING events from decorations provider vscode.git 1479
2025-04-01 16:36:25.134 [warning] [Decorations] CAPPING events from decorations provider vscode.git 1479
2025-04-01 16:36:58.152 [warning] [Decorations] CAPPING events from decorations provider vscode.git 1481
2025-04-01 16:37:03.415 [warning] [Decorations] CAPPING events from decorations provider vscode.git 1481
2025-04-01 16:37:08.656 [warning] [Decorations] CAPPING events from decorations provider vscode.git 1481
2025-04-01 16:37:13.904 [warning] [Decorations] CAPPING events from decorations provider vscode.git 1481
2025-04-01 16:37:19.162 [warning] [Decorations] CAPPING events from decorations provider vscode.git 1481
2025-04-01 16:37:25.226 [warning] [Decorations] CAPPING events from decorations provider vscode.git 1482
2025-04-01 16:37:30.468 [warning] [Decorations] CAPPING events from decorations provider vscode.git 1482
2025-04-01 16:37:35.720 [warning] [Decorations] CAPPING events from decorations provider vscode.git 1482
2025-04-01 16:37:45.175 [warning] [Decorations] CAPPING events from decorations provider vscode.git 1483
2025-04-01 16:37:50.432 [warning] [Decorations] CAPPING events from decorations provider vscode.git 1483
2025-04-01 16:37:56.309 [warning] [Decorations] CAPPING events from decorations provider vscode.git 1483
2025-04-01 16:39:09.840 [warning] [Decorations] CAPPING events from decorations provider vscode.git 1483
2025-04-01 16:39:15.087 [warning] [Decorations] CAPPING events from decorations provider vscode.git 1483
2025-04-01 16:40:01.227 [warning] [Decorations] CAPPING events from decorations provider vscode.git 1486
2025-04-01 16:40:08.788 [warning] [Decorations] CAPPING events from decorations provider vscode.git 1486
2025-04-01 16:40:14.037 [warning] [Decorations] CAPPING events from decorations provider vscode.git 1486
2025-04-01 16:41:52.274 [warning] [Decorations] CAPPING events from decorations provider vscode.git 1486
2025-04-01 16:41:57.529 [warning] [Decorations] CAPPING events from decorations provider vscode.git 1487
2025-04-01 16:42:12.290 [warning] [Decorations] CAPPING events from decorations provider vscode.git 1487
2025-04-01 16:42:17.544 [warning] [Decorations] CAPPING events from decorations provider vscode.git 1487
2025-04-01 16:42:22.794 [warning] [Decorations] CAPPING events from decorations provider vscode.git 1487
2025-04-01 16:42:28.506 [warning] [Decorations] CAPPING events from decorations provider vscode.git 1488
2025-04-01 16:42:45.386 [warning] [Decorations] CAPPING events from decorations provider vscode.git 1488
2025-04-01 16:42:50.638 [warning] [Decorations] CAPPING events from decorations provider vscode.git 1488
2025-04-01 16:42:55.890 [warning] [Decorations] CAPPING events from decorations provider vscode.git 1488
2025-04-01 16:43:01.153 [warning] [Decorations] CAPPING events from decorations provider vscode.git 1489
2025-04-01 16:43:06.409 [warning] [Decorations] CAPPING events from decorations provider vscode.git 1489
2025-04-01 16:43:11.658 [warning] [Decorations] CAPPING events from decorations provider vscode.git 1489
2025-04-01 16:43:16.905 [warning] [Decorations] CAPPING events from decorations provider vscode.git 1490
2025-04-01 16:43:27.902 [warning] [Decorations] CAPPING events from decorations provider vscode.git 1490
2025-04-01 16:43:33.150 [warning] [Decorations] CAPPING events from decorations provider vscode.git 1490
2025-04-01 16:43:56.934 [warning] [Decorations] CAPPING events from decorations provider vscode.git 1491
2025-04-01 16:44:02.215 [warning] [Decorations] CAPPING events from decorations provider vscode.git 1492
2025-04-01 16:44:14.701 [warning] [Decorations] CAPPING events from decorations provider vscode.git 1492
2025-04-01 16:44:29.116 [warning] [Decorations] CAPPING events from decorations provider vscode.git 1492
2025-04-01 16:44:34.363 [warning] [Decorations] CAPPING events from decorations provider vscode.git 1492
2025-04-01 16:44:42.681 [warning] [Decorations] CAPPING events from decorations provider vscode.git 1493
2025-04-01 16:45:21.906 [warning] [Decorations] CAPPING events from decorations provider vscode.git 1494
2025-04-01 16:45:39.267 [warning] [Decorations] CAPPING events from decorations provider vscode.git 1494
2025-04-01 16:45:51.429 [warning] [Decorations] CAPPING events from decorations provider vscode.git 1494
2025-04-01 16:45:56.684 [warning] [Decorations] CAPPING events from decorations provider vscode.git 1494
2025-04-01 16:46:27.648 [warning] [Decorations] CAPPING events from decorations provider vscode.git 1495
2025-04-01 16:46:32.895 [warning] [Decorations] CAPPING events from decorations provider vscode.git 1495
2025-04-01 16:46:38.180 [warning] [Decorations] CAPPING events from decorations provider vscode.git 1495
2025-04-01 16:46:43.432 [warning] [Decorations] CAPPING events from decorations provider vscode.git 1495
2025-04-01 16:46:48.863 [warning] [Decorations] CAPPING events from decorations provider vscode.git 1496
2025-04-01 16:47:03.664 [warning] [Decorations] CAPPING events from decorations provider vscode.git 1496
2025-04-01 16:47:08.908 [warning] [Decorations] CAPPING events from decorations provider vscode.git 1496
2025-04-01 16:47:14.156 [warning] [Decorations] CAPPING events from decorations provider vscode.git 1496
2025-04-01 16:47:19.406 [warning] [Decorations] CAPPING events from decorations provider vscode.git 1496
2025-04-01 16:47:24.683 [warning] [Decorations] CAPPING events from decorations provider vscode.git 1496
2025-04-01 16:47:45.395 [warning] [Decorations] CAPPING events from decorations provider vscode.git 1497
2025-04-01 16:47:50.646 [warning] [Decorations] CAPPING events from decorations provider vscode.git 1497
2025-04-01 16:48:00.951 [warning] [Decorations] CAPPING events from decorations provider vscode.git 1498
2025-04-01 16:48:06.898 [warning] [Decorations] CAPPING events from decorations provider vscode.git 1498
2025-04-01 16:48:43.814 [warning] [Decorations] CAPPING events from decorations provider vscode.git 1499
2025-04-01 16:48:49.056 [warning] [Decorations] CAPPING events from decorations provider vscode.git 1499
2025-04-01 16:48:54.315 [warning] [Decorations] CAPPING events from decorations provider vscode.git 1499
2025-04-01 16:49:02.943 [warning] [Decorations] CAPPING events from decorations provider vscode.git 1500
2025-04-01 16:49:33.788 [warning] [Decorations] CAPPING events from decorations provider vscode.git 1500
2025-04-01 16:49:39.043 [warning] [Decorations] CAPPING events from decorations provider vscode.git 1500
2025-04-01 16:49:44.290 [warning] [Decorations] CAPPING events from decorations provider vscode.git 1500
2025-04-01 16:50:26.447 [warning] [Decorations] CAPPING events from decorations provider vscode.git 1500
2025-04-01 16:50:39.638 [warning] [Decorations] CAPPING events from decorations provider vscode.git 1500
2025-04-01 16:50:44.904 [warning] [Decorations] CAPPING events from decorations provider vscode.git 1501
2025-04-01 16:50:50.154 [warning] [Decorations] CAPPING events from decorations provider vscode.git 1501
2025-04-01 16:51:12.562 [warning] [Decorations] CAPPING events from decorations provider vscode.git 1501
2025-04-01 16:51:34.300 [warning] [Decorations] CAPPING events from decorations provider vscode.git 1501
2025-04-01 16:51:39.544 [warning] [Decorations] CAPPING events from decorations provider vscode.git 1501
2025-04-01 16:51:49.985 [warning] [Decorations] CAPPING events from decorations provider vscode.git 1502
2025-04-01 16:51:55.232 [warning] [Decorations] CAPPING events from decorations provider vscode.git 1502
2025-04-01 16:52:34.049 [warning] [Decorations] CAPPING events from decorations provider vscode.git 1503
2025-04-01 16:52:39.306 [warning] [Decorations] CAPPING events from decorations provider vscode.git 1503
2025-04-01 16:52:45.269 [warning] [Decorations] CAPPING events from decorations provider vscode.git 1504
2025-04-01 16:53:24.316 [warning] [Decorations] CAPPING events from decorations provider vscode.git 1504
2025-04-01 16:53:29.564 [warning] [Decorations] CAPPING events from decorations provider vscode.git 1504
2025-04-01 16:53:34.811 [warning] [Decorations] CAPPING events from decorations provider vscode.git 1504
2025-04-01 16:53:40.062 [warning] [Decorations] CAPPING events from decorations provider vscode.git 1504
2025-04-01 16:53:45.313 [warning] [Decorations] CAPPING events from decorations provider vscode.git 1505
2025-04-01 16:53:50.563 [warning] [Decorations] CAPPING events from decorations provider vscode.git 1505
2025-04-01 16:53:56.537 [warning] [Decorations] CAPPING events from decorations provider vscode.git 1505
2025-04-01 16:54:01.791 [warning] [Decorations] CAPPING events from decorations provider vscode.git 1505
2025-04-01 16:54:12.719 [warning] [Decorations] CAPPING events from decorations provider vscode.git 1506
2025-04-01 16:54:17.997 [warning] [Decorations] CAPPING events from decorations provider vscode.git 1507
2025-04-01 16:54:23.257 [warning] [Decorations] CAPPING events from decorations provider vscode.git 1507
2025-04-01 16:54:28.740 [warning] [Decorations] CAPPING events from decorations provider vscode.git 1507
2025-04-01 16:54:34.008 [warning] [Decorations] CAPPING events from decorations provider vscode.git 1508
2025-04-01 16:54:44.617 [warning] [Decorations] CAPPING events from decorations provider vscode.git 1508
2025-04-01 16:54:49.860 [warning] [Decorations] CAPPING events from decorations provider vscode.git 1508
2025-04-01 16:54:55.111 [warning] [Decorations] CAPPING events from decorations provider vscode.git 1508
2025-04-01 16:55:40.978 [warning] [Decorations] CAPPING events from decorations provider vscode.git 1509
2025-04-01 16:55:46.234 [warning] [Decorations] CAPPING events from decorations provider vscode.git 1509
2025-04-01 16:55:51.478 [warning] [Decorations] CAPPING events from decorations provider vscode.git 1509
2025-04-01 16:56:08.874 [warning] [Decorations] CAPPING events from decorations provider vscode.git 1509
2025-04-01 16:56:14.128 [warning] [Decorations] CAPPING events from decorations provider vscode.git 1509
2025-04-01 16:56:19.378 [warning] [Decorations] CAPPING events from decorations provider vscode.git 1509
2025-04-01 16:56:24.655 [warning] [Decorations] CAPPING events from decorations provider vscode.git 1509
2025-04-01 16:56:29.904 [warning] [Decorations] CAPPING events from decorations provider vscode.git 1509
2025-04-01 16:56:35.146 [warning] [Decorations] CAPPING events from decorations provider vscode.git 1509
2025-04-01 16:57:04.446 [warning] [Decorations] CAPPING events from decorations provider vscode.git 1510
2025-04-01 16:57:09.701 [warning] [Decorations] CAPPING events from decorations provider vscode.git 1510
2025-04-01 16:57:24.511 [warning] [Decorations] CAPPING events from decorations provider vscode.git 1511
2025-04-01 16:57:29.781 [warning] [Decorations] CAPPING events from decorations provider vscode.git 1511
2025-04-01 16:57:35.036 [warning] [Decorations] CAPPING events from decorations provider vscode.git 1511
2025-04-01 16:57:40.316 [warning] [Decorations] CAPPING events from decorations provider vscode.git 1512
2025-04-01 16:57:53.641 [warning] [Decorations] CAPPING events from decorations provider vscode.git 1512
2025-04-01 16:57:58.887 [warning] [Decorations] CAPPING events from decorations provider vscode.git 1512
2025-04-01 16:58:04.135 [warning] [Decorations] CAPPING events from decorations provider vscode.git 1512
2025-04-01 16:58:13.250 [warning] [Decorations] CAPPING events from decorations provider vscode.git 1513
2025-04-01 16:58:18.508 [warning] [Decorations] CAPPING events from decorations provider vscode.git 1513
2025-04-01 16:58:30.979 [warning] [Decorations] CAPPING events from decorations provider vscode.git 1514
2025-04-01 16:58:36.237 [warning] [Decorations] CAPPING events from decorations provider vscode.git 1514
2025-04-01 16:58:41.487 [warning] [Decorations] CAPPING events from decorations provider vscode.git 1514
2025-04-01 16:58:50.392 [warning] [Decorations] CAPPING events from decorations provider vscode.git 1515
2025-04-01 16:59:42.307 [warning] [Decorations] CAPPING events from decorations provider vscode.git 1515
2025-04-01 16:59:47.568 [warning] [Decorations] CAPPING events from decorations provider vscode.git 1515
2025-04-01 17:00:01.501 [warning] [Decorations] CAPPING events from decorations provider vscode.git 1516
2025-04-01 17:00:07.531 [warning] [Decorations] CAPPING events from decorations provider vscode.git 1516
2025-04-01 17:00:20.877 [warning] [Decorations] CAPPING events from decorations provider vscode.git 1516
2025-04-01 17:00:26.121 [warning] [Decorations] CAPPING events from decorations provider vscode.git 1516
2025-04-01 17:00:31.365 [warning] [Decorations] CAPPING events from decorations provider vscode.git 1516
2025-04-01 17:00:36.606 [warning] [Decorations] CAPPING events from decorations provider vscode.git 1517
2025-04-01 17:00:43.346 [warning] [Decorations] CAPPING events from decorations provider vscode.git 1517
2025-04-01 17:00:48.591 [warning] [Decorations] CAPPING events from decorations provider vscode.git 1517
2025-04-01 17:00:53.838 [warning] [Decorations] CAPPING events from decorations provider vscode.git 1517
2025-04-01 17:00:59.084 [warning] [Decorations] CAPPING events from decorations provider vscode.git 1517
2025-04-01 17:01:04.343 [warning] [Decorations] CAPPING events from decorations provider vscode.git 1517
2025-04-01 17:01:14.294 [warning] [Decorations] CAPPING events from decorations provider vscode.git 1518
2025-04-01 17:01:19.545 [warning] [Decorations] CAPPING events from decorations provider vscode.git 1518
2025-04-01 17:01:24.799 [warning] [Decorations] CAPPING events from decorations provider vscode.git 1519
2025-04-01 17:01:37.494 [warning] [Decorations] CAPPING events from decorations provider vscode.git 1519
2025-04-01 17:01:42.740 [warning] [Decorations] CAPPING events from decorations provider vscode.git 1519
2025-04-01 17:01:50.042 [warning] [Decorations] CAPPING events from decorations provider vscode.git 1520
2025-04-01 17:02:09.755 [warning] [Decorations] CAPPING events from decorations provider vscode.git 1521
2025-04-01 17:02:15.380 [warning] [Decorations] CAPPING events from decorations provider vscode.git 1521
2025-04-01 17:02:20.632 [warning] [Decorations] CAPPING events from decorations provider vscode.git 1521
2025-04-01 17:02:25.880 [warning] [Decorations] CAPPING events from decorations provider vscode.git 1521
2025-04-01 17:02:40.827 [warning] [Decorations] CAPPING events from decorations provider vscode.git 1522
2025-04-01 17:02:46.072 [warning] [Decorations] CAPPING events from decorations provider vscode.git 1522
2025-04-01 17:03:06.542 [warning] [Decorations] CAPPING events from decorations provider vscode.git 1522
2025-04-01 17:03:11.794 [warning] [Decorations] CAPPING events from decorations provider vscode.git 1522
2025-04-01 17:03:17.044 [warning] [Decorations] CAPPING events from decorations provider vscode.git 1522
2025-04-01 17:03:46.175 [warning] [Decorations] CAPPING events from decorations provider vscode.git 1522
2025-04-01 17:03:51.428 [warning] [Decorations] CAPPING events from decorations provider vscode.git 1523
2025-04-01 17:03:56.679 [warning] [Decorations] CAPPING events from decorations provider vscode.git 1523
2025-04-01 17:04:02.107 [warning] [Decorations] CAPPING events from decorations provider vscode.git 1523
2025-04-01 17:04:14.169 [warning] [Decorations] CAPPING events from decorations provider vscode.git 1524
2025-04-01 17:04:19.431 [warning] [Decorations] CAPPING events from decorations provider vscode.git 1524
2025-04-01 17:04:24.718 [warning] [Decorations] CAPPING events from decorations provider vscode.git 1524
2025-04-01 17:05:03.259 [warning] [Decorations] CAPPING events from decorations provider vscode.git 1525
2025-04-01 17:05:08.509 [warning] [Decorations] CAPPING events from decorations provider vscode.git 1525
2025-04-01 17:05:29.997 [warning] [Decorations] CAPPING events from decorations provider vscode.git 1526
2025-04-01 17:05:35.452 [warning] [Decorations] CAPPING events from decorations provider vscode.git 1526
2025-04-01 17:05:47.836 [warning] [Decorations] CAPPING events from decorations provider vscode.git 1527
2025-04-01 17:05:53.091 [warning] [Decorations] CAPPING events from decorations provider vscode.git 1527
2025-04-01 17:06:36.937 [warning] [Decorations] CAPPING events from decorations provider vscode.git 1528
2025-04-01 17:06:42.191 [warning] [Decorations] CAPPING events from decorations provider vscode.git 1528
2025-04-01 17:07:39.235 [warning] [Decorations] CAPPING events from decorations provider vscode.git 1528
2025-04-01 17:07:44.489 [warning] [Decorations] CAPPING events from decorations provider vscode.git 1528
2025-04-01 17:07:49.734 [warning] [Decorations] CAPPING events from decorations provider vscode.git 1528
2025-04-01 17:07:54.978 [warning] [Decorations] CAPPING events from decorations provider vscode.git 1528
2025-04-01 17:08:00.228 [warning] [Decorations] CAPPING events from decorations provider vscode.git 1528
2025-04-01 17:08:37.037 [warning] [Decorations] CAPPING events from decorations provider vscode.git 1528
2025-04-01 17:08:50.994 [warning] [Decorations] CAPPING events from decorations provider vscode.git 1528
2025-04-01 17:08:56.257 [warning] [Decorations] CAPPING events from decorations provider vscode.git 1528
2025-04-01 17:09:01.514 [warning] [Decorations] CAPPING events from decorations provider vscode.git 1529
2025-04-01 17:09:07.460 [warning] [Decorations] CAPPING events from decorations provider vscode.git 1529
2025-04-01 17:09:12.843 [warning] [Decorations] CAPPING events from decorations provider vscode.git 1529
2025-04-01 17:09:18.086 [warning] [Decorations] CAPPING events from decorations provider vscode.git 1530
2025-04-01 17:09:23.328 [warning] [Decorations] CAPPING events from decorations provider vscode.git 1529
2025-04-01 17:09:28.570 [warning] [Decorations] CAPPING events from decorations provider vscode.git 1529
2025-04-01 17:09:33.816 [warning] [Decorations] CAPPING events from decorations provider vscode.git 1529
2025-04-01 17:09:41.086 [warning] [Decorations] CAPPING events from decorations provider vscode.git 1530
2025-04-01 17:09:49.500 [warning] [Decorations] CAPPING events from decorations provider vscode.git 1530
2025-04-01 17:09:54.769 [warning] [Decorations] CAPPING events from decorations provider vscode.git 1530
2025-04-01 17:10:09.990 [warning] [Decorations] CAPPING events from decorations provider vscode.git 1531
2025-04-01 17:10:15.246 [warning] [Decorations] CAPPING events from decorations provider vscode.git 1531
2025-04-01 17:10:35.663 [warning] [Decorations] CAPPING events from decorations provider vscode.git 1532
2025-04-01 17:10:40.925 [warning] [Decorations] CAPPING events from decorations provider vscode.git 1531
2025-04-01 17:10:46.174 [warning] [Decorations] CAPPING events from decorations provider vscode.git 1531
2025-04-01 17:10:51.425 [warning] [Decorations] CAPPING events from decorations provider vscode.git 1532
2025-04-01 17:10:56.667 [warning] [Decorations] CAPPING events from decorations provider vscode.git 1531
2025-04-01 17:11:11.509 [warning] [Decorations] CAPPING events from decorations provider vscode.git 1532
2025-04-01 17:11:16.753 [warning] [Decorations] CAPPING events from decorations provider vscode.git 1531
2025-04-01 17:11:21.994 [warning] [Decorations] CAPPING events from decorations provider vscode.git 1531
2025-04-01 17:11:30.056 [warning] [Decorations] CAPPING events from decorations provider vscode.git 1532
2025-04-01 17:11:39.366 [warning] [Decorations] CAPPING events from decorations provider vscode.git 1531
2025-04-01 17:12:22.073 [warning] [Decorations] CAPPING events from decorations provider vscode.git 1531
2025-04-01 17:12:34.744 [warning] [Decorations] CAPPING events from decorations provider vscode.git 1531
2025-04-01 17:12:40.005 [warning] [Decorations] CAPPING events from decorations provider vscode.git 1531
2025-04-01 17:13:22.563 [warning] [Decorations] CAPPING events from decorations provider vscode.git 1531
2025-04-01 17:13:27.823 [warning] [Decorations] CAPPING events from decorations provider vscode.git 1531
2025-04-01 17:13:33.072 [warning] [Decorations] CAPPING events from decorations provider vscode.git 1531
2025-04-01 17:13:38.322 [warning] [Decorations] CAPPING events from decorations provider vscode.git 1532
2025-04-01 17:13:48.176 [warning] [Decorations] CAPPING events from decorations provider vscode.git 1532
2025-04-01 17:13:53.440 [warning] [Decorations] CAPPING events from decorations provider vscode.git 1531
2025-04-01 17:13:58.687 [warning] [Decorations] CAPPING events from decorations provider vscode.git 1531
2025-04-01 17:14:04.133 [warning] [Decorations] CAPPING events from decorations provider vscode.git 1532
2025-04-01 17:14:10.966 [warning] [Decorations] CAPPING events from decorations provider vscode.git 1531
2025-04-01 17:14:16.217 [warning] [Decorations] CAPPING events from decorations provider vscode.git 1531
2025-04-01 17:14:51.353 [warning] [Decorations] CAPPING events from decorations provider vscode.git 1534
2025-04-01 17:14:56.605 [warning] [Decorations] CAPPING events from decorations provider vscode.git 1533
2025-04-01 17:15:01.852 [warning] [Decorations] CAPPING events from decorations provider vscode.git 1533
2025-04-01 17:15:07.109 [warning] [Decorations] CAPPING events from decorations provider vscode.git 1533
2025-04-01 17:15:13.048 [warning] [Decorations] CAPPING events from decorations provider vscode.git 1533
2025-04-01 17:15:18.303 [warning] [Decorations] CAPPING events from decorations provider vscode.git 1529
