Initializing document watcher...
Document watcher initialized
apoorvtripathi537/main.py: {}
apoorvtripathi537/requirements.txt: {}
apoorvtripathi537/main.py: {}
apoorvtripathi537/main.py: {}
apoorvtripathi537/main.py: {}
apoorvtripathi537/main.py: {}
apoorvtripathi537/main.py: {}
apoorvtripathi537/Procfile: {}
apoorvtripathi537/main.py: {}
apoorvtripathi537/README-cloudshell.txt: {}
apoorvtripathi537/main.py: {}
apoorvtripathi537/requirements.txt: {}
apoorvtripathi537/main.py: {}
apoorvtripathi537/main.py: {}
apoorvtripathi537/requirements.txt: {}
apoorvtripathi537/main.py: {}
apoorvtripathi537/main.py: {}
apoorvtripathi537/main.py: {}
apoorvtripathi537/main.py: {}
apoorvtripathi537/main.py: {}
apoorvtripathi537/main.py: {}
apoorvtripathi537/main.py: {}
apoorvtripathi537/main.py: {}
apoorvtripathi537/main.py: {}
apoorvtripathi537/main.py: {}
apoorvtripathi537/main.py: {}
apoorvtripathi537/main.py: {}
