2025-04-01 00:41:09.236 [info] Extension host with pid 5236 started
2025-04-01 00:41:09.236 [error] Error: EEXIST: file already exists, open '/home/apoorvtripathi537/.codeoss/data/User/workspaceStorage/-554792f2/vscode.lock'
2025-04-01 00:41:09.241 [info] Lock '/home/apoorvtripathi537/.codeoss/data/User/workspaceStorage/-554792f2/vscode.lock': Could not acquire lock, checking if the file is stale.
2025-04-01 00:41:09.245 [info] Lock '/home/apoorvtripathi537/.codeoss/data/User/workspaceStorage/-554792f2/vscode.lock': The lock does not look stale, elapsed: 676 ms, giving up.
2025-04-01 00:41:09.246 [error] Error: EEXIST: file already exists, open '/home/apoorvtripathi537/.codeoss/data/User/workspaceStorage/-554792f2-1/vscode.lock'
2025-04-01 00:41:09.246 [info] Lock '/home/apoorvtripathi537/.codeoss/data/User/workspaceStorage/-554792f2-1/vscode.lock': Could not acquire lock, checking if the file is stale.
2025-04-01 00:41:09.252 [info] Lock '/home/apoorvtripathi537/.codeoss/data/User/workspaceStorage/-554792f2-1/vscode.lock': The lock does not look stale, elapsed: 380 ms, giving up.
2025-04-01 00:41:09.259 [info] Lock '/home/apoorvtripathi537/.codeoss/data/User/workspaceStorage/-554792f2-2/vscode.lock': Lock acquired.
2025-04-01 00:41:09.298 [info] ExtensionService#_doActivateExtension vscode.emmet, startup: false, activationEvent: 'onLanguage'
2025-04-01 00:41:09.300 [info] ExtensionService#_doActivateExtension ms-python.python, startup: false, activationEvent: 'onLanguage:python'
2025-04-01 00:41:09.863 [error] Error: spawn /google/devshell/editor/code-oss-for-cloud-shell/extensions/ms-python.python/python-env-tools/bin/pet ENOENT
	at ChildProcess._handle.onexit (node:internal/child_process:286:19)
	at onErrorNT (node:internal/child_process:484:16)
	at process.processTicksAndRejections (node:internal/process/task_queues:82:21)
2025-04-01 00:41:09.956 [info] ExtensionService#_doActivateExtension vscode.git-base, startup: true, activationEvent: '*', root cause: vscode.git
2025-04-01 00:41:10.024 [info] ExtensionService#_doActivateExtension vscode.git, startup: true, activationEvent: '*'
2025-04-01 00:41:10.024 [info] ExtensionService#_doActivateExtension vscode.github, startup: true, activationEvent: '*'
2025-04-01 00:41:10.336 [info] ExtensionService#_doActivateExtension redhat.fabric8-analytics, startup: true, activationEvent: 'workspaceContains:**/package.json,**/pom.xml,**/go.mod,**/requirements.txt,**/build.gradle,**/Dockerfile,**/Containerfile'
2025-04-01 00:41:10.630 [info] Eager extensions activated
2025-04-01 00:41:10.631 [info] ExtensionService#_doActivateExtension EditorConfig.EditorConfig, startup: false, activationEvent: 'onStartupFinished'
2025-04-01 00:41:10.631 [info] ExtensionService#_doActivateExtension google.cloud-shell, startup: false, activationEvent: 'onStartupFinished'
2025-04-01 00:41:10.635 [info] ExtensionService#_doActivateExtension google.geminicodeassist, startup: false, activationEvent: 'onStartupFinished', root cause: googlecloudtools.cloudcode
2025-04-01 00:41:10.635 [info] ExtensionService#_doActivateExtension vscode.debug-auto-launch, startup: false, activationEvent: 'onStartupFinished'
2025-04-01 00:41:10.636 [info] ExtensionService#_doActivateExtension vscode.merge-conflict, startup: false, activationEvent: 'onStartupFinished'
2025-04-01 00:41:12.960 [info] ExtensionService#_doActivateExtension vscode.configuration-editing, startup: false, activationEvent: 'onLanguage:jsonc'
2025-04-01 00:41:12.961 [info] ExtensionService#_doActivateExtension vscode.json-language-features, startup: false, activationEvent: 'onLanguage:jsonc'
2025-04-01 00:41:12.961 [info] ExtensionService#_doActivateExtension vscode.typescript-language-features, startup: false, activationEvent: 'onLanguage:jsonc'
2025-04-01 00:41:13.190 [error] unauthorized. cloudshell.authorize {"value":"google.cloud-shell","_lower":"google.cloud-shell"}
2025-04-01 00:41:13.234 [info] ExtensionService#_doActivateExtension googlecloudtools.cloudcode, startup: false, activationEvent: 'onStartupFinished'
2025-04-01 00:41:15.374 [info] ExtensionService#_doActivateExtension vscode.github-authentication, startup: false, activationEvent: 'onAuthenticationRequest:github'
2025-04-01 00:43:11.277 [info] ExtensionService#_doActivateExtension vscode.html-language-features, startup: false, activationEvent: 'onLanguage:html'
2025-04-01 00:45:15.008 [info] ExtensionService#_doActivateExtension vscode.media-preview, startup: false, activationEvent: 'onCustomEditor:vscode.audioPreview'
2025-04-01 00:47:22.686 [warning] [Decorations] CAPPING events from decorations provider vscode.git 1067
2025-04-01 00:47:27.766 [warning] [Decorations] CAPPING events from decorations provider vscode.git 1067
2025-04-01 00:47:32.832 [warning] [Decorations] CAPPING events from decorations provider vscode.git 1067
2025-04-01 00:47:37.893 [warning] [Decorations] CAPPING events from decorations provider vscode.git 1067
2025-04-01 00:47:42.976 [warning] [Decorations] CAPPING events from decorations provider vscode.git 1067
2025-04-01 00:47:49.702 [warning] [Decorations] CAPPING events from decorations provider vscode.git 1020
2025-04-01 00:47:54.794 [warning] [Decorations] CAPPING events from decorations provider vscode.git 998
2025-04-01 00:47:59.887 [warning] [Decorations] CAPPING events from decorations provider vscode.git 998
2025-04-01 00:48:04.979 [warning] [Decorations] CAPPING events from decorations provider vscode.git 998
2025-04-01 00:48:10.077 [warning] [Decorations] CAPPING events from decorations provider vscode.git 998
2025-04-01 00:48:45.149 [warning] [Decorations] CAPPING events from decorations provider vscode.git 998
2025-04-01 00:48:50.249 [warning] [Decorations] CAPPING events from decorations provider vscode.git 998
2025-04-01 00:48:55.340 [warning] [Decorations] CAPPING events from decorations provider vscode.git 998
2025-04-01 00:49:00.435 [warning] [Decorations] CAPPING events from decorations provider vscode.git 998
2025-04-01 00:49:05.531 [warning] [Decorations] CAPPING events from decorations provider vscode.git 998
2025-04-01 00:51:39.653 [warning] [Decorations] CAPPING events from decorations provider vscode.git 998
2025-04-01 00:51:44.753 [warning] [Decorations] CAPPING events from decorations provider vscode.git 998
2025-04-01 00:51:49.917 [warning] [Decorations] CAPPING events from decorations provider vscode.git 1000
2025-04-01 00:51:55.013 [warning] [Decorations] CAPPING events from decorations provider vscode.git 983
2025-04-01 00:52:00.119 [warning] [Decorations] CAPPING events from decorations provider vscode.git 983
2025-04-01 00:52:05.209 [warning] [Decorations] CAPPING events from decorations provider vscode.git 984
2025-04-01 00:52:15.017 [warning] [Decorations] CAPPING events from decorations provider vscode.git 986
2025-04-01 00:52:22.030 [warning] [Decorations] CAPPING events from decorations provider vscode.git 985
2025-04-01 00:52:42.441 [warning] [Decorations] CAPPING events from decorations provider vscode.git 975
2025-04-01 00:52:47.561 [warning] [Decorations] CAPPING events from decorations provider vscode.git 975
2025-04-01 00:52:52.673 [warning] [Decorations] CAPPING events from decorations provider vscode.git 976
2025-04-01 00:53:38.413 [warning] [Decorations] CAPPING events from decorations provider vscode.git 976
2025-04-01 00:53:43.547 [warning] [Decorations] CAPPING events from decorations provider vscode.git 976
2025-04-01 00:53:48.657 [warning] [Decorations] CAPPING events from decorations provider vscode.git 979
2025-04-01 00:54:19.452 [warning] [Decorations] CAPPING events from decorations provider vscode.git 969
2025-04-01 00:54:24.570 [warning] [Decorations] CAPPING events from decorations provider vscode.git 969
2025-04-01 00:54:29.684 [warning] [Decorations] CAPPING events from decorations provider vscode.git 969
2025-04-01 00:54:34.792 [warning] [Decorations] CAPPING events from decorations provider vscode.git 969
2025-04-01 00:54:39.899 [warning] [Decorations] CAPPING events from decorations provider vscode.git 969
2025-04-01 00:54:49.632 [warning] [Decorations] CAPPING events from decorations provider vscode.git 969
2025-04-01 00:54:54.744 [warning] [Decorations] CAPPING events from decorations provider vscode.git 969
2025-04-01 00:54:59.855 [warning] [Decorations] CAPPING events from decorations provider vscode.git 969
2025-04-01 00:55:04.958 [warning] [Decorations] CAPPING events from decorations provider vscode.git 969
2025-04-01 00:55:10.077 [warning] [Decorations] CAPPING events from decorations provider vscode.git 969
2025-04-01 00:55:22.602 [warning] [Decorations] CAPPING events from decorations provider vscode.git 965
2025-04-01 00:55:27.720 [warning] [Decorations] CAPPING events from decorations provider vscode.git 965
2025-04-01 00:55:32.836 [warning] [Decorations] CAPPING events from decorations provider vscode.git 949
2025-04-01 00:55:37.956 [warning] [Decorations] CAPPING events from decorations provider vscode.git 949
2025-04-01 00:55:43.491 [warning] [Decorations] CAPPING events from decorations provider vscode.git 949
2025-04-01 00:55:52.986 [warning] [Decorations] CAPPING events from decorations provider vscode.git 949
2025-04-01 00:55:58.105 [warning] [Decorations] CAPPING events from decorations provider vscode.git 950
2025-04-01 00:56:03.219 [warning] [Decorations] CAPPING events from decorations provider vscode.git 950
2025-04-01 00:56:08.360 [warning] [Decorations] CAPPING events from decorations provider vscode.git 954
2025-04-01 00:57:10.839 [warning] [Decorations] CAPPING events from decorations provider vscode.git 952
2025-04-01 00:57:29.441 [warning] [Decorations] CAPPING events from decorations provider vscode.git 952
2025-04-01 00:57:34.571 [warning] [Decorations] CAPPING events from decorations provider vscode.git 953
2025-04-01 00:57:39.695 [warning] [Decorations] CAPPING events from decorations provider vscode.git 953
2025-04-01 00:57:44.824 [warning] [Decorations] CAPPING events from decorations provider vscode.git 953
2025-04-01 00:57:49.947 [warning] [Decorations] CAPPING events from decorations provider vscode.git 954
2025-04-01 00:57:55.066 [warning] [Decorations] CAPPING events from decorations provider vscode.git 954
2025-04-01 00:58:00.370 [warning] [Decorations] CAPPING events from decorations provider vscode.git 954
2025-04-01 00:58:05.497 [warning] [Decorations] CAPPING events from decorations provider vscode.git 954
2025-04-01 00:58:10.615 [warning] [Decorations] CAPPING events from decorations provider vscode.git 954
2025-04-01 00:58:15.733 [warning] [Decorations] CAPPING events from decorations provider vscode.git 954
2025-04-01 00:58:20.852 [warning] [Decorations] CAPPING events from decorations provider vscode.git 954
2025-04-01 00:58:25.974 [warning] [Decorations] CAPPING events from decorations provider vscode.git 954
2025-04-01 00:58:33.727 [warning] [Decorations] CAPPING events from decorations provider vscode.git 954
2025-04-01 00:58:38.846 [warning] [Decorations] CAPPING events from decorations provider vscode.git 954
2025-04-01 01:04:18.669 [info] Extension host terminating: renderer disconnected for too long (2)
2025-04-01 01:04:18.669 [info] Lock '/home/apoorvtripathi537/.codeoss/data/User/workspaceStorage/-554792f2-2/vscode.lock': Marking the lockfile as scheduled to be released in 6000 ms.
2025-04-01 01:04:18.718 [error] Canceled: Canceled
    at new eA (file:///google/devshell/editor/code-oss-for-cloud-shell/out/vs/workbench/api/node/extensionHostProcess.js:31:116752)
    at Zb.U (file:///google/devshell/editor/code-oss-for-cloud-shell/out/vs/workbench/api/node/extensionHostProcess.js:31:121364)
    at Proxy.s.<computed>.n.charCodeAt.s.<computed> (file:///google/devshell/editor/code-oss-for-cloud-shell/out/vs/workbench/api/node/extensionHostProcess.js:31:118858)
    at T0.g (file:///google/devshell/editor/code-oss-for-cloud-shell/out/vs/workbench/api/node/extensionHostProcess.js:114:32325)
    at T0.executeCommand (file:///google/devshell/editor/code-oss-for-cloud-shell/out/vs/workbench/api/node/extensionHostProcess.js:114:31826)
    at r.registerCommand.description (file:///google/devshell/editor/code-oss-for-cloud-shell/out/vs/workbench/api/node/extensionHostProcess.js:114:31156)
    at T0.h (file:///google/devshell/editor/code-oss-for-cloud-shell/out/vs/workbench/api/node/extensionHostProcess.js:114:32845)
    at T0.g (file:///google/devshell/editor/code-oss-for-cloud-shell/out/vs/workbench/api/node/extensionHostProcess.js:114:31919)
    at T0.executeCommand (file:///google/devshell/editor/code-oss-for-cloud-shell/out/vs/workbench/api/node/extensionHostProcess.js:114:31826)
    at Object.executeCommand (file:///google/devshell/editor/code-oss-for-cloud-shell/out/vs/workbench/api/node/extensionHostProcess.js:156:37049)
    at gh.O [as value] (/google/devshell/editor/code-oss-for-cloud-shell/extensions/git/dist/main.js:2:173696)
    at T.B (file:///google/devshell/editor/code-oss-for-cloud-shell/out/vs/workbench/api/node/extensionHostProcess.js:29:732)
    at T.C (file:///google/devshell/editor/code-oss-for-cloud-shell/out/vs/workbench/api/node/extensionHostProcess.js:29:802)
    at T.fire (file:///google/devshell/editor/code-oss-for-cloud-shell/out/vs/workbench/api/node/extensionHostProcess.js:29:1019)
    at Object.p [as dispose] (/google/devshell/editor/code-oss-for-cloud-shell/extensions/git/dist/main.js:2:194274)
    at /google/devshell/editor/code-oss-for-cloud-shell/extensions/git/dist/main.js:2:200396
    at Array.forEach (<anonymous>)
    at f.dispose (/google/devshell/editor/code-oss-for-cloud-shell/extensions/git/dist/main.js:2:200382)
    at D1.<anonymous> (file:///google/devshell/editor/code-oss-for-cloud-shell/out/vs/workbench/api/node/extensionHostProcess.js:108:19996)
    at D1.dispose (file:///google/devshell/editor/code-oss-for-cloud-shell/out/vs/workbench/api/node/extensionHostProcess.js:108:20092)
    at D1.<anonymous> (/google/devshell/editor/code-oss-for-cloud-shell/extensions/git/dist/main.js:2:175994)
    at D1.dispose (file:///google/devshell/editor/code-oss-for-cloud-shell/out/vs/workbench/api/node/extensionHostProcess.js:108:20092)
    at Si (file:///google/devshell/editor/code-oss-for-cloud-shell/out/vs/workbench/api/node/extensionHostProcess.js:24:701)
    at file:///google/devshell/editor/code-oss-for-cloud-shell/out/vs/workbench/api/node/extensionHostProcess.js:118:14995
    at file:///google/devshell/editor/code-oss-for-cloud-shell/out/vs/workbench/api/node/extensionHostProcess.js:24:1011
    at Object.dispose (file:///google/devshell/editor/code-oss-for-cloud-shell/out/vs/workbench/api/node/extensionHostProcess.js:7:2146)
    at dB.eb (file:///google/devshell/editor/code-oss-for-cloud-shell/out/vs/workbench/api/node/extensionHostProcess.js:118:11922)
    at file:///google/devshell/editor/code-oss-for-cloud-shell/out/vs/workbench/api/node/extensionHostProcess.js:118:9877
    at Array.map (<anonymous>)
    at dB.$ (file:///google/devshell/editor/code-oss-for-cloud-shell/out/vs/workbench/api/node/extensionHostProcess.js:118:9865)
    at dB.terminate (file:///google/devshell/editor/code-oss-for-cloud-shell/out/vs/workbench/api/node/extensionHostProcess.js:118:10108)
    at M3.terminate (file:///google/devshell/editor/code-oss-for-cloud-shell/out/vs/workbench/api/node/extensionHostProcess.js:119:1424)
    at ps (file:///google/devshell/editor/code-oss-for-cloud-shell/out/vs/workbench/api/node/extensionHostProcess.js:174:15058)
    at H4.a (file:///google/devshell/editor/code-oss-for-cloud-shell/out/vs/workbench/api/node/extensionHostProcess.js:174:11968)
    at H4.h (file:///google/devshell/editor/code-oss-for-cloud-shell/out/vs/workbench/api/node/extensionHostProcess.js:30:75706)
    at listOnTimeout (node:internal/timers:581:17)
    at processTimers (node:internal/timers:519:7) setContext undefined
2025-04-01 01:04:18.725 [error] Canceled: Canceled
    at new eA (file:///google/devshell/editor/code-oss-for-cloud-shell/out/vs/workbench/api/node/extensionHostProcess.js:31:116752)
    at Zb.U (file:///google/devshell/editor/code-oss-for-cloud-shell/out/vs/workbench/api/node/extensionHostProcess.js:31:121364)
    at Proxy.s.<computed>.n.charCodeAt.s.<computed> (file:///google/devshell/editor/code-oss-for-cloud-shell/out/vs/workbench/api/node/extensionHostProcess.js:31:118858)
    at T0.g (file:///google/devshell/editor/code-oss-for-cloud-shell/out/vs/workbench/api/node/extensionHostProcess.js:114:32325)
    at T0.executeCommand (file:///google/devshell/editor/code-oss-for-cloud-shell/out/vs/workbench/api/node/extensionHostProcess.js:114:31826)
    at r.registerCommand.description (file:///google/devshell/editor/code-oss-for-cloud-shell/out/vs/workbench/api/node/extensionHostProcess.js:114:31156)
    at T0.h (file:///google/devshell/editor/code-oss-for-cloud-shell/out/vs/workbench/api/node/extensionHostProcess.js:114:32845)
    at T0.g (file:///google/devshell/editor/code-oss-for-cloud-shell/out/vs/workbench/api/node/extensionHostProcess.js:114:31919)
    at T0.executeCommand (file:///google/devshell/editor/code-oss-for-cloud-shell/out/vs/workbench/api/node/extensionHostProcess.js:114:31826)
    at Object.executeCommand (file:///google/devshell/editor/code-oss-for-cloud-shell/out/vs/workbench/api/node/extensionHostProcess.js:156:37049)
    at a.VscodeDevShareProvider.set hasGitHubRepositories [as hasGitHubRepositories] (/google/devshell/editor/code-oss-for-cloud-shell/extensions/github/dist/extension.js:2:25682)
    at /google/devshell/editor/code-oss-for-cloud-shell/extensions/github/dist/extension.js:2:26641
    at gh.value (/google/devshell/editor/code-oss-for-cloud-shell/extensions/git/dist/main.js:2:282537)
    at T.B (file:///google/devshell/editor/code-oss-for-cloud-shell/out/vs/workbench/api/node/extensionHostProcess.js:29:732)
    at T.C (file:///google/devshell/editor/code-oss-for-cloud-shell/out/vs/workbench/api/node/extensionHostProcess.js:29:802)
    at T.fire (file:///google/devshell/editor/code-oss-for-cloud-shell/out/vs/workbench/api/node/extensionHostProcess.js:29:1019)
    at Object.p [as dispose] (/google/devshell/editor/code-oss-for-cloud-shell/extensions/git/dist/main.js:2:194274)
    at /google/devshell/editor/code-oss-for-cloud-shell/extensions/git/dist/main.js:2:200396
    at Array.forEach (<anonymous>)
    at f.dispose (/google/devshell/editor/code-oss-for-cloud-shell/extensions/git/dist/main.js:2:200382)
    at D1.<anonymous> (file:///google/devshell/editor/code-oss-for-cloud-shell/out/vs/workbench/api/node/extensionHostProcess.js:108:19996)
    at D1.dispose (file:///google/devshell/editor/code-oss-for-cloud-shell/out/vs/workbench/api/node/extensionHostProcess.js:108:20092)
    at D1.<anonymous> (/google/devshell/editor/code-oss-for-cloud-shell/extensions/git/dist/main.js:2:175994)
    at D1.dispose (file:///google/devshell/editor/code-oss-for-cloud-shell/out/vs/workbench/api/node/extensionHostProcess.js:108:20092)
    at Si (file:///google/devshell/editor/code-oss-for-cloud-shell/out/vs/workbench/api/node/extensionHostProcess.js:24:701)
    at file:///google/devshell/editor/code-oss-for-cloud-shell/out/vs/workbench/api/node/extensionHostProcess.js:118:14995
    at file:///google/devshell/editor/code-oss-for-cloud-shell/out/vs/workbench/api/node/extensionHostProcess.js:24:1011
    at Object.dispose (file:///google/devshell/editor/code-oss-for-cloud-shell/out/vs/workbench/api/node/extensionHostProcess.js:7:2146)
    at dB.eb (file:///google/devshell/editor/code-oss-for-cloud-shell/out/vs/workbench/api/node/extensionHostProcess.js:118:11922)
    at file:///google/devshell/editor/code-oss-for-cloud-shell/out/vs/workbench/api/node/extensionHostProcess.js:118:9877
    at Array.map (<anonymous>)
    at dB.$ (file:///google/devshell/editor/code-oss-for-cloud-shell/out/vs/workbench/api/node/extensionHostProcess.js:118:9865)
    at dB.terminate (file:///google/devshell/editor/code-oss-for-cloud-shell/out/vs/workbench/api/node/extensionHostProcess.js:118:10108)
    at M3.terminate (file:///google/devshell/editor/code-oss-for-cloud-shell/out/vs/workbench/api/node/extensionHostProcess.js:119:1424)
    at ps (file:///google/devshell/editor/code-oss-for-cloud-shell/out/vs/workbench/api/node/extensionHostProcess.js:174:15058)
    at H4.a (file:///google/devshell/editor/code-oss-for-cloud-shell/out/vs/workbench/api/node/extensionHostProcess.js:174:11968)
    at H4.h (file:///google/devshell/editor/code-oss-for-cloud-shell/out/vs/workbench/api/node/extensionHostProcess.js:30:75706)
    at listOnTimeout (node:internal/timers:581:17)
    at processTimers (node:internal/timers:519:7) setContext undefined
2025-04-01 01:04:18.742 [info] Extension host with pid 5236 exiting with code 0
