Initializing document watcher...
Document watcher initialized
apoorvtripathi537/main.py: {}
apoorvtripathi537/main.py: {}
apoorvtripathi537/main.py: {}
apoorvtripathi537/templates/index.html: {}
apoorvtripathi537/templates/index.html: {}
apoorvtripathi537/templates/index.html: Using EditorConfig core...
apoorvtripathi537/templates/index.html: Using EditorConfig core...
apoorvtripathi537/templates/index.html: Using EditorConfig core...
apoorvtripathi537/templates/index.html: {}
apoorvtripathi537/templates/index.html: Using EditorConfig core...
apoorvtripathi537/templates/index.html: Using EditorConfig core...
apoorvtripathi537/templates/index.html: Using EditorConfig core...
apoorvtripathi537/templates/index.html: Using EditorConfig core...
apoorvtripathi537/templates/index.html: Using EditorConfig core...
apoorvtripathi537/templates/index.html: Using EditorConfig core...
apoorvtripathi537/templates/index.html: {}
apoorvtripathi537/main.py: {}
apoorvtripathi537/main.py: {}
apoorvtripathi537/templates/index.html: {}
apoorvtripathi537/templates/index.html: Using EditorConfig core...
apoorvtripathi537/templates/index.html: Using EditorConfig core...
apoorvtripathi537/templates/index.html: {}
apoorvtripathi537/uploads/20250401-124034AM.wav.txt: {}
apoorvtripathi537/templates/index.html: {}
apoorvtripathi537/templates/index.html: Using EditorConfig core...
apoorvtripathi537/templates/index.html: {}
apoorvtripathi537/main.py: {}
apoorvtripathi537/main.py: {}
apoorvtripathi537/main.py: {}
apoorvtripathi537/main.py: {}
apoorvtripathi537/main.py: {}
apoorvtripathi537/main.py: {}
apoorvtripathi537/main.py: Using EditorConfig core...
apoorvtripathi537/main.py: Using EditorConfig core...
apoorvtripathi537/main.py: Using EditorConfig core...
apoorvtripathi537/main.py: Using EditorConfig core...
apoorvtripathi537/main.py: Using EditorConfig core...
apoorvtripathi537/main.py: Using EditorConfig core...
apoorvtripathi537/main.py: Using EditorConfig core...
apoorvtripathi537/main.py: Using EditorConfig core...
apoorvtripathi537/main.py: {}
apoorvtripathi537/main.py: Using EditorConfig core...
apoorvtripathi537/main.py: {}
apoorvtripathi537/main.py: Using EditorConfig core...
apoorvtripathi537/main.py: {}
apoorvtripathi537/main.py: {}
apoorvtripathi537/main.py: {}
apoorvtripathi537/main.py: {}
apoorvtripathi537/main.py: {}
apoorvtripathi537/main.py: {}
apoorvtripathi537/main.py: {}
apoorvtripathi537/main.py: Using EditorConfig core...
apoorvtripathi537/main.py: Using EditorConfig core...
apoorvtripathi537/main.py: {}
apoorvtripathi537/main.py: {}
apoorvtripathi537/main.py: {}
apoorvtripathi537/main.py: Using EditorConfig core...
apoorvtripathi537/main.py: Using EditorConfig core...
apoorvtripathi537/main.py: Using EditorConfig core...
apoorvtripathi537/main.py: Using EditorConfig core...
apoorvtripathi537/main.py: Using EditorConfig core...
apoorvtripathi537/main.py: Using EditorConfig core...
apoorvtripathi537/main.py: Using EditorConfig core...
apoorvtripathi537/main.py: {}
