2025-04-02 03:04:25.468 [info] [main] Log level: Info
2025-04-02 03:04:25.468 [info] [main] Validating found git in: "git"
2025-04-02 03:04:25.468 [info] [main] Using git "2.43.0" from "git"
2025-04-02 03:04:25.468 [info] [Model][doInitialScan] Initial repository scan started
2025-04-02 03:04:25.468 [info] > git rev-parse --show-toplevel [47ms]
2025-04-02 03:04:25.468 [info] > git rev-parse --git-dir --git-common-dir [1ms]
2025-04-02 03:04:25.468 [info] [Model][openRepository] Opened repository: /home/apoorvtripathi537
2025-04-02 03:04:25.468 [info] > git config --get commit.template [4ms]
2025-04-02 03:04:25.468 [info] > git rev-parse --show-toplevel [2ms]
2025-04-02 03:04:25.468 [info] > git rev-parse --show-toplevel [2ms]
2025-04-02 03:04:25.468 [info] > git rev-parse --show-toplevel [2ms]
2025-04-02 03:04:25.468 [info] > git rev-parse --show-toplevel [15ms]
2025-04-02 03:04:25.468 [info] > git rev-parse --show-toplevel [2ms]
2025-04-02 03:04:25.468 [info] > git rev-parse --show-toplevel [12ms]
2025-04-02 03:04:25.468 [info] > git for-each-ref --format=%(refname)%00%(upstream:short)%00%(objectname)%00%(upstream:track)%00%(upstream:remotename)%00%(upstream:remoteref) refs/heads/master refs/remotes/master [71ms]
2025-04-02 03:04:25.468 [info] > git rev-parse --show-toplevel [3ms]
2025-04-02 03:04:25.468 [info] > git rev-parse --show-toplevel [20ms]
2025-04-02 03:04:25.468 [info] > git rev-parse --show-toplevel [12ms]
2025-04-02 03:04:25.468 [info] > git for-each-ref --sort -committerdate --format %(refname) %(objectname) %(*objectname) [3ms]
2025-04-02 03:04:25.468 [info] > git rev-parse --show-toplevel [2ms]
2025-04-02 03:04:25.470 [info] > git rev-parse --show-toplevel [2ms]
2025-04-02 03:04:25.475 [info] > git rev-parse --show-toplevel [2ms]
2025-04-02 03:04:25.480 [info] > git rev-parse --show-toplevel [2ms]
2025-04-02 03:04:25.488 [info] > git rev-parse --show-toplevel [1ms]
2025-04-02 03:04:25.488 [info] [Model][doInitialScan] Initial repository scan completed - repositories (1), closed repositories (0), parent repositories (0), unsafe repositories (0)
2025-04-02 03:04:25.582 [info] > git status -z -uall [130ms]
2025-04-02 03:04:25.619 [info] > git for-each-ref --format=%(refname)%00%(upstream:short)%00%(objectname)%00%(upstream:track)%00%(upstream:remotename)%00%(upstream:remoteref) refs/heads/master refs/remotes/master [14ms]
2025-04-02 03:04:25.625 [info] > git config --get commit.template [6ms]
2025-04-02 03:04:25.626 [info] > git config --local branch.master.vscode-merge-base [2ms]
2025-04-02 03:04:25.626 [warning] [Git][config] git config failed: Failed to execute git
2025-04-02 03:04:25.634 [info] > git for-each-ref --format=%(refname)%00%(upstream:short)%00%(objectname)%00%(upstream:track)%00%(upstream:remotename)%00%(upstream:remoteref) refs/heads/master refs/remotes/master [2ms]
2025-04-02 03:04:25.650 [info] > git for-each-ref --sort -committerdate --format %(refname) %(objectname) %(*objectname) [8ms]
2025-04-02 03:04:25.769 [info] > git status -z -uall [131ms]
2025-04-02 03:04:25.784 [info] > git for-each-ref --format=%(refname)%00%(upstream:short)%00%(objectname)%00%(upstream:track)%00%(upstream:remotename)%00%(upstream:remoteref) refs/heads/master refs/remotes/master [3ms]
2025-04-02 03:04:25.791 [info] > git config --local branch.master.vscode-merge-base [3ms]
2025-04-02 03:04:25.791 [warning] [Git][config] git config failed: Failed to execute git
2025-04-02 03:04:25.843 [info] > git reflog master --grep-reflog=branch: Created from *. [49ms]
2025-04-02 03:04:25.847 [info] > git reflog master --grep-reflog=branch: Created from *. [217ms]
2025-04-02 03:04:25.851 [info] > git symbolic-ref --short refs/remotes/origin/HEAD [4ms]
2025-04-02 03:04:25.851 [info] fatal: ref refs/remotes/origin/HEAD is not a symbolic ref
2025-04-02 03:04:25.851 [warning] [Repository][getDefaultBranch] Failed to get default branch details: Failed to execute git.
2025-04-02 03:04:27.516 [info] > git symbolic-ref --short refs/remotes/origin/HEAD [1667ms]
2025-04-02 03:04:27.516 [info] fatal: ref refs/remotes/origin/HEAD is not a symbolic ref
2025-04-02 03:04:27.516 [warning] [Repository][getDefaultBranch] Failed to get default branch details: Failed to execute git.
2025-04-02 03:04:27.740 [info] > git check-ignore -v -z --stdin [160ms]
2025-04-02 03:04:27.744 [info] > git merge-base refs/heads/master refs/remotes/origin/master [221ms]
2025-04-02 03:04:27.755 [info] > git merge-base refs/heads/master refs/remotes/origin/master [1900ms]
2025-04-02 03:04:28.015 [info] > git diff --name-status -z --diff-filter=ADMR ae54d5703c5e6277a64919db1dea687af7ee5769...refs/remotes/origin/master [260ms]
2025-04-02 03:04:28.065 [info] > git diff --name-status -z --diff-filter=ADMR ae54d5703c5e6277a64919db1dea687af7ee5769...refs/remotes/origin/master [298ms]
2025-04-02 03:04:28.982 [info] > git show --textconv :main.py [420ms]
2025-04-02 03:04:28.984 [info] > git ls-files --stage -- /home/apoorvtripathi537/main.py [403ms]
2025-04-02 03:04:29.000 [info] > git cat-file -s 58e769657a82a059d793108421575e698102cf55 [9ms]
2025-04-02 03:04:31.823 [info] > git config --get commit.template [5ms]
2025-04-02 03:04:31.846 [info] > git for-each-ref --format=%(refname)%00%(upstream:short)%00%(objectname)%00%(upstream:track)%00%(upstream:remotename)%00%(upstream:remoteref) refs/heads/master refs/remotes/master [8ms]
2025-04-02 03:04:31.870 [info] > git for-each-ref --sort -committerdate --format %(refname) %(objectname) %(*objectname) [3ms]
2025-04-02 03:04:31.915 [info] > git status -z -uall [59ms]
2025-04-02 03:04:37.616 [info] > git config --get commit.template [21ms]
2025-04-02 03:04:37.642 [info] > git for-each-ref --format=%(refname)%00%(upstream:short)%00%(objectname)%00%(upstream:track)%00%(upstream:remotename)%00%(upstream:remoteref) refs/heads/master refs/remotes/master [6ms]
2025-04-02 03:04:37.689 [info] > git for-each-ref --sort -committerdate --format %(refname) %(objectname) %(*objectname) [10ms]
2025-04-02 03:04:37.722 [info] > git status -z -uall [62ms]
2025-04-02 03:04:42.746 [info] > git config --get commit.template [2ms]
2025-04-02 03:04:42.758 [info] > git for-each-ref --format=%(refname)%00%(upstream:short)%00%(objectname)%00%(upstream:track)%00%(upstream:remotename)%00%(upstream:remoteref) refs/heads/master refs/remotes/master [2ms]
2025-04-02 03:04:42.782 [info] > git for-each-ref --sort -committerdate --format %(refname) %(objectname) %(*objectname) [2ms]
2025-04-02 03:04:42.813 [info] > git status -z -uall [46ms]
2025-04-02 03:04:47.838 [info] > git config --get commit.template [10ms]
2025-04-02 03:04:47.839 [info] > git for-each-ref --format=%(refname)%00%(upstream:short)%00%(objectname)%00%(upstream:track)%00%(upstream:remotename)%00%(upstream:remoteref) refs/heads/master refs/remotes/master [2ms]
2025-04-02 03:04:47.867 [info] > git for-each-ref --sort -committerdate --format %(refname) %(objectname) %(*objectname) [2ms]
2025-04-02 03:04:47.895 [info] > git status -z -uall [47ms]
2025-04-02 03:05:10.182 [info] > git check-ignore -v -z --stdin [4ms]
2025-04-02 03:05:11.934 [info] > git check-ignore -v -z --stdin [3ms]
2025-04-02 03:05:25.279 [info] > git check-ignore -v -z --stdin [4ms]
2025-04-02 03:05:32.704 [info] > git config --get commit.template [3ms]
2025-04-02 03:05:32.719 [info] > git for-each-ref --format=%(refname)%00%(upstream:short)%00%(objectname)%00%(upstream:track)%00%(upstream:remotename)%00%(upstream:remoteref) refs/heads/master refs/remotes/master [8ms]
2025-04-02 03:05:32.742 [info] > git for-each-ref --sort -committerdate --format %(refname) %(objectname) %(*objectname) [3ms]
2025-04-02 03:05:32.772 [info] > git status -z -uall [45ms]
2025-04-02 03:05:37.794 [info] > git config --get commit.template [8ms]
2025-04-02 03:05:37.795 [info] > git for-each-ref --format=%(refname)%00%(upstream:short)%00%(objectname)%00%(upstream:track)%00%(upstream:remotename)%00%(upstream:remoteref) refs/heads/master refs/remotes/master [1ms]
2025-04-02 03:05:37.814 [info] > git for-each-ref --sort -committerdate --format %(refname) %(objectname) %(*objectname) [2ms]
2025-04-02 03:05:37.847 [info] > git status -z -uall [44ms]
2025-04-02 03:05:42.868 [info] > git config --get commit.template [1ms]
2025-04-02 03:05:42.911 [info] > git for-each-ref --format=%(refname)%00%(upstream:short)%00%(objectname)%00%(upstream:track)%00%(upstream:remotename)%00%(upstream:remoteref) refs/heads/master refs/remotes/master [31ms]
2025-04-02 03:05:42.935 [info] > git for-each-ref --sort -committerdate --format %(refname) %(objectname) %(*objectname) [2ms]
2025-04-02 03:05:42.966 [info] > git status -z -uall [44ms]
2025-04-02 03:05:47.993 [info] > git config --get commit.template [8ms]
2025-04-02 03:05:47.994 [info] > git for-each-ref --format=%(refname)%00%(upstream:short)%00%(objectname)%00%(upstream:track)%00%(upstream:remotename)%00%(upstream:remoteref) refs/heads/master refs/remotes/master [2ms]
2025-04-02 03:05:48.016 [info] > git for-each-ref --sort -committerdate --format %(refname) %(objectname) %(*objectname) [3ms]
2025-04-02 03:05:48.048 [info] > git status -z -uall [45ms]
2025-04-02 03:08:27.119 [info] > git config --get commit.template [9ms]
2025-04-02 03:08:27.120 [info] > git for-each-ref --format=%(refname)%00%(upstream:short)%00%(objectname)%00%(upstream:track)%00%(upstream:remotename)%00%(upstream:remoteref) refs/heads/master refs/remotes/master [2ms]
2025-04-02 03:08:27.141 [info] > git for-each-ref --sort -committerdate --format %(refname) %(objectname) %(*objectname) [2ms]
2025-04-02 03:08:27.172 [info] > git status -z -uall [44ms]
2025-04-02 03:08:32.881 [info] > git for-each-ref --format=%(refname)%00%(upstream:short)%00%(objectname)%00%(upstream:track)%00%(upstream:remotename)%00%(upstream:remoteref) refs/heads/master refs/remotes/master [3ms]
2025-04-02 03:08:32.881 [info] > git config --get commit.template [10ms]
2025-04-02 03:08:32.902 [info] > git for-each-ref --sort -committerdate --format %(refname) %(objectname) %(*objectname) [2ms]
2025-04-02 03:08:32.933 [info] > git status -z -uall [44ms]
2025-04-02 03:10:22.107 [info] > git for-each-ref --format=%(refname)%00%(upstream:short)%00%(objectname)%00%(upstream:track)%00%(upstream:remotename)%00%(upstream:remoteref) refs/heads/master refs/remotes/master [2ms]
2025-04-02 03:10:22.108 [info] > git config --get commit.template [10ms]
2025-04-02 03:10:22.128 [info] > git for-each-ref --sort -committerdate --format %(refname) %(objectname) %(*objectname) [2ms]
2025-04-02 03:10:22.162 [info] > git status -z -uall [47ms]
2025-04-02 03:10:27.181 [info] > git config --get commit.template [2ms]
2025-04-02 03:10:27.191 [info] > git for-each-ref --format=%(refname)%00%(upstream:short)%00%(objectname)%00%(upstream:track)%00%(upstream:remotename)%00%(upstream:remoteref) refs/heads/master refs/remotes/master [2ms]
2025-04-02 03:10:27.212 [info] > git for-each-ref --sort -committerdate --format %(refname) %(objectname) %(*objectname) [2ms]
2025-04-02 03:10:27.243 [info] > git status -z -uall [44ms]
2025-04-02 03:11:38.507 [info] > git config --get commit.template [8ms]
2025-04-02 03:11:38.508 [info] > git for-each-ref --format=%(refname)%00%(upstream:short)%00%(objectname)%00%(upstream:track)%00%(upstream:remotename)%00%(upstream:remoteref) refs/heads/master refs/remotes/master [2ms]
2025-04-02 03:11:38.528 [info] > git for-each-ref --sort -committerdate --format %(refname) %(objectname) %(*objectname) [2ms]
2025-04-02 03:11:38.561 [info] > git status -z -uall [45ms]
2025-04-02 03:11:43.586 [info] > git config --get commit.template [7ms]
2025-04-02 03:11:43.587 [info] > git for-each-ref --format=%(refname)%00%(upstream:short)%00%(objectname)%00%(upstream:track)%00%(upstream:remotename)%00%(upstream:remoteref) refs/heads/master refs/remotes/master [1ms]
2025-04-02 03:11:43.607 [info] > git for-each-ref --sort -committerdate --format %(refname) %(objectname) %(*objectname) [3ms]
2025-04-02 03:11:43.640 [info] > git status -z -uall [46ms]
2025-04-02 03:11:48.664 [info] > git config --get commit.template [8ms]
2025-04-02 03:11:48.665 [info] > git for-each-ref --format=%(refname)%00%(upstream:short)%00%(objectname)%00%(upstream:track)%00%(upstream:remotename)%00%(upstream:remoteref) refs/heads/master refs/remotes/master [2ms]
2025-04-02 03:11:48.684 [info] > git for-each-ref --sort -committerdate --format %(refname) %(objectname) %(*objectname) [2ms]
2025-04-02 03:11:48.717 [info] > git status -z -uall [44ms]
2025-04-02 03:11:53.734 [info] > git config --get commit.template [2ms]
2025-04-02 03:11:53.742 [info] > git for-each-ref --format=%(refname)%00%(upstream:short)%00%(objectname)%00%(upstream:track)%00%(upstream:remotename)%00%(upstream:remoteref) refs/heads/master refs/remotes/master [2ms]
2025-04-02 03:11:53.762 [info] > git for-each-ref --sort -committerdate --format %(refname) %(objectname) %(*objectname) [3ms]
2025-04-02 03:11:53.793 [info] > git status -z -uall [44ms]
2025-04-02 03:11:58.816 [info] > git config --get commit.template [8ms]
2025-04-02 03:11:58.817 [info] > git for-each-ref --format=%(refname)%00%(upstream:short)%00%(objectname)%00%(upstream:track)%00%(upstream:remotename)%00%(upstream:remoteref) refs/heads/master refs/remotes/master [2ms]
2025-04-02 03:11:58.836 [info] > git for-each-ref --sort -committerdate --format %(refname) %(objectname) %(*objectname) [3ms]
2025-04-02 03:11:58.869 [info] > git status -z -uall [44ms]
2025-04-02 03:18:23.702 [info] > git config --get commit.template [8ms]
2025-04-02 03:18:23.703 [info] > git for-each-ref --format=%(refname)%00%(upstream:short)%00%(objectname)%00%(upstream:track)%00%(upstream:remotename)%00%(upstream:remoteref) refs/heads/master refs/remotes/master [2ms]
2025-04-02 03:18:23.725 [info] > git for-each-ref --sort -committerdate --format %(refname) %(objectname) %(*objectname) [2ms]
2025-04-02 03:18:23.754 [info] > git status -z -uall [42ms]
2025-04-02 03:22:28.138 [info] > git config --get commit.template [8ms]
2025-04-02 03:22:28.140 [info] > git for-each-ref --format=%(refname)%00%(upstream:short)%00%(objectname)%00%(upstream:track)%00%(upstream:remotename)%00%(upstream:remoteref) refs/heads/master refs/remotes/master [2ms]
2025-04-02 03:22:28.160 [info] > git for-each-ref --sort -committerdate --format %(refname) %(objectname) %(*objectname) [2ms]
2025-04-02 03:22:28.193 [info] > git status -z -uall [46ms]
2025-04-02 03:23:13.110 [info] > git config --get commit.template [8ms]
2025-04-02 03:23:13.111 [info] > git for-each-ref --format=%(refname)%00%(upstream:short)%00%(objectname)%00%(upstream:track)%00%(upstream:remotename)%00%(upstream:remoteref) refs/heads/master refs/remotes/master [2ms]
2025-04-02 03:23:13.132 [info] > git for-each-ref --sort -committerdate --format %(refname) %(objectname) %(*objectname) [3ms]
2025-04-02 03:23:13.163 [info] > git status -z -uall [45ms]
2025-04-02 03:23:18.180 [info] > git config --get commit.template [2ms]
2025-04-02 03:23:18.190 [info] > git for-each-ref --format=%(refname)%00%(upstream:short)%00%(objectname)%00%(upstream:track)%00%(upstream:remotename)%00%(upstream:remoteref) refs/heads/master refs/remotes/master [2ms]
2025-04-02 03:23:18.211 [info] > git for-each-ref --sort -committerdate --format %(refname) %(objectname) %(*objectname) [2ms]
2025-04-02 03:23:18.243 [info] > git status -z -uall [45ms]
2025-04-02 03:23:23.266 [info] > git config --get commit.template [8ms]
2025-04-02 03:23:23.268 [info] > git for-each-ref --format=%(refname)%00%(upstream:short)%00%(objectname)%00%(upstream:track)%00%(upstream:remotename)%00%(upstream:remoteref) refs/heads/master refs/remotes/master [2ms]
2025-04-02 03:23:23.288 [info] > git for-each-ref --sort -committerdate --format %(refname) %(objectname) %(*objectname) [1ms]
2025-04-02 03:23:23.320 [info] > git status -z -uall [45ms]
2025-04-02 03:23:28.342 [info] > git config --get commit.template [8ms]
2025-04-02 03:23:28.342 [info] > git for-each-ref --format=%(refname)%00%(upstream:short)%00%(objectname)%00%(upstream:track)%00%(upstream:remotename)%00%(upstream:remoteref) refs/heads/master refs/remotes/master [2ms]
2025-04-02 03:23:28.361 [info] > git for-each-ref --sort -committerdate --format %(refname) %(objectname) %(*objectname) [2ms]
2025-04-02 03:23:28.394 [info] > git status -z -uall [45ms]
2025-04-02 03:23:33.415 [info] > git config --get commit.template [8ms]
2025-04-02 03:23:33.416 [info] > git for-each-ref --format=%(refname)%00%(upstream:short)%00%(objectname)%00%(upstream:track)%00%(upstream:remotename)%00%(upstream:remoteref) refs/heads/master refs/remotes/master [2ms]
2025-04-02 03:23:33.435 [info] > git for-each-ref --sort -committerdate --format %(refname) %(objectname) %(*objectname) [3ms]
2025-04-02 03:23:33.467 [info] > git status -z -uall [44ms]
2025-04-02 03:23:38.820 [info] > git config --get commit.template [8ms]
2025-04-02 03:23:38.822 [info] > git for-each-ref --format=%(refname)%00%(upstream:short)%00%(objectname)%00%(upstream:track)%00%(upstream:remotename)%00%(upstream:remoteref) refs/heads/master refs/remotes/master [2ms]
2025-04-02 03:23:38.841 [info] > git for-each-ref --sort -committerdate --format %(refname) %(objectname) %(*objectname) [2ms]
2025-04-02 03:23:38.873 [info] > git status -z -uall [45ms]
2025-04-02 03:25:09.542 [info] > git config --get commit.template [2ms]
2025-04-02 03:25:09.552 [info] > git for-each-ref --format=%(refname)%00%(upstream:short)%00%(objectname)%00%(upstream:track)%00%(upstream:remotename)%00%(upstream:remoteref) refs/heads/master refs/remotes/master [2ms]
2025-04-02 03:25:09.571 [info] > git for-each-ref --sort -committerdate --format %(refname) %(objectname) %(*objectname) [1ms]
2025-04-02 03:25:09.611 [info] > git status -z -uall [50ms]
2025-04-02 03:25:14.633 [info] > git config --get commit.template [7ms]
2025-04-02 03:25:14.635 [info] > git for-each-ref --format=%(refname)%00%(upstream:short)%00%(objectname)%00%(upstream:track)%00%(upstream:remotename)%00%(upstream:remoteref) refs/heads/master refs/remotes/master [3ms]
2025-04-02 03:25:14.653 [info] > git for-each-ref --sort -committerdate --format %(refname) %(objectname) %(*objectname) [1ms]
2025-04-02 03:25:14.688 [info] > git status -z -uall [46ms]
2025-04-02 03:25:19.713 [info] > git config --get commit.template [9ms]
2025-04-02 03:25:19.714 [info] > git for-each-ref --format=%(refname)%00%(upstream:short)%00%(objectname)%00%(upstream:track)%00%(upstream:remotename)%00%(upstream:remoteref) refs/heads/master refs/remotes/master [2ms]
2025-04-02 03:25:19.735 [info] > git for-each-ref --sort -committerdate --format %(refname) %(objectname) %(*objectname) [3ms]
2025-04-02 03:25:19.767 [info] > git status -z -uall [46ms]
