2025-04-13 02:22:29.295 [info] [main] Log level: Info
2025-04-13 02:22:29.295 [info] [main] Validating found git in: "git"
2025-04-13 02:22:29.295 [info] [main] Using git "2.43.0" from "git"
2025-04-13 02:22:29.295 [info] [Model][doInitialScan] Initial repository scan started
2025-04-13 02:22:29.295 [info] > git rev-parse --show-toplevel [388ms]
2025-04-13 02:22:29.443 [info] > git rev-parse --git-dir --git-common-dir [141ms]
2025-04-13 02:22:29.465 [info] [Model][openRepository] Opened repository: /home/apoorvtripathi537
2025-04-13 02:22:29.587 [info] > git rev-parse --show-toplevel [46ms]
2025-04-13 02:22:29.619 [info] > git rev-parse --show-toplevel [22ms]
2025-04-13 02:22:29.633 [info] > git rev-parse --show-toplevel [5ms]
2025-04-13 02:22:29.656 [info] > git rev-parse --show-toplevel [3ms]
2025-04-13 02:22:29.671 [info] > git rev-parse --show-toplevel [2ms]
2025-04-13 02:22:29.688 [info] > git rev-parse --show-toplevel [2ms]
2025-04-13 02:22:29.698 [info] > git rev-parse --show-toplevel [1ms]
2025-04-13 02:22:29.715 [info] > git rev-parse --show-toplevel [5ms]
2025-04-13 02:22:29.735 [info] > git rev-parse --show-toplevel [5ms]
2025-04-13 02:22:29.754 [info] > git rev-parse --show-toplevel [7ms]
2025-04-13 02:22:29.773 [info] > git rev-parse --show-toplevel [6ms]
2025-04-13 02:22:29.785 [info] > git rev-parse --show-toplevel [4ms]
2025-04-13 02:22:29.831 [info] > git rev-parse --show-toplevel [37ms]
2025-04-13 02:22:29.849 [info] > git for-each-ref --format=%(refname)%00%(upstream:short)%00%(objectname)%00%(upstream:track)%00%(upstream:remotename)%00%(upstream:remoteref) refs/heads/master refs/remotes/master [348ms]
2025-04-13 02:22:29.853 [info] > git rev-parse --show-toplevel [5ms]
2025-04-13 02:22:29.853 [info] [Model][doInitialScan] Initial repository scan completed - repositories (1), closed repositories (0), parent repositories (0), unsafe repositories (0)
2025-04-13 02:22:29.909 [info] > git for-each-ref --sort -committerdate --format %(refname) %(objectname) %(*objectname) [29ms]
2025-04-13 02:22:29.935 [info] > git ls-files --stage -- /home/apoorvtripathi537/main.py [30ms]
2025-04-13 02:22:29.953 [info] > git show --textconv :main.py [59ms]
2025-04-13 02:22:29.977 [info] > git cat-file -s cd8b840c6a2cc57bb6082c3fa09575f889d656b4 [25ms]
2025-04-13 02:22:30.103 [info] > git check-ignore -v -z --stdin [9ms]
2025-04-13 02:22:35.073 [info] > git status -z -uall [5205ms] (cancelled)
2025-04-13 02:22:35.075 [info] > git for-each-ref --format=%(refname)%00%(upstream:short)%00%(objectname)%00%(upstream:track)%00%(upstream:remotename)%00%(upstream:remoteref) refs/heads/master refs/remotes/master [1316ms]
2025-04-13 02:22:35.142 [info] > git config --local branch.master.vscode-merge-base [60ms]
2025-04-13 02:22:35.142 [warning] [Git][config] git config failed: Failed to execute git
2025-04-13 02:22:35.161 [info] > git for-each-ref --format=%(refname)%00%(upstream:short)%00%(objectname)%00%(upstream:track)%00%(upstream:remotename)%00%(upstream:remoteref) refs/heads/master refs/remotes/master [4ms]
2025-04-13 02:22:35.184 [info] > git for-each-ref --sort -committerdate --format %(refname) %(objectname) %(*objectname) [3ms]
2025-04-13 02:22:35.243 [info] > git reflog master --grep-reflog=branch: Created from *. [95ms]
2025-04-13 02:22:35.257 [info] > git symbolic-ref --short refs/remotes/origin/HEAD [4ms]
2025-04-13 02:22:35.258 [info] fatal: ref refs/remotes/origin/HEAD is not a symbolic ref
2025-04-13 02:22:35.258 [warning] [Repository][getDefaultBranch] Failed to get default branch details: Failed to execute git.
2025-04-13 02:22:35.272 [info] > git merge-base refs/heads/master refs/remotes/origin/master [4ms]
2025-04-13 02:22:35.294 [info] > git diff --name-status -z --diff-filter=ADMR ae54d5703c5e6277a64919db1dea687af7ee5769...refs/remotes/origin/master [13ms]
2025-04-13 02:22:35.478 [info] > git status -z -uall [309ms] (cancelled)
2025-04-13 02:27:15.437 [info] > git check-ignore -v -z --stdin [4ms]
2025-04-13 02:52:14.526 [info] > git show --textconv :key.json [10ms]
2025-04-13 02:52:14.529 [info] > git ls-files --stage -- /home/apoorvtripathi537/key.json [7ms]
2025-04-13 02:52:14.716 [info] > git check-ignore -v -z --stdin [4ms]
2025-04-13 02:52:23.235 [info] > git show --textconv :main.py [8ms]
2025-04-13 02:52:23.239 [info] > git ls-files --stage -- /home/apoorvtripathi537/main.py [5ms]
2025-04-13 02:52:23.247 [info] > git cat-file -s cd8b840c6a2cc57bb6082c3fa09575f889d656b4 [1ms]
2025-04-13 02:53:29.886 [info] > git show --textconv :test.py [8ms]
2025-04-13 02:53:29.890 [info] > git ls-files --stage -- /home/apoorvtripathi537/test.py [5ms]
2025-04-13 02:53:45.091 [info] > git show --textconv :main.py [7ms]
2025-04-13 02:53:45.095 [info] > git ls-files --stage -- /home/apoorvtripathi537/main.py [5ms]
2025-04-13 02:53:45.103 [info] > git cat-file -s cd8b840c6a2cc57bb6082c3fa09575f889d656b4 [2ms]
2025-04-13 02:54:25.439 [info] > git check-ignore -v -z --stdin [4ms]
2025-04-13 02:54:30.456 [info] > git check-ignore -v -z --stdin [4ms]
2025-04-13 02:55:54.290 [info] > git show --textconv :uploads/20250413-010401AM.wav.txt [7ms]
2025-04-13 02:55:54.292 [info] > git ls-files --stage -- /home/apoorvtripathi537/uploads/20250413-010401AM.wav.txt [4ms]
2025-04-13 02:56:08.882 [info] > git show --textconv :main.py [9ms]
2025-04-13 02:56:08.885 [info] > git ls-files --stage -- /home/apoorvtripathi537/main.py [6ms]
2025-04-13 02:56:08.893 [info] > git cat-file -s cd8b840c6a2cc57bb6082c3fa09575f889d656b4 [2ms]
2025-04-13 02:58:35.605 [info] > git check-ignore -v -z --stdin [4ms]
2025-04-13 02:58:40.573 [info] > git check-ignore -v -z --stdin [4ms]
2025-04-13 02:59:59.662 [info] > git check-ignore -v -z --stdin [4ms]
2025-04-13 03:04:31.612 [info] > git check-ignore -v -z --stdin [4ms]
2025-04-13 03:04:38.573 [info] > git check-ignore -v -z --stdin [4ms]
2025-04-13 03:07:20.459 [info] > git check-ignore -v -z --stdin [4ms]
2025-04-13 03:07:25.569 [info] > git check-ignore -v -z --stdin [4ms]
2025-04-13 03:08:21.079 [info] > git ls-files --stage -- /home/apoorvtripathi537/templates/index.html [5ms]
2025-04-13 03:08:21.148 [info] > git show --textconv :templates/index.html [82ms]
2025-04-13 03:08:21.148 [info] > git cat-file -s 902c5f11ef436a3619aa3853ed5ec2216e1a9a65 [63ms]
2025-04-13 03:09:38.518 [info] > git show --textconv :main.py [10ms]
2025-04-13 03:09:38.522 [info] > git ls-files --stage -- /home/apoorvtripathi537/main.py [6ms]
2025-04-13 03:09:38.531 [info] > git cat-file -s cd8b840c6a2cc57bb6082c3fa09575f889d656b4 [3ms]
2025-04-13 03:12:35.450 [info] > git check-ignore -v -z --stdin [4ms]
2025-04-13 03:15:46.769 [info] > git show --textconv :templates/index.html [11ms]
2025-04-13 03:15:46.772 [info] > git ls-files --stage -- /home/apoorvtripathi537/templates/index.html [6ms]
2025-04-13 03:15:46.783 [info] > git cat-file -s 902c5f11ef436a3619aa3853ed5ec2216e1a9a65 [1ms]
2025-04-13 03:17:53.874 [info] > git show --textconv :templates/index.html [12ms]
2025-04-13 03:17:53.877 [info] > git ls-files --stage -- /home/apoorvtripathi537/templates/index.html [6ms]
2025-04-13 03:17:53.886 [info] > git cat-file -s 902c5f11ef436a3619aa3853ed5ec2216e1a9a65 [3ms]
2025-04-13 04:46:18.231 [info] > git show --textconv :main.py [7ms]
2025-04-13 04:46:18.237 [info] > git ls-files --stage -- /home/apoorvtripathi537/main.py [6ms]
2025-04-13 04:46:18.245 [info] > git cat-file -s cd8b840c6a2cc57bb6082c3fa09575f889d656b4 [2ms]
2025-04-13 04:47:21.976 [info] > git show --textconv :templates/index.html [9ms]
2025-04-13 04:47:21.979 [info] > git ls-files --stage -- /home/apoorvtripathi537/templates/index.html [4ms]
2025-04-13 04:47:21.988 [info] > git cat-file -s 902c5f11ef436a3619aa3853ed5ec2216e1a9a65 [2ms]
2025-04-13 04:48:02.255 [info] > git show --textconv :main.py [9ms]
2025-04-13 04:48:02.257 [info] > git ls-files --stage -- /home/apoorvtripathi537/main.py [5ms]
2025-04-13 04:48:02.265 [info] > git cat-file -s cd8b840c6a2cc57bb6082c3fa09575f889d656b4 [1ms]
2025-04-13 04:52:35.472 [info] > git show --textconv :templates/index.html [9ms]
2025-04-13 04:52:35.473 [info] > git ls-files --stage -- /home/apoorvtripathi537/templates/index.html [4ms]
2025-04-13 04:52:35.481 [info] > git cat-file -s 902c5f11ef436a3619aa3853ed5ec2216e1a9a65 [2ms]
2025-04-13 04:52:57.235 [info] > git ls-files --stage -- /home/apoorvtripathi537/script.js [8ms]
2025-04-13 04:52:57.250 [info] > git cat-file -s 2cd6d04462786bbd603d3c51e1c9881b3f627f5d [3ms]
2025-04-13 04:52:57.251 [info] > git show --textconv :script.js [33ms]
2025-04-13 04:53:33.519 [info] > git show --textconv :templates/index.html [7ms]
2025-04-13 04:53:33.523 [info] > git ls-files --stage -- /home/apoorvtripathi537/templates/index.html [4ms]
2025-04-13 04:53:33.530 [info] > git cat-file -s 902c5f11ef436a3619aa3853ed5ec2216e1a9a65 [2ms]
2025-04-13 04:53:37.027 [info] > git show --textconv :main.py [8ms]
2025-04-13 04:53:37.034 [info] > git ls-files --stage -- /home/apoorvtripathi537/main.py [8ms]
2025-04-13 04:53:37.043 [info] > git cat-file -s cd8b840c6a2cc57bb6082c3fa09575f889d656b4 [2ms]
2025-04-13 04:54:25.987 [info] > git show --textconv :script.js [7ms]
2025-04-13 04:54:25.992 [info] > git ls-files --stage -- /home/apoorvtripathi537/script.js [6ms]
2025-04-13 04:54:26.000 [info] > git cat-file -s 2cd6d04462786bbd603d3c51e1c9881b3f627f5d [1ms]
2025-04-13 04:55:09.568 [info] > git show --textconv :templates/index.html [10ms]
2025-04-13 04:55:09.573 [info] > git ls-files --stage -- /home/apoorvtripathi537/templates/index.html [6ms]
2025-04-13 04:55:09.582 [info] > git cat-file -s 902c5f11ef436a3619aa3853ed5ec2216e1a9a65 [2ms]
2025-04-13 04:55:12.883 [info] > git show --textconv :main.py [10ms]
2025-04-13 04:55:12.886 [info] > git ls-files --stage -- /home/apoorvtripathi537/main.py [5ms]
2025-04-13 04:55:12.894 [info] > git cat-file -s cd8b840c6a2cc57bb6082c3fa09575f889d656b4 [2ms]
2025-04-13 04:56:32.598 [info] > git check-ignore -v -z --stdin [4ms]
2025-04-13 04:56:48.119 [info] > git check-ignore -v -z --stdin [5ms]
2025-04-13 04:57:40.593 [info] > git check-ignore -v -z --stdin [4ms]
2025-04-13 04:57:47.651 [info] > git check-ignore -v -z --stdin [4ms]
2025-04-13 04:58:45.671 [info] > git show --textconv :templates/index.html [20ms]
2025-04-13 04:58:45.676 [info] > git ls-files --stage -- /home/apoorvtripathi537/templates/index.html [7ms]
2025-04-13 04:58:45.693 [info] > git cat-file -s 902c5f11ef436a3619aa3853ed5ec2216e1a9a65 [3ms]
2025-04-13 04:58:48.313 [info] > git show --textconv :script.js [9ms]
2025-04-13 04:58:48.319 [info] > git ls-files --stage -- /home/apoorvtripathi537/script.js [7ms]
2025-04-13 04:58:48.330 [info] > git cat-file -s 2cd6d04462786bbd603d3c51e1c9881b3f627f5d [3ms]
2025-04-13 04:58:51.368 [info] > git show --textconv :test.py [10ms]
2025-04-13 04:58:51.371 [info] > git ls-files --stage -- /home/apoorvtripathi537/test.py [5ms]
2025-04-13 04:58:53.050 [info] > git show --textconv :script.js [7ms]
2025-04-13 04:58:53.056 [info] > git ls-files --stage -- /home/apoorvtripathi537/script.js [7ms]
2025-04-13 04:58:53.064 [info] > git cat-file -s 2cd6d04462786bbd603d3c51e1c9881b3f627f5d [2ms]
2025-04-13 04:58:53.755 [info] > git show --textconv :key.json [10ms]
2025-04-13 04:58:53.757 [info] > git ls-files --stage -- /home/apoorvtripathi537/key.json [5ms]
2025-04-13 04:58:56.780 [info] > git show --textconv :script.js [6ms]
2025-04-13 04:58:56.786 [info] > git ls-files --stage -- /home/apoorvtripathi537/script.js [6ms]
2025-04-13 04:58:56.794 [info] > git cat-file -s 2cd6d04462786bbd603d3c51e1c9881b3f627f5d [3ms]
2025-04-13 05:00:10.018 [info] > git check-ignore -v -z --stdin [4ms]
