2025-04-01 02:34:30.813 [info] [main] Log level: Info
2025-04-01 02:34:30.813 [info] [main] Validating found git in: "git"
2025-04-01 02:34:30.813 [info] [main] Using git "2.43.0" from "git"
2025-04-01 02:34:30.813 [info] [Model][doInitialScan] Initial repository scan started
2025-04-01 02:34:30.813 [info] > git rev-parse --show-toplevel [22ms]
2025-04-01 02:34:30.813 [info] > git rev-parse --git-dir --git-common-dir [1ms]
2025-04-01 02:34:30.813 [info] [Model][openRepository] Opened repository: /home/apoorvtripathi537
2025-04-01 02:34:30.813 [info] > git config --get commit.template [4ms]
2025-04-01 02:34:30.813 [info] > git rev-parse --show-toplevel [3ms]
2025-04-01 02:34:30.813 [info] > git rev-parse --show-toplevel [1ms]
2025-04-01 02:34:30.813 [info] > git rev-parse --show-toplevel [2ms]
2025-04-01 02:34:30.813 [info] > git rev-parse --show-toplevel [3ms]
2025-04-01 02:34:30.813 [info] > git rev-parse --show-toplevel [2ms]
2025-04-01 02:34:30.813 [info] > git rev-parse --show-toplevel [1ms]
2025-04-01 02:34:30.813 [info] > git rev-parse --show-toplevel [2ms]
2025-04-01 02:34:30.813 [info] > git rev-parse --show-toplevel [2ms]
2025-04-01 02:34:30.813 [info] > git rev-parse --show-toplevel [1ms]
2025-04-01 02:34:30.813 [info] > git rev-parse --show-toplevel [2ms]
2025-04-01 02:34:30.813 [info] > git rev-parse --show-toplevel [2ms]
2025-04-01 02:34:30.813 [info] > git rev-parse --show-toplevel [5ms]
2025-04-01 02:34:30.813 [info] > git rev-parse --show-toplevel [2ms]
2025-04-01 02:34:30.813 [info] > git rev-parse --show-toplevel [2ms]
2025-04-01 02:34:30.813 [info] [Model][doInitialScan] Initial repository scan completed - repositories (1), closed repositories (0), parent repositories (0), unsafe repositories (0)
2025-04-01 02:34:30.813 [info] > git for-each-ref --format=%(refname)%00%(upstream:short)%00%(objectname)%00%(upstream:track)%00%(upstream:remotename)%00%(upstream:remoteref) refs/heads/master refs/remotes/master [92ms]
2025-04-01 02:34:30.813 [info] > git for-each-ref --sort -committerdate --format %(refname) %(objectname) %(*objectname) [2ms]
2025-04-01 02:34:32.987 [info] > git status -z -uall [2663ms]
2025-04-01 02:34:32.988 [info] > git check-ignore -v -z --stdin [45ms]
2025-04-01 02:34:32.989 [info] > git show --textconv :main.py [23ms]
2025-04-01 02:34:33.069 [info] > git for-each-ref --format=%(refname)%00%(upstream:short)%00%(objectname)%00%(upstream:track)%00%(upstream:remotename)%00%(upstream:remoteref) refs/heads/master refs/remotes/master [14ms]
2025-04-01 02:34:33.074 [info] > git ls-files --stage -- /home/apoorvtripathi537/main.py [103ms]
2025-04-01 02:34:33.105 [info] > git config --local branch.master.vscode-merge-base [30ms]
2025-04-01 02:34:33.105 [warning] [Git][config] git config failed: Failed to execute git
2025-04-01 02:34:33.110 [info] > git config --get commit.template [44ms]
2025-04-01 02:34:33.322 [info] > git reflog master --grep-reflog=branch: Created from *. [213ms]
2025-04-01 02:34:33.327 [info] > git cat-file -s ec7b915dba87cdcfd21c35fe04a3a3fec379e65a [248ms]
2025-04-01 02:34:33.344 [info] > git symbolic-ref --short refs/remotes/origin/HEAD [17ms]
2025-04-01 02:34:33.344 [info] fatal: ref refs/remotes/origin/HEAD is not a symbolic ref
2025-04-01 02:34:33.344 [warning] [Repository][getDefaultBranch] Failed to get default branch details: Failed to execute git.
2025-04-01 02:34:33.352 [info] > git for-each-ref --format=%(refname)%00%(upstream:short)%00%(objectname)%00%(upstream:track)%00%(upstream:remotename)%00%(upstream:remoteref) refs/heads/master refs/remotes/master [10ms]
2025-04-01 02:34:33.358 [info] > git merge-base refs/heads/master refs/remotes/origin/master [8ms]
2025-04-01 02:34:33.374 [info] > git diff --name-status -z --diff-filter=ADMR 3af8a224fd8bda9bdfc078604fafe431df36d3cf...refs/remotes/origin/master [13ms]
2025-04-01 02:34:33.376 [info] > git for-each-ref --sort -committerdate --format %(refname) %(objectname) %(*objectname) [2ms]
2025-04-01 02:34:33.609 [info] > git status -z -uall [242ms]
2025-04-01 02:34:40.592 [info] > git config --get commit.template [5ms]
2025-04-01 02:34:40.593 [info] > git for-each-ref --format=%(refname)%00%(upstream:short)%00%(objectname)%00%(upstream:track)%00%(upstream:remotename)%00%(upstream:remoteref) refs/heads/master refs/remotes/master [2ms]
2025-04-01 02:34:40.602 [info] > git for-each-ref --sort -committerdate --format %(refname) %(objectname) %(*objectname) [2ms]
2025-04-01 02:34:40.768 [info] > git status -z -uall [172ms]
2025-04-01 02:34:45.802 [info] > git config --get commit.template [5ms]
2025-04-01 02:34:45.803 [info] > git for-each-ref --format=%(refname)%00%(upstream:short)%00%(objectname)%00%(upstream:track)%00%(upstream:remotename)%00%(upstream:remoteref) refs/heads/master refs/remotes/master [2ms]
2025-04-01 02:34:45.814 [info] > git for-each-ref --sort -committerdate --format %(refname) %(objectname) %(*objectname) [2ms]
2025-04-01 02:34:45.982 [info] > git status -z -uall [175ms]
2025-04-01 02:34:51.025 [info] > git config --get commit.template [9ms]
2025-04-01 02:34:51.026 [info] > git for-each-ref --format=%(refname)%00%(upstream:short)%00%(objectname)%00%(upstream:track)%00%(upstream:remotename)%00%(upstream:remoteref) refs/heads/master refs/remotes/master [3ms]
2025-04-01 02:34:51.043 [info] > git for-each-ref --sort -committerdate --format %(refname) %(objectname) %(*objectname) [2ms]
2025-04-01 02:34:51.220 [info] > git status -z -uall [188ms]
2025-04-01 02:34:56.267 [info] > git config --get commit.template [7ms]
2025-04-01 02:34:56.268 [info] > git for-each-ref --format=%(refname)%00%(upstream:short)%00%(objectname)%00%(upstream:track)%00%(upstream:remotename)%00%(upstream:remoteref) refs/heads/master refs/remotes/master [2ms]
2025-04-01 02:34:56.284 [info] > git for-each-ref --sort -committerdate --format %(refname) %(objectname) %(*objectname) [2ms]
2025-04-01 02:34:56.454 [info] > git status -z -uall [179ms]
2025-04-01 02:35:01.493 [info] > git config --get commit.template [8ms]
2025-04-01 02:35:01.494 [info] > git for-each-ref --format=%(refname)%00%(upstream:short)%00%(objectname)%00%(upstream:track)%00%(upstream:remotename)%00%(upstream:remoteref) refs/heads/master refs/remotes/master [2ms]
2025-04-01 02:35:01.510 [info] > git for-each-ref --sort -committerdate --format %(refname) %(objectname) %(*objectname) [3ms]
2025-04-01 02:35:01.691 [info] > git status -z -uall [191ms]
2025-04-01 02:35:10.199 [info] > git config --get commit.template [7ms]
2025-04-01 02:35:10.200 [info] > git for-each-ref --format=%(refname)%00%(upstream:short)%00%(objectname)%00%(upstream:track)%00%(upstream:remotename)%00%(upstream:remoteref) refs/heads/master refs/remotes/master [2ms]
2025-04-01 02:35:10.215 [info] > git for-each-ref --sort -committerdate --format %(refname) %(objectname) %(*objectname) [2ms]
2025-04-01 02:35:10.382 [info] > git status -z -uall [176ms]
2025-04-01 02:35:15.422 [info] > git config --get commit.template [7ms]
2025-04-01 02:35:15.424 [info] > git for-each-ref --format=%(refname)%00%(upstream:short)%00%(objectname)%00%(upstream:track)%00%(upstream:remotename)%00%(upstream:remoteref) refs/heads/master refs/remotes/master [2ms]
2025-04-01 02:35:15.440 [info] > git for-each-ref --sort -committerdate --format %(refname) %(objectname) %(*objectname) [3ms]
2025-04-01 02:35:15.610 [info] > git status -z -uall [180ms]
2025-04-01 02:35:20.647 [info] > git config --get commit.template [9ms]
2025-04-01 02:35:20.649 [info] > git for-each-ref --format=%(refname)%00%(upstream:short)%00%(objectname)%00%(upstream:track)%00%(upstream:remotename)%00%(upstream:remoteref) refs/heads/master refs/remotes/master [3ms]
2025-04-01 02:35:20.670 [info] > git for-each-ref --sort -committerdate --format %(refname) %(objectname) %(*objectname) [2ms]
2025-04-01 02:35:20.838 [info] > git status -z -uall [181ms]
2025-04-01 02:35:25.873 [info] > git config --get commit.template [8ms]
2025-04-01 02:35:25.875 [info] > git for-each-ref --format=%(refname)%00%(upstream:short)%00%(objectname)%00%(upstream:track)%00%(upstream:remotename)%00%(upstream:remoteref) refs/heads/master refs/remotes/master [2ms]
2025-04-01 02:35:25.891 [info] > git for-each-ref --sort -committerdate --format %(refname) %(objectname) %(*objectname) [2ms]
2025-04-01 02:35:26.063 [info] > git status -z -uall [181ms]
2025-04-01 02:35:38.100 [info] > git config --get commit.template [3ms]
2025-04-01 02:35:38.277 [info] > git for-each-ref --format=%(refname)%00%(upstream:short)%00%(objectname)%00%(upstream:track)%00%(upstream:remotename)%00%(upstream:remoteref) refs/heads/master refs/remotes/master [5ms]
2025-04-01 02:35:38.301 [info] > git for-each-ref --sort -committerdate --format %(refname) %(objectname) %(*objectname) [2ms]
2025-04-01 02:35:38.473 [info] > git status -z -uall [181ms]
2025-04-01 02:35:49.669 [info] > git config --get commit.template [7ms]
2025-04-01 02:35:49.670 [info] > git for-each-ref --format=%(refname)%00%(upstream:short)%00%(objectname)%00%(upstream:track)%00%(upstream:remotename)%00%(upstream:remoteref) refs/heads/master refs/remotes/master [2ms]
2025-04-01 02:35:49.685 [info] > git for-each-ref --sort -committerdate --format %(refname) %(objectname) %(*objectname) [2ms]
2025-04-01 02:35:49.856 [info] > git status -z -uall [180ms]
2025-04-01 02:35:54.892 [info] > git config --get commit.template [8ms]
2025-04-01 02:35:54.893 [info] > git for-each-ref --format=%(refname)%00%(upstream:short)%00%(objectname)%00%(upstream:track)%00%(upstream:remotename)%00%(upstream:remoteref) refs/heads/master refs/remotes/master [2ms]
2025-04-01 02:35:54.909 [info] > git for-each-ref --sort -committerdate --format %(refname) %(objectname) %(*objectname) [3ms]
2025-04-01 02:35:55.077 [info] > git status -z -uall [178ms]
2025-04-01 02:36:46.258 [info] > git config --get commit.template [34ms]
2025-04-01 02:36:46.258 [info] > git for-each-ref --format=%(refname)%00%(upstream:short)%00%(objectname)%00%(upstream:track)%00%(upstream:remotename)%00%(upstream:remoteref) refs/heads/master refs/remotes/master [29ms]
2025-04-01 02:36:46.274 [info] > git for-each-ref --sort -committerdate --format %(refname) %(objectname) %(*objectname) [3ms]
2025-04-01 02:36:46.441 [info] > git status -z -uall [177ms]
2025-04-01 02:36:52.227 [info] > git config --get commit.template [3ms]
2025-04-01 02:36:52.233 [info] > git for-each-ref --format=%(refname)%00%(upstream:short)%00%(objectname)%00%(upstream:track)%00%(upstream:remotename)%00%(upstream:remoteref) refs/heads/master refs/remotes/master [2ms]
2025-04-01 02:36:52.245 [info] > git for-each-ref --sort -committerdate --format %(refname) %(objectname) %(*objectname) [2ms]
2025-04-01 02:36:52.417 [info] > git status -z -uall [179ms]
2025-04-01 02:36:57.470 [info] > git config --get commit.template [5ms]
2025-04-01 02:36:57.471 [info] > git for-each-ref --format=%(refname)%00%(upstream:short)%00%(objectname)%00%(upstream:track)%00%(upstream:remotename)%00%(upstream:remoteref) refs/heads/master refs/remotes/master [1ms]
2025-04-01 02:36:57.484 [info] > git for-each-ref --sort -committerdate --format %(refname) %(objectname) %(*objectname) [2ms]
2025-04-01 02:36:57.682 [info] > git status -z -uall [206ms]
2025-04-01 02:37:02.724 [info] > git config --get commit.template [6ms]
2025-04-01 02:37:02.725 [info] > git for-each-ref --format=%(refname)%00%(upstream:short)%00%(objectname)%00%(upstream:track)%00%(upstream:remotename)%00%(upstream:remoteref) refs/heads/master refs/remotes/master [2ms]
2025-04-01 02:37:02.738 [info] > git for-each-ref --sort -committerdate --format %(refname) %(objectname) %(*objectname) [2ms]
2025-04-01 02:37:02.907 [info] > git status -z -uall [177ms]
2025-04-01 02:37:07.942 [info] > git config --get commit.template [6ms]
2025-04-01 02:37:07.943 [info] > git for-each-ref --format=%(refname)%00%(upstream:short)%00%(objectname)%00%(upstream:track)%00%(upstream:remotename)%00%(upstream:remoteref) refs/heads/master refs/remotes/master [2ms]
2025-04-01 02:37:07.955 [info] > git for-each-ref --sort -committerdate --format %(refname) %(objectname) %(*objectname) [2ms]
2025-04-01 02:37:08.125 [info] > git status -z -uall [177ms]
2025-04-01 02:37:13.160 [info] > git config --get commit.template [5ms]
2025-04-01 02:37:13.161 [info] > git for-each-ref --format=%(refname)%00%(upstream:short)%00%(objectname)%00%(upstream:track)%00%(upstream:remotename)%00%(upstream:remoteref) refs/heads/master refs/remotes/master [2ms]
2025-04-01 02:37:13.173 [info] > git for-each-ref --sort -committerdate --format %(refname) %(objectname) %(*objectname) [1ms]
2025-04-01 02:37:13.341 [info] > git status -z -uall [175ms]
2025-04-01 02:37:18.377 [info] > git config --get commit.template [5ms]
2025-04-01 02:37:18.378 [info] > git for-each-ref --format=%(refname)%00%(upstream:short)%00%(objectname)%00%(upstream:track)%00%(upstream:remotename)%00%(upstream:remoteref) refs/heads/master refs/remotes/master [2ms]
2025-04-01 02:37:18.391 [info] > git for-each-ref --sort -committerdate --format %(refname) %(objectname) %(*objectname) [2ms]
2025-04-01 02:37:18.559 [info] > git status -z -uall [176ms]
2025-04-01 02:37:23.593 [info] > git config --get commit.template [5ms]
2025-04-01 02:37:23.595 [info] > git for-each-ref --format=%(refname)%00%(upstream:short)%00%(objectname)%00%(upstream:track)%00%(upstream:remotename)%00%(upstream:remoteref) refs/heads/master refs/remotes/master [2ms]
2025-04-01 02:37:23.607 [info] > git for-each-ref --sort -committerdate --format %(refname) %(objectname) %(*objectname) [2ms]
2025-04-01 02:37:23.776 [info] > git status -z -uall [177ms]
2025-04-01 02:37:30.345 [info] > git config --get commit.template [4ms]
2025-04-01 02:37:30.346 [info] > git for-each-ref --format=%(refname)%00%(upstream:short)%00%(objectname)%00%(upstream:track)%00%(upstream:remotename)%00%(upstream:remoteref) refs/heads/master refs/remotes/master [2ms]
2025-04-01 02:37:30.357 [info] > git for-each-ref --sort -committerdate --format %(refname) %(objectname) %(*objectname) [2ms]
2025-04-01 02:37:30.526 [info] > git status -z -uall [176ms]
2025-04-01 02:37:35.572 [info] > git config --get commit.template [5ms]
2025-04-01 02:37:35.574 [info] > git for-each-ref --format=%(refname)%00%(upstream:short)%00%(objectname)%00%(upstream:track)%00%(upstream:remotename)%00%(upstream:remoteref) refs/heads/master refs/remotes/master [2ms]
2025-04-01 02:37:35.587 [info] > git for-each-ref --sort -committerdate --format %(refname) %(objectname) %(*objectname) [2ms]
2025-04-01 02:37:35.758 [info] > git status -z -uall [180ms]
2025-04-01 02:37:40.806 [info] > git config --get commit.template [6ms]
2025-04-01 02:37:40.807 [info] > git for-each-ref --format=%(refname)%00%(upstream:short)%00%(objectname)%00%(upstream:track)%00%(upstream:remotename)%00%(upstream:remoteref) refs/heads/master refs/remotes/master [2ms]
2025-04-01 02:37:40.821 [info] > git for-each-ref --sort -committerdate --format %(refname) %(objectname) %(*objectname) [3ms]
2025-04-01 02:37:40.989 [info] > git status -z -uall [176ms]
2025-04-01 02:37:46.026 [info] > git config --get commit.template [5ms]
2025-04-01 02:37:46.027 [info] > git for-each-ref --format=%(refname)%00%(upstream:short)%00%(objectname)%00%(upstream:track)%00%(upstream:remotename)%00%(upstream:remoteref) refs/heads/master refs/remotes/master [2ms]
2025-04-01 02:37:46.039 [info] > git for-each-ref --sort -committerdate --format %(refname) %(objectname) %(*objectname) [2ms]
2025-04-01 02:37:46.208 [info] > git status -z -uall [176ms]
2025-04-01 02:37:51.246 [info] > git config --get commit.template [5ms]
2025-04-01 02:37:51.247 [info] > git for-each-ref --format=%(refname)%00%(upstream:short)%00%(objectname)%00%(upstream:track)%00%(upstream:remotename)%00%(upstream:remoteref) refs/heads/master refs/remotes/master [2ms]
2025-04-01 02:37:51.258 [info] > git for-each-ref --sort -committerdate --format %(refname) %(objectname) %(*objectname) [2ms]
2025-04-01 02:37:51.427 [info] > git status -z -uall [176ms]
2025-04-01 02:37:57.717 [info] > git config --get commit.template [6ms]
2025-04-01 02:37:57.718 [info] > git for-each-ref --format=%(refname)%00%(upstream:short)%00%(objectname)%00%(upstream:track)%00%(upstream:remotename)%00%(upstream:remoteref) refs/heads/master refs/remotes/master [2ms]
2025-04-01 02:37:57.729 [info] > git for-each-ref --sort -committerdate --format %(refname) %(objectname) %(*objectname) [2ms]
2025-04-01 02:37:57.899 [info] > git status -z -uall [177ms]
2025-04-01 02:38:22.886 [info] > git config --get commit.template [5ms]
2025-04-01 02:38:22.888 [info] > git for-each-ref --format=%(refname)%00%(upstream:short)%00%(objectname)%00%(upstream:track)%00%(upstream:remotename)%00%(upstream:remoteref) refs/heads/master refs/remotes/master [2ms]
2025-04-01 02:38:22.902 [info] > git for-each-ref --sort -committerdate --format %(refname) %(objectname) %(*objectname) [2ms]
2025-04-01 02:38:23.072 [info] > git status -z -uall [178ms]
2025-04-01 02:38:28.121 [info] > git config --get commit.template [5ms]
2025-04-01 02:38:28.122 [info] > git for-each-ref --format=%(refname)%00%(upstream:short)%00%(objectname)%00%(upstream:track)%00%(upstream:remotename)%00%(upstream:remoteref) refs/heads/master refs/remotes/master [2ms]
2025-04-01 02:38:28.134 [info] > git for-each-ref --sort -committerdate --format %(refname) %(objectname) %(*objectname) [2ms]
2025-04-01 02:38:28.309 [info] > git status -z -uall [182ms]
2025-04-01 02:39:05.031 [info] > git config --get commit.template [6ms]
2025-04-01 02:39:05.032 [info] > git for-each-ref --format=%(refname)%00%(upstream:short)%00%(objectname)%00%(upstream:track)%00%(upstream:remotename)%00%(upstream:remoteref) refs/heads/master refs/remotes/master [2ms]
2025-04-01 02:39:05.046 [info] > git for-each-ref --sort -committerdate --format %(refname) %(objectname) %(*objectname) [3ms]
2025-04-01 02:39:05.216 [info] > git status -z -uall [179ms]
2025-04-01 02:39:10.265 [info] > git config --get commit.template [5ms]
2025-04-01 02:39:10.267 [info] > git for-each-ref --format=%(refname)%00%(upstream:short)%00%(objectname)%00%(upstream:track)%00%(upstream:remotename)%00%(upstream:remoteref) refs/heads/master refs/remotes/master [2ms]
2025-04-01 02:39:10.279 [info] > git for-each-ref --sort -committerdate --format %(refname) %(objectname) %(*objectname) [2ms]
2025-04-01 02:39:10.450 [info] > git status -z -uall [178ms]
2025-04-01 02:39:15.493 [info] > git config --get commit.template [5ms]
2025-04-01 02:39:15.494 [info] > git for-each-ref --format=%(refname)%00%(upstream:short)%00%(objectname)%00%(upstream:track)%00%(upstream:remotename)%00%(upstream:remoteref) refs/heads/master refs/remotes/master [2ms]
2025-04-01 02:39:15.506 [info] > git for-each-ref --sort -committerdate --format %(refname) %(objectname) %(*objectname) [2ms]
2025-04-01 02:39:15.673 [info] > git status -z -uall [174ms]
2025-04-01 02:39:20.716 [info] > git config --get commit.template [5ms]
2025-04-01 02:39:20.717 [info] > git for-each-ref --format=%(refname)%00%(upstream:short)%00%(objectname)%00%(upstream:track)%00%(upstream:remotename)%00%(upstream:remoteref) refs/heads/master refs/remotes/master [2ms]
2025-04-01 02:39:20.729 [info] > git for-each-ref --sort -committerdate --format %(refname) %(objectname) %(*objectname) [2ms]
2025-04-01 02:39:20.899 [info] > git status -z -uall [177ms]
2025-04-01 02:39:25.936 [info] > git config --get commit.template [5ms]
2025-04-01 02:39:25.938 [info] > git for-each-ref --format=%(refname)%00%(upstream:short)%00%(objectname)%00%(upstream:track)%00%(upstream:remotename)%00%(upstream:remoteref) refs/heads/master refs/remotes/master [2ms]
2025-04-01 02:39:25.949 [info] > git for-each-ref --sort -committerdate --format %(refname) %(objectname) %(*objectname) [2ms]
2025-04-01 02:39:26.118 [info] > git status -z -uall [176ms]
2025-04-01 02:39:31.158 [info] > git config --get commit.template [6ms]
2025-04-01 02:39:31.159 [info] > git for-each-ref --format=%(refname)%00%(upstream:short)%00%(objectname)%00%(upstream:track)%00%(upstream:remotename)%00%(upstream:remoteref) refs/heads/master refs/remotes/master [2ms]
2025-04-01 02:39:31.173 [info] > git for-each-ref --sort -committerdate --format %(refname) %(objectname) %(*objectname) [2ms]
2025-04-01 02:39:31.346 [info] > git status -z -uall [181ms]
2025-04-01 02:39:36.390 [info] > git config --get commit.template [5ms]
2025-04-01 02:39:36.392 [info] > git for-each-ref --format=%(refname)%00%(upstream:short)%00%(objectname)%00%(upstream:track)%00%(upstream:remotename)%00%(upstream:remoteref) refs/heads/master refs/remotes/master [1ms]
2025-04-01 02:39:36.404 [info] > git for-each-ref --sort -committerdate --format %(refname) %(objectname) %(*objectname) [2ms]
2025-04-01 02:39:36.575 [info] > git status -z -uall [178ms]
2025-04-01 02:39:48.727 [info] > git config --get commit.template [5ms]
2025-04-01 02:39:48.729 [info] > git for-each-ref --format=%(refname)%00%(upstream:short)%00%(objectname)%00%(upstream:track)%00%(upstream:remotename)%00%(upstream:remoteref) refs/heads/master refs/remotes/master [1ms]
2025-04-01 02:39:48.741 [info] > git for-each-ref --sort -committerdate --format %(refname) %(objectname) %(*objectname) [1ms]
2025-04-01 02:39:48.911 [info] > git status -z -uall [178ms]
2025-04-01 02:39:53.958 [info] > git config --get commit.template [5ms]
2025-04-01 02:39:53.960 [info] > git for-each-ref --format=%(refname)%00%(upstream:short)%00%(objectname)%00%(upstream:track)%00%(upstream:remotename)%00%(upstream:remoteref) refs/heads/master refs/remotes/master [2ms]
2025-04-01 02:39:53.972 [info] > git for-each-ref --sort -committerdate --format %(refname) %(objectname) %(*objectname) [2ms]
2025-04-01 02:39:54.141 [info] > git status -z -uall [177ms]
2025-04-01 02:40:15.939 [info] > git check-ignore -v -z --stdin [2ms]
2025-04-01 02:40:30.039 [info] > git config --get commit.template [5ms]
2025-04-01 02:40:30.041 [info] > git for-each-ref --format=%(refname)%00%(upstream:short)%00%(objectname)%00%(upstream:track)%00%(upstream:remotename)%00%(upstream:remoteref) refs/heads/master refs/remotes/master [1ms]
2025-04-01 02:40:30.054 [info] > git for-each-ref --sort -committerdate --format %(refname) %(objectname) %(*objectname) [4ms]
2025-04-01 02:40:30.221 [info] > git status -z -uall [176ms]
2025-04-01 02:40:35.277 [info] > git config --get commit.template [6ms]
2025-04-01 02:40:35.278 [info] > git for-each-ref --format=%(refname)%00%(upstream:short)%00%(objectname)%00%(upstream:track)%00%(upstream:remotename)%00%(upstream:remoteref) refs/heads/master refs/remotes/master [2ms]
2025-04-01 02:40:35.291 [info] > git for-each-ref --sort -committerdate --format %(refname) %(objectname) %(*objectname) [2ms]
2025-04-01 02:40:35.459 [info] > git status -z -uall [176ms]
2025-04-01 02:40:40.501 [info] > git config --get commit.template [5ms]
2025-04-01 02:40:40.502 [info] > git for-each-ref --format=%(refname)%00%(upstream:short)%00%(objectname)%00%(upstream:track)%00%(upstream:remotename)%00%(upstream:remoteref) refs/heads/master refs/remotes/master [2ms]
2025-04-01 02:40:40.514 [info] > git for-each-ref --sort -committerdate --format %(refname) %(objectname) %(*objectname) [2ms]
2025-04-01 02:40:40.683 [info] > git status -z -uall [176ms]
2025-04-01 02:40:42.260 [info] > git show --textconv :main.py [5ms]
2025-04-01 02:40:42.262 [info] > git ls-files --stage -- /home/apoorvtripathi537/main.py [3ms]
2025-04-01 02:40:42.269 [info] > git cat-file -s ec7b915dba87cdcfd21c35fe04a3a3fec379e65a [1ms]
2025-04-01 02:40:45.720 [info] > git config --get commit.template [5ms]
2025-04-01 02:40:45.722 [info] > git for-each-ref --format=%(refname)%00%(upstream:short)%00%(objectname)%00%(upstream:track)%00%(upstream:remotename)%00%(upstream:remoteref) refs/heads/master refs/remotes/master [3ms]
2025-04-01 02:40:45.733 [info] > git for-each-ref --sort -committerdate --format %(refname) %(objectname) %(*objectname) [2ms]
2025-04-01 02:40:45.902 [info] > git status -z -uall [176ms]
2025-04-01 02:40:48.642 [info] > git show --textconv :main.py [6ms]
2025-04-01 02:40:48.644 [info] > git ls-files --stage -- /home/apoorvtripathi537/main.py [3ms]
2025-04-01 02:40:48.650 [info] > git cat-file -s ec7b915dba87cdcfd21c35fe04a3a3fec379e65a [2ms]
2025-04-01 02:40:50.934 [info] > git config --get commit.template [5ms]
2025-04-01 02:40:50.936 [info] > git for-each-ref --format=%(refname)%00%(upstream:short)%00%(objectname)%00%(upstream:track)%00%(upstream:remotename)%00%(upstream:remoteref) refs/heads/master refs/remotes/master [3ms]
2025-04-01 02:40:50.947 [info] > git for-each-ref --sort -committerdate --format %(refname) %(objectname) %(*objectname) [2ms]
2025-04-01 02:40:51.119 [info] > git status -z -uall [179ms]
2025-04-01 02:40:56.151 [info] > git config --get commit.template [5ms]
2025-04-01 02:40:56.153 [info] > git for-each-ref --format=%(refname)%00%(upstream:short)%00%(objectname)%00%(upstream:track)%00%(upstream:remotename)%00%(upstream:remoteref) refs/heads/master refs/remotes/master [2ms]
2025-04-01 02:40:56.166 [info] > git for-each-ref --sort -committerdate --format %(refname) %(objectname) %(*objectname) [2ms]
2025-04-01 02:40:56.343 [info] > git status -z -uall [185ms]
2025-04-01 02:40:56.343 [info] > git show --textconv :main.py [6ms]
2025-04-01 02:40:56.374 [info] > git ls-files --stage -- /home/apoorvtripathi537/main.py [32ms]
2025-04-01 02:40:56.381 [info] > git cat-file -s ec7b915dba87cdcfd21c35fe04a3a3fec379e65a [2ms]
2025-04-01 02:41:01.385 [info] > git config --get commit.template [5ms]
2025-04-01 02:41:01.387 [info] > git for-each-ref --format=%(refname)%00%(upstream:short)%00%(objectname)%00%(upstream:track)%00%(upstream:remotename)%00%(upstream:remoteref) refs/heads/master refs/remotes/master [2ms]
2025-04-01 02:41:01.400 [info] > git for-each-ref --sort -committerdate --format %(refname) %(objectname) %(*objectname) [2ms]
2025-04-01 02:41:01.570 [info] > git status -z -uall [178ms]
2025-04-01 02:41:04.733 [info] > git show --textconv :main.py [5ms]
2025-04-01 02:41:04.735 [info] > git ls-files --stage -- /home/apoorvtripathi537/main.py [3ms]
2025-04-01 02:41:04.740 [info] > git cat-file -s ec7b915dba87cdcfd21c35fe04a3a3fec379e65a [1ms]
2025-04-01 02:41:06.604 [info] > git config --get commit.template [5ms]
2025-04-01 02:41:06.606 [info] > git for-each-ref --format=%(refname)%00%(upstream:short)%00%(objectname)%00%(upstream:track)%00%(upstream:remotename)%00%(upstream:remoteref) refs/heads/master refs/remotes/master [2ms]
2025-04-01 02:41:06.617 [info] > git for-each-ref --sort -committerdate --format %(refname) %(objectname) %(*objectname) [2ms]
2025-04-01 02:41:06.788 [info] > git status -z -uall [178ms]
2025-04-01 02:41:15.246 [info] > git config --get commit.template [5ms]
2025-04-01 02:41:15.248 [info] > git for-each-ref --format=%(refname)%00%(upstream:short)%00%(objectname)%00%(upstream:track)%00%(upstream:remotename)%00%(upstream:remoteref) refs/heads/master refs/remotes/master [2ms]
2025-04-01 02:41:15.260 [info] > git for-each-ref --sort -committerdate --format %(refname) %(objectname) %(*objectname) [2ms]
2025-04-01 02:41:15.428 [info] > git status -z -uall [175ms]
2025-04-01 02:41:20.459 [info] > git config --get commit.template [5ms]
2025-04-01 02:41:20.460 [info] > git for-each-ref --format=%(refname)%00%(upstream:short)%00%(objectname)%00%(upstream:track)%00%(upstream:remotename)%00%(upstream:remoteref) refs/heads/master refs/remotes/master [2ms]
2025-04-01 02:41:20.471 [info] > git for-each-ref --sort -committerdate --format %(refname) %(objectname) %(*objectname) [2ms]
2025-04-01 02:41:20.641 [info] > git status -z -uall [177ms]
2025-04-01 02:42:06.166 [info] > git config --get commit.template [5ms]
2025-04-01 02:42:06.168 [info] > git for-each-ref --format=%(refname)%00%(upstream:short)%00%(objectname)%00%(upstream:track)%00%(upstream:remotename)%00%(upstream:remoteref) refs/heads/master refs/remotes/master [1ms]
2025-04-01 02:42:06.180 [info] > git for-each-ref --sort -committerdate --format %(refname) %(objectname) %(*objectname) [2ms]
2025-04-01 02:42:06.353 [info] > git status -z -uall [180ms]
2025-04-01 02:43:43.576 [info] > git check-ignore -v -z --stdin [2ms]
2025-04-01 02:48:16.163 [info] > git config --get commit.template [2ms]
2025-04-01 02:48:16.170 [info] > git for-each-ref --format=%(refname)%00%(upstream:short)%00%(objectname)%00%(upstream:track)%00%(upstream:remotename)%00%(upstream:remoteref) refs/heads/master refs/remotes/master [3ms]
2025-04-01 02:48:16.184 [info] > git for-each-ref --sort -committerdate --format %(refname) %(objectname) %(*objectname) [3ms]
2025-04-01 02:48:16.354 [info] > git status -z -uall [179ms]
2025-04-01 02:48:49.680 [info] > git config --get commit.template [5ms]
2025-04-01 02:48:49.682 [info] > git for-each-ref --format=%(refname)%00%(upstream:short)%00%(objectname)%00%(upstream:track)%00%(upstream:remotename)%00%(upstream:remoteref) refs/heads/master refs/remotes/master [3ms]
2025-04-01 02:48:49.695 [info] > git for-each-ref --sort -committerdate --format %(refname) %(objectname) %(*objectname) [1ms]
2025-04-01 02:48:49.863 [info] > git status -z -uall [177ms]
2025-04-01 02:48:54.912 [info] > git config --get commit.template [5ms]
2025-04-01 02:48:54.913 [info] > git for-each-ref --format=%(refname)%00%(upstream:short)%00%(objectname)%00%(upstream:track)%00%(upstream:remotename)%00%(upstream:remoteref) refs/heads/master refs/remotes/master [2ms]
2025-04-01 02:48:54.925 [info] > git for-each-ref --sort -committerdate --format %(refname) %(objectname) %(*objectname) [2ms]
2025-04-01 02:48:55.095 [info] > git status -z -uall [177ms]
2025-04-01 02:51:41.570 [info] > git config --get commit.template [6ms]
2025-04-01 02:51:41.571 [info] > git for-each-ref --format=%(refname)%00%(upstream:short)%00%(objectname)%00%(upstream:track)%00%(upstream:remotename)%00%(upstream:remoteref) refs/heads/master refs/remotes/master [2ms]
2025-04-01 02:51:41.585 [info] > git for-each-ref --sort -committerdate --format %(refname) %(objectname) %(*objectname) [2ms]
2025-04-01 02:51:41.760 [info] > git status -z -uall [185ms]
2025-04-01 02:51:46.809 [info] > git config --get commit.template [5ms]
2025-04-01 02:51:46.810 [info] > git for-each-ref --format=%(refname)%00%(upstream:short)%00%(objectname)%00%(upstream:track)%00%(upstream:remotename)%00%(upstream:remoteref) refs/heads/master refs/remotes/master [2ms]
2025-04-01 02:51:46.822 [info] > git for-each-ref --sort -committerdate --format %(refname) %(objectname) %(*objectname) [2ms]
2025-04-01 02:51:46.992 [info] > git status -z -uall [177ms]
2025-04-01 02:51:52.035 [info] > git config --get commit.template [5ms]
2025-04-01 02:51:52.037 [info] > git for-each-ref --format=%(refname)%00%(upstream:short)%00%(objectname)%00%(upstream:track)%00%(upstream:remotename)%00%(upstream:remoteref) refs/heads/master refs/remotes/master [3ms]
2025-04-01 02:51:52.050 [info] > git for-each-ref --sort -committerdate --format %(refname) %(objectname) %(*objectname) [2ms]
2025-04-01 02:51:52.220 [info] > git status -z -uall [178ms]
2025-04-01 02:55:09.838 [info] > git for-each-ref --format=%(refname)%00%(upstream:short)%00%(objectname)%00%(upstream:track)%00%(upstream:remotename)%00%(upstream:remoteref) refs/heads/master refs/remotes/master [2ms]
2025-04-01 02:55:09.838 [info] > git config --get commit.template [8ms]
2025-04-01 02:55:09.852 [info] > git for-each-ref --sort -committerdate --format %(refname) %(objectname) %(*objectname) [2ms]
2025-04-01 02:55:10.022 [info] > git status -z -uall [179ms]
2025-04-01 02:55:15.067 [info] > git config --get commit.template [2ms]
2025-04-01 02:55:15.074 [info] > git for-each-ref --format=%(refname)%00%(upstream:short)%00%(objectname)%00%(upstream:track)%00%(upstream:remotename)%00%(upstream:remoteref) refs/heads/master refs/remotes/master [2ms]
2025-04-01 02:55:15.087 [info] > git for-each-ref --sort -committerdate --format %(refname) %(objectname) %(*objectname) [2ms]
2025-04-01 02:55:15.255 [info] > git status -z -uall [175ms]
2025-04-01 02:55:20.297 [info] > git config --get commit.template [5ms]
2025-04-01 02:55:20.299 [info] > git for-each-ref --format=%(refname)%00%(upstream:short)%00%(objectname)%00%(upstream:track)%00%(upstream:remotename)%00%(upstream:remoteref) refs/heads/master refs/remotes/master [2ms]
2025-04-01 02:55:20.312 [info] > git for-each-ref --sort -committerdate --format %(refname) %(objectname) %(*objectname) [2ms]
2025-04-01 02:55:20.480 [info] > git status -z -uall [176ms]
2025-04-01 02:55:25.518 [info] > git config --get commit.template [5ms]
2025-04-01 02:55:25.519 [info] > git for-each-ref --format=%(refname)%00%(upstream:short)%00%(objectname)%00%(upstream:track)%00%(upstream:remotename)%00%(upstream:remoteref) refs/heads/master refs/remotes/master [2ms]
2025-04-01 02:55:25.531 [info] > git for-each-ref --sort -committerdate --format %(refname) %(objectname) %(*objectname) [2ms]
2025-04-01 02:55:25.702 [info] > git status -z -uall [178ms]
2025-04-01 02:55:30.735 [info] > git for-each-ref --format=%(refname)%00%(upstream:short)%00%(objectname)%00%(upstream:track)%00%(upstream:remotename)%00%(upstream:remoteref) refs/heads/master refs/remotes/master [3ms]
2025-04-01 02:55:30.735 [info] > git config --get commit.template [8ms]
2025-04-01 02:55:30.748 [info] > git for-each-ref --sort -committerdate --format %(refname) %(objectname) %(*objectname) [2ms]
2025-04-01 02:55:30.921 [info] > git status -z -uall [181ms]
2025-04-01 02:55:35.953 [info] > git config --get commit.template [6ms]
2025-04-01 02:55:35.954 [info] > git for-each-ref --format=%(refname)%00%(upstream:short)%00%(objectname)%00%(upstream:track)%00%(upstream:remotename)%00%(upstream:remoteref) refs/heads/master refs/remotes/master [2ms]
2025-04-01 02:55:35.967 [info] > git for-each-ref --sort -committerdate --format %(refname) %(objectname) %(*objectname) [2ms]
2025-04-01 02:55:36.139 [info] > git status -z -uall [180ms]
2025-04-01 02:55:41.176 [info] > git config --get commit.template [6ms]
2025-04-01 02:55:41.178 [info] > git for-each-ref --format=%(refname)%00%(upstream:short)%00%(objectname)%00%(upstream:track)%00%(upstream:remotename)%00%(upstream:remoteref) refs/heads/master refs/remotes/master [3ms]
2025-04-01 02:55:41.192 [info] > git for-each-ref --sort -committerdate --format %(refname) %(objectname) %(*objectname) [2ms]
2025-04-01 02:55:41.361 [info] > git status -z -uall [177ms]
2025-04-01 02:55:47.000 [info] > git config --get commit.template [6ms]
2025-04-01 02:55:47.001 [info] > git for-each-ref --format=%(refname)%00%(upstream:short)%00%(objectname)%00%(upstream:track)%00%(upstream:remotename)%00%(upstream:remoteref) refs/heads/master refs/remotes/master [2ms]
2025-04-01 02:55:47.015 [info] > git for-each-ref --sort -committerdate --format %(refname) %(objectname) %(*objectname) [2ms]
2025-04-01 02:55:47.184 [info] > git status -z -uall [176ms]
2025-04-01 02:55:52.216 [info] > git config --get commit.template [5ms]
2025-04-01 02:55:52.217 [info] > git for-each-ref --format=%(refname)%00%(upstream:short)%00%(objectname)%00%(upstream:track)%00%(upstream:remotename)%00%(upstream:remoteref) refs/heads/master refs/remotes/master [2ms]
2025-04-01 02:55:52.229 [info] > git for-each-ref --sort -committerdate --format %(refname) %(objectname) %(*objectname) [2ms]
2025-04-01 02:55:52.399 [info] > git status -z -uall [177ms]
2025-04-01 02:55:57.430 [info] > git config --get commit.template [6ms]
2025-04-01 02:55:57.432 [info] > git for-each-ref --format=%(refname)%00%(upstream:short)%00%(objectname)%00%(upstream:track)%00%(upstream:remotename)%00%(upstream:remoteref) refs/heads/master refs/remotes/master [3ms]
2025-04-01 02:55:57.445 [info] > git for-each-ref --sort -committerdate --format %(refname) %(objectname) %(*objectname) [3ms]
2025-04-01 02:55:57.640 [info] > git status -z -uall [203ms]
2025-04-01 02:56:02.670 [info] > git config --get commit.template [5ms]
2025-04-01 02:56:02.671 [info] > git for-each-ref --format=%(refname)%00%(upstream:short)%00%(objectname)%00%(upstream:track)%00%(upstream:remotename)%00%(upstream:remoteref) refs/heads/master refs/remotes/master [2ms]
2025-04-01 02:56:02.683 [info] > git for-each-ref --sort -committerdate --format %(refname) %(objectname) %(*objectname) [2ms]
2025-04-01 02:56:02.859 [info] > git status -z -uall [183ms]
2025-04-01 02:56:08.014 [info] > git config --get commit.template [5ms]
2025-04-01 02:56:08.015 [info] > git for-each-ref --format=%(refname)%00%(upstream:short)%00%(objectname)%00%(upstream:track)%00%(upstream:remotename)%00%(upstream:remoteref) refs/heads/master refs/remotes/master [2ms]
2025-04-01 02:56:08.028 [info] > git for-each-ref --sort -committerdate --format %(refname) %(objectname) %(*objectname) [1ms]
2025-04-01 02:56:08.198 [info] > git status -z -uall [178ms]
2025-04-01 02:56:13.235 [info] > git config --get commit.template [6ms]
2025-04-01 02:56:13.236 [info] > git for-each-ref --format=%(refname)%00%(upstream:short)%00%(objectname)%00%(upstream:track)%00%(upstream:remotename)%00%(upstream:remoteref) refs/heads/master refs/remotes/master [2ms]
2025-04-01 02:56:13.249 [info] > git for-each-ref --sort -committerdate --format %(refname) %(objectname) %(*objectname) [2ms]
2025-04-01 02:56:13.417 [info] > git status -z -uall [176ms]
2025-04-01 02:56:18.454 [info] > git config --get commit.template [5ms]
2025-04-01 02:56:18.456 [info] > git for-each-ref --format=%(refname)%00%(upstream:short)%00%(objectname)%00%(upstream:track)%00%(upstream:remotename)%00%(upstream:remoteref) refs/heads/master refs/remotes/master [1ms]
2025-04-01 02:56:18.469 [info] > git for-each-ref --sort -committerdate --format %(refname) %(objectname) %(*objectname) [2ms]
2025-04-01 02:56:18.637 [info] > git status -z -uall [176ms]
2025-04-01 02:56:23.682 [info] > git config --get commit.template [5ms]
2025-04-01 02:56:23.683 [info] > git for-each-ref --format=%(refname)%00%(upstream:short)%00%(objectname)%00%(upstream:track)%00%(upstream:remotename)%00%(upstream:remoteref) refs/heads/master refs/remotes/master [2ms]
2025-04-01 02:56:23.696 [info] > git for-each-ref --sort -committerdate --format %(refname) %(objectname) %(*objectname) [2ms]
2025-04-01 02:56:23.866 [info] > git status -z -uall [178ms]
2025-04-01 02:56:28.903 [info] > git config --get commit.template [5ms]
2025-04-01 02:56:28.907 [info] > git for-each-ref --format=%(refname)%00%(upstream:short)%00%(objectname)%00%(upstream:track)%00%(upstream:remotename)%00%(upstream:remoteref) refs/heads/master refs/remotes/master [5ms]
2025-04-01 02:56:28.937 [info] > git for-each-ref --sort -committerdate --format %(refname) %(objectname) %(*objectname) [1ms]
2025-04-01 02:56:29.237 [info] > git status -z -uall [311ms]
2025-04-01 02:56:34.318 [info] > git config --get commit.template [6ms]
2025-04-01 02:56:34.319 [info] > git for-each-ref --format=%(refname)%00%(upstream:short)%00%(objectname)%00%(upstream:track)%00%(upstream:remotename)%00%(upstream:remoteref) refs/heads/master refs/remotes/master [2ms]
2025-04-01 02:56:34.333 [info] > git for-each-ref --sort -committerdate --format %(refname) %(objectname) %(*objectname) [1ms]
2025-04-01 02:56:34.501 [info] > git status -z -uall [176ms]
2025-04-01 02:56:39.541 [info] > git config --get commit.template [6ms]
2025-04-01 02:56:39.543 [info] > git for-each-ref --format=%(refname)%00%(upstream:short)%00%(objectname)%00%(upstream:track)%00%(upstream:remotename)%00%(upstream:remoteref) refs/heads/master refs/remotes/master [1ms]
2025-04-01 02:56:39.557 [info] > git for-each-ref --sort -committerdate --format %(refname) %(objectname) %(*objectname) [2ms]
2025-04-01 02:56:39.726 [info] > git status -z -uall [178ms]
2025-04-01 02:56:44.764 [info] > git config --get commit.template [6ms]
2025-04-01 02:56:44.766 [info] > git for-each-ref --format=%(refname)%00%(upstream:short)%00%(objectname)%00%(upstream:track)%00%(upstream:remotename)%00%(upstream:remoteref) refs/heads/master refs/remotes/master [2ms]
2025-04-01 02:56:44.779 [info] > git for-each-ref --sort -committerdate --format %(refname) %(objectname) %(*objectname) [2ms]
2025-04-01 02:56:44.948 [info] > git status -z -uall [177ms]
2025-04-01 02:56:49.980 [info] > git config --get commit.template [5ms]
2025-04-01 02:56:49.981 [info] > git for-each-ref --format=%(refname)%00%(upstream:short)%00%(objectname)%00%(upstream:track)%00%(upstream:remotename)%00%(upstream:remoteref) refs/heads/master refs/remotes/master [2ms]
2025-04-01 02:56:49.995 [info] > git for-each-ref --sort -committerdate --format %(refname) %(objectname) %(*objectname) [2ms]
2025-04-01 02:56:50.168 [info] > git status -z -uall [182ms]
2025-04-01 02:56:55.202 [info] > git config --get commit.template [6ms]
2025-04-01 02:56:55.203 [info] > git for-each-ref --format=%(refname)%00%(upstream:short)%00%(objectname)%00%(upstream:track)%00%(upstream:remotename)%00%(upstream:remoteref) refs/heads/master refs/remotes/master [2ms]
2025-04-01 02:56:55.216 [info] > git for-each-ref --sort -committerdate --format %(refname) %(objectname) %(*objectname) [2ms]
2025-04-01 02:56:55.384 [info] > git status -z -uall [176ms]
2025-04-01 02:57:00.416 [info] > git config --get commit.template [6ms]
2025-04-01 02:57:00.419 [info] > git for-each-ref --format=%(refname)%00%(upstream:short)%00%(objectname)%00%(upstream:track)%00%(upstream:remotename)%00%(upstream:remoteref) refs/heads/master refs/remotes/master [4ms]
2025-04-01 02:57:00.443 [info] > git for-each-ref --sort -committerdate --format %(refname) %(objectname) %(*objectname) [1ms]
2025-04-01 02:57:00.614 [info] > git status -z -uall [179ms]
2025-04-01 02:57:05.646 [info] > git config --get commit.template [6ms]
2025-04-01 02:57:05.648 [info] > git for-each-ref --format=%(refname)%00%(upstream:short)%00%(objectname)%00%(upstream:track)%00%(upstream:remotename)%00%(upstream:remoteref) refs/heads/master refs/remotes/master [2ms]
2025-04-01 02:57:05.661 [info] > git for-each-ref --sort -committerdate --format %(refname) %(objectname) %(*objectname) [2ms]
2025-04-01 02:57:05.832 [info] > git status -z -uall [179ms]
2025-04-01 02:57:10.864 [info] > git config --get commit.template [5ms]
2025-04-01 02:57:10.866 [info] > git for-each-ref --format=%(refname)%00%(upstream:short)%00%(objectname)%00%(upstream:track)%00%(upstream:remotename)%00%(upstream:remoteref) refs/heads/master refs/remotes/master [2ms]
2025-04-01 02:57:10.879 [info] > git for-each-ref --sort -committerdate --format %(refname) %(objectname) %(*objectname) [2ms]
2025-04-01 02:57:11.047 [info] > git status -z -uall [176ms]
2025-04-01 02:57:16.078 [info] > git config --get commit.template [5ms]
2025-04-01 02:57:16.079 [info] > git for-each-ref --format=%(refname)%00%(upstream:short)%00%(objectname)%00%(upstream:track)%00%(upstream:remotename)%00%(upstream:remoteref) refs/heads/master refs/remotes/master [2ms]
2025-04-01 02:57:16.092 [info] > git for-each-ref --sort -committerdate --format %(refname) %(objectname) %(*objectname) [2ms]
2025-04-01 02:57:16.261 [info] > git status -z -uall [177ms]
2025-04-01 02:57:21.296 [info] > git config --get commit.template [6ms]
2025-04-01 02:57:21.297 [info] > git for-each-ref --format=%(refname)%00%(upstream:short)%00%(objectname)%00%(upstream:track)%00%(upstream:remotename)%00%(upstream:remoteref) refs/heads/master refs/remotes/master [2ms]
2025-04-01 02:57:21.310 [info] > git for-each-ref --sort -committerdate --format %(refname) %(objectname) %(*objectname) [2ms]
2025-04-01 02:57:21.480 [info] > git status -z -uall [178ms]
2025-04-01 02:57:26.511 [info] > git config --get commit.template [5ms]
2025-04-01 02:57:26.512 [info] > git for-each-ref --format=%(refname)%00%(upstream:short)%00%(objectname)%00%(upstream:track)%00%(upstream:remotename)%00%(upstream:remoteref) refs/heads/master refs/remotes/master [1ms]
2025-04-01 02:57:26.525 [info] > git for-each-ref --sort -committerdate --format %(refname) %(objectname) %(*objectname) [2ms]
2025-04-01 02:57:26.696 [info] > git status -z -uall [178ms]
2025-04-01 02:57:31.744 [info] > git config --get commit.template [3ms]
2025-04-01 02:57:31.751 [info] > git for-each-ref --format=%(refname)%00%(upstream:short)%00%(objectname)%00%(upstream:track)%00%(upstream:remotename)%00%(upstream:remoteref) refs/heads/master refs/remotes/master [1ms]
2025-04-01 02:57:31.764 [info] > git for-each-ref --sort -committerdate --format %(refname) %(objectname) %(*objectname) [2ms]
2025-04-01 02:57:31.932 [info] > git status -z -uall [176ms]
2025-04-01 02:57:36.969 [info] > git config --get commit.template [5ms]
2025-04-01 02:57:36.971 [info] > git for-each-ref --format=%(refname)%00%(upstream:short)%00%(objectname)%00%(upstream:track)%00%(upstream:remotename)%00%(upstream:remoteref) refs/heads/master refs/remotes/master [1ms]
2025-04-01 02:57:36.982 [info] > git for-each-ref --sort -committerdate --format %(refname) %(objectname) %(*objectname) [2ms]
2025-04-01 02:57:37.154 [info] > git status -z -uall [179ms]
2025-04-01 02:57:42.184 [info] > git config --get commit.template [6ms]
2025-04-01 02:57:42.185 [info] > git for-each-ref --format=%(refname)%00%(upstream:short)%00%(objectname)%00%(upstream:track)%00%(upstream:remotename)%00%(upstream:remoteref) refs/heads/master refs/remotes/master [2ms]
2025-04-01 02:57:42.208 [info] > git for-each-ref --sort -committerdate --format %(refname) %(objectname) %(*objectname) [2ms]
2025-04-01 02:57:42.376 [info] > git status -z -uall [176ms]
2025-04-01 02:57:47.410 [info] > git config --get commit.template [5ms]
2025-04-01 02:57:47.411 [info] > git for-each-ref --format=%(refname)%00%(upstream:short)%00%(objectname)%00%(upstream:track)%00%(upstream:remotename)%00%(upstream:remoteref) refs/heads/master refs/remotes/master [2ms]
2025-04-01 02:57:47.424 [info] > git for-each-ref --sort -committerdate --format %(refname) %(objectname) %(*objectname) [2ms]
2025-04-01 02:57:47.618 [info] > git status -z -uall [202ms]
2025-04-01 02:57:52.656 [info] > git config --get commit.template [5ms]
2025-04-01 02:57:52.657 [info] > git for-each-ref --format=%(refname)%00%(upstream:short)%00%(objectname)%00%(upstream:track)%00%(upstream:remotename)%00%(upstream:remoteref) refs/heads/master refs/remotes/master [2ms]
2025-04-01 02:57:52.669 [info] > git for-each-ref --sort -committerdate --format %(refname) %(objectname) %(*objectname) [2ms]
2025-04-01 02:57:52.838 [info] > git status -z -uall [177ms]
2025-04-01 02:57:57.870 [info] > git config --get commit.template [5ms]
2025-04-01 02:57:57.872 [info] > git for-each-ref --format=%(refname)%00%(upstream:short)%00%(objectname)%00%(upstream:track)%00%(upstream:remotename)%00%(upstream:remoteref) refs/heads/master refs/remotes/master [3ms]
2025-04-01 02:57:57.885 [info] > git for-each-ref --sort -committerdate --format %(refname) %(objectname) %(*objectname) [2ms]
2025-04-01 02:57:58.055 [info] > git status -z -uall [178ms]
2025-04-01 02:58:03.097 [info] > git config --get commit.template [6ms]
2025-04-01 02:58:03.098 [info] > git for-each-ref --format=%(refname)%00%(upstream:short)%00%(objectname)%00%(upstream:track)%00%(upstream:remotename)%00%(upstream:remoteref) refs/heads/master refs/remotes/master [2ms]
2025-04-01 02:58:03.120 [info] > git for-each-ref --sort -committerdate --format %(refname) %(objectname) %(*objectname) [2ms]
2025-04-01 02:58:03.290 [info] > git status -z -uall [178ms]
2025-04-01 02:58:08.334 [info] > git config --get commit.template [6ms]
2025-04-01 02:58:08.335 [info] > git for-each-ref --format=%(refname)%00%(upstream:short)%00%(objectname)%00%(upstream:track)%00%(upstream:remotename)%00%(upstream:remoteref) refs/heads/master refs/remotes/master [2ms]
2025-04-01 02:58:08.347 [info] > git for-each-ref --sort -committerdate --format %(refname) %(objectname) %(*objectname) [2ms]
2025-04-01 02:58:08.515 [info] > git status -z -uall [175ms]
2025-04-01 02:58:13.547 [info] > git config --get commit.template [6ms]
2025-04-01 02:58:13.548 [info] > git for-each-ref --format=%(refname)%00%(upstream:short)%00%(objectname)%00%(upstream:track)%00%(upstream:remotename)%00%(upstream:remoteref) refs/heads/master refs/remotes/master [2ms]
2025-04-01 02:58:13.561 [info] > git for-each-ref --sort -committerdate --format %(refname) %(objectname) %(*objectname) [2ms]
2025-04-01 02:58:13.731 [info] > git status -z -uall [177ms]
2025-04-01 02:58:18.769 [info] > git config --get commit.template [6ms]
2025-04-01 02:58:18.770 [info] > git for-each-ref --format=%(refname)%00%(upstream:short)%00%(objectname)%00%(upstream:track)%00%(upstream:remotename)%00%(upstream:remoteref) refs/heads/master refs/remotes/master [2ms]
2025-04-01 02:58:18.783 [info] > git for-each-ref --sort -committerdate --format %(refname) %(objectname) %(*objectname) [2ms]
2025-04-01 02:58:18.952 [info] > git status -z -uall [177ms]
2025-04-01 02:58:24.157 [info] > git config --get commit.template [6ms]
2025-04-01 02:58:24.158 [info] > git for-each-ref --format=%(refname)%00%(upstream:short)%00%(objectname)%00%(upstream:track)%00%(upstream:remotename)%00%(upstream:remoteref) refs/heads/master refs/remotes/master [2ms]
2025-04-01 02:58:24.175 [info] > git for-each-ref --sort -committerdate --format %(refname) %(objectname) %(*objectname) [2ms]
2025-04-01 02:58:24.345 [info] > git status -z -uall [178ms]
2025-04-01 02:58:29.382 [info] > git config --get commit.template [5ms]
2025-04-01 02:58:29.383 [info] > git for-each-ref --format=%(refname)%00%(upstream:short)%00%(objectname)%00%(upstream:track)%00%(upstream:remotename)%00%(upstream:remoteref) refs/heads/master refs/remotes/master [2ms]
2025-04-01 02:58:29.395 [info] > git for-each-ref --sort -committerdate --format %(refname) %(objectname) %(*objectname) [2ms]
2025-04-01 02:58:29.566 [info] > git status -z -uall [178ms]
2025-04-01 02:58:34.599 [info] > git config --get commit.template [5ms]
2025-04-01 02:58:34.601 [info] > git for-each-ref --format=%(refname)%00%(upstream:short)%00%(objectname)%00%(upstream:track)%00%(upstream:remotename)%00%(upstream:remoteref) refs/heads/master refs/remotes/master [2ms]
2025-04-01 02:58:34.613 [info] > git for-each-ref --sort -committerdate --format %(refname) %(objectname) %(*objectname) [2ms]
2025-04-01 02:58:34.783 [info] > git status -z -uall [178ms]
2025-04-01 02:58:39.817 [info] > git config --get commit.template [6ms]
2025-04-01 02:58:39.819 [info] > git for-each-ref --format=%(refname)%00%(upstream:short)%00%(objectname)%00%(upstream:track)%00%(upstream:remotename)%00%(upstream:remoteref) refs/heads/master refs/remotes/master [3ms]
2025-04-01 02:58:39.830 [info] > git for-each-ref --sort -committerdate --format %(refname) %(objectname) %(*objectname) [2ms]
2025-04-01 02:58:40.000 [info] > git status -z -uall [177ms]
2025-04-01 02:58:45.032 [info] > git config --get commit.template [6ms]
2025-04-01 02:58:45.033 [info] > git for-each-ref --format=%(refname)%00%(upstream:short)%00%(objectname)%00%(upstream:track)%00%(upstream:remotename)%00%(upstream:remoteref) refs/heads/master refs/remotes/master [2ms]
2025-04-01 02:58:45.059 [info] > git for-each-ref --sort -committerdate --format %(refname) %(objectname) %(*objectname) [2ms]
2025-04-01 02:58:45.229 [info] > git status -z -uall [179ms]
2025-04-01 02:58:50.273 [info] > git config --get commit.template [6ms]
2025-04-01 02:58:50.274 [info] > git for-each-ref --format=%(refname)%00%(upstream:short)%00%(objectname)%00%(upstream:track)%00%(upstream:remotename)%00%(upstream:remoteref) refs/heads/master refs/remotes/master [2ms]
2025-04-01 02:58:50.287 [info] > git for-each-ref --sort -committerdate --format %(refname) %(objectname) %(*objectname) [2ms]
2025-04-01 02:58:50.456 [info] > git status -z -uall [177ms]
2025-04-01 02:58:55.502 [info] > git config --get commit.template [6ms]
2025-04-01 02:58:55.503 [info] > git for-each-ref --format=%(refname)%00%(upstream:short)%00%(objectname)%00%(upstream:track)%00%(upstream:remotename)%00%(upstream:remoteref) refs/heads/master refs/remotes/master [2ms]
2025-04-01 02:58:55.517 [info] > git for-each-ref --sort -committerdate --format %(refname) %(objectname) %(*objectname) [2ms]
2025-04-01 02:58:55.685 [info] > git status -z -uall [176ms]
2025-04-01 02:59:00.721 [info] > git config --get commit.template [6ms]
2025-04-01 02:59:00.722 [info] > git for-each-ref --format=%(refname)%00%(upstream:short)%00%(objectname)%00%(upstream:track)%00%(upstream:remotename)%00%(upstream:remoteref) refs/heads/master refs/remotes/master [2ms]
2025-04-01 02:59:00.736 [info] > git for-each-ref --sort -committerdate --format %(refname) %(objectname) %(*objectname) [2ms]
2025-04-01 02:59:00.908 [info] > git status -z -uall [180ms]
2025-04-01 02:59:05.949 [info] > git for-each-ref --format=%(refname)%00%(upstream:short)%00%(objectname)%00%(upstream:track)%00%(upstream:remotename)%00%(upstream:remoteref) refs/heads/master refs/remotes/master [3ms]
2025-04-01 02:59:05.950 [info] > git config --get commit.template [7ms]
2025-04-01 02:59:05.964 [info] > git for-each-ref --sort -committerdate --format %(refname) %(objectname) %(*objectname) [2ms]
2025-04-01 02:59:06.133 [info] > git status -z -uall [177ms]
2025-04-01 02:59:11.164 [info] > git config --get commit.template [5ms]
2025-04-01 02:59:11.166 [info] > git for-each-ref --format=%(refname)%00%(upstream:short)%00%(objectname)%00%(upstream:track)%00%(upstream:remotename)%00%(upstream:remoteref) refs/heads/master refs/remotes/master [2ms]
2025-04-01 02:59:11.178 [info] > git for-each-ref --sort -committerdate --format %(refname) %(objectname) %(*objectname) [2ms]
2025-04-01 02:59:11.348 [info] > git status -z -uall [177ms]
2025-04-01 02:59:16.383 [info] > git config --get commit.template [6ms]
2025-04-01 02:59:16.384 [info] > git for-each-ref --format=%(refname)%00%(upstream:short)%00%(objectname)%00%(upstream:track)%00%(upstream:remotename)%00%(upstream:remoteref) refs/heads/master refs/remotes/master [2ms]
2025-04-01 02:59:16.398 [info] > git for-each-ref --sort -committerdate --format %(refname) %(objectname) %(*objectname) [2ms]
2025-04-01 02:59:16.571 [info] > git status -z -uall [180ms]
2025-04-01 02:59:21.602 [info] > git config --get commit.template [6ms]
2025-04-01 02:59:21.603 [info] > git for-each-ref --format=%(refname)%00%(upstream:short)%00%(objectname)%00%(upstream:track)%00%(upstream:remotename)%00%(upstream:remoteref) refs/heads/master refs/remotes/master [2ms]
2025-04-01 02:59:21.619 [info] > git for-each-ref --sort -committerdate --format %(refname) %(objectname) %(*objectname) [4ms]
2025-04-01 02:59:21.787 [info] > git status -z -uall [178ms]
2025-04-01 02:59:26.819 [info] > git config --get commit.template [6ms]
2025-04-01 02:59:26.821 [info] > git for-each-ref --format=%(refname)%00%(upstream:short)%00%(objectname)%00%(upstream:track)%00%(upstream:remotename)%00%(upstream:remoteref) refs/heads/master refs/remotes/master [2ms]
2025-04-01 02:59:26.833 [info] > git for-each-ref --sort -committerdate --format %(refname) %(objectname) %(*objectname) [2ms]
2025-04-01 02:59:27.002 [info] > git status -z -uall [175ms]
2025-04-01 02:59:32.041 [info] > git config --get commit.template [6ms]
2025-04-01 02:59:32.042 [info] > git for-each-ref --format=%(refname)%00%(upstream:short)%00%(objectname)%00%(upstream:track)%00%(upstream:remotename)%00%(upstream:remoteref) refs/heads/master refs/remotes/master [2ms]
2025-04-01 02:59:32.055 [info] > git for-each-ref --sort -committerdate --format %(refname) %(objectname) %(*objectname) [2ms]
2025-04-01 02:59:32.227 [info] > git status -z -uall [179ms]
2025-04-01 02:59:37.257 [info] > git config --get commit.template [5ms]
2025-04-01 02:59:37.259 [info] > git for-each-ref --format=%(refname)%00%(upstream:short)%00%(objectname)%00%(upstream:track)%00%(upstream:remotename)%00%(upstream:remoteref) refs/heads/master refs/remotes/master [2ms]
2025-04-01 02:59:37.272 [info] > git for-each-ref --sort -committerdate --format %(refname) %(objectname) %(*objectname) [3ms]
2025-04-01 02:59:37.445 [info] > git status -z -uall [181ms]
2025-04-01 02:59:42.480 [info] > git config --get commit.template [6ms]
2025-04-01 02:59:42.482 [info] > git for-each-ref --format=%(refname)%00%(upstream:short)%00%(objectname)%00%(upstream:track)%00%(upstream:remotename)%00%(upstream:remoteref) refs/heads/master refs/remotes/master [2ms]
2025-04-01 02:59:42.495 [info] > git for-each-ref --sort -committerdate --format %(refname) %(objectname) %(*objectname) [2ms]
2025-04-01 02:59:42.666 [info] > git status -z -uall [179ms]
2025-04-01 02:59:47.698 [info] > git config --get commit.template [6ms]
2025-04-01 02:59:47.701 [info] > git for-each-ref --format=%(refname)%00%(upstream:short)%00%(objectname)%00%(upstream:track)%00%(upstream:remotename)%00%(upstream:remoteref) refs/heads/master refs/remotes/master [4ms]
2025-04-01 02:59:47.714 [info] > git for-each-ref --sort -committerdate --format %(refname) %(objectname) %(*objectname) [2ms]
2025-04-01 02:59:47.887 [info] > git status -z -uall [181ms]
2025-04-01 02:59:52.934 [info] > git config --get commit.template [6ms]
2025-04-01 02:59:52.935 [info] > git for-each-ref --format=%(refname)%00%(upstream:short)%00%(objectname)%00%(upstream:track)%00%(upstream:remotename)%00%(upstream:remoteref) refs/heads/master refs/remotes/master [2ms]
2025-04-01 02:59:52.948 [info] > git for-each-ref --sort -committerdate --format %(refname) %(objectname) %(*objectname) [2ms]
2025-04-01 02:59:53.117 [info] > git status -z -uall [177ms]
2025-04-01 02:59:58.232 [info] > git config --get commit.template [7ms]
2025-04-01 02:59:58.233 [info] > git for-each-ref --format=%(refname)%00%(upstream:short)%00%(objectname)%00%(upstream:track)%00%(upstream:remotename)%00%(upstream:remoteref) refs/heads/master refs/remotes/master [2ms]
2025-04-01 02:59:58.247 [info] > git for-each-ref --sort -committerdate --format %(refname) %(objectname) %(*objectname) [2ms]
2025-04-01 02:59:58.418 [info] > git status -z -uall [179ms]
2025-04-01 03:00:03.453 [info] > git config --get commit.template [6ms]
2025-04-01 03:00:03.454 [info] > git for-each-ref --format=%(refname)%00%(upstream:short)%00%(objectname)%00%(upstream:track)%00%(upstream:remotename)%00%(upstream:remoteref) refs/heads/master refs/remotes/master [2ms]
2025-04-01 03:00:03.467 [info] > git for-each-ref --sort -committerdate --format %(refname) %(objectname) %(*objectname) [2ms]
2025-04-01 03:00:03.637 [info] > git status -z -uall [178ms]
2025-04-01 03:00:08.676 [info] > git config --get commit.template [5ms]
2025-04-01 03:00:08.678 [info] > git for-each-ref --format=%(refname)%00%(upstream:short)%00%(objectname)%00%(upstream:track)%00%(upstream:remotename)%00%(upstream:remoteref) refs/heads/master refs/remotes/master [2ms]
2025-04-01 03:00:08.696 [info] > git for-each-ref --sort -committerdate --format %(refname) %(objectname) %(*objectname) [2ms]
2025-04-01 03:00:08.864 [info] > git status -z -uall [176ms]
2025-04-01 03:00:13.896 [info] > git config --get commit.template [5ms]
2025-04-01 03:00:13.897 [info] > git for-each-ref --format=%(refname)%00%(upstream:short)%00%(objectname)%00%(upstream:track)%00%(upstream:remotename)%00%(upstream:remoteref) refs/heads/master refs/remotes/master [2ms]
2025-04-01 03:00:13.910 [info] > git for-each-ref --sort -committerdate --format %(refname) %(objectname) %(*objectname) [2ms]
2025-04-01 03:00:14.079 [info] > git status -z -uall [177ms]
2025-04-01 03:00:19.112 [info] > git config --get commit.template [6ms]
2025-04-01 03:00:19.114 [info] > git for-each-ref --format=%(refname)%00%(upstream:short)%00%(objectname)%00%(upstream:track)%00%(upstream:remotename)%00%(upstream:remoteref) refs/heads/master refs/remotes/master [2ms]
2025-04-01 03:00:19.128 [info] > git for-each-ref --sort -committerdate --format %(refname) %(objectname) %(*objectname) [2ms]
2025-04-01 03:00:19.301 [info] > git status -z -uall [182ms]
2025-04-01 03:00:24.333 [info] > git config --get commit.template [6ms]
2025-04-01 03:00:24.334 [info] > git for-each-ref --format=%(refname)%00%(upstream:short)%00%(objectname)%00%(upstream:track)%00%(upstream:remotename)%00%(upstream:remoteref) refs/heads/master refs/remotes/master [2ms]
2025-04-01 03:00:24.346 [info] > git for-each-ref --sort -committerdate --format %(refname) %(objectname) %(*objectname) [2ms]
2025-04-01 03:00:24.515 [info] > git status -z -uall [176ms]
2025-04-01 03:00:29.546 [info] > git config --get commit.template [5ms]
2025-04-01 03:00:29.548 [info] > git for-each-ref --format=%(refname)%00%(upstream:short)%00%(objectname)%00%(upstream:track)%00%(upstream:remotename)%00%(upstream:remoteref) refs/heads/master refs/remotes/master [3ms]
2025-04-01 03:00:29.568 [info] > git for-each-ref --sort -committerdate --format %(refname) %(objectname) %(*objectname) [2ms]
2025-04-01 03:00:29.738 [info] > git status -z -uall [178ms]
2025-04-01 03:00:34.769 [info] > git config --get commit.template [6ms]
2025-04-01 03:00:34.770 [info] > git for-each-ref --format=%(refname)%00%(upstream:short)%00%(objectname)%00%(upstream:track)%00%(upstream:remotename)%00%(upstream:remoteref) refs/heads/master refs/remotes/master [2ms]
2025-04-01 03:00:34.783 [info] > git for-each-ref --sort -committerdate --format %(refname) %(objectname) %(*objectname) [2ms]
2025-04-01 03:00:34.955 [info] > git status -z -uall [179ms]
2025-04-01 03:00:39.986 [info] > git config --get commit.template [5ms]
2025-04-01 03:00:39.987 [info] > git for-each-ref --format=%(refname)%00%(upstream:short)%00%(objectname)%00%(upstream:track)%00%(upstream:remotename)%00%(upstream:remoteref) refs/heads/master refs/remotes/master [2ms]
2025-04-01 03:00:40.000 [info] > git for-each-ref --sort -committerdate --format %(refname) %(objectname) %(*objectname) [2ms]
2025-04-01 03:00:40.168 [info] > git status -z -uall [176ms]
2025-04-01 03:00:45.200 [info] > git config --get commit.template [6ms]
2025-04-01 03:00:45.201 [info] > git for-each-ref --format=%(refname)%00%(upstream:short)%00%(objectname)%00%(upstream:track)%00%(upstream:remotename)%00%(upstream:remoteref) refs/heads/master refs/remotes/master [2ms]
2025-04-01 03:00:45.215 [info] > git for-each-ref --sort -committerdate --format %(refname) %(objectname) %(*objectname) [2ms]
2025-04-01 03:00:45.386 [info] > git status -z -uall [179ms]
2025-04-01 03:00:50.430 [info] > git config --get commit.template [6ms]
2025-04-01 03:00:50.431 [info] > git for-each-ref --format=%(refname)%00%(upstream:short)%00%(objectname)%00%(upstream:track)%00%(upstream:remotename)%00%(upstream:remoteref) refs/heads/master refs/remotes/master [2ms]
2025-04-01 03:00:50.448 [info] > git for-each-ref --sort -committerdate --format %(refname) %(objectname) %(*objectname) [3ms]
2025-04-01 03:00:50.619 [info] > git status -z -uall [182ms]
2025-04-01 03:00:55.661 [info] > git config --get commit.template [5ms]
2025-04-01 03:00:55.663 [info] > git for-each-ref --format=%(refname)%00%(upstream:short)%00%(objectname)%00%(upstream:track)%00%(upstream:remotename)%00%(upstream:remoteref) refs/heads/master refs/remotes/master [2ms]
2025-04-01 03:00:55.676 [info] > git for-each-ref --sort -committerdate --format %(refname) %(objectname) %(*objectname) [2ms]
2025-04-01 03:00:55.848 [info] > git status -z -uall [180ms]
2025-04-01 03:01:00.894 [info] > git config --get commit.template [6ms]
2025-04-01 03:01:00.896 [info] > git for-each-ref --format=%(refname)%00%(upstream:short)%00%(objectname)%00%(upstream:track)%00%(upstream:remotename)%00%(upstream:remoteref) refs/heads/master refs/remotes/master [3ms]
2025-04-01 03:01:00.911 [info] > git for-each-ref --sort -committerdate --format %(refname) %(objectname) %(*objectname) [2ms]
2025-04-01 03:01:01.083 [info] > git status -z -uall [182ms]
2025-04-01 03:01:06.119 [info] > git config --get commit.template [3ms]
2025-04-01 03:01:06.126 [info] > git for-each-ref --format=%(refname)%00%(upstream:short)%00%(objectname)%00%(upstream:track)%00%(upstream:remotename)%00%(upstream:remoteref) refs/heads/master refs/remotes/master [2ms]
2025-04-01 03:01:06.139 [info] > git for-each-ref --sort -committerdate --format %(refname) %(objectname) %(*objectname) [2ms]
2025-04-01 03:01:06.309 [info] > git status -z -uall [178ms]
2025-04-01 03:01:11.340 [info] > git config --get commit.template [6ms]
2025-04-01 03:01:11.341 [info] > git for-each-ref --format=%(refname)%00%(upstream:short)%00%(objectname)%00%(upstream:track)%00%(upstream:remotename)%00%(upstream:remoteref) refs/heads/master refs/remotes/master [2ms]
2025-04-01 03:01:11.354 [info] > git for-each-ref --sort -committerdate --format %(refname) %(objectname) %(*objectname) [1ms]
2025-04-01 03:01:11.524 [info] > git status -z -uall [178ms]
2025-04-01 03:01:16.560 [info] > git config --get commit.template [6ms]
2025-04-01 03:01:16.562 [info] > git for-each-ref --format=%(refname)%00%(upstream:short)%00%(objectname)%00%(upstream:track)%00%(upstream:remotename)%00%(upstream:remoteref) refs/heads/master refs/remotes/master [2ms]
2025-04-01 03:01:16.575 [info] > git for-each-ref --sort -committerdate --format %(refname) %(objectname) %(*objectname) [2ms]
2025-04-01 03:01:16.744 [info] > git status -z -uall [177ms]
2025-04-01 03:01:21.779 [info] > git config --get commit.template [6ms]
2025-04-01 03:01:21.780 [info] > git for-each-ref --format=%(refname)%00%(upstream:short)%00%(objectname)%00%(upstream:track)%00%(upstream:remotename)%00%(upstream:remoteref) refs/heads/master refs/remotes/master [2ms]
2025-04-01 03:01:21.793 [info] > git for-each-ref --sort -committerdate --format %(refname) %(objectname) %(*objectname) [2ms]
2025-04-01 03:01:21.965 [info] > git status -z -uall [180ms]
2025-04-01 03:01:27.006 [info] > git config --get commit.template [6ms]
2025-04-01 03:01:27.008 [info] > git for-each-ref --format=%(refname)%00%(upstream:short)%00%(objectname)%00%(upstream:track)%00%(upstream:remotename)%00%(upstream:remoteref) refs/heads/master refs/remotes/master [2ms]
2025-04-01 03:01:27.021 [info] > git for-each-ref --sort -committerdate --format %(refname) %(objectname) %(*objectname) [3ms]
2025-04-01 03:01:27.189 [info] > git status -z -uall [176ms]
2025-04-01 03:01:32.219 [info] > git config --get commit.template [6ms]
2025-04-01 03:01:32.220 [info] > git for-each-ref --format=%(refname)%00%(upstream:short)%00%(objectname)%00%(upstream:track)%00%(upstream:remotename)%00%(upstream:remoteref) refs/heads/master refs/remotes/master [2ms]
2025-04-01 03:01:32.233 [info] > git for-each-ref --sort -committerdate --format %(refname) %(objectname) %(*objectname) [2ms]
2025-04-01 03:01:32.405 [info] > git status -z -uall [179ms]
2025-04-01 03:01:37.438 [info] > git config --get commit.template [7ms]
2025-04-01 03:01:37.439 [info] > git for-each-ref --format=%(refname)%00%(upstream:short)%00%(objectname)%00%(upstream:track)%00%(upstream:remotename)%00%(upstream:remoteref) refs/heads/master refs/remotes/master [2ms]
2025-04-01 03:01:37.454 [info] > git for-each-ref --sort -committerdate --format %(refname) %(objectname) %(*objectname) [3ms]
2025-04-01 03:01:37.650 [info] > git status -z -uall [205ms]
2025-04-01 03:01:42.696 [info] > git config --get commit.template [6ms]
2025-04-01 03:01:42.697 [info] > git for-each-ref --format=%(refname)%00%(upstream:short)%00%(objectname)%00%(upstream:track)%00%(upstream:remotename)%00%(upstream:remoteref) refs/heads/master refs/remotes/master [2ms]
2025-04-01 03:01:42.710 [info] > git for-each-ref --sort -committerdate --format %(refname) %(objectname) %(*objectname) [3ms]
2025-04-01 03:01:42.881 [info] > git status -z -uall [179ms]
2025-04-01 03:01:47.918 [info] > git config --get commit.template [5ms]
2025-04-01 03:01:47.920 [info] > git for-each-ref --format=%(refname)%00%(upstream:short)%00%(objectname)%00%(upstream:track)%00%(upstream:remotename)%00%(upstream:remoteref) refs/heads/master refs/remotes/master [2ms]
2025-04-01 03:01:47.932 [info] > git for-each-ref --sort -committerdate --format %(refname) %(objectname) %(*objectname) [2ms]
2025-04-01 03:01:48.102 [info] > git status -z -uall [177ms]
2025-04-01 03:01:53.136 [info] > git config --get commit.template [5ms]
2025-04-01 03:01:53.138 [info] > git for-each-ref --format=%(refname)%00%(upstream:short)%00%(objectname)%00%(upstream:track)%00%(upstream:remotename)%00%(upstream:remoteref) refs/heads/master refs/remotes/master [2ms]
2025-04-01 03:01:53.151 [info] > git for-each-ref --sort -committerdate --format %(refname) %(objectname) %(*objectname) [3ms]
2025-04-01 03:01:53.321 [info] > git status -z -uall [178ms]
2025-04-01 03:01:58.356 [info] > git config --get commit.template [5ms]
2025-04-01 03:01:58.357 [info] > git for-each-ref --format=%(refname)%00%(upstream:short)%00%(objectname)%00%(upstream:track)%00%(upstream:remotename)%00%(upstream:remoteref) refs/heads/master refs/remotes/master [2ms]
2025-04-01 03:01:58.370 [info] > git for-each-ref --sort -committerdate --format %(refname) %(objectname) %(*objectname) [3ms]
2025-04-01 03:01:58.540 [info] > git status -z -uall [178ms]
2025-04-01 03:02:03.575 [info] > git config --get commit.template [5ms]
2025-04-01 03:02:03.576 [info] > git for-each-ref --format=%(refname)%00%(upstream:short)%00%(objectname)%00%(upstream:track)%00%(upstream:remotename)%00%(upstream:remoteref) refs/heads/master refs/remotes/master [2ms]
2025-04-01 03:02:03.587 [info] > git for-each-ref --sort -committerdate --format %(refname) %(objectname) %(*objectname) [2ms]
2025-04-01 03:02:03.756 [info] > git status -z -uall [176ms]
2025-04-01 03:02:08.796 [info] > git config --get commit.template [5ms]
2025-04-01 03:02:08.798 [info] > git for-each-ref --format=%(refname)%00%(upstream:short)%00%(objectname)%00%(upstream:track)%00%(upstream:remotename)%00%(upstream:remoteref) refs/heads/master refs/remotes/master [2ms]
2025-04-01 03:02:08.811 [info] > git for-each-ref --sort -committerdate --format %(refname) %(objectname) %(*objectname) [2ms]
2025-04-01 03:02:08.980 [info] > git status -z -uall [177ms]
2025-04-01 03:08:48.114 [info] > git config --get commit.template [5ms]
2025-04-01 03:08:48.115 [info] > git for-each-ref --format=%(refname)%00%(upstream:short)%00%(objectname)%00%(upstream:track)%00%(upstream:remotename)%00%(upstream:remoteref) refs/heads/master refs/remotes/master [2ms]
2025-04-01 03:08:48.127 [info] > git for-each-ref --sort -committerdate --format %(refname) %(objectname) %(*objectname) [2ms]
2025-04-01 03:08:48.299 [info] > git status -z -uall [179ms]
2025-04-01 03:08:53.349 [info] > git config --get commit.template [5ms]
2025-04-01 03:08:53.350 [info] > git for-each-ref --format=%(refname)%00%(upstream:short)%00%(objectname)%00%(upstream:track)%00%(upstream:remotename)%00%(upstream:remoteref) refs/heads/master refs/remotes/master [2ms]
2025-04-01 03:08:53.364 [info] > git for-each-ref --sort -committerdate --format %(refname) %(objectname) %(*objectname) [2ms]
2025-04-01 03:08:53.536 [info] > git status -z -uall [179ms]
2025-04-01 03:08:58.577 [info] > git config --get commit.template [6ms]
2025-04-01 03:08:58.579 [info] > git for-each-ref --format=%(refname)%00%(upstream:short)%00%(objectname)%00%(upstream:track)%00%(upstream:remotename)%00%(upstream:remoteref) refs/heads/master refs/remotes/master [2ms]
2025-04-01 03:08:58.592 [info] > git for-each-ref --sort -committerdate --format %(refname) %(objectname) %(*objectname) [3ms]
2025-04-01 03:08:58.760 [info] > git status -z -uall [176ms]
2025-04-01 03:09:02.823 [info] > git check-ignore -v -z --stdin [2ms]
