2025-04-01 18:50:44.501 [info] Reading sessions from keychain...
2025-04-01 18:50:44.501 [info] Getting sessions for all scopes...
2025-04-01 18:50:44.501 [info] Got 0 sessions for ...
2025-04-01 18:50:44.836 [info] Getting sessions for read:user,repo,user:email,workflow...
2025-04-01 18:50:44.836 [info] Got 0 sessions for read:user,repo,user:email,workflow...
2025-04-01 18:51:52.231 [info] Getting sessions for read:user,repo,user:email,workflow...
2025-04-01 18:51:52.231 [info] Got 0 sessions for read:user,repo,user:email,workflow...
2025-04-01 18:51:55.146 [info] Logging in with 'any' account...
2025-04-01 18:51:55.146 [info] Logging in for the following scopes: read:user repo user:email workflow
2025-04-01 18:51:55.988 [info] Trying device code flow... (read:user repo user:email workflow)
2025-04-01 18:54:12.079 [error] Timed out
2025-04-01 18:54:43.295 [info] Trying to retrieve PAT... (read:user repo user:email workflow)
2025-04-01 18:55:19.237 [info] Getting token scopes...
2025-04-01 18:55:19.559 [info] Getting user info...
2025-04-01 18:55:19.939 [info] Got account info!
2025-04-01 18:55:19.940 [info] Storing 1 sessions...
2025-04-01 18:55:20.282 [info] Reading sessions from keychain...
2025-04-01 18:55:20.282 [info] Stored 1 sessions!
2025-04-01 18:55:20.282 [info] Login success!
2025-04-01 18:55:20.676 [info] Got stored sessions!
2025-04-01 18:55:20.676 [info] Got 1 verified sessions.
2025-04-01 18:55:21.762 [info] Getting sessions for read:user,repo,user:email,workflow...
2025-04-01 18:55:21.762 [info] Got 1 sessions for read:user,repo,user:email,workflow...
