2025-02-23 17:11:47.272 [info] [main] Log level: Info
2025-02-23 17:11:47.272 [info] [main] Validating found git in: "git"
2025-02-23 17:11:47.313 [info] [main] Using git "2.43.0" from "git"
2025-02-23 17:11:47.313 [info] [Model][doInitialScan] Initial repository scan started
2025-02-23 17:11:47.334 [info] > git rev-parse --show-toplevel [7ms]
2025-02-23 17:11:47.340 [info] > git rev-parse --git-dir --git-common-dir [2ms]
2025-02-23 17:11:47.355 [info] [Model][openRepository] Opened repository: /home/apoorvtripathi537
2025-02-23 17:11:47.368 [info] > git rev-parse --show-toplevel [3ms]
2025-02-23 17:11:47.370 [info] > git config --get commit.template [7ms]
2025-02-23 17:11:47.378 [info] > git rev-parse --show-toplevel [5ms]
2025-02-23 17:11:47.382 [info] > git for-each-ref --format=%(refname)%00%(upstream:short)%00%(objectname)%00%(upstream:track)%00%(upstream:remotename)%00%(upstream:remoteref) refs/heads/master refs/remotes/master [6ms]
2025-02-23 17:11:47.393 [info] > git rev-parse --show-toplevel [12ms]
2025-02-23 17:11:47.409 [info] > git for-each-ref --sort -committerdate --format %(refname) %(objectname) %(*objectname) [18ms]
2025-02-23 17:11:47.735 [info] > git rev-parse --show-toplevel [334ms]
2025-02-23 17:11:47.747 [info] > git status -z -uall [360ms]
2025-02-23 17:11:47.776 [info] > git for-each-ref --format=%(refname)%00%(upstream:short)%00%(objectname)%00%(upstream:track)%00%(upstream:remotename)%00%(upstream:remoteref) refs/heads/master refs/remotes/master [18ms]
2025-02-23 17:11:47.781 [info] > git rev-parse --show-toplevel [34ms]
2025-02-23 17:11:49.803 [info] > git config --local branch.master.vscode-merge-base [2022ms]
2025-02-23 17:11:49.803 [warning] [Git][config] git config failed: Failed to execute git
2025-02-23 17:11:49.814 [info] > git config --get commit.template [2047ms]
2025-02-23 17:11:52.332 [info] > git check-ignore -v -z --stdin [2424ms]
2025-02-23 17:11:52.334 [info] > git reflog master --grep-reflog=branch: Created from *. [2521ms]
2025-02-23 17:11:52.365 [info] > git symbolic-ref --short refs/remotes/origin/HEAD [25ms]
2025-02-23 17:11:52.365 [info] fatal: ref refs/remotes/origin/HEAD is not a symbolic ref
2025-02-23 17:11:52.365 [warning] [Repository][getDefaultBranch] Failed to get default branch details: Failed to execute git.
2025-02-23 17:11:52.366 [info] > git rev-parse --show-toplevel [2453ms]
2025-02-23 17:11:52.399 [info] > git for-each-ref --format=%(refname)%00%(upstream:short)%00%(objectname)%00%(upstream:track)%00%(upstream:remotename)%00%(upstream:remoteref) refs/heads/master refs/remotes/master [49ms]
2025-02-23 17:11:52.433 [info] > git rev-parse --show-toplevel [60ms]
2025-02-23 17:11:52.450 [info] > git for-each-ref --sort -committerdate --format %(refname) %(objectname) %(*objectname) [27ms]
2025-02-23 17:11:52.748 [info] > git status -z -uall [339ms]
2025-02-23 17:11:52.768 [info] > git rev-parse --show-toplevel [318ms]
2025-02-23 17:11:52.798 [info] > git rev-parse --show-toplevel [20ms]
2025-02-23 17:11:53.109 [info] > git rev-parse --show-toplevel [303ms]
2025-02-23 17:11:53.139 [info] > git rev-parse --show-toplevel [17ms]
2025-02-23 17:11:53.171 [info] > git rev-parse --show-toplevel [6ms]
2025-02-23 17:11:53.205 [info] > git rev-parse --show-toplevel [15ms]
2025-02-23 17:11:53.221 [info] > git rev-parse --show-toplevel [8ms]
2025-02-23 17:11:53.221 [info] [Model][doInitialScan] Initial repository scan completed - repositories (1), closed repositories (0), parent repositories (0), unsafe repositories (0)
2025-02-23 17:11:53.266 [info] > git show --textconv :main.py [37ms]
2025-02-23 17:11:53.266 [info] > git ls-files --stage -- /home/apoorvtripathi537/main.py [29ms]
2025-02-23 17:11:53.307 [info] > git cat-file -s 30873b97b4b526e51162cbcbe4d49bd01dc3c25d [34ms]
2025-02-23 17:12:02.014 [info] > git config --get commit.template [7ms]
2025-02-23 17:12:02.015 [info] > git for-each-ref --format=%(refname)%00%(upstream:short)%00%(objectname)%00%(upstream:track)%00%(upstream:remotename)%00%(upstream:remoteref) refs/heads/master refs/remotes/master [3ms]
2025-02-23 17:12:02.031 [info] > git for-each-ref --sort -committerdate --format %(refname) %(objectname) %(*objectname) [3ms]
2025-02-23 17:12:02.045 [info] > git status -z -uall [24ms]
