2025-04-12 04:38:55.776 [info] Extension host with pid 3685 started
2025-04-12 04:38:55.776 [error] Error: EEXIST: file already exists, open '/home/apoorvtripathi537/.codeoss/data/User/workspaceStorage/11d61ec4/vscode.lock'
2025-04-12 04:38:55.781 [info] Lock '/home/apoorvtripathi537/.codeoss/data/User/workspaceStorage/11d61ec4/vscode.lock': Could not acquire lock, checking if the file is stale.
2025-04-12 04:38:55.789 [info] Lock '/home/apoorvtripathi537/.codeoss/data/User/workspaceStorage/11d61ec4/vscode.lock': The lock does not look stale, elapsed: 78 ms, giving up.
2025-04-12 04:38:55.790 [error] Error: EEXIST: file already exists, open '/home/apoorvtripathi537/.codeoss/data/User/workspaceStorage/11d61ec4-1/vscode.lock'
2025-04-12 04:38:55.821 [info] Lock '/home/apoorvtripathi537/.codeoss/data/User/workspaceStorage/11d61ec4-1/vscode.lock': Could not acquire lock, checking if the file is stale.
2025-04-12 04:38:55.822 [info] Lock '/home/apoorvtripathi537/.codeoss/data/User/workspaceStorage/11d61ec4-1/vscode.lock': The pid 2618 appears to be gone.
2025-04-12 04:38:55.822 [info] Lock '/home/apoorvtripathi537/.codeoss/data/User/workspaceStorage/11d61ec4-1/vscode.lock': Deleting a stale lock.
2025-04-12 04:38:55.856 [info] ExtensionService#_doActivateExtension vscode.emmet, startup: false, activationEvent: 'onLanguage'
2025-04-12 04:38:55.858 [info] ExtensionService#_doActivateExtension ms-python.python, startup: false, activationEvent: 'onLanguage:python'
2025-04-12 04:38:56.326 [info] Lock '/home/apoorvtripathi537/.codeoss/data/User/workspaceStorage/11d61ec4-1/vscode.lock': Lock acquired.
2025-04-12 04:38:56.433 [error] Error: spawn /google/devshell/editor/code-oss-for-cloud-shell/extensions/ms-python.python/python-env-tools/bin/pet ENOENT
	at ChildProcess._handle.onexit (node:internal/child_process:286:19)
	at onErrorNT (node:internal/child_process:484:16)
	at process.processTicksAndRejections (node:internal/process/task_queues:82:21)
2025-04-12 04:38:56.542 [info] ExtensionService#_doActivateExtension vscode.git-base, startup: true, activationEvent: '*', root cause: vscode.git
2025-04-12 04:38:56.599 [info] ExtensionService#_doActivateExtension vscode.git, startup: true, activationEvent: '*'
2025-04-12 04:38:56.600 [info] ExtensionService#_doActivateExtension vscode.github, startup: true, activationEvent: '*'
2025-04-12 04:38:57.143 [info] ExtensionService#_doActivateExtension redhat.fabric8-analytics, startup: true, activationEvent: 'workspaceContains:**/package.json,**/pom.xml,**/go.mod,**/requirements.txt,**/build.gradle,**/Dockerfile,**/Containerfile'
2025-04-12 04:38:57.541 [info] Eager extensions activated
2025-04-12 04:38:57.541 [info] ExtensionService#_doActivateExtension EditorConfig.EditorConfig, startup: false, activationEvent: 'onStartupFinished'
2025-04-12 04:38:57.542 [info] ExtensionService#_doActivateExtension google.cloud-shell, startup: false, activationEvent: 'onStartupFinished'
2025-04-12 04:38:57.542 [info] ExtensionService#_doActivateExtension google.geminicodeassist, startup: false, activationEvent: 'onStartupFinished', root cause: googlecloudtools.cloudcode
2025-04-12 04:38:57.543 [info] ExtensionService#_doActivateExtension vscode.debug-auto-launch, startup: false, activationEvent: 'onStartupFinished'
2025-04-12 04:38:57.543 [info] ExtensionService#_doActivateExtension vscode.merge-conflict, startup: false, activationEvent: 'onStartupFinished'
2025-04-12 04:39:00.887 [info] ExtensionService#_doActivateExtension googlecloudtools.cloudcode, startup: false, activationEvent: 'onStartupFinished'
2025-04-12 04:39:03.099 [info] ExtensionService#_doActivateExtension vscode.configuration-editing, startup: false, activationEvent: 'onLanguage:jsonc'
2025-04-12 04:39:03.099 [info] ExtensionService#_doActivateExtension vscode.json-language-features, startup: false, activationEvent: 'onLanguage:jsonc'
2025-04-12 04:39:03.100 [info] ExtensionService#_doActivateExtension vscode.typescript-language-features, startup: false, activationEvent: 'onLanguage:jsonc'
2025-04-12 04:39:04.012 [warning] [Decorations] CAPPING events from decorations provider vscode.git 329
2025-04-12 04:39:04.329 [info] ExtensionService#_doActivateExtension vscode.github-authentication, startup: false, activationEvent: 'onAuthenticationRequest:github'
2025-04-12 04:39:04.717 [warning] [Decorations] CAPPING events from decorations provider vscode.git 331
2025-04-12 04:39:06.765 [warning] [Decorations] CAPPING events from decorations provider vscode.git 333
2025-04-12 04:39:11.924 [warning] [Decorations] CAPPING events from decorations provider vscode.git 333
2025-04-12 04:39:17.020 [warning] [Decorations] CAPPING events from decorations provider vscode.git 334
2025-04-12 04:39:22.112 [warning] [Decorations] CAPPING events from decorations provider vscode.git 334
2025-04-12 04:39:27.200 [warning] [Decorations] CAPPING events from decorations provider vscode.git 334
2025-04-12 04:39:35.070 [warning] [Decorations] CAPPING events from decorations provider vscode.git 335
