2025-02-22 19:50:56.649 [info] Extension host with pid 1229 started
2025-02-22 19:50:56.684 [info] Lock '/home/apoorvtripathi537/.codeoss/data/User/workspaceStorage/11d61ec4/vscode.lock': Lock acquired.
2025-02-22 19:50:56.736 [info] ExtensionService#_doActivateExtension vscode.emmet, startup: false, activationEvent: 'onLanguage'
2025-02-22 19:50:56.738 [info] ExtensionService#_doActivateExtension ms-python.python, startup: false, activationEvent: 'onLanguage:python'
2025-02-22 19:50:57.261 [error] Error: spawn /google/devshell/editor/code-oss-for-cloud-shell/extensions/ms-python.python/python-env-tools/bin/pet ENOENT
	at ChildProcess._handle.onexit (node:internal/child_process:286:19)
	at onErrorNT (node:internal/child_process:484:16)
	at process.processTicksAndRejections (node:internal/process/task_queues:82:21)
2025-02-22 19:50:57.392 [info] ExtensionService#_doActivateExtension vscode.git-base, startup: true, activationEvent: '*', root cause: vscode.git
2025-02-22 19:50:57.500 [info] ExtensionService#_doActivateExtension vscode.git, startup: true, activationEvent: '*'
2025-02-22 19:50:57.501 [info] ExtensionService#_doActivateExtension vscode.github, startup: true, activationEvent: '*'
2025-02-22 19:50:57.957 [info] ExtensionService#_doActivateExtension redhat.fabric8-analytics, startup: true, activationEvent: 'workspaceContains:**/package.json,**/pom.xml,**/go.mod,**/requirements.txt,**/build.gradle,**/Dockerfile,**/Containerfile'
2025-02-22 19:50:58.369 [info] Eager extensions activated
2025-02-22 19:50:58.369 [info] ExtensionService#_doActivateExtension EditorConfig.EditorConfig, startup: false, activationEvent: 'onStartupFinished'
2025-02-22 19:50:58.370 [info] ExtensionService#_doActivateExtension google.cloud-shell, startup: false, activationEvent: 'onStartupFinished'
2025-02-22 19:50:58.370 [info] ExtensionService#_doActivateExtension google.geminicodeassist, startup: false, activationEvent: 'onStartupFinished', root cause: googlecloudtools.cloudcode
2025-02-22 19:50:58.371 [info] ExtensionService#_doActivateExtension vscode.debug-auto-launch, startup: false, activationEvent: 'onStartupFinished'
2025-02-22 19:50:58.371 [info] ExtensionService#_doActivateExtension vscode.merge-conflict, startup: false, activationEvent: 'onStartupFinished'
2025-02-22 19:50:59.728 [info] ExtensionService#_doActivateExtension googlecloudtools.cloudcode, startup: false, activationEvent: 'onStartupFinished'
2025-02-22 19:51:02.066 [info] ExtensionService#_doActivateExtension vscode.configuration-editing, startup: false, activationEvent: 'onLanguage:jsonc'
2025-02-22 19:51:02.066 [info] ExtensionService#_doActivateExtension vscode.json-language-features, startup: false, activationEvent: 'onLanguage:jsonc'
2025-02-22 19:51:02.067 [info] ExtensionService#_doActivateExtension vscode.typescript-language-features, startup: false, activationEvent: 'onLanguage:jsonc'
2025-02-22 20:51:26.220 [info] Extension host terminating: renderer disconnected for too long (2)
2025-02-22 20:51:26.221 [info] Lock '/home/apoorvtripathi537/.codeoss/data/User/workspaceStorage/11d61ec4/vscode.lock': Marking the lockfile as scheduled to be released in 6000 ms.
2025-02-22 20:51:26.266 [info] Extension host with pid 1229 exiting with code 0
