2025-04-12 17:16:57.856 [info] [main] Log level: Info
2025-04-12 17:16:57.856 [info] [main] Validating found git in: "git"
2025-04-12 17:16:57.856 [info] [main] Using git "2.43.0" from "git"
2025-04-12 17:16:57.856 [info] [Model][doInitialScan] Initial repository scan started
2025-04-12 17:16:57.856 [info] > git rev-parse --show-toplevel [31ms]
2025-04-12 17:16:58.051 [info] > git rev-parse --git-dir --git-common-dir [213ms]
2025-04-12 17:16:58.074 [info] [Model][openRepository] Opened repository: /home/apoorvtripathi537
2025-04-12 17:16:58.112 [info] > git rev-parse --show-toplevel [3ms]
2025-04-12 17:16:58.125 [info] > git rev-parse --show-toplevel [3ms]
2025-04-12 17:16:58.142 [info] > git rev-parse --show-toplevel [6ms]
2025-04-12 17:16:58.170 [info] > git rev-parse --show-toplevel [14ms]
2025-04-12 17:16:58.194 [info] > git rev-parse --show-toplevel [8ms]
2025-04-12 17:16:58.251 [info] > git rev-parse --show-toplevel [49ms]
2025-04-12 17:16:58.304 [info] > git rev-parse --show-toplevel [11ms]
2025-04-12 17:16:58.321 [info] > git rev-parse --show-toplevel [6ms]
2025-04-12 17:16:58.333 [info] > git rev-parse --show-toplevel [3ms]
2025-04-12 17:16:58.344 [info] > git rev-parse --show-toplevel [3ms]
2025-04-12 17:16:58.354 [info] > git rev-parse --show-toplevel [1ms]
2025-04-12 17:16:58.372 [info] > git rev-parse --show-toplevel [6ms]
2025-04-12 17:16:58.391 [info] > git rev-parse --show-toplevel [1ms]
2025-04-12 17:16:58.404 [info] > git rev-parse --show-toplevel [5ms]
2025-04-12 17:16:58.405 [info] [Model][doInitialScan] Initial repository scan completed - repositories (1), closed repositories (0), parent repositories (0), unsafe repositories (0)
2025-04-12 17:16:58.466 [info] > git for-each-ref --format=%(refname)%00%(upstream:short)%00%(objectname)%00%(upstream:track)%00%(upstream:remotename)%00%(upstream:remoteref) refs/heads/master refs/remotes/master [368ms]
2025-04-12 17:16:58.504 [info] > git ls-files --stage -- /home/apoorvtripathi537/script.js [39ms]
2025-04-12 17:16:58.515 [info] > git for-each-ref --sort -committerdate --format %(refname) %(objectname) %(*objectname) [13ms]
2025-04-12 17:16:58.546 [info] > git show --textconv :script.js [101ms]
2025-04-12 17:16:58.547 [info] > git cat-file -s 2cd6d04462786bbd603d3c51e1c9881b3f627f5d [33ms]
2025-04-12 17:16:58.676 [info] > git check-ignore -v -z --stdin [7ms]
2025-04-12 17:16:58.777 [info] > git status -z -uall [289ms]
2025-04-12 17:16:58.834 [info] > git for-each-ref --format=%(refname)%00%(upstream:short)%00%(objectname)%00%(upstream:track)%00%(upstream:remotename)%00%(upstream:remoteref) refs/heads/master refs/remotes/master [8ms]
2025-04-12 17:16:58.847 [info] > git config --local branch.master.vscode-merge-base [7ms]
2025-04-12 17:16:58.848 [warning] [Git][config] git config failed: Failed to execute git
2025-04-12 17:16:58.853 [info] > git for-each-ref --format=%(refname)%00%(upstream:short)%00%(objectname)%00%(upstream:track)%00%(upstream:remotename)%00%(upstream:remoteref) refs/heads/master refs/remotes/master [9ms]
2025-04-12 17:16:58.876 [info] > git for-each-ref --sort -committerdate --format %(refname) %(objectname) %(*objectname) [11ms]
2025-04-12 17:16:59.091 [info] > git status -z -uall [232ms]
2025-04-12 17:16:59.136 [info] > git reflog master --grep-reflog=branch: Created from *. [284ms]
2025-04-12 17:16:59.159 [info] > git for-each-ref --format=%(refname)%00%(upstream:short)%00%(objectname)%00%(upstream:track)%00%(upstream:remotename)%00%(upstream:remoteref) refs/heads/master refs/remotes/master [26ms]
2025-04-12 17:16:59.168 [info] > git config --local branch.master.vscode-merge-base [1ms]
2025-04-12 17:16:59.168 [warning] [Git][config] git config failed: Failed to execute git
2025-04-12 17:16:59.172 [info] > git symbolic-ref --short refs/remotes/origin/HEAD [30ms]
2025-04-12 17:16:59.173 [info] fatal: ref refs/remotes/origin/HEAD is not a symbolic ref
2025-04-12 17:16:59.173 [warning] [Repository][getDefaultBranch] Failed to get default branch details: Failed to execute git.
2025-04-12 17:16:59.181 [info] > git reflog master --grep-reflog=branch: Created from *. [9ms]
2025-04-12 17:16:59.187 [info] > git merge-base refs/heads/master refs/remotes/origin/master [9ms]
2025-04-12 17:16:59.193 [info] > git symbolic-ref --short refs/remotes/origin/HEAD [7ms]
2025-04-12 17:16:59.193 [info] fatal: ref refs/remotes/origin/HEAD is not a symbolic ref
2025-04-12 17:16:59.193 [warning] [Repository][getDefaultBranch] Failed to get default branch details: Failed to execute git.
2025-04-12 17:16:59.344 [info] > git merge-base refs/heads/master refs/remotes/origin/master [145ms]
2025-04-12 17:16:59.350 [info] > git diff --name-status -z --diff-filter=ADMR ae54d5703c5e6277a64919db1dea687af7ee5769...refs/remotes/origin/master [158ms]
2025-04-12 17:16:59.359 [info] > git diff --name-status -z --diff-filter=ADMR ae54d5703c5e6277a64919db1dea687af7ee5769...refs/remotes/origin/master [8ms]
2025-04-12 17:17:02.741 [info] > git for-each-ref --format=%(refname)%00%(upstream:short)%00%(objectname)%00%(upstream:track)%00%(upstream:remotename)%00%(upstream:remoteref) refs/heads/master refs/remotes/master [3ms]
2025-04-12 17:17:02.757 [info] > git for-each-ref --sort -committerdate --format %(refname) %(objectname) %(*objectname) [6ms]
2025-04-12 17:17:02.799 [info] > git status -z -uall [54ms]
2025-04-12 17:17:08.367 [info] > git for-each-ref --format=%(refname)%00%(upstream:short)%00%(objectname)%00%(upstream:track)%00%(upstream:remotename)%00%(upstream:remoteref) refs/heads/master refs/remotes/master [26ms]
2025-04-12 17:17:08.435 [info] > git for-each-ref --sort -committerdate --format %(refname) %(objectname) %(*objectname) [12ms]
2025-04-12 17:17:08.478 [info] > git status -z -uall [80ms]
2025-04-12 17:17:13.545 [info] > git for-each-ref --format=%(refname)%00%(upstream:short)%00%(objectname)%00%(upstream:track)%00%(upstream:remotename)%00%(upstream:remoteref) refs/heads/master refs/remotes/master [5ms]
2025-04-12 17:17:13.588 [info] > git for-each-ref --sort -committerdate --format %(refname) %(objectname) %(*objectname) [4ms]
2025-04-12 17:17:13.637 [info] > git status -z -uall [72ms]
2025-04-12 17:17:18.678 [info] > git for-each-ref --format=%(refname)%00%(upstream:short)%00%(objectname)%00%(upstream:track)%00%(upstream:remotename)%00%(upstream:remoteref) refs/heads/master refs/remotes/master [3ms]
2025-04-12 17:17:18.705 [info] > git for-each-ref --sort -committerdate --format %(refname) %(objectname) %(*objectname) [3ms]
2025-04-12 17:17:18.740 [info] > git status -z -uall [52ms]
2025-04-12 17:17:23.774 [info] > git for-each-ref --format=%(refname)%00%(upstream:short)%00%(objectname)%00%(upstream:track)%00%(upstream:remotename)%00%(upstream:remoteref) refs/heads/master refs/remotes/master [3ms]
2025-04-12 17:17:23.804 [info] > git for-each-ref --sort -committerdate --format %(refname) %(objectname) %(*objectname) [3ms]
2025-04-12 17:17:23.837 [info] > git status -z -uall [52ms]
2025-04-12 17:17:28.871 [info] > git for-each-ref --format=%(refname)%00%(upstream:short)%00%(objectname)%00%(upstream:track)%00%(upstream:remotename)%00%(upstream:remoteref) refs/heads/master refs/remotes/master [3ms]
2025-04-12 17:17:28.902 [info] > git for-each-ref --sort -committerdate --format %(refname) %(objectname) %(*objectname) [4ms]
2025-04-12 17:17:28.938 [info] > git status -z -uall [57ms]
2025-04-12 17:17:33.969 [info] > git for-each-ref --format=%(refname)%00%(upstream:short)%00%(objectname)%00%(upstream:track)%00%(upstream:remotename)%00%(upstream:remoteref) refs/heads/master refs/remotes/master [2ms]
2025-04-12 17:17:33.997 [info] > git for-each-ref --sort -committerdate --format %(refname) %(objectname) %(*objectname) [3ms]
2025-04-12 17:17:34.034 [info] > git status -z -uall [54ms]
2025-04-12 17:17:39.069 [info] > git for-each-ref --format=%(refname)%00%(upstream:short)%00%(objectname)%00%(upstream:track)%00%(upstream:remotename)%00%(upstream:remoteref) refs/heads/master refs/remotes/master [2ms]
2025-04-12 17:17:39.098 [info] > git for-each-ref --sort -committerdate --format %(refname) %(objectname) %(*objectname) [4ms]
2025-04-12 17:17:39.134 [info] > git status -z -uall [54ms]
2025-04-12 17:17:44.167 [info] > git for-each-ref --format=%(refname)%00%(upstream:short)%00%(objectname)%00%(upstream:track)%00%(upstream:remotename)%00%(upstream:remoteref) refs/heads/master refs/remotes/master [3ms]
2025-04-12 17:17:44.195 [info] > git for-each-ref --sort -committerdate --format %(refname) %(objectname) %(*objectname) [2ms]
2025-04-12 17:17:44.232 [info] > git status -z -uall [53ms]
2025-04-12 17:17:49.264 [info] > git for-each-ref --format=%(refname)%00%(upstream:short)%00%(objectname)%00%(upstream:track)%00%(upstream:remotename)%00%(upstream:remoteref) refs/heads/master refs/remotes/master [3ms]
2025-04-12 17:17:49.291 [info] > git for-each-ref --sort -committerdate --format %(refname) %(objectname) %(*objectname) [2ms]
2025-04-12 17:17:49.328 [info] > git status -z -uall [53ms]
2025-04-12 17:17:54.362 [info] > git for-each-ref --format=%(refname)%00%(upstream:short)%00%(objectname)%00%(upstream:track)%00%(upstream:remotename)%00%(upstream:remoteref) refs/heads/master refs/remotes/master [3ms]
2025-04-12 17:17:54.390 [info] > git for-each-ref --sort -committerdate --format %(refname) %(objectname) %(*objectname) [2ms]
2025-04-12 17:17:54.425 [info] > git status -z -uall [53ms]
2025-04-12 17:18:03.549 [info] > git for-each-ref --format=%(refname)%00%(upstream:short)%00%(objectname)%00%(upstream:track)%00%(upstream:remotename)%00%(upstream:remoteref) refs/heads/master refs/remotes/master [7ms]
2025-04-12 17:18:03.582 [info] > git for-each-ref --sort -committerdate --format %(refname) %(objectname) %(*objectname) [6ms]
2025-04-12 17:18:03.616 [info] > git status -z -uall [57ms]
2025-04-12 17:18:08.649 [info] > git for-each-ref --format=%(refname)%00%(upstream:short)%00%(objectname)%00%(upstream:track)%00%(upstream:remotename)%00%(upstream:remoteref) refs/heads/master refs/remotes/master [2ms]
2025-04-12 17:18:08.677 [info] > git for-each-ref --sort -committerdate --format %(refname) %(objectname) %(*objectname) [3ms]
2025-04-12 17:18:08.718 [info] > git status -z -uall [61ms]
2025-04-12 17:18:33.525 [info] > git check-ignore -v -z --stdin [4ms]
2025-04-12 17:26:46.530 [info] > git check-ignore -v -z --stdin [4ms]
