2025-02-03 22:09:05.533 [info] [main] Log level: Info
2025-02-03 22:09:05.533 [info] [main] Validating found git in: "git"
2025-02-03 22:09:05.533 [info] [main] Using git "2.43.0" from "git"
2025-02-03 22:09:05.533 [info] [Model][doInitialScan] Initial repository scan started
2025-02-03 22:09:05.533 [info] > git rev-parse --show-toplevel [53ms]
2025-02-03 22:09:05.533 [info] fatal: not a git repository (or any parent up to mount point /)
Stopping at filesystem boundary (GIT_DISCOVERY_ACROSS_FILESYSTEM not set).
2025-02-03 22:09:05.533 [info] > git rev-parse --show-toplevel [5ms]
2025-02-03 22:09:05.533 [info] fatal: not a git repository (or any parent up to mount point /)
Stopping at filesystem boundary (GIT_DISCOVERY_ACROSS_FILESYSTEM not set).
2025-02-03 22:09:05.538 [info] > git rev-parse --show-toplevel [2ms]
2025-02-03 22:09:05.539 [info] fatal: not a git repository (or any parent up to mount point /)
Stopping at filesystem boundary (GIT_DISCOVERY_ACROSS_FILESYSTEM not set).
2025-02-03 22:09:05.546 [info] > git rev-parse --show-toplevel [3ms]
2025-02-03 22:09:05.547 [info] fatal: not a git repository (or any parent up to mount point /)
Stopping at filesystem boundary (GIT_DISCOVERY_ACROSS_FILESYSTEM not set).
2025-02-03 22:09:05.552 [info] > git rev-parse --show-toplevel [2ms]
2025-02-03 22:09:05.552 [info] fatal: not a git repository (or any parent up to mount point /)
Stopping at filesystem boundary (GIT_DISCOVERY_ACROSS_FILESYSTEM not set).
2025-02-03 22:09:05.557 [info] > git rev-parse --show-toplevel [1ms]
2025-02-03 22:09:05.557 [info] fatal: not a git repository (or any parent up to mount point /)
Stopping at filesystem boundary (GIT_DISCOVERY_ACROSS_FILESYSTEM not set).
2025-02-03 22:09:05.561 [info] > git rev-parse --show-toplevel [1ms]
2025-02-03 22:09:05.561 [info] fatal: not a git repository (or any parent up to mount point /)
Stopping at filesystem boundary (GIT_DISCOVERY_ACROSS_FILESYSTEM not set).
2025-02-03 22:09:05.568 [info] > git rev-parse --show-toplevel [2ms]
2025-02-03 22:09:05.568 [info] fatal: not a git repository (or any parent up to mount point /)
Stopping at filesystem boundary (GIT_DISCOVERY_ACROSS_FILESYSTEM not set).
2025-02-03 22:09:05.568 [info] [Model][doInitialScan] Initial repository scan completed - repositories (0), closed repositories (0), parent repositories (0), unsafe repositories (0)
2025-02-03 22:09:09.824 [info] > git rev-parse --show-toplevel [17ms]
2025-02-03 22:09:09.824 [info] fatal: not a git repository (or any parent up to mount point /)
Stopping at filesystem boundary (GIT_DISCOVERY_ACROSS_FILESYSTEM not set).
2025-02-03 22:11:36.276 [info] > git rev-parse --show-toplevel [2ms]
2025-02-03 22:11:36.276 [info] fatal: not a git repository (or any parent up to mount point /)
Stopping at filesystem boundary (GIT_DISCOVERY_ACROSS_FILESYSTEM not set).
