2025-02-24 01:19:48.191 [info] [main] Log level: Info
2025-02-24 01:19:48.191 [info] [main] Validating found git in: "git"
2025-02-24 01:19:48.191 [info] [main] Using git "2.43.0" from "git"
2025-02-24 01:19:48.191 [info] [Model][doInitialScan] Initial repository scan started
2025-02-24 01:19:48.191 [info] > git rev-parse --show-toplevel [1201ms]
2025-02-24 01:19:48.191 [info] > git rev-parse --git-dir --git-common-dir [4ms]
2025-02-24 01:19:48.191 [info] [Model][openRepository] Opened repository: /home/apoorvtripathi537
2025-02-24 01:19:50.361 [info] > git rev-parse --show-toplevel [2163ms]
2025-02-24 01:19:50.362 [info] > git config --get commit.template [2167ms]
2025-02-24 01:19:50.650 [info] > git for-each-ref --format=%(refname)%00%(upstream:short)%00%(objectname)%00%(upstream:track)%00%(upstream:remotename)%00%(upstream:remoteref) refs/heads/master refs/remotes/master [228ms]
2025-02-24 01:19:50.700 [info] > git status -z -uall [26ms]
2025-02-24 01:19:50.702 [info] > git for-each-ref --sort -committerdate --format %(refname) %(objectname) %(*objectname) [10ms]
2025-02-24 01:19:50.737 [info] > git for-each-ref --format=%(refname)%00%(upstream:short)%00%(objectname)%00%(upstream:track)%00%(upstream:remotename)%00%(upstream:remoteref) refs/heads/master refs/remotes/master [19ms]
2025-02-24 01:19:50.762 [info] > git config --get commit.template [26ms]
2025-02-24 01:19:50.763 [info] > git rev-parse --show-toplevel [36ms]
2025-02-24 01:19:50.809 [info] > git config --local branch.master.vscode-merge-base [66ms]
2025-02-24 01:19:50.809 [warning] [Git][config] git config failed: Failed to execute git
2025-02-24 01:19:50.874 [info] > git reflog master --grep-reflog=branch: Created from *. [54ms]
2025-02-24 01:19:50.880 [info] > git rev-parse --show-toplevel [72ms]
2025-02-24 01:19:50.898 [info] > git check-ignore -v -z --stdin [10ms]
2025-02-24 01:19:50.899 [info] > git symbolic-ref --short refs/remotes/origin/HEAD [20ms]
2025-02-24 01:19:50.899 [info] fatal: ref refs/remotes/origin/HEAD is not a symbolic ref
2025-02-24 01:19:50.899 [warning] [Repository][getDefaultBranch] Failed to get default branch details: Failed to execute git.
2025-02-24 01:19:50.908 [info] > git for-each-ref --format=%(refname)%00%(upstream:short)%00%(objectname)%00%(upstream:track)%00%(upstream:remotename)%00%(upstream:remoteref) refs/heads/master refs/remotes/master [56ms]
2025-02-24 01:19:50.910 [info] > git merge-base refs/heads/master refs/remotes/origin/master [4ms]
2025-02-24 01:19:50.920 [info] > git rev-parse --show-toplevel [25ms]
2025-02-24 01:19:51.086 [info] > git status -z -uall [79ms]
2025-02-24 01:19:51.087 [info] > git rev-parse --show-toplevel [157ms]
2025-02-24 01:19:51.087 [info] > git diff --name-status -z --diff-filter=ADMR 643f0a380796d257ff0429865c8f17430f9dd7a5...refs/remotes/origin/master [168ms]
2025-02-24 01:19:51.110 [info] > git for-each-ref --sort -committerdate --format %(refname) %(objectname) %(*objectname) [91ms]
2025-02-24 01:19:51.132 [info] > git rev-parse --show-toplevel [27ms]
2025-02-24 01:19:51.149 [info] > git rev-parse --show-toplevel [7ms]
2025-02-24 01:19:51.204 [info] > git rev-parse --show-toplevel [27ms]
2025-02-24 01:19:51.278 [info] > git rev-parse --show-toplevel [46ms]
2025-02-24 01:19:51.306 [info] > git rev-parse --show-toplevel [20ms]
2025-02-24 01:19:51.320 [info] > git rev-parse --show-toplevel [6ms]
2025-02-24 01:19:51.332 [info] > git rev-parse --show-toplevel [2ms]
2025-02-24 01:19:51.341 [info] > git rev-parse --show-toplevel [3ms]
2025-02-24 01:19:51.349 [info] > git rev-parse --show-toplevel [2ms]
2025-02-24 01:19:51.357 [info] > git rev-parse --show-toplevel [1ms]
2025-02-24 01:19:51.357 [info] [Model][doInitialScan] Initial repository scan completed - repositories (1), closed repositories (0), parent repositories (0), unsafe repositories (0)
2025-02-24 01:20:16.517 [info] > git show --textconv :templates/index.html [9ms]
2025-02-24 01:20:16.518 [info] > git ls-files --stage -- /home/apoorvtripathi537/templates/index.html [3ms]
2025-02-24 01:20:16.527 [info] > git cat-file -s 1e9b5f690e058b6ee651538f8a3adcb57917e378 [2ms]
2025-02-24 01:20:52.718 [info] > git config --get commit.template [172ms]
2025-02-24 01:20:52.732 [info] > git for-each-ref --format=%(refname)%00%(upstream:short)%00%(objectname)%00%(upstream:track)%00%(upstream:remotename)%00%(upstream:remoteref) refs/heads/master refs/remotes/master [8ms]
2025-02-24 01:20:52.752 [info] > git for-each-ref --sort -committerdate --format %(refname) %(objectname) %(*objectname) [2ms]
2025-02-24 01:20:52.764 [info] > git status -z -uall [22ms]
2025-02-24 01:20:57.787 [info] > git config --get commit.template [10ms]
2025-02-24 01:20:57.788 [info] > git for-each-ref --format=%(refname)%00%(upstream:short)%00%(objectname)%00%(upstream:track)%00%(upstream:remotename)%00%(upstream:remoteref) refs/heads/master refs/remotes/master [3ms]
2025-02-24 01:20:57.806 [info] > git for-each-ref --sort -committerdate --format %(refname) %(objectname) %(*objectname) [2ms]
2025-02-24 01:20:57.819 [info] > git status -z -uall [23ms]
2025-02-24 01:21:02.870 [info] > git for-each-ref --format=%(refname)%00%(upstream:short)%00%(objectname)%00%(upstream:track)%00%(upstream:remotename)%00%(upstream:remoteref) refs/heads/master refs/remotes/master [29ms]
2025-02-24 01:21:02.871 [info] > git config --get commit.template [37ms]
2025-02-24 01:21:02.888 [info] > git for-each-ref --sort -committerdate --format %(refname) %(objectname) %(*objectname) [2ms]
2025-02-24 01:21:02.900 [info] > git status -z -uall [22ms]
2025-02-24 01:21:07.920 [info] > git config --get commit.template [8ms]
2025-02-24 01:21:07.922 [info] > git for-each-ref --format=%(refname)%00%(upstream:short)%00%(objectname)%00%(upstream:track)%00%(upstream:remotename)%00%(upstream:remoteref) refs/heads/master refs/remotes/master [3ms]
2025-02-24 01:21:07.941 [info] > git for-each-ref --sort -committerdate --format %(refname) %(objectname) %(*objectname) [3ms]
2025-02-24 01:21:07.949 [info] > git status -z -uall [19ms]
2025-02-24 01:21:12.973 [info] > git config --get commit.template [7ms]
2025-02-24 01:21:12.974 [info] > git for-each-ref --format=%(refname)%00%(upstream:short)%00%(objectname)%00%(upstream:track)%00%(upstream:remotename)%00%(upstream:remoteref) refs/heads/master refs/remotes/master [3ms]
2025-02-24 01:21:12.991 [info] > git for-each-ref --sort -committerdate --format %(refname) %(objectname) %(*objectname) [3ms]
2025-02-24 01:21:13.002 [info] > git status -z -uall [21ms]
2025-02-24 01:21:17.375 [info] > git show --textconv :main.py [16ms]
2025-02-24 01:21:17.377 [info] > git ls-files --stage -- /home/apoorvtripathi537/main.py [9ms]
2025-02-24 01:21:17.386 [info] > git cat-file -s 30873b97b4b526e51162cbcbe4d49bd01dc3c25d [2ms]
2025-02-24 01:21:18.023 [info] > git config --get commit.template [9ms]
2025-02-24 01:21:18.024 [info] > git for-each-ref --format=%(refname)%00%(upstream:short)%00%(objectname)%00%(upstream:track)%00%(upstream:remotename)%00%(upstream:remoteref) refs/heads/master refs/remotes/master [2ms]
2025-02-24 01:21:18.044 [info] > git for-each-ref --sort -committerdate --format %(refname) %(objectname) %(*objectname) [3ms]
2025-02-24 01:21:18.052 [info] > git status -z -uall [20ms]
2025-02-24 01:21:23.071 [info] > git config --get commit.template [7ms]
2025-02-24 01:21:23.072 [info] > git for-each-ref --format=%(refname)%00%(upstream:short)%00%(objectname)%00%(upstream:track)%00%(upstream:remotename)%00%(upstream:remoteref) refs/heads/master refs/remotes/master [2ms]
2025-02-24 01:21:23.090 [info] > git for-each-ref --sort -committerdate --format %(refname) %(objectname) %(*objectname) [2ms]
2025-02-24 01:21:23.101 [info] > git status -z -uall [20ms]
2025-02-24 01:21:28.116 [info] > git config --get commit.template [2ms]
2025-02-24 01:21:28.124 [info] > git for-each-ref --format=%(refname)%00%(upstream:short)%00%(objectname)%00%(upstream:track)%00%(upstream:remotename)%00%(upstream:remoteref) refs/heads/master refs/remotes/master [2ms]
2025-02-24 01:21:28.141 [info] > git for-each-ref --sort -committerdate --format %(refname) %(objectname) %(*objectname) [2ms]
2025-02-24 01:21:28.151 [info] > git status -z -uall [20ms]
2025-02-24 01:21:33.171 [info] > git config --get commit.template [7ms]
2025-02-24 01:21:33.172 [info] > git for-each-ref --format=%(refname)%00%(upstream:short)%00%(objectname)%00%(upstream:track)%00%(upstream:remotename)%00%(upstream:remoteref) refs/heads/master refs/remotes/master [2ms]
2025-02-24 01:21:33.190 [info] > git for-each-ref --sort -committerdate --format %(refname) %(objectname) %(*objectname) [2ms]
2025-02-24 01:21:33.200 [info] > git status -z -uall [20ms]
2025-02-24 01:21:38.222 [info] > git config --get commit.template [8ms]
2025-02-24 01:21:38.223 [info] > git for-each-ref --format=%(refname)%00%(upstream:short)%00%(objectname)%00%(upstream:track)%00%(upstream:remotename)%00%(upstream:remoteref) refs/heads/master refs/remotes/master [2ms]
2025-02-24 01:21:38.241 [info] > git for-each-ref --sort -committerdate --format %(refname) %(objectname) %(*objectname) [2ms]
2025-02-24 01:21:38.252 [info] > git status -z -uall [22ms]
2025-02-24 01:21:43.275 [info] > git config --get commit.template [8ms]
2025-02-24 01:21:43.276 [info] > git for-each-ref --format=%(refname)%00%(upstream:short)%00%(objectname)%00%(upstream:track)%00%(upstream:remotename)%00%(upstream:remoteref) refs/heads/master refs/remotes/master [2ms]
2025-02-24 01:21:43.294 [info] > git for-each-ref --sort -committerdate --format %(refname) %(objectname) %(*objectname) [3ms]
2025-02-24 01:21:43.303 [info] > git status -z -uall [20ms]
2025-02-24 01:21:48.325 [info] > git config --get commit.template [8ms]
2025-02-24 01:21:48.327 [info] > git for-each-ref --format=%(refname)%00%(upstream:short)%00%(objectname)%00%(upstream:track)%00%(upstream:remotename)%00%(upstream:remoteref) refs/heads/master refs/remotes/master [3ms]
2025-02-24 01:21:48.346 [info] > git for-each-ref --sort -committerdate --format %(refname) %(objectname) %(*objectname) [1ms]
2025-02-24 01:21:48.360 [info] > git status -z -uall [25ms]
2025-02-24 01:21:53.552 [info] > git config --get commit.template [8ms]
2025-02-24 01:21:53.554 [info] > git for-each-ref --format=%(refname)%00%(upstream:short)%00%(objectname)%00%(upstream:track)%00%(upstream:remotename)%00%(upstream:remoteref) refs/heads/master refs/remotes/master [2ms]
2025-02-24 01:21:53.571 [info] > git for-each-ref --sort -committerdate --format %(refname) %(objectname) %(*objectname) [2ms]
2025-02-24 01:21:53.583 [info] > git status -z -uall [22ms]
2025-02-24 01:21:58.605 [info] > git config --get commit.template [8ms]
2025-02-24 01:21:58.606 [info] > git for-each-ref --format=%(refname)%00%(upstream:short)%00%(objectname)%00%(upstream:track)%00%(upstream:remotename)%00%(upstream:remoteref) refs/heads/master refs/remotes/master [3ms]
2025-02-24 01:21:58.623 [info] > git for-each-ref --sort -committerdate --format %(refname) %(objectname) %(*objectname) [3ms]
2025-02-24 01:21:58.633 [info] > git status -z -uall [21ms]
2025-02-24 01:23:29.202 [info] > git config --get commit.template [7ms]
2025-02-24 01:23:29.204 [info] > git for-each-ref --format=%(refname)%00%(upstream:short)%00%(objectname)%00%(upstream:track)%00%(upstream:remotename)%00%(upstream:remoteref) refs/heads/master refs/remotes/master [3ms]
2025-02-24 01:23:29.220 [info] > git for-each-ref --sort -committerdate --format %(refname) %(objectname) %(*objectname) [2ms]
2025-02-24 01:23:29.232 [info] > git status -z -uall [21ms]
2025-02-24 01:23:34.247 [info] > git config --get commit.template [3ms]
2025-02-24 01:23:34.256 [info] > git for-each-ref --format=%(refname)%00%(upstream:short)%00%(objectname)%00%(upstream:track)%00%(upstream:remotename)%00%(upstream:remoteref) refs/heads/master refs/remotes/master [1ms]
2025-02-24 01:23:34.274 [info] > git for-each-ref --sort -committerdate --format %(refname) %(objectname) %(*objectname) [2ms]
2025-02-24 01:23:34.286 [info] > git status -z -uall [22ms]
2025-02-24 01:25:24.150 [info] > git config --get commit.template [8ms]
2025-02-24 01:25:24.151 [info] > git for-each-ref --format=%(refname)%00%(upstream:short)%00%(objectname)%00%(upstream:track)%00%(upstream:remotename)%00%(upstream:remoteref) refs/heads/master refs/remotes/master [3ms]
2025-02-24 01:25:24.170 [info] > git for-each-ref --sort -committerdate --format %(refname) %(objectname) %(*objectname) [4ms]
2025-02-24 01:25:24.180 [info] > git status -z -uall [22ms]
2025-02-24 01:26:30.055 [info] > git config --get commit.template [8ms]
2025-02-24 01:26:30.056 [info] > git for-each-ref --format=%(refname)%00%(upstream:short)%00%(objectname)%00%(upstream:track)%00%(upstream:remotename)%00%(upstream:remoteref) refs/heads/master refs/remotes/master [2ms]
2025-02-24 01:26:30.076 [info] > git for-each-ref --sort -committerdate --format %(refname) %(objectname) %(*objectname) [3ms]
2025-02-24 01:26:30.086 [info] > git status -z -uall [23ms]
2025-02-24 01:26:35.100 [info] > git config --get commit.template [2ms]
2025-02-24 01:26:35.109 [info] > git for-each-ref --format=%(refname)%00%(upstream:short)%00%(objectname)%00%(upstream:track)%00%(upstream:remotename)%00%(upstream:remoteref) refs/heads/master refs/remotes/master [2ms]
2025-02-24 01:26:35.128 [info] > git for-each-ref --sort -committerdate --format %(refname) %(objectname) %(*objectname) [3ms]
2025-02-24 01:26:35.137 [info] > git status -z -uall [21ms]
2025-02-24 01:27:57.253 [info] > git config --get commit.template [7ms]
2025-02-24 01:27:57.255 [info] > git for-each-ref --format=%(refname)%00%(upstream:short)%00%(objectname)%00%(upstream:track)%00%(upstream:remotename)%00%(upstream:remoteref) refs/heads/master refs/remotes/master [2ms]
2025-02-24 01:27:57.272 [info] > git for-each-ref --sort -committerdate --format %(refname) %(objectname) %(*objectname) [2ms]
2025-02-24 01:27:57.283 [info] > git status -z -uall [21ms]
2025-02-24 01:28:02.306 [info] > git config --get commit.template [8ms]
2025-02-24 01:28:02.307 [info] > git for-each-ref --format=%(refname)%00%(upstream:short)%00%(objectname)%00%(upstream:track)%00%(upstream:remotename)%00%(upstream:remoteref) refs/heads/master refs/remotes/master [2ms]
2025-02-24 01:28:02.325 [info] > git for-each-ref --sort -committerdate --format %(refname) %(objectname) %(*objectname) [2ms]
2025-02-24 01:28:02.337 [info] > git status -z -uall [22ms]
2025-02-24 01:29:03.873 [info] > git config --get commit.template [7ms]
2025-02-24 01:29:03.874 [info] > git for-each-ref --format=%(refname)%00%(upstream:short)%00%(objectname)%00%(upstream:track)%00%(upstream:remotename)%00%(upstream:remoteref) refs/heads/master refs/remotes/master [1ms]
2025-02-24 01:29:03.892 [info] > git for-each-ref --sort -committerdate --format %(refname) %(objectname) %(*objectname) [2ms]
2025-02-24 01:29:03.903 [info] > git status -z -uall [21ms]
2025-02-24 01:29:08.921 [info] > git config --get commit.template [3ms]
2025-02-24 01:29:08.929 [info] > git for-each-ref --format=%(refname)%00%(upstream:short)%00%(objectname)%00%(upstream:track)%00%(upstream:remotename)%00%(upstream:remoteref) refs/heads/master refs/remotes/master [2ms]
2025-02-24 01:29:08.946 [info] > git for-each-ref --sort -committerdate --format %(refname) %(objectname) %(*objectname) [2ms]
2025-02-24 01:29:08.958 [info] > git status -z -uall [22ms]
2025-02-24 01:29:49.626 [info] > git check-ignore -v -z --stdin [3ms]
2025-02-24 01:30:16.452 [info] > git check-ignore -v -z --stdin [3ms]
2025-02-24 01:30:26.381 [info] > git config --get commit.template [9ms]
2025-02-24 01:30:26.381 [info] > git for-each-ref --format=%(refname)%00%(upstream:short)%00%(objectname)%00%(upstream:track)%00%(upstream:remotename)%00%(upstream:remoteref) refs/heads/master refs/remotes/master [3ms]
2025-02-24 01:30:26.398 [info] > git for-each-ref --sort -committerdate --format %(refname) %(objectname) %(*objectname) [2ms]
2025-02-24 01:30:26.411 [info] > git status -z -uall [23ms]
2025-02-24 01:36:39.465 [info] > git check-ignore -v -z --stdin [2ms]
2025-02-24 01:48:07.209 [info] > git config --get commit.template [7ms]
2025-02-24 01:48:07.210 [info] > git for-each-ref --format=%(refname)%00%(upstream:short)%00%(objectname)%00%(upstream:track)%00%(upstream:remotename)%00%(upstream:remoteref) refs/heads/master refs/remotes/master [2ms]
2025-02-24 01:48:07.227 [info] > git for-each-ref --sort -committerdate --format %(refname) %(objectname) %(*objectname) [3ms]
2025-02-24 01:48:07.240 [info] > git status -z -uall [23ms]
2025-02-24 01:48:12.260 [info] > git config --get commit.template [7ms]
2025-02-24 01:48:12.262 [info] > git for-each-ref --format=%(refname)%00%(upstream:short)%00%(objectname)%00%(upstream:track)%00%(upstream:remotename)%00%(upstream:remoteref) refs/heads/master refs/remotes/master [1ms]
2025-02-24 01:48:12.279 [info] > git for-each-ref --sort -committerdate --format %(refname) %(objectname) %(*objectname) [3ms]
2025-02-24 01:48:12.293 [info] > git status -z -uall [24ms]
2025-02-24 01:49:18.450 [info] > git check-ignore -v -z --stdin [2ms]
2025-02-24 01:49:30.324 [info] > git config --get commit.template [8ms]
2025-02-24 01:49:30.325 [info] > git for-each-ref --format=%(refname)%00%(upstream:short)%00%(objectname)%00%(upstream:track)%00%(upstream:remotename)%00%(upstream:remoteref) refs/heads/master refs/remotes/master [2ms]
2025-02-24 01:49:30.342 [info] > git for-each-ref --sort -committerdate --format %(refname) %(objectname) %(*objectname) [3ms]
2025-02-24 01:49:30.353 [info] > git status -z -uall [21ms]
2025-02-24 01:49:35.375 [info] > git config --get commit.template [7ms]
2025-02-24 01:49:35.376 [info] > git for-each-ref --format=%(refname)%00%(upstream:short)%00%(objectname)%00%(upstream:track)%00%(upstream:remotename)%00%(upstream:remoteref) refs/heads/master refs/remotes/master [2ms]
2025-02-24 01:49:35.394 [info] > git for-each-ref --sort -committerdate --format %(refname) %(objectname) %(*objectname) [3ms]
2025-02-24 01:49:35.410 [info] > git status -z -uall [27ms]
2025-02-24 01:50:31.390 [info] > git config --get commit.template [7ms]
2025-02-24 01:50:31.392 [info] > git for-each-ref --format=%(refname)%00%(upstream:short)%00%(objectname)%00%(upstream:track)%00%(upstream:remotename)%00%(upstream:remoteref) refs/heads/master refs/remotes/master [2ms]
2025-02-24 01:50:31.409 [info] > git for-each-ref --sort -committerdate --format %(refname) %(objectname) %(*objectname) [3ms]
2025-02-24 01:50:31.420 [info] > git status -z -uall [21ms]
2025-02-24 01:50:51.528 [info] > git check-ignore -v -z --stdin [3ms]
