2025-04-01 18:50:38.896 [info] [main] Log level: Info
2025-04-01 18:50:38.896 [info] [main] Validating found git in: "git"
2025-04-01 18:50:38.896 [info] [main] Using git "2.43.0" from "git"
2025-04-01 18:50:38.896 [info] [Model][doInitialScan] Initial repository scan started
2025-04-01 18:50:38.896 [info] > git rev-parse --show-toplevel [36ms]
2025-04-01 18:50:38.896 [info] > git rev-parse --git-dir --git-common-dir [2ms]
2025-04-01 18:50:38.896 [info] [Model][openRepository] Opened repository: /home/apoorvtripathi537
2025-04-01 18:50:38.896 [info] > git config --get commit.template [4ms]
2025-04-01 18:50:38.896 [info] > git rev-parse --show-toplevel [3ms]
2025-04-01 18:50:38.896 [info] > git rev-parse --show-toplevel [2ms]
2025-04-01 18:50:38.896 [info] > git rev-parse --show-toplevel [2ms]
2025-04-01 18:50:38.896 [info] > git rev-parse --show-toplevel [2ms]
2025-04-01 18:50:38.896 [info] > git rev-parse --show-toplevel [2ms]
2025-04-01 18:50:38.896 [info] > git rev-parse --show-toplevel [2ms]
2025-04-01 18:50:38.896 [info] > git rev-parse --show-toplevel [1ms]
2025-04-01 18:50:38.896 [info] > git rev-parse --show-toplevel [1ms]
2025-04-01 18:50:38.897 [info] > git rev-parse --show-toplevel [1621ms]
2025-04-01 18:50:38.897 [info] > git for-each-ref --format=%(refname)%00%(upstream:short)%00%(objectname)%00%(upstream:track)%00%(upstream:remotename)%00%(upstream:remoteref) refs/heads/master refs/remotes/master [1655ms]
2025-04-01 18:50:38.897 [info] > git rev-parse --show-toplevel [12ms]
2025-04-01 18:50:38.897 [info] > git rev-parse --show-toplevel [29ms]
2025-04-01 18:50:38.897 [info] > git for-each-ref --sort -committerdate --format %(refname) %(objectname) %(*objectname) [21ms]
2025-04-01 18:50:38.897 [info] > git rev-parse --show-toplevel [39ms]
2025-04-01 18:50:38.922 [info] > git rev-parse --show-toplevel [2ms]
2025-04-01 18:50:38.928 [info] > git rev-parse --show-toplevel [3ms]
2025-04-01 18:50:38.928 [info] [Model][doInitialScan] Initial repository scan completed - repositories (1), closed repositories (0), parent repositories (0), unsafe repositories (0)
2025-04-01 18:50:39.028 [info] > git check-ignore -v -z --stdin [52ms]
2025-04-01 18:50:39.310 [info] > git show --textconv :main.py [131ms]
2025-04-01 18:50:39.311 [info] > git ls-files --stage -- /home/apoorvtripathi537/main.py [127ms]
2025-04-01 18:50:39.319 [info] > git cat-file -s ec7b915dba87cdcfd21c35fe04a3a3fec379e65a [3ms]
2025-04-01 18:50:41.788 [info] > git status -z -uall [2955ms]
2025-04-01 18:50:42.589 [info] > git for-each-ref --format=%(refname)%00%(upstream:short)%00%(objectname)%00%(upstream:track)%00%(upstream:remotename)%00%(upstream:remoteref) refs/heads/master refs/remotes/master [622ms]
2025-04-01 18:50:42.757 [info] > git config --local branch.master.vscode-merge-base [155ms]
2025-04-01 18:50:42.759 [warning] [Git][config] git config failed: Failed to execute git
2025-04-01 18:50:42.767 [info] > git config --get commit.template [188ms]
2025-04-01 18:50:42.806 [info] > git for-each-ref --format=%(refname)%00%(upstream:short)%00%(objectname)%00%(upstream:track)%00%(upstream:remotename)%00%(upstream:remoteref) refs/heads/master refs/remotes/master [8ms]
2025-04-01 18:50:42.807 [info] > git reflog master --grep-reflog=branch: Created from *. [41ms]
2025-04-01 18:50:42.834 [info] > git for-each-ref --sort -committerdate --format %(refname) %(objectname) %(*objectname) [2ms]
2025-04-01 18:50:42.835 [info] > git symbolic-ref --short refs/remotes/origin/HEAD [23ms]
2025-04-01 18:50:42.835 [info] fatal: ref refs/remotes/origin/HEAD is not a symbolic ref
2025-04-01 18:50:42.835 [warning] [Repository][getDefaultBranch] Failed to get default branch details: Failed to execute git.
2025-04-01 18:50:42.849 [info] > git merge-base refs/heads/master refs/remotes/origin/master [6ms]
2025-04-01 18:50:42.866 [info] > git diff --name-status -z --diff-filter=ADMR 3af8a224fd8bda9bdfc078604fafe431df36d3cf...refs/remotes/origin/master [6ms]
2025-04-01 18:50:43.181 [info] > git status -z -uall [360ms]
2025-04-01 18:50:48.169 [info] > git config --get commit.template [4ms]
2025-04-01 18:50:48.170 [info] > git for-each-ref --format=%(refname)%00%(upstream:short)%00%(objectname)%00%(upstream:track)%00%(upstream:remotename)%00%(upstream:remoteref) refs/heads/master refs/remotes/master [2ms]
2025-04-01 18:50:48.180 [info] > git for-each-ref --sort -committerdate --format %(refname) %(objectname) %(*objectname) [2ms]
2025-04-01 18:50:48.372 [info] > git status -z -uall [198ms]
2025-04-01 18:50:53.421 [info] > git config --get commit.template [5ms]
2025-04-01 18:50:53.422 [info] > git for-each-ref --format=%(refname)%00%(upstream:short)%00%(objectname)%00%(upstream:track)%00%(upstream:remotename)%00%(upstream:remoteref) refs/heads/master refs/remotes/master [2ms]
2025-04-01 18:50:53.433 [info] > git for-each-ref --sort -committerdate --format %(refname) %(objectname) %(*objectname) [2ms]
2025-04-01 18:50:53.626 [info] > git status -z -uall [200ms]
2025-04-01 18:50:58.666 [info] > git config --get commit.template [4ms]
2025-04-01 18:50:58.668 [info] > git for-each-ref --format=%(refname)%00%(upstream:short)%00%(objectname)%00%(upstream:track)%00%(upstream:remotename)%00%(upstream:remoteref) refs/heads/master refs/remotes/master [2ms]
2025-04-01 18:50:58.677 [info] > git for-each-ref --sort -committerdate --format %(refname) %(objectname) %(*objectname) [2ms]
2025-04-01 18:50:58.867 [info] > git status -z -uall [196ms]
2025-04-01 18:50:59.285 [info] > git ls-files --stage -- /home/apoorvtripathi537/main.py [3ms]
2025-04-01 18:50:59.290 [info] > git cat-file -s ec7b915dba87cdcfd21c35fe04a3a3fec379e65a [2ms]
2025-04-01 18:51:00.200 [info] > git show --textconv :main.py [3ms]
2025-04-01 18:51:03.904 [info] > git config --get commit.template [5ms]
2025-04-01 18:51:03.905 [info] > git for-each-ref --format=%(refname)%00%(upstream:short)%00%(objectname)%00%(upstream:track)%00%(upstream:remotename)%00%(upstream:remoteref) refs/heads/master refs/remotes/master [2ms]
2025-04-01 18:51:03.915 [info] > git for-each-ref --sort -committerdate --format %(refname) %(objectname) %(*objectname) [2ms]
2025-04-01 18:51:04.130 [info] > git status -z -uall [221ms]
2025-04-01 18:51:09.168 [info] > git config --get commit.template [5ms]
2025-04-01 18:51:09.169 [info] > git for-each-ref --format=%(refname)%00%(upstream:short)%00%(objectname)%00%(upstream:track)%00%(upstream:remotename)%00%(upstream:remoteref) refs/heads/master refs/remotes/master [2ms]
2025-04-01 18:51:09.179 [info] > git for-each-ref --sort -committerdate --format %(refname) %(objectname) %(*objectname) [2ms]
2025-04-01 18:51:09.374 [info] > git status -z -uall [202ms]
2025-04-01 18:51:14.418 [info] > git config --get commit.template [4ms]
2025-04-01 18:51:14.419 [info] > git for-each-ref --format=%(refname)%00%(upstream:short)%00%(objectname)%00%(upstream:track)%00%(upstream:remotename)%00%(upstream:remoteref) refs/heads/master refs/remotes/master [2ms]
2025-04-01 18:51:14.431 [info] > git for-each-ref --sort -committerdate --format %(refname) %(objectname) %(*objectname) [2ms]
2025-04-01 18:51:14.625 [info] > git status -z -uall [202ms]
