Initializing document watcher...
Document watcher initialized
apoorvtripathi537/templates/index.html: {}
apoorvtripathi537/templates/index.html: {}
apoorvtripathi537/test.py: {}
apoorvtripathi537/main.py: {}
apoorvtripathi537/templates/index.html: {}
apoorvtripathi537/templates/index.html: Using EditorConfig core...
apoorvtripathi537/templates/index.html: Using EditorConfig core...
apoorvtripathi537/templates/index.html: Using EditorConfig core...
apoorvtripathi537/templates/index.html: Using EditorConfig core...
apoorvtripathi537/templates/index.html: Using EditorConfig core...
apoorvtripathi537/templates/index.html: Using EditorConfig core...
apoorvtripathi537/templates/index.html: Using EditorConfig core...
apoorvtripathi537/templates/index.html: Using EditorConfig core...
apoorvtripathi537/templates/index.html: Using EditorConfig core...
apoorvtripathi537/templates/index.html: Using EditorConfig core...
apoorvtripathi537/templates/index.html: Using EditorConfig core...
apoorvtripathi537/templates/index.html: {}
apoorvtripathi537/templates/index.html: Using EditorConfig core...
apoorvtripathi537/templates/index.html: Using EditorConfig core...
apoorvtripathi537/templates/index.html: {}
apoorvtripathi537/templates/index.html: Using EditorConfig core...
apoorvtripathi537/templates/index.html: Using EditorConfig core...
apoorvtripathi537/templates/index.html: Using EditorConfig core...
apoorvtripathi537/templates/index.html: Using EditorConfig core...
apoorvtripathi537/templates/index.html: Using EditorConfig core...
apoorvtripathi537/templates/index.html: Using EditorConfig core...
apoorvtripathi537/templates/index.html: Using EditorConfig core...
apoorvtripathi537/templates/index.html: Using EditorConfig core...
apoorvtripathi537/templates/index.html: Using EditorConfig core...
apoorvtripathi537/templates/index.html: Using EditorConfig core...
apoorvtripathi537/templates/index.html: Using EditorConfig core...
apoorvtripathi537/templates/index.html: {}
apoorvtripathi537/main.py: {}
apoorvtripathi537/main.py: Using EditorConfig core...
apoorvtripathi537/main.py: Using EditorConfig core...
apoorvtripathi537/main.py: Using EditorConfig core...
apoorvtripathi537/main.py: {}
apoorvtripathi537/templates/index.html: {}
apoorvtripathi537/templates/index.html: {}
apoorvtripathi537/templates/index.html: Using EditorConfig core...
apoorvtripathi537/templates/index.html: Using EditorConfig core...
apoorvtripathi537/templates/index.html: Using EditorConfig core...
apoorvtripathi537/templates/index.html: Using EditorConfig core...
apoorvtripathi537/templates/index.html: Using EditorConfig core...
apoorvtripathi537/templates/index.html: Using EditorConfig core...
apoorvtripathi537/templates/index.html: {}
apoorvtripathi537/templates/index.html: Using EditorConfig core...
apoorvtripathi537/templates/index.html: Using EditorConfig core...
apoorvtripathi537/templates/index.html: Using EditorConfig core...
apoorvtripathi537/templates/index.html: Using EditorConfig core...
apoorvtripathi537/templates/index.html: Using EditorConfig core...
apoorvtripathi537/templates/index.html: {}
apoorvtripathi537/templates/index.html: {}
apoorvtripathi537/templates/index.html: {}
apoorvtripathi537/templates/index.html: Using EditorConfig core...
apoorvtripathi537/templates/index.html: Using EditorConfig core...
apoorvtripathi537/templates/index.html: Using EditorConfig core...
apoorvtripathi537/templates/index.html: Using EditorConfig core...
apoorvtripathi537/templates/index.html: Using EditorConfig core...
apoorvtripathi537/templates/index.html: {}
apoorvtripathi537/templates/index.html: {}
apoorvtripathi537/templates/index.html: Using EditorConfig core...
apoorvtripathi537/templates/index.html: Using EditorConfig core...
apoorvtripathi537/templates/index.html: Using EditorConfig core...
apoorvtripathi537/templates/index.html: Using EditorConfig core...
apoorvtripathi537/templates/index.html: {}
apoorvtripathi537/script.js: {}
apoorvtripathi537/main.py: {}
apoorvtripathi537/main.py: {}
apoorvtripathi537/main.py: {}
apoorvtripathi537/main.py: Using EditorConfig core...
apoorvtripathi537/main.py: {}
apoorvtripathi537/main.py: Using EditorConfig core...
apoorvtripathi537/main.py: Using EditorConfig core...
apoorvtripathi537/main.py: {}
apoorvtripathi537/main.py: {}
apoorvtripathi537/main.py: Using EditorConfig core...
apoorvtripathi537/main.py: Using EditorConfig core...
apoorvtripathi537/main.py: {}
apoorvtripathi537/main.py: {}
apoorvtripathi537/main.py: Using EditorConfig core...
apoorvtripathi537/main.py: {}
apoorvtripathi537/main.py: {}
apoorvtripathi537/main.py: {}
apoorvtripathi537/main.py: Using EditorConfig core...
apoorvtripathi537/main.py: Using EditorConfig core...
apoorvtripathi537/main.py: Using EditorConfig core...
apoorvtripathi537/main.py: Using EditorConfig core...
apoorvtripathi537/main.py: Using EditorConfig core...
apoorvtripathi537/main.py: Using EditorConfig core...
apoorvtripathi537/main.py: {}
apoorvtripathi537/main.py: Using EditorConfig core...
apoorvtripathi537/main.py: Using EditorConfig core...
apoorvtripathi537/main.py: {}
apoorvtripathi537/templates/index.html: {}
apoorvtripathi537/script.js: {}
apoorvtripathi537/main.py: {}
apoorvtripathi537/main.py: Using EditorConfig core...
apoorvtripathi537/main.py: {}
apoorvtripathi537/main.py: {}
apoorvtripathi537/main.py: {}
apoorvtripathi537/templates/index.html: {}
apoorvtripathi537/templates/index.html: {}
apoorvtripathi537/script.js: {}
apoorvtripathi537/script.js: {}
apoorvtripathi537/script.js: {}
apoorvtripathi537/templates/index.html: {}
apoorvtripathi537/main.py: {}
apoorvtripathi537/main.py: Using EditorConfig core...
apoorvtripathi537/main.py: Using EditorConfig core...
apoorvtripathi537/main.py: {}
apoorvtripathi537/main.py: Using EditorConfig core...
apoorvtripathi537/main.py: {}
apoorvtripathi537/main.py: {}
apoorvtripathi537/templates/index.html: {}
apoorvtripathi537/templates/index.html: {}
apoorvtripathi537/templates/index.html: {}
apoorvtripathi537/templates/index.html: {}
apoorvtripathi537/main.py: {}
apoorvtripathi537/main.py: {}
apoorvtripathi537/main.py: {}
apoorvtripathi537/main.py: {}
apoorvtripathi537/main.py: {}
apoorvtripathi537/main.py: Using EditorConfig core...
apoorvtripathi537/main.py: Using EditorConfig core...
apoorvtripathi537/main.py: Using EditorConfig core...
apoorvtripathi537/main.py: Using EditorConfig core...
apoorvtripathi537/main.py: {}
apoorvtripathi537/main.py: {}
apoorvtripathi537/main.py: {}
apoorvtripathi537/main.py: {}
apoorvtripathi537/main.py: Using EditorConfig core...
apoorvtripathi537/main.py: Using EditorConfig core...
apoorvtripathi537/main.py: {}
apoorvtripathi537/main.py: {}
apoorvtripathi537/main.py: {}
apoorvtripathi537/main.py: {}
apoorvtripathi537/main.py: Using EditorConfig core...
apoorvtripathi537/main.py: {}
apoorvtripathi537/main.py: Using EditorConfig core...
apoorvtripathi537/main.py: Using EditorConfig core...
apoorvtripathi537/main.py: {}
apoorvtripathi537/main.py: Using EditorConfig core...
apoorvtripathi537/main.py: Using EditorConfig core...
apoorvtripathi537/main.py: Using EditorConfig core...
apoorvtripathi537/main.py: Using EditorConfig core...
apoorvtripathi537/main.py: Using EditorConfig core...
apoorvtripathi537/main.py: Using EditorConfig core...
apoorvtripathi537/main.py: {}
apoorvtripathi537/main.py: {}
apoorvtripathi537/main.py: {}
apoorvtripathi537/.vscode/settings.json: Using EditorConfig core...
apoorvtripathi537/main.py: {}
apoorvtripathi537/main.py: {}
apoorvtripathi537/uploads/Metamorphosis.txt: {}
apoorvtripathi537/main.py: {}
apoorvtripathi537/main.py: {}
apoorvtripathi537/templates/index.html: {}
apoorvtripathi537/templates/index.html: {}
apoorvtripathi537/templates/index.html: {}
apoorvtripathi537/templates/index.html: {}
apoorvtripathi537/templates/index.html: {}
apoorvtripathi537/main.py: {}
apoorvtripathi537/main.py: Using EditorConfig core...
apoorvtripathi537/main.py: {}
apoorvtripathi537/main.py: {}
apoorvtripathi537/main.py: {}
apoorvtripathi537/main.py: Using EditorConfig core...
apoorvtripathi537/main.py: Using EditorConfig core...
apoorvtripathi537/main.py: Using EditorConfig core...
apoorvtripathi537/main.py: Using EditorConfig core...
apoorvtripathi537/main.py: Using EditorConfig core...
apoorvtripathi537/main.py: {}
apoorvtripathi537/main.py: {}
apoorvtripathi537/main.py: {}
apoorvtripathi537/main.py: {}
apoorvtripathi537/main.py: {}
apoorvtripathi537/main.py: {}
apoorvtripathi537/main.py: Using EditorConfig core...
apoorvtripathi537/main.py: Using EditorConfig core...
apoorvtripathi537/main.py: {}
apoorvtripathi537/main.py: Using EditorConfig core...
apoorvtripathi537/main.py: {}
apoorvtripathi537/main.py: Using EditorConfig core...
apoorvtripathi537/main.py: Using EditorConfig core...
apoorvtripathi537/main.py: Using EditorConfig core...
apoorvtripathi537/main.py: Using EditorConfig core...
apoorvtripathi537/main.py: Using EditorConfig core...
apoorvtripathi537/main.py: Using EditorConfig core...
apoorvtripathi537/main.py: Using EditorConfig core...
apoorvtripathi537/main.py: Using EditorConfig core...
apoorvtripathi537/main.py: Using EditorConfig core...
apoorvtripathi537/main.py: Using EditorConfig core...
apoorvtripathi537/main.py: Using EditorConfig core...
apoorvtripathi537/main.py: Using EditorConfig core...
apoorvtripathi537/main.py: Using EditorConfig core...
apoorvtripathi537/main.py: Using EditorConfig core...
apoorvtripathi537/main.py: Using EditorConfig core...
apoorvtripathi537/main.py: Using EditorConfig core...
apoorvtripathi537/main.py: Using EditorConfig core...
apoorvtripathi537/main.py: Using EditorConfig core...
apoorvtripathi537/main.py: Using EditorConfig core...
apoorvtripathi537/main.py: Using EditorConfig core...
apoorvtripathi537/main.py: Using EditorConfig core...
apoorvtripathi537/main.py: Using EditorConfig core...
apoorvtripathi537/main.py: Using EditorConfig core...
apoorvtripathi537/main.py: Using EditorConfig core...
apoorvtripathi537/main.py: Using EditorConfig core...
apoorvtripathi537/main.py: Using EditorConfig core...
apoorvtripathi537/main.py: Using EditorConfig core...
apoorvtripathi537/main.py: {}
apoorvtripathi537/main.py: {}
apoorvtripathi537/main.py: {}
apoorvtripathi537/main.py: Using EditorConfig core...
apoorvtripathi537/main.py: Using EditorConfig core...
apoorvtripathi537/main.py: Using EditorConfig core...
apoorvtripathi537/main.py: Using EditorConfig core...
apoorvtripathi537/main.py: Using EditorConfig core...
apoorvtripathi537/main.py: Using EditorConfig core...
apoorvtripathi537/main.py: {}
apoorvtripathi537/main.py: {}
apoorvtripathi537/main.py: Using EditorConfig core...
apoorvtripathi537/main.py: {}
apoorvtripathi537/main.py: {}
apoorvtripathi537/main.py: Using EditorConfig core...
apoorvtripathi537/main.py: {}
apoorvtripathi537/main.py: Using EditorConfig core...
apoorvtripathi537/main.py: Using EditorConfig core...
apoorvtripathi537/main.py: Using EditorConfig core...
apoorvtripathi537/main.py: Using EditorConfig core...
apoorvtripathi537/main.py: {}
apoorvtripathi537/main.py: {}
apoorvtripathi537/main.py: {}
apoorvtripathi537/uploads/Metamorphosis.txt: {}
apoorvtripathi537/main.py: {}
apoorvtripathi537/main.py: Using EditorConfig core...
apoorvtripathi537/main.py: Using EditorConfig core...
apoorvtripathi537/test.py: {}
apoorvtripathi537/main.py: {}
apoorvtripathi537/main.py: {}
apoorvtripathi537/main.py: {}
apoorvtripathi537/main.py: {}
apoorvtripathi537/main.py: {}
apoorvtripathi537/main.py: Using EditorConfig core...
apoorvtripathi537/main.py: {}
apoorvtripathi537/main.py: Using EditorConfig core...
apoorvtripathi537/main.py: Using EditorConfig core...
apoorvtripathi537/main.py: Using EditorConfig core...
apoorvtripathi537/main.py: Using EditorConfig core...
apoorvtripathi537/main.py: {}
apoorvtripathi537/main.py: {}
apoorvtripathi537/main.py: {}
apoorvtripathi537/main.py: Using EditorConfig core...
apoorvtripathi537/main.py: Using EditorConfig core...
apoorvtripathi537/main.py: Using EditorConfig core...
apoorvtripathi537/main.py: Using EditorConfig core...
apoorvtripathi537/main.py: Using EditorConfig core...
apoorvtripathi537/main.py: Using EditorConfig core...
apoorvtripathi537/main.py: Using EditorConfig core...
apoorvtripathi537/main.py: {}
apoorvtripathi537/main.py: {}
apoorvtripathi537/main.py: {}
apoorvtripathi537/main.py: {}
apoorvtripathi537/main.py: {}
apoorvtripathi537/main.py: {}
apoorvtripathi537/main.py: {}
apoorvtripathi537/main.py: {}
apoorvtripathi537/main.py: {}
apoorvtripathi537/main.py: {}
apoorvtripathi537/main.py: {}
apoorvtripathi537/main.py: {}
apoorvtripathi537/main.py: {}
apoorvtripathi537/main.py: {}
apoorvtripathi537/main.py: {}
apoorvtripathi537/main.py: Using EditorConfig core...
apoorvtripathi537/main.py: Using EditorConfig core...
apoorvtripathi537/main.py: {}
