2025-02-22 16:52:44.465 [warning] Dir "/home/apoorvtripathi537/.pixi/envs" is not watchable (directory does not exist)
2025-02-22 16:52:44.466 [info] Starting Environment refresh
2025-02-22 16:52:44.466 [info] Searching for interpreters in posix paths locator
2025-02-22 16:52:44.466 [info] Searching for pyenv environments
2025-02-22 16:52:44.466 [info] Searching for conda environments
2025-02-22 16:52:44.466 [info] Searching for global virtual environments
2025-02-22 16:52:44.466 [info] Searching for custom virtual environments
2025-02-22 16:52:44.466 [info] pyenv is not installed
2025-02-22 16:52:44.466 [info] Finished searching for pyenv environments: 40 milliseconds
2025-02-22 16:52:44.466 [info] Finished searching for custom virtual envs: 38 milliseconds
2025-02-22 16:52:44.466 [info] > conda info --json
2025-02-22 16:52:44.466 [info] > hatch env show --json
2025-02-22 16:52:44.466 [info] cwd: .
2025-02-22 16:52:44.466 [info] > pyenv which python
2025-02-22 16:52:44.466 [info] cwd: .
2025-02-22 16:52:44.466 [info] Finished searching for global virtual envs: 1483 milliseconds
2025-02-22 16:52:44.471 [info] Found: /bin/python --> /bin/python3.12
2025-02-22 16:52:44.506 [info] Found: /bin/python3 --> /bin/python3.12
2025-02-22 16:52:44.509 [info] Found: /bin/python3.12 --> /bin/python3.12
2025-02-22 16:52:45.197 [info] Found: /usr/bin/python --> /usr/bin/python3.12
2025-02-22 16:52:45.229 [info] Found: /usr/bin/python3 --> /usr/bin/python3.12
2025-02-22 16:52:45.234 [info] Found: /usr/bin/python3.12 --> /usr/bin/python3.12
2025-02-22 16:52:45.439 [info] Discover tests for workspace name: undefined - uri: /User/settings.json
2025-02-22 16:52:45.586 [info] > ./venv-translate/bin/python -I /google/devshell/editor/code-oss-for-cloud-shell/extensions/ms-python.python/python_files/get_output_via_markers.py /google/devshell/editor/code-oss-for-cloud-shell/extensions/ms-python.python/python_files/interpreterInfo.py
2025-02-22 16:52:45.711 [info] Finished searching for interpreters in posix paths locator: 5180 milliseconds
2025-02-22 16:52:45.711 [info] > /bin/python -I /google/devshell/editor/code-oss-for-cloud-shell/extensions/ms-python.python/python_files/get_output_via_markers.py /google/devshell/editor/code-oss-for-cloud-shell/extensions/ms-python.python/python_files/interpreterInfo.py
2025-02-22 16:52:45.753 [info] > /usr/bin/python -I /google/devshell/editor/code-oss-for-cloud-shell/extensions/ms-python.python/python_files/get_output_via_markers.py /google/devshell/editor/code-oss-for-cloud-shell/extensions/ms-python.python/python_files/interpreterInfo.py
2025-02-22 16:52:45.753 [info] Environments refresh paths discovered (event): 5232 milliseconds
2025-02-22 16:52:45.753 [info] Environments refresh paths discovered: 5232 milliseconds
2025-02-22 16:52:45.827 [info] Environments refresh finished (event): 5306 milliseconds
2025-02-22 16:52:45.840 [info] Environment refresh took 5319 milliseconds
2025-02-22 16:52:45.846 [info] Python interpreter path: ./venv-translate/bin/python
2025-02-22 16:52:48.269 [info] Starting Jedi language server for apoorvtripathi537.
2025-02-22 16:58:09.609 [info] Discover tests for workspace name: apoorvtripathi537 - uri: /home/apoorvtripathi537/main.py
2025-02-22 16:58:11.295 [info] Discover tests for workspace name: apoorvtripathi537 - uri: /home/apoorvtripathi537/main.py
2025-02-22 16:58:51.867 [info] Discover tests for workspace name: apoorvtripathi537 - uri: /home/apoorvtripathi537/main.py
2025-02-22 16:59:30.777 [info] Discover tests for workspace name: apoorvtripathi537 - uri: /home/apoorvtripathi537/main.py
2025-02-22 16:59:34.398 [info] Discover tests for workspace name: apoorvtripathi537 - uri: /home/apoorvtripathi537/main.py
2025-02-22 17:00:27.048 [info] Discover tests for workspace name: apoorvtripathi537 - uri: /home/apoorvtripathi537/main.py
2025-02-22 17:00:35.391 [info] Discover tests for workspace name: apoorvtripathi537 - uri: /home/apoorvtripathi537/main.py
2025-02-22 17:02:05.145 [info] Discover tests for workspace name: apoorvtripathi537 - uri: /home/apoorvtripathi537/main.py
2025-02-22 17:04:05.230 [info] Discover tests for workspace name: apoorvtripathi537 - uri: /home/apoorvtripathi537/main.py
2025-02-22 17:07:15.354 [info] Discover tests for workspace name: apoorvtripathi537 - uri: /home/apoorvtripathi537/main.py
2025-02-22 17:07:17.272 [info] Discover tests for workspace name: apoorvtripathi537 - uri: /home/apoorvtripathi537/main.py
2025-02-22 17:07:22.163 [info] Discover tests for workspace name: apoorvtripathi537 - uri: /home/apoorvtripathi537/main.py
2025-02-22 17:08:05.330 [info] Discover tests for workspace name: apoorvtripathi537 - uri: /home/apoorvtripathi537/main.py
2025-02-22 17:08:07.876 [info] Discover tests for workspace name: apoorvtripathi537 - uri: /home/apoorvtripathi537/main.py
2025-02-22 17:08:08.532 [info] Discover tests for workspace name: apoorvtripathi537 - uri: /home/apoorvtripathi537/main.py
2025-02-22 17:09:07.279 [info] Discover tests for workspace name: apoorvtripathi537 - uri: /home/apoorvtripathi537/main.py
2025-02-22 17:09:08.611 [info] Discover tests for workspace name: apoorvtripathi537 - uri: /home/apoorvtripathi537/main.py
2025-02-22 17:09:12.273 [info] Discover tests for workspace name: apoorvtripathi537 - uri: /home/apoorvtripathi537/main.py
2025-02-22 17:17:06.416 [info] Discover tests for workspace name: apoorvtripathi537 - uri: /home/apoorvtripathi537/main.py
2025-02-22 17:17:15.471 [info] Discover tests for workspace name: apoorvtripathi537 - uri: /home/apoorvtripathi537/main.py
2025-02-22 17:17:16.993 [info] Discover tests for workspace name: apoorvtripathi537 - uri: /home/apoorvtripathi537/main.py
2025-02-22 17:17:21.854 [info] Discover tests for workspace name: apoorvtripathi537 - uri: /home/apoorvtripathi537/main.py
2025-02-22 17:17:23.497 [info] Discover tests for workspace name: apoorvtripathi537 - uri: /home/apoorvtripathi537/main.py
2025-02-22 17:18:21.356 [info] Discover tests for workspace name: apoorvtripathi537 - uri: /home/apoorvtripathi537/main.py
2025-02-22 17:21:30.478 [info] Discover tests for workspace name: apoorvtripathi537 - uri: /home/apoorvtripathi537/main.py
2025-02-22 17:22:43.739 [info] Discover tests for workspace name: apoorvtripathi537 - uri: /home/apoorvtripathi537/main.py
2025-02-22 17:22:50.127 [info] Discover tests for workspace name: apoorvtripathi537 - uri: /home/apoorvtripathi537/main.py
2025-02-22 17:23:01.225 [info] Discover tests for workspace name: apoorvtripathi537 - uri: /home/apoorvtripathi537/main.py
2025-02-22 17:24:25.965 [info] Discover tests for workspace name: apoorvtripathi537 - uri: /home/apoorvtripathi537/main.py
2025-02-22 17:24:28.517 [info] Discover tests for workspace name: apoorvtripathi537 - uri: /home/apoorvtripathi537/main.py
2025-02-22 17:24:30.753 [info] Discover tests for workspace name: apoorvtripathi537 - uri: /home/apoorvtripathi537/main.py
2025-02-22 17:24:32.292 [info] Discover tests for workspace name: apoorvtripathi537 - uri: /home/apoorvtripathi537/main.py
2025-02-22 17:25:23.065 [info] Discover tests for workspace name: apoorvtripathi537 - uri: /home/apoorvtripathi537/main.py
2025-02-22 17:25:32.439 [info] Discover tests for workspace name: apoorvtripathi537 - uri: /home/apoorvtripathi537/main.py
2025-02-22 17:25:35.675 [info] Discover tests for workspace name: apoorvtripathi537 - uri: /home/apoorvtripathi537/main.py
2025-02-22 17:25:38.560 [info] Discover tests for workspace name: apoorvtripathi537 - uri: /home/apoorvtripathi537/main.py
2025-02-22 17:25:39.743 [info] Discover tests for workspace name: apoorvtripathi537 - uri: /home/apoorvtripathi537/main.py
2025-02-22 17:26:24.078 [info] Discover tests for workspace name: apoorvtripathi537 - uri: /home/apoorvtripathi537/main.py
2025-02-22 17:26:27.209 [info] Discover tests for workspace name: apoorvtripathi537 - uri: /home/apoorvtripathi537/main.py
2025-02-22 17:26:29.960 [info] Discover tests for workspace name: apoorvtripathi537 - uri: /home/apoorvtripathi537/main.py
2025-02-22 17:26:48.825 [info] Discover tests for workspace name: apoorvtripathi537 - uri: /home/apoorvtripathi537/main.py
2025-02-22 17:30:07.690 [info] Discover tests for workspace name: apoorvtripathi537 - uri: /home/apoorvtripathi537/main.py
2025-02-22 17:30:11.082 [info] Discover tests for workspace name: apoorvtripathi537 - uri: /home/apoorvtripathi537/main.py
2025-02-22 17:30:11.697 [info] Discover tests for workspace name: apoorvtripathi537 - uri: /home/apoorvtripathi537/main.py
2025-02-22 17:30:12.159 [info] Discover tests for workspace name: apoorvtripathi537 - uri: /home/apoorvtripathi537/main.py
