Initializing document watcher...
Document watcher initialized
/User/settings.json: Using EditorConfig core...
/User/settings.json: Using EditorConfig core...
apoorvtripathi537/main.py: {}
apoorvtripathi537/main.py: {}
apoorvtripathi537/main.py: {}
apoorvtripathi537/main.py: {}
apoorvtripathi537/main.py: {}
apoorvtripathi537/main.py: {}
apoorvtripathi537/main.py: {}
apoorvtripathi537/main.py: {}
apoorvtripathi537/main.py: {}
apoorvtripathi537/main.py: {}
apoorvtripathi537/main.py: {}
apoorvtripathi537/main.py: {}
apoorvtripathi537/main.py: {}
apoorvtripathi537/main.py: {}
apoorvtripathi537/main.py: {}
apoorvtripathi537/main.py: {}
apoorvtripathi537/main.py: {}
apoorvtripathi537/main.py: {}
apoorvtripathi537/main.py: Using EditorConfig core...
apoorvtripathi537/main.py: Using EditorConfig core...
apoorvtripathi537/main.py: {}
apoorvtripathi537/main.py: {}
apoorvtripathi537/main.py: Using EditorConfig core...
apoorvtripathi537/main.py: Using EditorConfig core...
apoorvtripathi537/main.py: {}
apoorvtripathi537/main.py: Using EditorConfig core...
apoorvtripathi537/main.py: Using EditorConfig core...
apoorvtripathi537/main.py: {}
apoorvtripathi537/main.py: Using EditorConfig core...
apoorvtripathi537/main.py: Using EditorConfig core...
apoorvtripathi537/main.py: Using EditorConfig core...
apoorvtripathi537/main.py: {}
apoorvtripathi537/main.py: Using EditorConfig core...
apoorvtripathi537/main.py: Using EditorConfig core...
apoorvtripathi537/main.py: Using EditorConfig core...
apoorvtripathi537/main.py: {}
apoorvtripathi537/main.py: {}
apoorvtripathi537/main.py: Using EditorConfig core...
apoorvtripathi537/main.py: Using EditorConfig core...
apoorvtripathi537/main.py: Using EditorConfig core...
apoorvtripathi537/main.py: {}
apoorvtripathi537/main.py: Using EditorConfig core...
apoorvtripathi537/main.py: {}
apoorvtripathi537/main.py: {}
apoorvtripathi537/main.py: Using EditorConfig core...
apoorvtripathi537/main.py: Using EditorConfig core...
apoorvtripathi537/main.py: Using EditorConfig core...
apoorvtripathi537/main.py: Using EditorConfig core...
apoorvtripathi537/main.py: {}
apoorvtripathi537/main.py: Using EditorConfig core...
apoorvtripathi537/main.py: Using EditorConfig core...
apoorvtripathi537/main.py: Using EditorConfig core...
apoorvtripathi537/main.py: Using EditorConfig core...
apoorvtripathi537/main.py: Using EditorConfig core...
apoorvtripathi537/main.py: Using EditorConfig core...
apoorvtripathi537/main.py: {}
apoorvtripathi537/main.py: Using EditorConfig core...
apoorvtripathi537/main.py: Using EditorConfig core...
apoorvtripathi537/main.py: Using EditorConfig core...
apoorvtripathi537/main.py: Using EditorConfig core...
apoorvtripathi537/main.py: Using EditorConfig core...
apoorvtripathi537/main.py: Using EditorConfig core...
apoorvtripathi537/main.py: {}
apoorvtripathi537/main.py: Using EditorConfig core...
apoorvtripathi537/main.py: {}
apoorvtripathi537/main.py: Using EditorConfig core...
apoorvtripathi537/main.py: Using EditorConfig core...
apoorvtripathi537/main.py: {}
apoorvtripathi537/main.py: Using EditorConfig core...
apoorvtripathi537/main.py: Using EditorConfig core...
apoorvtripathi537/main.py: {}
apoorvtripathi537/main.py: Using EditorConfig core...
apoorvtripathi537/main.py: {}
apoorvtripathi537/main.py: Using EditorConfig core...
apoorvtripathi537/main.py: Using EditorConfig core...
apoorvtripathi537/main.py: Using EditorConfig core...
apoorvtripathi537/main.py: {}
apoorvtripathi537/main.py: Using EditorConfig core...
apoorvtripathi537/main.py: Using EditorConfig core...
apoorvtripathi537/main.py: Using EditorConfig core...
apoorvtripathi537/main.py: Using EditorConfig core...
apoorvtripathi537/main.py: {}
apoorvtripathi537/main.py: Using EditorConfig core...
apoorvtripathi537/main.py: {}
apoorvtripathi537/main.py: {}
apoorvtripathi537/main.py: Using EditorConfig core...
apoorvtripathi537/main.py: Using EditorConfig core...
apoorvtripathi537/main.py: Using EditorConfig core...
apoorvtripathi537/main.py: Using EditorConfig core...
apoorvtripathi537/main.py: Using EditorConfig core...
apoorvtripathi537/main.py: {}
apoorvtripathi537/main.py: Using EditorConfig core...
apoorvtripathi537/main.py: Using EditorConfig core...
apoorvtripathi537/main.py: Using EditorConfig core...
apoorvtripathi537/main.py: {}
apoorvtripathi537/main.py: Using EditorConfig core...
apoorvtripathi537/main.py: Using EditorConfig core...
apoorvtripathi537/main.py: Using EditorConfig core...
apoorvtripathi537/main.py: Using EditorConfig core...
apoorvtripathi537/main.py: Using EditorConfig core...
apoorvtripathi537/main.py: {}
apoorvtripathi537/main.py: Using EditorConfig core...
apoorvtripathi537/main.py: Using EditorConfig core...
apoorvtripathi537/main.py: Using EditorConfig core...
apoorvtripathi537/main.py: Using EditorConfig core...
apoorvtripathi537/main.py: Using EditorConfig core...
apoorvtripathi537/main.py: Using EditorConfig core...
apoorvtripathi537/main.py: Using EditorConfig core...
apoorvtripathi537/main.py: {}
apoorvtripathi537/main.py: {}
apoorvtripathi537/main.py: Using EditorConfig core...
apoorvtripathi537/main.py: Using EditorConfig core...
apoorvtripathi537/main.py: Using EditorConfig core...
apoorvtripathi537/main.py: Using EditorConfig core...
apoorvtripathi537/main.py: Using EditorConfig core...
apoorvtripathi537/main.py: Using EditorConfig core...
apoorvtripathi537/main.py: Using EditorConfig core...
apoorvtripathi537/main.py: Using EditorConfig core...
apoorvtripathi537/main.py: Using EditorConfig core...
apoorvtripathi537/main.py: Using EditorConfig core...
apoorvtripathi537/main.py: Using EditorConfig core...
apoorvtripathi537/main.py: {}
apoorvtripathi537/main.py: {}
apoorvtripathi537/main.py: Using EditorConfig core...
apoorvtripathi537/main.py: {}
apoorvtripathi537/main.py: Using EditorConfig core...
apoorvtripathi537/main.py: Using EditorConfig core...
apoorvtripathi537/main.py: {}
apoorvtripathi537/main.py: Using EditorConfig core...
apoorvtripathi537/main.py: {}
apoorvtripathi537/main.py: Using EditorConfig core...
apoorvtripathi537/main.py: {}
apoorvtripathi537/main.py: {}
apoorvtripathi537/main.py: {}
apoorvtripathi537/main.py: {}
apoorvtripathi537/main.py: {}
apoorvtripathi537/main.py: Using EditorConfig core...
apoorvtripathi537/main.py: Using EditorConfig core...
apoorvtripathi537/main.py: Using EditorConfig core...
apoorvtripathi537/main.py: {}
apoorvtripathi537/main.py: {}
apoorvtripathi537/main.py: Using EditorConfig core...
apoorvtripathi537/main.py: Using EditorConfig core...
apoorvtripathi537/main.py: Using EditorConfig core...
apoorvtripathi537/main.py: Using EditorConfig core...
apoorvtripathi537/main.py: Using EditorConfig core...
apoorvtripathi537/main.py: Using EditorConfig core...
apoorvtripathi537/main.py: Using EditorConfig core...
apoorvtripathi537/main.py: Using EditorConfig core...
apoorvtripathi537/main.py: Using EditorConfig core...
apoorvtripathi537/main.py: {}
apoorvtripathi537/main.py: Using EditorConfig core...
apoorvtripathi537/main.py: {}
apoorvtripathi537/main.py: {}
apoorvtripathi537/main.py: {}
apoorvtripathi537/main.py: Using EditorConfig core...
apoorvtripathi537/main.py: {}
apoorvtripathi537/main.py: Using EditorConfig core...
apoorvtripathi537/main.py: Using EditorConfig core...
apoorvtripathi537/uploads/20250401-042236PM.wav.txt: {}
apoorvtripathi537/main.py: {}
apoorvtripathi537/uploads/20250401-042236PM.wav.txt: {}
apoorvtripathi537/uploads/20250401-042236PM.wav.txt: Using EditorConfig core...
apoorvtripathi537/uploads/20250401-042236PM.wav.txt: Using EditorConfig core...
apoorvtripathi537/main.py: {}
apoorvtripathi537/main.py: {}
apoorvtripathi537/main.py: {}
apoorvtripathi537/main.py: {}
apoorvtripathi537/main.py: {}
apoorvtripathi537/main.py: Using EditorConfig core...
apoorvtripathi537/main.py: {}
apoorvtripathi537/main.py: Using EditorConfig core...
apoorvtripathi537/main.py: Using EditorConfig core...
apoorvtripathi537/main.py: Using EditorConfig core...
apoorvtripathi537/main.py: {}
apoorvtripathi537/main.py: Using EditorConfig core...
apoorvtripathi537/main.py: {}
apoorvtripathi537/main.py: Using EditorConfig core...
apoorvtripathi537/main.py: Using EditorConfig core...
apoorvtripathi537/main.py: {}
apoorvtripathi537/main.py: Using EditorConfig core...
apoorvtripathi537/main.py: Using EditorConfig core...
apoorvtripathi537/main.py: Using EditorConfig core...
apoorvtripathi537/main.py: {}
apoorvtripathi537/main.py: Using EditorConfig core...
apoorvtripathi537/main.py: {}
apoorvtripathi537/main.py: Using EditorConfig core...
apoorvtripathi537/main.py: Using EditorConfig core...
apoorvtripathi537/main.py: Using EditorConfig core...
apoorvtripathi537/main.py: Using EditorConfig core...
apoorvtripathi537/main.py: Using EditorConfig core...
apoorvtripathi537/main.py: {}
apoorvtripathi537/main.py: Using EditorConfig core...
apoorvtripathi537/main.py: Using EditorConfig core...
apoorvtripathi537/main.py: Using EditorConfig core...
apoorvtripathi537/main.py: {}
apoorvtripathi537/main.py: Using EditorConfig core...
apoorvtripathi537/main.py: Using EditorConfig core...
apoorvtripathi537/main.py: {}
apoorvtripathi537/main.py: Using EditorConfig core...
apoorvtripathi537/main.py: Using EditorConfig core...
apoorvtripathi537/main.py: Using EditorConfig core...
apoorvtripathi537/main.py: {}
apoorvtripathi537/main.py: Using EditorConfig core...
apoorvtripathi537/main.py: Using EditorConfig core...
apoorvtripathi537/main.py: {}
apoorvtripathi537/main.py: Using EditorConfig core...
apoorvtripathi537/main.py: {}
apoorvtripathi537/main.py: Using EditorConfig core...
apoorvtripathi537/main.py: Using EditorConfig core...
apoorvtripathi537/main.py: Using EditorConfig core...
apoorvtripathi537/main.py: Using EditorConfig core...
apoorvtripathi537/main.py: Using EditorConfig core...
apoorvtripathi537/main.py: Using EditorConfig core...
apoorvtripathi537/main.py: Using EditorConfig core...
apoorvtripathi537/main.py: Using EditorConfig core...
apoorvtripathi537/main.py: Using EditorConfig core...
apoorvtripathi537/main.py: Using EditorConfig core...
apoorvtripathi537/main.py: Using EditorConfig core...
apoorvtripathi537/main.py: Using EditorConfig core...
apoorvtripathi537/main.py: Using EditorConfig core...
apoorvtripathi537/main.py: {}
apoorvtripathi537/main.py: Using EditorConfig core...
apoorvtripathi537/main.py: Using EditorConfig core...
apoorvtripathi537/main.py: Using EditorConfig core...
apoorvtripathi537/main.py: Using EditorConfig core...
apoorvtripathi537/main.py: Using EditorConfig core...
apoorvtripathi537/main.py: Using EditorConfig core...
apoorvtripathi537/main.py: Using EditorConfig core...
apoorvtripathi537/main.py: Using EditorConfig core...
apoorvtripathi537/main.py: Using EditorConfig core...
apoorvtripathi537/main.py: {}
apoorvtripathi537/main.py: {}
apoorvtripathi537/templates/index.html: {}
apoorvtripathi537/templates/index.html: {}
apoorvtripathi537/templates/index.html: {}
apoorvtripathi537/templates/index.html: Using EditorConfig core...
apoorvtripathi537/templates/index.html: Using EditorConfig core...
apoorvtripathi537/templates/index.html: Using EditorConfig core...
apoorvtripathi537/templates/index.html: Using EditorConfig core...
apoorvtripathi537/templates/index.html: Using EditorConfig core...
apoorvtripathi537/templates/index.html: Using EditorConfig core...
apoorvtripathi537/templates/index.html: Using EditorConfig core...
apoorvtripathi537/templates/index.html: Using EditorConfig core...
apoorvtripathi537/templates/index.html: Using EditorConfig core...
apoorvtripathi537/templates/index.html: {}
apoorvtripathi537/templates/index.html: Using EditorConfig core...
apoorvtripathi537/templates/index.html: Using EditorConfig core...
apoorvtripathi537/templates/index.html: {}
apoorvtripathi537/templates/index.html: {}
apoorvtripathi537/templates/index.html: Using EditorConfig core...
apoorvtripathi537/templates/index.html: Using EditorConfig core...
apoorvtripathi537/templates/index.html: Using EditorConfig core...
apoorvtripathi537/templates/index.html: {}
apoorvtripathi537/templates/index.html: {}
apoorvtripathi537/templates/index.html: {}
apoorvtripathi537/templates/index.html: {}
apoorvtripathi537/templates/index.html: Using EditorConfig core...
apoorvtripathi537/templates/index.html: Using EditorConfig core...
apoorvtripathi537/templates/index.html: {}
apoorvtripathi537/templates/index.html: Using EditorConfig core...
apoorvtripathi537/templates/index.html: Using EditorConfig core...
apoorvtripathi537/templates/index.html: Using EditorConfig core...
apoorvtripathi537/templates/index.html: Using EditorConfig core...
apoorvtripathi537/templates/index.html: {}
apoorvtripathi537/templates/index.html: Using EditorConfig core...
apoorvtripathi537/templates/index.html: Using EditorConfig core...
apoorvtripathi537/templates/index.html: Using EditorConfig core...
apoorvtripathi537/templates/index.html: Using EditorConfig core...
apoorvtripathi537/templates/index.html: {}
apoorvtripathi537/templates/index.html: Using EditorConfig core...
apoorvtripathi537/templates/index.html: {}
apoorvtripathi537/templates/index.html: Using EditorConfig core...
apoorvtripathi537/templates/index.html: Using EditorConfig core...
apoorvtripathi537/templates/index.html: Using EditorConfig core...
apoorvtripathi537/templates/index.html: Using EditorConfig core...
apoorvtripathi537/templates/index.html: Using EditorConfig core...
apoorvtripathi537/templates/index.html: Using EditorConfig core...
apoorvtripathi537/templates/index.html: {}
apoorvtripathi537/templates/index.html: Using EditorConfig core...
apoorvtripathi537/templates/index.html: Using EditorConfig core...
apoorvtripathi537/templates/index.html: Using EditorConfig core...
apoorvtripathi537/templates/index.html: Using EditorConfig core...
apoorvtripathi537/templates/index.html: Using EditorConfig core...
apoorvtripathi537/templates/index.html: Using EditorConfig core...
apoorvtripathi537/templates/index.html: Using EditorConfig core...
apoorvtripathi537/templates/index.html: Using EditorConfig core...
apoorvtripathi537/templates/index.html: Using EditorConfig core...
apoorvtripathi537/templates/index.html: Using EditorConfig core...
apoorvtripathi537/templates/index.html: Using EditorConfig core...
apoorvtripathi537/templates/index.html: Using EditorConfig core...
apoorvtripathi537/templates/index.html: {}
apoorvtripathi537/templates/index.html: {}
apoorvtripathi537/templates/index.html: {}
apoorvtripathi537/templates/index.html: Using EditorConfig core...
apoorvtripathi537/templates/index.html: Using EditorConfig core...
apoorvtripathi537/templates/index.html: Using EditorConfig core...
apoorvtripathi537/templates/index.html: Using EditorConfig core...
apoorvtripathi537/templates/index.html: Using EditorConfig core...
apoorvtripathi537/templates/index.html: {}
apoorvtripathi537/templates/index.html: Using EditorConfig core...
apoorvtripathi537/templates/index.html: Using EditorConfig core...
apoorvtripathi537/templates/index.html: Using EditorConfig core...
apoorvtripathi537/templates/index.html: {}
apoorvtripathi537/templates/index.html: Using EditorConfig core...
apoorvtripathi537/templates/index.html: Using EditorConfig core...
apoorvtripathi537/templates/index.html: Using EditorConfig core...
apoorvtripathi537/templates/index.html: {}
apoorvtripathi537/templates/index.html: Using EditorConfig core...
apoorvtripathi537/templates/index.html: Using EditorConfig core...
apoorvtripathi537/templates/index.html: Using EditorConfig core...
apoorvtripathi537/templates/index.html: Using EditorConfig core...
apoorvtripathi537/templates/index.html: Using EditorConfig core...
apoorvtripathi537/templates/index.html: Using EditorConfig core...
apoorvtripathi537/templates/index.html: Using EditorConfig core...
apoorvtripathi537/templates/index.html: Using EditorConfig core...
apoorvtripathi537/templates/index.html: Using EditorConfig core...
apoorvtripathi537/templates/index.html: {}
apoorvtripathi537/templates/index.html: Using EditorConfig core...
apoorvtripathi537/templates/index.html: Using EditorConfig core...
apoorvtripathi537/templates/index.html: Using EditorConfig core...
apoorvtripathi537/templates/index.html: Using EditorConfig core...
apoorvtripathi537/templates/index.html: Using EditorConfig core...
apoorvtripathi537/templates/index.html: Using EditorConfig core...
apoorvtripathi537/templates/index.html: Using EditorConfig core...
apoorvtripathi537/templates/index.html: Using EditorConfig core...
apoorvtripathi537/templates/index.html: Using EditorConfig core...
apoorvtripathi537/templates/index.html: {}
apoorvtripathi537/templates/index.html: {}
apoorvtripathi537/templates/index.html: {}
apoorvtripathi537/templates/index.html: Using EditorConfig core...
apoorvtripathi537/templates/index.html: Using EditorConfig core...
apoorvtripathi537/templates/index.html: Using EditorConfig core...
apoorvtripathi537/templates/index.html: Using EditorConfig core...
apoorvtripathi537/templates/index.html: Using EditorConfig core...
apoorvtripathi537/templates/index.html: Using EditorConfig core...
apoorvtripathi537/templates/index.html: {}
apoorvtripathi537/templates/index.html: {}
apoorvtripathi537/templates/index.html: Using EditorConfig core...
apoorvtripathi537/templates/index.html: {}
apoorvtripathi537/templates/index.html: Using EditorConfig core...
apoorvtripathi537/templates/index.html: Using EditorConfig core...
apoorvtripathi537/templates/index.html: {}
apoorvtripathi537/templates/index.html: Using EditorConfig core...
apoorvtripathi537/templates/index.html: Using EditorConfig core...
apoorvtripathi537/templates/index.html: {}
apoorvtripathi537/templates/index.html: {}
apoorvtripathi537/templates/index.html: Using EditorConfig core...
apoorvtripathi537/templates/index.html: Using EditorConfig core...
apoorvtripathi537/templates/index.html: Using EditorConfig core...
apoorvtripathi537/templates/index.html: Using EditorConfig core...
apoorvtripathi537/templates/index.html: {}
apoorvtripathi537/templates/index.html: Using EditorConfig core...
apoorvtripathi537/templates/index.html: Using EditorConfig core...
apoorvtripathi537/templates/index.html: {}
apoorvtripathi537/templates/index.html: {}
apoorvtripathi537/templates/index.html: Using EditorConfig core...
apoorvtripathi537/templates/index.html: Using EditorConfig core...
apoorvtripathi537/templates/index.html: {}
apoorvtripathi537/templates/index.html: Using EditorConfig core...
apoorvtripathi537/templates/index.html: Using EditorConfig core...
apoorvtripathi537/templates/index.html: Using EditorConfig core...
apoorvtripathi537/templates/index.html: Using EditorConfig core...
apoorvtripathi537/templates/index.html: Using EditorConfig core...
apoorvtripathi537/templates/index.html: Using EditorConfig core...
apoorvtripathi537/templates/index.html: Using EditorConfig core...
apoorvtripathi537/templates/index.html: Using EditorConfig core...
apoorvtripathi537/templates/index.html: {}
apoorvtripathi537/templates/index.html: {}
apoorvtripathi537/templates/index.html: {}
apoorvtripathi537/templates/index.html: Using EditorConfig core...
apoorvtripathi537/templates/index.html: Using EditorConfig core...
apoorvtripathi537/templates/index.html: Using EditorConfig core...
apoorvtripathi537/templates/index.html: Using EditorConfig core...
apoorvtripathi537/templates/index.html: Using EditorConfig core...
apoorvtripathi537/templates/index.html: Using EditorConfig core...
apoorvtripathi537/templates/index.html: Using EditorConfig core...
apoorvtripathi537/templates/index.html: {}
apoorvtripathi537/templates/index.html: {}
apoorvtripathi537/templates/index.html: Using EditorConfig core...
apoorvtripathi537/templates/index.html: Using EditorConfig core...
apoorvtripathi537/templates/index.html: {}
apoorvtripathi537/templates/index.html: {}
apoorvtripathi537/templates/index.html: Using EditorConfig core...
apoorvtripathi537/templates/index.html: Using EditorConfig core...
apoorvtripathi537/templates/index.html: Using EditorConfig core...
apoorvtripathi537/templates/index.html: Using EditorConfig core...
apoorvtripathi537/templates/index.html: Using EditorConfig core...
apoorvtripathi537/templates/index.html: Using EditorConfig core...
apoorvtripathi537/templates/index.html: {}
apoorvtripathi537/templates/index.html: Using EditorConfig core...
apoorvtripathi537/templates/index.html: {}
apoorvtripathi537/templates/index.html: Using EditorConfig core...
apoorvtripathi537/templates/index.html: Using EditorConfig core...
apoorvtripathi537/templates/index.html: Using EditorConfig core...
apoorvtripathi537/templates/index.html: {}
apoorvtripathi537/templates/index.html: Using EditorConfig core...
apoorvtripathi537/templates/index.html: {}
apoorvtripathi537/templates/index.html: Using EditorConfig core...
apoorvtripathi537/templates/index.html: Using EditorConfig core...
apoorvtripathi537/templates/index.html: Using EditorConfig core...
apoorvtripathi537/templates/index.html: {}
apoorvtripathi537/templates/index.html: Using EditorConfig core...
apoorvtripathi537/templates/index.html: Using EditorConfig core...
apoorvtripathi537/templates/index.html: {}
apoorvtripathi537/templates/index.html: Using EditorConfig core...
apoorvtripathi537/templates/index.html: Using EditorConfig core...
apoorvtripathi537/templates/index.html: Using EditorConfig core...
apoorvtripathi537/templates/index.html: {}
apoorvtripathi537/templates/index.html: Using EditorConfig core...
apoorvtripathi537/templates/index.html: Using EditorConfig core...
apoorvtripathi537/templates/index.html: Using EditorConfig core...
apoorvtripathi537/templates/index.html: Using EditorConfig core...
apoorvtripathi537/templates/index.html: Using EditorConfig core...
apoorvtripathi537/templates/index.html: Using EditorConfig core...
apoorvtripathi537/templates/index.html: {}
apoorvtripathi537/templates/index.html: Using EditorConfig core...
apoorvtripathi537/templates/index.html: Using EditorConfig core...
apoorvtripathi537/templates/index.html: {}
apoorvtripathi537/templates/index.html: Using EditorConfig core...
apoorvtripathi537/templates/index.html: Using EditorConfig core...
apoorvtripathi537/templates/index.html: Using EditorConfig core...
apoorvtripathi537/templates/index.html: Using EditorConfig core...
apoorvtripathi537/templates/index.html: Using EditorConfig core...
apoorvtripathi537/templates/index.html: {}
apoorvtripathi537/templates/index.html: {}
apoorvtripathi537/templates/index.html: Using EditorConfig core...
apoorvtripathi537/templates/index.html: Using EditorConfig core...
apoorvtripathi537/templates/index.html: Using EditorConfig core...
apoorvtripathi537/templates/index.html: {}
apoorvtripathi537/templates/index.html: {}
apoorvtripathi537/templates/index.html: {}
apoorvtripathi537/templates/index.html: Using EditorConfig core...
apoorvtripathi537/templates/index.html: Using EditorConfig core...
apoorvtripathi537/templates/index.html: Using EditorConfig core...
apoorvtripathi537/templates/index.html: Using EditorConfig core...
apoorvtripathi537/templates/index.html: Using EditorConfig core...
apoorvtripathi537/templates/index.html: {}
apoorvtripathi537/templates/index.html: Using EditorConfig core...
apoorvtripathi537/templates/index.html: Using EditorConfig core...
apoorvtripathi537/templates/index.html: Using EditorConfig core...
apoorvtripathi537/templates/index.html: {}
apoorvtripathi537/templates/index.html: Using EditorConfig core...
apoorvtripathi537/templates/index.html: Using EditorConfig core...
apoorvtripathi537/templates/index.html: Using EditorConfig core...
apoorvtripathi537/templates/index.html: Using EditorConfig core...
apoorvtripathi537/templates/index.html: {}
apoorvtripathi537/templates/index.html: {}
apoorvtripathi537/templates/index.html: Using EditorConfig core...
apoorvtripathi537/templates/index.html: Using EditorConfig core...
apoorvtripathi537/templates/index.html: {}
apoorvtripathi537/templates/index.html: Using EditorConfig core...
apoorvtripathi537/templates/index.html: {}
apoorvtripathi537/templates/index.html: {}
apoorvtripathi537/templates/index.html: {}
apoorvtripathi537/templates/index.html: {}
apoorvtripathi537/templates/index.html: {}
apoorvtripathi537/templates/index.html: {}
apoorvtripathi537/templates/index.html: {}
apoorvtripathi537/templates/index.html: {}
apoorvtripathi537/templates/index.html: {}
apoorvtripathi537/templates/index.html: Using EditorConfig core...
apoorvtripathi537/templates/index.html: {}
apoorvtripathi537/templates/index.html: Using EditorConfig core...
apoorvtripathi537/templates/index.html: Using EditorConfig core...
apoorvtripathi537/templates/index.html: Using EditorConfig core...
apoorvtripathi537/templates/index.html: {}
apoorvtripathi537/templates/index.html: Using EditorConfig core...
apoorvtripathi537/templates/index.html: Using EditorConfig core...
apoorvtripathi537/templates/index.html: {}
apoorvtripathi537/templates/index.html: Using EditorConfig core...
apoorvtripathi537/templates/index.html: {}
apoorvtripathi537/templates/index.html: Using EditorConfig core...
apoorvtripathi537/templates/index.html: Using EditorConfig core...
apoorvtripathi537/templates/index.html: Using EditorConfig core...
apoorvtripathi537/templates/index.html: {}
apoorvtripathi537/templates/index.html: Using EditorConfig core...
apoorvtripathi537/templates/index.html: Using EditorConfig core...
apoorvtripathi537/templates/index.html: {}
apoorvtripathi537/templates/index.html: Using EditorConfig core...
apoorvtripathi537/templates/index.html: {}
apoorvtripathi537/templates/index.html: {}
apoorvtripathi537/templates/index.html: {}
apoorvtripathi537/templates/index.html: {}
apoorvtripathi537/templates/index.html: {}
apoorvtripathi537/templates/index.html: Using EditorConfig core...
apoorvtripathi537/templates/index.html: Using EditorConfig core...
apoorvtripathi537/templates/index.html: {}
apoorvtripathi537/templates/index.html: Using EditorConfig core...
apoorvtripathi537/templates/index.html: Using EditorConfig core...
apoorvtripathi537/templates/index.html: Using EditorConfig core...
apoorvtripathi537/templates/index.html: {}
apoorvtripathi537/templates/index.html: Using EditorConfig core...
apoorvtripathi537/templates/index.html: {}
apoorvtripathi537/main.py: {}
