2025-04-13 20:24:20.258 [info] [main] Log level: Info
2025-04-13 20:24:20.258 [info] [main] Validating found git in: "git"
2025-04-13 20:24:20.258 [info] [main] Using git "2.43.0" from "git"
2025-04-13 20:24:20.258 [info] [Model][doInitialScan] Initial repository scan started
2025-04-13 20:24:20.258 [info] > git rev-parse --show-toplevel [8ms]
2025-04-13 20:24:20.258 [info] > git rev-parse --git-dir --git-common-dir [36ms]
2025-04-13 20:24:20.258 [info] [Model][openRepository] Opened repository: /home/apoorvtripathi537
2025-04-13 20:24:20.520 [info] > git config --get commit.template [253ms]
2025-04-13 20:24:23.084 [info] > git for-each-ref --format=%(refname)%00%(upstream:short)%00%(objectname)%00%(upstream:track)%00%(upstream:remotename)%00%(upstream:remoteref) refs/heads/master refs/remotes/master [2547ms]
2025-04-13 20:24:23.121 [info] > git check-ignore -v -z --stdin [50ms]
2025-04-13 20:24:23.479 [info] > git for-each-ref --sort -committerdate --format %(refname) %(objectname) %(*objectname) [51ms]
2025-04-13 20:24:23.532 [info] > git rev-parse --show-toplevel [20ms]
2025-04-13 20:24:23.564 [info] > git status -z -uall [155ms]
2025-04-13 20:24:23.564 [info] > git rev-parse --show-toplevel [18ms]
2025-04-13 20:24:23.724 [info] > git for-each-ref --format=%(refname)%00%(upstream:short)%00%(objectname)%00%(upstream:track)%00%(upstream:remotename)%00%(upstream:remoteref) refs/heads/master refs/remotes/master [113ms]
2025-04-13 20:24:23.733 [info] > git rev-parse --show-toplevel [145ms]
2025-04-13 20:24:23.773 [info] > git config --local branch.master.vscode-merge-base [40ms]
2025-04-13 20:24:23.773 [warning] [Git][config] git config failed: Failed to execute git
2025-04-13 20:24:23.782 [info] > git config --get commit.template [107ms]
2025-04-13 20:24:23.790 [info] > git rev-parse --show-toplevel [41ms]
2025-04-13 20:24:23.809 [info] > git reflog master --grep-reflog=branch: Created from *. [28ms]
2025-04-13 20:24:23.821 [info] > git rev-parse --show-toplevel [12ms]
2025-04-13 20:24:23.821 [info] > git for-each-ref --format=%(refname)%00%(upstream:short)%00%(objectname)%00%(upstream:track)%00%(upstream:remotename)%00%(upstream:remoteref) refs/heads/master refs/remotes/master [22ms]
2025-04-13 20:24:23.885 [info] > git symbolic-ref --short refs/remotes/origin/HEAD [68ms]
2025-04-13 20:24:23.885 [info] fatal: ref refs/remotes/origin/HEAD is not a symbolic ref
2025-04-13 20:24:23.885 [warning] [Repository][getDefaultBranch] Failed to get default branch details: Failed to execute git.
2025-04-13 20:24:23.908 [info] > git rev-parse --show-toplevel [26ms]
2025-04-13 20:24:23.929 [info] > git merge-base refs/heads/master refs/remotes/origin/master [34ms]
2025-04-13 20:24:23.967 [info] > git rev-parse --show-toplevel [49ms]
2025-04-13 20:24:23.971 [info] > git diff --name-status -z --diff-filter=ADMR 714fcde4ecc383e8912390e4a073e9e1f664dc0d...refs/remotes/origin/master [34ms]
2025-04-13 20:24:24.010 [info] > git rev-parse --show-toplevel [22ms]
2025-04-13 20:24:24.011 [info] > git for-each-ref --sort -committerdate --format %(refname) %(objectname) %(*objectname) [51ms]
2025-04-13 20:24:24.033 [info] > git rev-parse --show-toplevel [6ms]
2025-04-13 20:24:24.088 [info] > git rev-parse --show-toplevel [20ms]
2025-04-13 20:24:24.110 [info] > git status -z -uall [164ms]
2025-04-13 20:24:24.111 [info] > git rev-parse --show-toplevel [6ms]
2025-04-13 20:24:24.131 [info] > git rev-parse --show-toplevel [8ms]
2025-04-13 20:24:24.143 [info] > git rev-parse --show-toplevel [2ms]
2025-04-13 20:24:24.154 [info] > git rev-parse --show-toplevel [3ms]
2025-04-13 20:24:24.155 [info] [Model][doInitialScan] Initial repository scan completed - repositories (1), closed repositories (0), parent repositories (0), unsafe repositories (0)
2025-04-13 20:24:24.185 [info] > git show --textconv :main.py [20ms]
2025-04-13 20:24:24.200 [info] > git ls-files --stage -- /home/apoorvtripathi537/main.py [21ms]
2025-04-13 20:24:24.211 [info] > git cat-file -s 8895d9eb5015f7f52e680a3ed8c2c1ac2450f8b6 [3ms]
2025-04-13 20:24:25.540 [info] > git config --get commit.template [22ms]
2025-04-13 20:24:25.595 [info] > git for-each-ref --format=%(refname)%00%(upstream:short)%00%(objectname)%00%(upstream:track)%00%(upstream:remotename)%00%(upstream:remoteref) refs/heads/master refs/remotes/master [17ms]
2025-04-13 20:24:25.789 [info] > git for-each-ref --sort -committerdate --format %(refname) %(objectname) %(*objectname) [114ms]
2025-04-13 20:24:25.815 [info] > git status -z -uall [182ms]
2025-04-13 20:25:07.554 [info] > git show --textconv :requirements.txt [18ms]
2025-04-13 20:25:07.559 [info] > git ls-files --stage -- /home/apoorvtripathi537/requirements.txt [11ms]
2025-04-13 20:25:07.569 [info] > git cat-file -s e5c0e259f94185bf4b80fe46f6f3e1ea833095d5 [2ms]
2025-04-13 20:25:11.826 [info] > git show --textconv :main.py [13ms]
2025-04-13 20:25:11.837 [info] > git ls-files --stage -- /home/apoorvtripathi537/main.py [12ms]
2025-04-13 20:25:11.848 [info] > git cat-file -s 8895d9eb5015f7f52e680a3ed8c2c1ac2450f8b6 [3ms]
2025-04-13 20:25:54.316 [info] > git config --get commit.template [9ms]
2025-04-13 20:25:54.317 [info] > git for-each-ref --format=%(refname)%00%(upstream:short)%00%(objectname)%00%(upstream:track)%00%(upstream:remotename)%00%(upstream:remoteref) refs/heads/master refs/remotes/master [4ms]
2025-04-13 20:25:54.357 [info] > git for-each-ref --sort -committerdate --format %(refname) %(objectname) %(*objectname) [11ms]
2025-04-13 20:25:54.447 [info] > git status -z -uall [122ms]
2025-04-13 20:26:00.790 [info] > git for-each-ref --format=%(refname)%00%(upstream:short)%00%(objectname)%00%(upstream:track)%00%(upstream:remotename)%00%(upstream:remoteref) refs/heads/master refs/remotes/master [5ms]
2025-04-13 20:26:00.791 [info] > git config --get commit.template [14ms]
2025-04-13 20:26:00.843 [info] > git for-each-ref --sort -committerdate --format %(refname) %(objectname) %(*objectname) [14ms]
2025-04-13 20:26:00.928 [info] > git status -z -uall [126ms]
2025-04-13 20:27:12.114 [info] > git config --get commit.template [8ms]
2025-04-13 20:27:12.116 [info] > git for-each-ref --format=%(refname)%00%(upstream:short)%00%(objectname)%00%(upstream:track)%00%(upstream:remotename)%00%(upstream:remoteref) refs/heads/master refs/remotes/master [3ms]
2025-04-13 20:27:12.153 [info] > git for-each-ref --sort -committerdate --format %(refname) %(objectname) %(*objectname) [20ms]
2025-04-13 20:27:12.250 [info] > git status -z -uall [127ms]
2025-04-13 20:27:13.628 [info] > git show --textconv :requirements.txt [15ms]
2025-04-13 20:27:13.635 [info] > git ls-files --stage -- /home/apoorvtripathi537/requirements.txt [12ms]
2025-04-13 20:27:13.644 [info] > git cat-file -s e5c0e259f94185bf4b80fe46f6f3e1ea833095d5 [2ms]
2025-04-13 20:27:17.268 [info] > git config --get commit.template [3ms]
2025-04-13 20:27:17.279 [info] > git for-each-ref --format=%(refname)%00%(upstream:short)%00%(objectname)%00%(upstream:track)%00%(upstream:remotename)%00%(upstream:remoteref) refs/heads/master refs/remotes/master [4ms]
2025-04-13 20:27:17.323 [info] > git for-each-ref --sort -committerdate --format %(refname) %(objectname) %(*objectname) [9ms]
2025-04-13 20:27:17.400 [info] > git status -z -uall [111ms]
2025-04-13 20:27:27.457 [info] > git show --textconv :main.py [11ms]
2025-04-13 20:27:27.467 [info] > git ls-files --stage -- /home/apoorvtripathi537/main.py [12ms]
2025-04-13 20:27:27.479 [info] > git cat-file -s 8895d9eb5015f7f52e680a3ed8c2c1ac2450f8b6 [3ms]
