2025-04-13 00:08:19.199 [info] [main] Log level: Info
2025-04-13 00:08:19.199 [info] [main] Validating found git in: "git"
2025-04-13 00:08:19.199 [info] [main] Using git "2.43.0" from "git"
2025-04-13 00:08:19.199 [info] [Model][doInitialScan] Initial repository scan started
2025-04-13 00:08:19.199 [info] > git rev-parse --show-toplevel [544ms]
2025-04-13 00:08:19.227 [info] > git rev-parse --git-dir --git-common-dir [23ms]
2025-04-13 00:08:19.247 [info] [Model][openRepository] Opened repository: /home/apoorvtripathi537
2025-04-13 00:08:22.512 [info] > git for-each-ref --format=%(refname)%00%(upstream:short)%00%(objectname)%00%(upstream:track)%00%(upstream:remotename)%00%(upstream:remoteref) refs/heads/master refs/remotes/master [3144ms]
2025-04-13 00:08:22.910 [info] > git check-ignore -v -z --stdin [425ms]
2025-04-13 00:08:22.976 [info] > git for-each-ref --sort -committerdate --format %(refname) %(objectname) %(*objectname) [37ms]
2025-04-13 00:08:23.004 [info] > git rev-parse --show-toplevel [49ms]
2025-04-13 00:08:23.035 [info] > git rev-parse --show-toplevel [17ms]
2025-04-13 00:08:23.067 [info] > git rev-parse --show-toplevel [20ms]
2025-04-13 00:08:23.134 [info] > git rev-parse --show-toplevel [8ms]
2025-04-13 00:08:23.205 [info] > git rev-parse --show-toplevel [55ms]
2025-04-13 00:08:23.374 [info] > git rev-parse --show-toplevel [142ms]
2025-04-13 00:08:23.405 [info] > git rev-parse --show-toplevel [4ms]
2025-04-13 00:08:23.437 [info] > git rev-parse --show-toplevel [14ms]
2025-04-13 00:08:23.452 [info] > git rev-parse --show-toplevel [4ms]
2025-04-13 00:08:23.464 [info] > git rev-parse --show-toplevel [3ms]
2025-04-13 00:08:23.476 [info] > git rev-parse --show-toplevel [3ms]
2025-04-13 00:08:23.491 [info] > git rev-parse --show-toplevel [4ms]
2025-04-13 00:08:23.521 [info] > git rev-parse --show-toplevel [4ms]
2025-04-13 00:08:23.533 [info] > git rev-parse --show-toplevel [2ms]
2025-04-13 00:08:23.534 [info] [Model][doInitialScan] Initial repository scan completed - repositories (1), closed repositories (0), parent repositories (0), unsafe repositories (0)
2025-04-13 00:08:23.564 [info] > git ls-files --stage -- /home/apoorvtripathi537/main.py [10ms]
2025-04-13 00:08:23.576 [info] > git cat-file -s cd8b840c6a2cc57bb6082c3fa09575f889d656b4 [4ms]
2025-04-13 00:08:23.581 [info] > git show --textconv :main.py [38ms]
2025-04-13 00:08:27.680 [info] > git status -z -uall [4756ms] (cancelled)
2025-04-13 00:08:27.683 [info] > git for-each-ref --format=%(refname)%00%(upstream:short)%00%(objectname)%00%(upstream:track)%00%(upstream:remotename)%00%(upstream:remoteref) refs/heads/master refs/remotes/master [1776ms]
2025-04-13 00:08:27.762 [info] > git config --local branch.master.vscode-merge-base [61ms]
2025-04-13 00:08:27.762 [warning] [Git][config] git config failed: Failed to execute git
2025-04-13 00:08:27.806 [info] > git for-each-ref --format=%(refname)%00%(upstream:short)%00%(objectname)%00%(upstream:track)%00%(upstream:remotename)%00%(upstream:remoteref) refs/heads/master refs/remotes/master [4ms]
2025-04-13 00:08:27.852 [info] > git for-each-ref --sort -committerdate --format %(refname) %(objectname) %(*objectname) [9ms]
2025-04-13 00:08:27.875 [info] > git reflog master --grep-reflog=branch: Created from *. [97ms]
2025-04-13 00:08:27.919 [info] > git symbolic-ref --short refs/remotes/origin/HEAD [11ms]
2025-04-13 00:08:27.919 [info] fatal: ref refs/remotes/origin/HEAD is not a symbolic ref
2025-04-13 00:08:27.919 [warning] [Repository][getDefaultBranch] Failed to get default branch details: Failed to execute git.
2025-04-13 00:08:27.947 [info] > git merge-base refs/heads/master refs/remotes/origin/master [12ms]
2025-04-13 00:08:27.985 [info] > git diff --name-status -z --diff-filter=ADMR ae54d5703c5e6277a64919db1dea687af7ee5769...refs/remotes/origin/master [24ms]
2025-04-13 00:08:29.999 [info] > git status -z -uall [2171ms] (cancelled)
2025-04-13 00:08:53.374 [info] > git show --textconv :main.py [16ms]
2025-04-13 00:08:53.378 [info] > git ls-files --stage -- /home/apoorvtripathi537/main.py [7ms]
2025-04-13 00:08:53.395 [info] > git cat-file -s cd8b840c6a2cc57bb6082c3fa09575f889d656b4 [3ms]
2025-04-13 00:08:58.438 [info] > git show --textconv :test.py [22ms]
2025-04-13 00:08:58.440 [info] > git ls-files --stage -- /home/apoorvtripathi537/test.py [12ms]
2025-04-13 00:09:03.326 [info] > git show --textconv :main.py [22ms]
2025-04-13 00:09:03.329 [info] > git ls-files --stage -- /home/apoorvtripathi537/main.py [10ms]
2025-04-13 00:09:03.347 [info] > git cat-file -s cd8b840c6a2cc57bb6082c3fa09575f889d656b4 [5ms]
2025-04-13 00:09:40.547 [info] > git check-ignore -v -z --stdin [4ms]
2025-04-13 00:13:12.561 [info] > git check-ignore -v -z --stdin [4ms]
2025-04-13 00:13:45.551 [info] > git check-ignore -v -z --stdin [5ms]
2025-04-13 00:14:45.573 [info] > git check-ignore -v -z --stdin [4ms]
2025-04-13 00:17:06.546 [info] > git check-ignore -v -z --stdin [4ms]
2025-04-13 00:31:16.519 [info] > git show --textconv :main.py [11ms]
2025-04-13 00:31:16.522 [info] > git ls-files --stage -- /home/apoorvtripathi537/main.py [6ms]
2025-04-13 00:31:16.531 [info] > git cat-file -s cd8b840c6a2cc57bb6082c3fa09575f889d656b4 [3ms]
2025-04-13 00:38:37.565 [info] > git check-ignore -v -z --stdin [5ms]
2025-04-13 00:41:10.553 [info] > git check-ignore -v -z --stdin [3ms]
2025-04-13 00:43:05.542 [info] > git check-ignore -v -z --stdin [5ms]
2025-04-13 00:44:16.545 [info] > git check-ignore -v -z --stdin [4ms]
2025-04-13 00:47:28.542 [info] > git check-ignore -v -z --stdin [5ms]
2025-04-13 00:47:32.565 [info] > git check-ignore -v -z --stdin [4ms]
2025-04-13 00:52:36.584 [info] > git show --textconv :main.py [11ms]
2025-04-13 00:52:36.588 [info] > git ls-files --stage -- /home/apoorvtripathi537/main.py [6ms]
2025-04-13 00:52:36.597 [info] > git cat-file -s cd8b840c6a2cc57bb6082c3fa09575f889d656b4 [3ms]
2025-04-13 00:53:35.418 [info] > git check-ignore -v -z --stdin [5ms]
2025-04-13 00:53:37.567 [info] > git check-ignore -v -z --stdin [4ms]
2025-04-13 00:54:50.592 [info] > git check-ignore -v -z --stdin [4ms]
2025-04-13 00:54:55.421 [info] > git check-ignore -v -z --stdin [3ms]
2025-04-13 00:56:17.593 [info] > git check-ignore -v -z --stdin [5ms]
2025-04-13 00:56:19.456 [info] > git check-ignore -v -z --stdin [4ms]
2025-04-13 00:57:22.077 [info] > git show --textconv :main.py [11ms]
2025-04-13 00:57:22.080 [info] > git ls-files --stage -- /home/apoorvtripathi537/main.py [5ms]
2025-04-13 00:57:22.090 [info] > git cat-file -s cd8b840c6a2cc57bb6082c3fa09575f889d656b4 [3ms]
2025-04-13 00:58:07.557 [info] > git check-ignore -v -z --stdin [5ms]
2025-04-13 00:58:10.545 [info] > git check-ignore -v -z --stdin [5ms]
2025-04-13 01:03:34.488 [info] > git check-ignore -v -z --stdin [3ms]
2025-04-13 01:04:02.586 [info] > git check-ignore -v -z --stdin [4ms]
2025-04-13 01:04:08.562 [info] > git check-ignore -v -z --stdin [5ms]
