2025-04-13 02:22:28.901 [warning] Dir "/home/apoorvtripathi537/.pixi/envs" is not watchable (directory does not exist)
2025-04-13 02:22:28.901 [info] Python interpreter path: ./venv-translate/bin/python
2025-04-13 02:22:28.917 [info] > pyenv which python
2025-04-13 02:22:28.917 [info] cwd: .
2025-04-13 02:22:32.175 [info] Starting Jedi language server for apoorvtripathi537.
2025-04-13 02:25:05.377 [info] Discover tests for workspace name: apoorvtripathi537 - uri: /home/apoorvtripathi537/main.py
2025-04-13 02:25:10.255 [info] Discover tests for workspace name: apoorvtripathi537 - uri: /home/apoorvtripathi537/main.py
2025-04-13 02:25:16.905 [info] Discover tests for workspace name: apoorvtripathi537 - uri: /home/apoorvtripathi537/main.py
2025-04-13 02:25:51.679 [info] Discover tests for workspace name: apoorvtripathi537 - uri: /home/apoorvtripathi537/main.py
2025-04-13 02:25:54.747 [info] Discover tests for workspace name: apoorvtripathi537 - uri: /home/apoorvtripathi537/main.py
2025-04-13 02:25:56.510 [info] Discover tests for workspace name: apoorvtripathi537 - uri: /home/apoorvtripathi537/main.py
2025-04-13 02:26:06.515 [info] Discover tests for workspace name: apoorvtripathi537 - uri: /home/apoorvtripathi537/main.py
2025-04-13 02:26:07.217 [info] Discover tests for workspace name: apoorvtripathi537 - uri: /home/apoorvtripathi537/main.py
2025-04-13 02:26:07.887 [info] Discover tests for workspace name: apoorvtripathi537 - uri: /home/apoorvtripathi537/main.py
2025-04-13 02:26:08.928 [info] Discover tests for workspace name: apoorvtripathi537 - uri: /home/apoorvtripathi537/main.py
2025-04-13 02:26:27.172 [info] Discover tests for workspace name: apoorvtripathi537 - uri: /home/apoorvtripathi537/main.py
2025-04-13 02:52:43.480 [info] Discover tests for workspace name: apoorvtripathi537 - uri: /home/apoorvtripathi537/main.py
2025-04-13 02:52:46.586 [info] Discover tests for workspace name: apoorvtripathi537 - uri: /home/apoorvtripathi537/main.py
2025-04-13 02:52:59.659 [info] Discover tests for workspace name: apoorvtripathi537 - uri: /home/apoorvtripathi537/main.py
2025-04-13 02:53:01.783 [info] Discover tests for workspace name: apoorvtripathi537 - uri: /home/apoorvtripathi537/main.py
2025-04-13 02:53:02.448 [info] Discover tests for workspace name: apoorvtripathi537 - uri: /home/apoorvtripathi537/main.py
2025-04-13 02:53:02.912 [info] Discover tests for workspace name: apoorvtripathi537 - uri: /home/apoorvtripathi537/main.py
2025-04-13 02:53:35.043 [info] Discover tests for workspace name: apoorvtripathi537 - uri: /home/apoorvtripathi537/test.py
2025-04-13 02:53:38.995 [info] CreateEnv Trigger - Skipping for /home/apoorvtripathi537/test.py
2025-04-13 02:53:39.025 [info] Send text to terminal: source /home/apoorvtripathi537/venv-translate/bin/activate
2025-04-13 02:53:40.027 [info] Send text to terminal: /home/apoorvtripathi537/venv-translate/bin/python /home/apoorvtripathi537/test.py
2025-04-13 02:53:47.624 [info] Discover tests for workspace name: apoorvtripathi537 - uri: /home/apoorvtripathi537/main.py
2025-04-13 02:53:48.166 [info] Discover tests for workspace name: apoorvtripathi537 - uri: /home/apoorvtripathi537/main.py
2025-04-13 02:53:48.652 [info] Discover tests for workspace name: apoorvtripathi537 - uri: /home/apoorvtripathi537/main.py
2025-04-13 02:56:29.957 [info] Discover tests for workspace name: apoorvtripathi537 - uri: /home/apoorvtripathi537/main.py
2025-04-13 02:56:45.219 [info] Discover tests for workspace name: apoorvtripathi537 - uri: /home/apoorvtripathi537/main.py
2025-04-13 02:57:15.736 [info] Discover tests for workspace name: apoorvtripathi537 - uri: /home/apoorvtripathi537/main.py
2025-04-13 02:57:18.582 [info] Discover tests for workspace name: apoorvtripathi537 - uri: /home/apoorvtripathi537/main.py
2025-04-13 02:57:19.901 [info] Discover tests for workspace name: apoorvtripathi537 - uri: /home/apoorvtripathi537/main.py
2025-04-13 02:57:33.390 [info] Discover tests for workspace name: apoorvtripathi537 - uri: /home/apoorvtripathi537/main.py
2025-04-13 02:57:37.975 [info] Discover tests for workspace name: apoorvtripathi537 - uri: /home/apoorvtripathi537/main.py
2025-04-13 02:57:40.126 [info] Discover tests for workspace name: apoorvtripathi537 - uri: /home/apoorvtripathi537/main.py
2025-04-13 02:57:42.312 [info] Discover tests for workspace name: apoorvtripathi537 - uri: /home/apoorvtripathi537/main.py
2025-04-13 02:57:42.957 [info] Discover tests for workspace name: apoorvtripathi537 - uri: /home/apoorvtripathi537/main.py
2025-04-13 02:57:43.442 [info] Discover tests for workspace name: apoorvtripathi537 - uri: /home/apoorvtripathi537/main.py
2025-04-13 03:00:28.395 [info] Discover tests for workspace name: apoorvtripathi537 - uri: /home/apoorvtripathi537/main.py
2025-04-13 03:00:31.464 [info] Discover tests for workspace name: apoorvtripathi537 - uri: /home/apoorvtripathi537/main.py
2025-04-13 03:00:37.777 [info] Discover tests for workspace name: apoorvtripathi537 - uri: /home/apoorvtripathi537/main.py
2025-04-13 03:00:41.792 [info] Discover tests for workspace name: apoorvtripathi537 - uri: /home/apoorvtripathi537/main.py
2025-04-13 03:02:37.514 [info] Discover tests for workspace name: apoorvtripathi537 - uri: /home/apoorvtripathi537/main.py
2025-04-13 03:02:39.881 [info] Discover tests for workspace name: apoorvtripathi537 - uri: /home/apoorvtripathi537/main.py
2025-04-13 03:02:50.042 [info] Discover tests for workspace name: apoorvtripathi537 - uri: /home/apoorvtripathi537/main.py
2025-04-13 03:02:52.062 [info] Discover tests for workspace name: apoorvtripathi537 - uri: /home/apoorvtripathi537/main.py
2025-04-13 03:03:50.885 [info] Discover tests for workspace name: apoorvtripathi537 - uri: /home/apoorvtripathi537/main.py
2025-04-13 03:04:01.137 [info] Discover tests for workspace name: apoorvtripathi537 - uri: /home/apoorvtripathi537/main.py
2025-04-13 03:04:03.238 [info] Discover tests for workspace name: apoorvtripathi537 - uri: /home/apoorvtripathi537/main.py
2025-04-13 03:04:04.117 [info] Discover tests for workspace name: apoorvtripathi537 - uri: /home/apoorvtripathi537/main.py
2025-04-13 03:04:04.572 [info] Discover tests for workspace name: apoorvtripathi537 - uri: /home/apoorvtripathi537/main.py
2025-04-13 03:06:42.262 [info] Discover tests for workspace name: apoorvtripathi537 - uri: /home/apoorvtripathi537/main.py
2025-04-13 03:06:46.267 [info] Discover tests for workspace name: apoorvtripathi537 - uri: /home/apoorvtripathi537/main.py
2025-04-13 03:06:46.862 [info] Discover tests for workspace name: apoorvtripathi537 - uri: /home/apoorvtripathi537/main.py
2025-04-13 03:06:47.521 [info] Discover tests for workspace name: apoorvtripathi537 - uri: /home/apoorvtripathi537/main.py
2025-04-13 03:09:43.532 [info] Discover tests for workspace name: apoorvtripathi537 - uri: /home/apoorvtripathi537/main.py
2025-04-13 03:09:46.908 [info] Discover tests for workspace name: apoorvtripathi537 - uri: /home/apoorvtripathi537/main.py
2025-04-13 03:09:53.444 [info] Discover tests for workspace name: apoorvtripathi537 - uri: /home/apoorvtripathi537/main.py
2025-04-13 03:12:18.181 [info] Discover tests for workspace name: apoorvtripathi537 - uri: /home/apoorvtripathi537/main.py
2025-04-13 03:12:19.258 [info] Discover tests for workspace name: apoorvtripathi537 - uri: /home/apoorvtripathi537/main.py
2025-04-13 03:12:19.878 [info] Discover tests for workspace name: apoorvtripathi537 - uri: /home/apoorvtripathi537/main.py
2025-04-13 03:12:20.471 [info] Discover tests for workspace name: apoorvtripathi537 - uri: /home/apoorvtripathi537/main.py
2025-04-13 03:15:09.654 [info] Discover tests for workspace name: apoorvtripathi537 - uri: /home/apoorvtripathi537/main.py
2025-04-13 03:15:18.399 [info] Discover tests for workspace name: apoorvtripathi537 - uri: /home/apoorvtripathi537/main.py
2025-04-13 03:15:19.000 [info] Discover tests for workspace name: apoorvtripathi537 - uri: /home/apoorvtripathi537/main.py
2025-04-13 03:15:19.508 [info] Discover tests for workspace name: apoorvtripathi537 - uri: /home/apoorvtripathi537/main.py
2025-04-13 04:46:22.331 [info] Discover tests for workspace name: apoorvtripathi537 - uri: /home/apoorvtripathi537/main.py
2025-04-13 04:46:24.741 [info] Discover tests for workspace name: apoorvtripathi537 - uri: /home/apoorvtripathi537/main.py
2025-04-13 04:46:37.556 [info] Discover tests for workspace name: apoorvtripathi537 - uri: /home/apoorvtripathi537/main.py
2025-04-13 04:46:41.350 [info] Discover tests for workspace name: apoorvtripathi537 - uri: /home/apoorvtripathi537/main.py
2025-04-13 04:46:43.162 [info] Discover tests for workspace name: apoorvtripathi537 - uri: /home/apoorvtripathi537/main.py
2025-04-13 04:46:44.582 [info] Discover tests for workspace name: apoorvtripathi537 - uri: /home/apoorvtripathi537/main.py
2025-04-13 04:46:49.475 [info] Discover tests for workspace name: apoorvtripathi537 - uri: /home/apoorvtripathi537/main.py
2025-04-13 04:46:53.708 [info] Discover tests for workspace name: apoorvtripathi537 - uri: /home/apoorvtripathi537/main.py
2025-04-13 04:48:33.013 [info] Discover tests for workspace name: apoorvtripathi537 - uri: /home/apoorvtripathi537/main.py
2025-04-13 04:48:33.997 [info] Discover tests for workspace name: apoorvtripathi537 - uri: /home/apoorvtripathi537/main.py
2025-04-13 04:48:34.597 [info] Discover tests for workspace name: apoorvtripathi537 - uri: /home/apoorvtripathi537/main.py
2025-04-13 04:48:35.178 [info] Discover tests for workspace name: apoorvtripathi537 - uri: /home/apoorvtripathi537/main.py
2025-04-13 04:50:08.946 [info] Discover tests for workspace name: apoorvtripathi537 - uri: /home/apoorvtripathi537/main.py
2025-04-13 04:50:10.028 [info] Discover tests for workspace name: apoorvtripathi537 - uri: /home/apoorvtripathi537/main.py
2025-04-13 04:50:10.984 [info] Discover tests for workspace name: apoorvtripathi537 - uri: /home/apoorvtripathi537/main.py
2025-04-13 04:50:11.551 [info] Discover tests for workspace name: apoorvtripathi537 - uri: /home/apoorvtripathi537/main.py
2025-04-13 04:50:12.071 [info] Discover tests for workspace name: apoorvtripathi537 - uri: /home/apoorvtripathi537/main.py
2025-04-13 04:53:38.695 [info] Discover tests for workspace name: apoorvtripathi537 - uri: /home/apoorvtripathi537/main.py
2025-04-13 04:55:52.557 [info] Discover tests for workspace name: apoorvtripathi537 - uri: /home/apoorvtripathi537/main.py
2025-04-13 04:55:53.896 [info] Discover tests for workspace name: apoorvtripathi537 - uri: /home/apoorvtripathi537/main.py
2025-04-13 04:55:55.407 [info] Discover tests for workspace name: apoorvtripathi537 - uri: /home/apoorvtripathi537/main.py
2025-04-13 04:56:16.876 [info] Discover tests for workspace name: apoorvtripathi537 - uri: /home/apoorvtripathi537/main.py
2025-04-13 04:56:19.943 [info] Discover tests for workspace name: apoorvtripathi537 - uri: /home/apoorvtripathi537/main.py
2025-04-13 04:56:21.671 [info] Discover tests for workspace name: apoorvtripathi537 - uri: /home/apoorvtripathi537/main.py
2025-04-13 04:56:22.196 [info] Discover tests for workspace name: apoorvtripathi537 - uri: /home/apoorvtripathi537/main.py
2025-04-13 04:56:22.597 [info] Discover tests for workspace name: apoorvtripathi537 - uri: /home/apoorvtripathi537/main.py
2025-04-13 04:58:24.110 [info] Discover tests for workspace name: apoorvtripathi537 - uri: /home/apoorvtripathi537/main.py
2025-04-13 04:58:31.736 [info] Discover tests for workspace name: apoorvtripathi537 - uri: /home/apoorvtripathi537/main.py
2025-04-13 04:58:32.854 [info] Discover tests for workspace name: apoorvtripathi537 - uri: /home/apoorvtripathi537/main.py
2025-04-13 04:58:33.461 [info] Discover tests for workspace name: apoorvtripathi537 - uri: /home/apoorvtripathi537/main.py
2025-04-13 04:58:34.007 [info] Discover tests for workspace name: apoorvtripathi537 - uri: /home/apoorvtripathi537/main.py
2025-04-13 04:58:44.697 [info] Discover tests for workspace name: apoorvtripathi537 - uri: /home/apoorvtripathi537/main.py
