2025-02-22 20:46:30.043 [info] [main] Log level: Info
2025-02-22 20:46:30.044 [info] [main] Validating found git in: "git"
2025-02-22 20:46:30.044 [info] [main] Using git "2.43.0" from "git"
2025-02-22 20:46:30.045 [info] [Model][doInitialScan] Initial repository scan started
2025-02-22 20:46:30.045 [info] > git rev-parse --show-toplevel [270ms]
2025-02-22 20:46:30.046 [info] fatal: not a git repository (or any parent up to mount point /)
Stopping at filesystem boundary (GIT_DISCOVERY_ACROSS_FILESYSTEM not set).
2025-02-22 20:46:30.046 [info] > git rev-parse --show-toplevel [1288ms]
2025-02-22 20:46:30.046 [info] fatal: not a git repository (or any parent up to mount point /)
Stopping at filesystem boundary (GIT_DISCOVERY_ACROSS_FILESYSTEM not set).
2025-02-22 20:46:30.061 [info] > git rev-parse --show-toplevel [18ms]
2025-02-22 20:46:30.061 [info] fatal: not a git repository (or any parent up to mount point /)
Stopping at filesystem boundary (GIT_DISCOVERY_ACROSS_FILESYSTEM not set).
2025-02-22 20:46:32.626 [info] > git rev-parse --show-toplevel [75ms]
2025-02-22 20:46:32.626 [info] fatal: not a git repository (or any parent up to mount point /)
Stopping at filesystem boundary (GIT_DISCOVERY_ACROSS_FILESYSTEM not set).
2025-02-22 20:46:32.796 [info] > git rev-parse --show-toplevel [12ms]
2025-02-22 20:46:32.796 [info] fatal: not a git repository (or any parent up to mount point /)
Stopping at filesystem boundary (GIT_DISCOVERY_ACROSS_FILESYSTEM not set).
2025-02-22 20:46:32.892 [info] > git rev-parse --show-toplevel [74ms]
2025-02-22 20:46:32.892 [info] fatal: not a git repository (or any parent up to mount point /)
Stopping at filesystem boundary (GIT_DISCOVERY_ACROSS_FILESYSTEM not set).
2025-02-22 20:46:33.043 [info] > git rev-parse --show-toplevel [122ms]
2025-02-22 20:46:33.043 [info] fatal: not a git repository (or any parent up to mount point /)
Stopping at filesystem boundary (GIT_DISCOVERY_ACROSS_FILESYSTEM not set).
2025-02-22 20:46:33.132 [info] > git rev-parse --show-toplevel [48ms]
2025-02-22 20:46:33.132 [info] fatal: not a git repository (or any parent up to mount point /)
Stopping at filesystem boundary (GIT_DISCOVERY_ACROSS_FILESYSTEM not set).
2025-02-22 20:46:33.192 [info] > git rev-parse --show-toplevel [52ms]
2025-02-22 20:46:33.192 [info] fatal: not a git repository (or any parent up to mount point /)
Stopping at filesystem boundary (GIT_DISCOVERY_ACROSS_FILESYSTEM not set).
2025-02-22 20:46:33.236 [info] > git rev-parse --show-toplevel [18ms]
2025-02-22 20:46:33.236 [info] fatal: not a git repository (or any parent up to mount point /)
Stopping at filesystem boundary (GIT_DISCOVERY_ACROSS_FILESYSTEM not set).
2025-02-22 20:46:33.247 [info] > git rev-parse --show-toplevel [3ms]
2025-02-22 20:46:33.247 [info] fatal: not a git repository (or any parent up to mount point /)
Stopping at filesystem boundary (GIT_DISCOVERY_ACROSS_FILESYSTEM not set).
2025-02-22 20:46:33.295 [info] > git rev-parse --show-toplevel [29ms]
2025-02-22 20:46:33.295 [info] fatal: not a git repository (or any parent up to mount point /)
Stopping at filesystem boundary (GIT_DISCOVERY_ACROSS_FILESYSTEM not set).
2025-02-22 20:46:33.319 [info] > git rev-parse --show-toplevel [6ms]
2025-02-22 20:46:33.319 [info] fatal: not a git repository (or any parent up to mount point /)
Stopping at filesystem boundary (GIT_DISCOVERY_ACROSS_FILESYSTEM not set).
2025-02-22 20:46:33.330 [info] > git rev-parse --show-toplevel [3ms]
2025-02-22 20:46:33.330 [info] fatal: not a git repository (or any parent up to mount point /)
Stopping at filesystem boundary (GIT_DISCOVERY_ACROSS_FILESYSTEM not set).
2025-02-22 20:46:33.342 [info] > git rev-parse --show-toplevel [4ms]
2025-02-22 20:46:33.342 [info] fatal: not a git repository (or any parent up to mount point /)
Stopping at filesystem boundary (GIT_DISCOVERY_ACROSS_FILESYSTEM not set).
2025-02-22 20:46:33.351 [info] > git rev-parse --show-toplevel [3ms]
2025-02-22 20:46:33.351 [info] fatal: not a git repository (or any parent up to mount point /)
Stopping at filesystem boundary (GIT_DISCOVERY_ACROSS_FILESYSTEM not set).
2025-02-22 20:46:33.413 [info] > git rev-parse --show-toplevel [56ms]
2025-02-22 20:46:33.413 [info] fatal: not a git repository (or any parent up to mount point /)
Stopping at filesystem boundary (GIT_DISCOVERY_ACROSS_FILESYSTEM not set).
2025-02-22 20:46:33.414 [info] [Model][doInitialScan] Initial repository scan completed - repositories (0), closed repositories (0), parent repositories (0), unsafe repositories (0)
