2025-04-02 03:41:39.451 [info] [main] Log level: Info
2025-04-02 03:41:39.451 [info] [main] Validating found git in: "git"
2025-04-02 03:41:39.451 [info] [main] Using git "2.43.0" from "git"
2025-04-02 03:41:39.451 [info] [Model][doInitialScan] Initial repository scan started
2025-04-02 03:41:39.451 [info] > git rev-parse --show-toplevel [2ms]
2025-04-02 03:41:39.451 [info] > git rev-parse --git-dir --git-common-dir [1ms]
2025-04-02 03:41:39.451 [info] [Model][openRepository] Opened repository: /home/apoorvtripathi537
2025-04-02 03:41:39.451 [info] > git rev-parse --show-toplevel [6ms]
2025-04-02 03:41:39.451 [info] > git rev-parse --show-toplevel [8ms]
2025-04-02 03:41:39.451 [info] > git for-each-ref --format=%(refname)%00%(upstream:short)%00%(objectname)%00%(upstream:track)%00%(upstream:remotename)%00%(upstream:remoteref) refs/heads/master refs/remotes/master [9ms]
2025-04-02 03:41:39.451 [info] > git rev-parse --show-toplevel [2ms]
2025-04-02 03:41:39.451 [info] > git rev-parse --show-toplevel [3ms]
2025-04-02 03:41:39.451 [info] > git for-each-ref --sort -committerdate --format %(refname) %(objectname) %(*objectname) [6ms]
2025-04-02 03:41:39.451 [info] > git rev-parse --show-toplevel [3ms]
2025-04-02 03:41:39.451 [info] > git rev-parse --show-toplevel [1ms]
2025-04-02 03:41:39.451 [info] > git rev-parse --show-toplevel [3ms]
2025-04-02 03:41:39.451 [info] > git rev-parse --show-toplevel [1ms]
2025-04-02 03:41:39.451 [info] > git rev-parse --show-toplevel [2ms]
2025-04-02 03:41:39.451 [info] > git rev-parse --show-toplevel [1ms]
2025-04-02 03:41:39.451 [info] > git rev-parse --show-toplevel [2ms]
2025-04-02 03:41:39.451 [info] > git status -z -uall [51ms]
2025-04-02 03:41:39.451 [info] > git for-each-ref --format=%(refname)%00%(upstream:short)%00%(objectname)%00%(upstream:track)%00%(upstream:remotename)%00%(upstream:remoteref) refs/heads/master refs/remotes/master [25ms]
2025-04-02 03:41:39.451 [info] > git rev-parse --show-toplevel [39ms]
2025-04-02 03:41:39.451 [info] > git config --local branch.master.vscode-merge-base [5ms]
2025-04-02 03:41:39.451 [warning] [Git][config] git config failed: Failed to execute git
2025-04-02 03:41:39.451 [info] > git rev-parse --show-toplevel [9ms]
2025-04-02 03:41:39.451 [info] > git reflog master --grep-reflog=branch: Created from *. [9ms]
2025-04-02 03:41:39.451 [info] > git rev-parse --show-toplevel [11ms]
2025-04-02 03:41:39.451 [info] [Model][doInitialScan] Initial repository scan completed - repositories (1), closed repositories (0), parent repositories (0), unsafe repositories (0)
2025-04-02 03:41:39.451 [info] > git for-each-ref --format=%(refname)%00%(upstream:short)%00%(objectname)%00%(upstream:track)%00%(upstream:remotename)%00%(upstream:remoteref) refs/heads/master refs/remotes/master [18ms]
2025-04-02 03:41:39.451 [info] > git symbolic-ref --short refs/remotes/origin/HEAD [10ms]
2025-04-02 03:41:39.451 [info] fatal: ref refs/remotes/origin/HEAD is not a symbolic ref
2025-04-02 03:41:39.451 [warning] [Repository][getDefaultBranch] Failed to get default branch details: Failed to execute git.
2025-04-02 03:41:39.451 [info] > git merge-base refs/heads/master refs/remotes/origin/master [24ms]
2025-04-02 03:41:39.451 [info] > git for-each-ref --sort -committerdate --format %(refname) %(objectname) %(*objectname) [27ms]
2025-04-02 03:41:39.451 [info] > git diff --name-status -z --diff-filter=ADMR ae54d5703c5e6277a64919db1dea687af7ee5769...refs/remotes/origin/master [61ms]
2025-04-02 03:41:39.451 [info] > git status -z -uall [84ms]
2025-04-02 03:41:39.947 [info] > git check-ignore -v -z --stdin [5ms]
2025-04-02 03:41:42.567 [info] > git show --textconv :main.py [56ms]
2025-04-02 03:41:42.569 [info] > git ls-files --stage -- /home/apoorvtripathi537/main.py [47ms]
2025-04-02 03:41:42.623 [info] > git cat-file -s cd8b840c6a2cc57bb6082c3fa09575f889d656b4 [44ms]
2025-04-02 03:41:42.625 [info] > git for-each-ref --format=%(refname)%00%(upstream:short)%00%(objectname)%00%(upstream:track)%00%(upstream:remotename)%00%(upstream:remoteref) refs/heads/master refs/remotes/master [7ms]
2025-04-02 03:41:42.660 [info] > git for-each-ref --sort -committerdate --format %(refname) %(objectname) %(*objectname) [7ms]
2025-04-02 03:41:44.973 [info] > git status -z -uall [2334ms]
2025-04-02 03:41:50.013 [info] > git for-each-ref --format=%(refname)%00%(upstream:short)%00%(objectname)%00%(upstream:track)%00%(upstream:remotename)%00%(upstream:remoteref) refs/heads/master refs/remotes/master [4ms]
2025-04-02 03:41:50.067 [info] > git for-each-ref --sort -committerdate --format %(refname) %(objectname) %(*objectname) [6ms]
2025-04-02 03:41:50.101 [info] > git status -z -uall [67ms]
2025-04-02 03:42:58.016 [info] > git for-each-ref --format=%(refname)%00%(upstream:short)%00%(objectname)%00%(upstream:track)%00%(upstream:remotename)%00%(upstream:remoteref) refs/heads/master refs/remotes/master [2ms]
2025-04-02 03:42:58.039 [info] > git for-each-ref --sort -committerdate --format %(refname) %(objectname) %(*objectname) [2ms]
2025-04-02 03:42:58.073 [info] > git status -z -uall [48ms]
2025-04-02 03:43:03.090 [info] > git for-each-ref --format=%(refname)%00%(upstream:short)%00%(objectname)%00%(upstream:track)%00%(upstream:remotename)%00%(upstream:remoteref) refs/heads/master refs/remotes/master [3ms]
2025-04-02 03:43:03.113 [info] > git for-each-ref --sort -committerdate --format %(refname) %(objectname) %(*objectname) [2ms]
2025-04-02 03:43:03.146 [info] > git status -z -uall [47ms]
2025-04-02 03:44:18.059 [info] > git check-ignore -v -z --stdin [4ms]
2025-04-02 03:44:19.945 [info] > git check-ignore -v -z --stdin [3ms]
2025-04-02 03:44:24.571 [info] > git for-each-ref --format=%(refname)%00%(upstream:short)%00%(objectname)%00%(upstream:track)%00%(upstream:remotename)%00%(upstream:remoteref) refs/heads/master refs/remotes/master [3ms]
2025-04-02 03:44:24.596 [info] > git for-each-ref --sort -committerdate --format %(refname) %(objectname) %(*objectname) [2ms]
2025-04-02 03:44:24.624 [info] > git status -z -uall [45ms]
2025-04-02 03:44:29.641 [info] > git for-each-ref --format=%(refname)%00%(upstream:short)%00%(objectname)%00%(upstream:track)%00%(upstream:remotename)%00%(upstream:remoteref) refs/heads/master refs/remotes/master [2ms]
2025-04-02 03:44:29.664 [info] > git for-each-ref --sort -committerdate --format %(refname) %(objectname) %(*objectname) [2ms]
2025-04-02 03:44:29.695 [info] > git status -z -uall [46ms]
2025-04-02 03:45:49.075 [info] > git for-each-ref --format=%(refname)%00%(upstream:short)%00%(objectname)%00%(upstream:track)%00%(upstream:remotename)%00%(upstream:remoteref) refs/heads/master refs/remotes/master [3ms]
2025-04-02 03:45:49.100 [info] > git for-each-ref --sort -committerdate --format %(refname) %(objectname) %(*objectname) [2ms]
2025-04-02 03:45:49.130 [info] > git status -z -uall [45ms]
2025-04-02 03:47:33.492 [info] > git for-each-ref --format=%(refname)%00%(upstream:short)%00%(objectname)%00%(upstream:track)%00%(upstream:remotename)%00%(upstream:remoteref) refs/heads/master refs/remotes/master [3ms]
2025-04-02 03:47:33.515 [info] > git for-each-ref --sort -committerdate --format %(refname) %(objectname) %(*objectname) [3ms]
2025-04-02 03:47:33.547 [info] > git status -z -uall [46ms]
2025-04-02 03:47:38.563 [info] > git for-each-ref --format=%(refname)%00%(upstream:short)%00%(objectname)%00%(upstream:track)%00%(upstream:remotename)%00%(upstream:remoteref) refs/heads/master refs/remotes/master [2ms]
2025-04-02 03:47:38.589 [info] > git for-each-ref --sort -committerdate --format %(refname) %(objectname) %(*objectname) [3ms]
2025-04-02 03:47:38.617 [info] > git status -z -uall [45ms]
2025-04-02 03:47:43.633 [info] > git for-each-ref --format=%(refname)%00%(upstream:short)%00%(objectname)%00%(upstream:track)%00%(upstream:remotename)%00%(upstream:remoteref) refs/heads/master refs/remotes/master [3ms]
2025-04-02 03:47:43.658 [info] > git for-each-ref --sort -committerdate --format %(refname) %(objectname) %(*objectname) [2ms]
2025-04-02 03:47:43.687 [info] > git status -z -uall [45ms]
2025-04-02 03:47:48.704 [info] > git for-each-ref --format=%(refname)%00%(upstream:short)%00%(objectname)%00%(upstream:track)%00%(upstream:remotename)%00%(upstream:remoteref) refs/heads/master refs/remotes/master [2ms]
2025-04-02 03:47:48.731 [info] > git for-each-ref --sort -committerdate --format %(refname) %(objectname) %(*objectname) [2ms]
2025-04-02 03:47:48.761 [info] > git status -z -uall [48ms]
2025-04-02 03:48:03.943 [info] > git check-ignore -v -z --stdin [4ms]
2025-04-02 03:48:16.788 [info] > git for-each-ref --format=%(refname)%00%(upstream:short)%00%(objectname)%00%(upstream:track)%00%(upstream:remotename)%00%(upstream:remoteref) refs/heads/master refs/remotes/master [2ms]
2025-04-02 03:48:16.810 [info] > git for-each-ref --sort -committerdate --format %(refname) %(objectname) %(*objectname) [2ms]
2025-04-02 03:48:16.841 [info] > git status -z -uall [45ms]
2025-04-02 03:48:21.858 [info] > git for-each-ref --format=%(refname)%00%(upstream:short)%00%(objectname)%00%(upstream:track)%00%(upstream:remotename)%00%(upstream:remoteref) refs/heads/master refs/remotes/master [2ms]
2025-04-02 03:48:21.883 [info] > git for-each-ref --sort -committerdate --format %(refname) %(objectname) %(*objectname) [4ms]
2025-04-02 03:48:21.915 [info] > git status -z -uall [48ms]
2025-04-02 03:48:26.931 [info] > git for-each-ref --format=%(refname)%00%(upstream:short)%00%(objectname)%00%(upstream:track)%00%(upstream:remotename)%00%(upstream:remoteref) refs/heads/master refs/remotes/master [2ms]
2025-04-02 03:48:26.955 [info] > git for-each-ref --sort -committerdate --format %(refname) %(objectname) %(*objectname) [3ms]
2025-04-02 03:48:26.987 [info] > git status -z -uall [47ms]
2025-04-02 03:48:29.954 [info] > git show --textconv :uploads/20250402-034415AM.wav.txt [9ms]
2025-04-02 03:48:29.957 [info] > git ls-files --stage -- /home/apoorvtripathi537/uploads/20250402-034415AM.wav.txt [4ms]
2025-04-02 03:48:32.001 [info] > git for-each-ref --format=%(refname)%00%(upstream:short)%00%(objectname)%00%(upstream:track)%00%(upstream:remotename)%00%(upstream:remoteref) refs/heads/master refs/remotes/master [2ms]
2025-04-02 03:48:32.022 [info] > git for-each-ref --sort -committerdate --format %(refname) %(objectname) %(*objectname) [2ms]
2025-04-02 03:48:32.055 [info] > git status -z -uall [44ms]
2025-04-02 03:48:37.072 [info] > git for-each-ref --format=%(refname)%00%(upstream:short)%00%(objectname)%00%(upstream:track)%00%(upstream:remotename)%00%(upstream:remoteref) refs/heads/master refs/remotes/master [3ms]
2025-04-02 03:48:37.095 [info] > git for-each-ref --sort -committerdate --format %(refname) %(objectname) %(*objectname) [2ms]
2025-04-02 03:48:37.127 [info] > git status -z -uall [44ms]
2025-04-02 03:48:39.459 [info] > git show --textconv :main.py [10ms]
2025-04-02 03:48:39.463 [info] > git ls-files --stage -- /home/apoorvtripathi537/main.py [5ms]
2025-04-02 03:48:39.472 [info] > git cat-file -s cd8b840c6a2cc57bb6082c3fa09575f889d656b4 [1ms]
2025-04-02 03:48:42.142 [info] > git for-each-ref --format=%(refname)%00%(upstream:short)%00%(objectname)%00%(upstream:track)%00%(upstream:remotename)%00%(upstream:remoteref) refs/heads/master refs/remotes/master [2ms]
2025-04-02 03:48:42.164 [info] > git for-each-ref --sort -committerdate --format %(refname) %(objectname) %(*objectname) [2ms]
2025-04-02 03:48:42.196 [info] > git status -z -uall [45ms]
2025-04-02 03:48:47.210 [info] > git for-each-ref --format=%(refname)%00%(upstream:short)%00%(objectname)%00%(upstream:track)%00%(upstream:remotename)%00%(upstream:remoteref) refs/heads/master refs/remotes/master [2ms]
2025-04-02 03:48:47.237 [info] > git for-each-ref --sort -committerdate --format %(refname) %(objectname) %(*objectname) [2ms]
2025-04-02 03:48:47.267 [info] > git status -z -uall [45ms]
2025-04-02 03:48:52.282 [info] > git for-each-ref --format=%(refname)%00%(upstream:short)%00%(objectname)%00%(upstream:track)%00%(upstream:remotename)%00%(upstream:remoteref) refs/heads/master refs/remotes/master [2ms]
2025-04-02 03:48:52.303 [info] > git for-each-ref --sort -committerdate --format %(refname) %(objectname) %(*objectname) [2ms]
2025-04-02 03:48:52.336 [info] > git status -z -uall [46ms]
2025-04-02 03:48:57.353 [info] > git for-each-ref --format=%(refname)%00%(upstream:short)%00%(objectname)%00%(upstream:track)%00%(upstream:remotename)%00%(upstream:remoteref) refs/heads/master refs/remotes/master [2ms]
2025-04-02 03:48:57.377 [info] > git for-each-ref --sort -committerdate --format %(refname) %(objectname) %(*objectname) [2ms]
2025-04-02 03:48:57.406 [info] > git status -z -uall [44ms]
2025-04-02 04:00:09.728 [info] > git for-each-ref --format=%(refname)%00%(upstream:short)%00%(objectname)%00%(upstream:track)%00%(upstream:remotename)%00%(upstream:remoteref) refs/heads/master refs/remotes/master [2ms]
2025-04-02 04:00:09.751 [info] > git for-each-ref --sort -committerdate --format %(refname) %(objectname) %(*objectname) [2ms]
2025-04-02 04:00:09.782 [info] > git status -z -uall [46ms]
2025-04-02 04:00:14.798 [info] > git for-each-ref --format=%(refname)%00%(upstream:short)%00%(objectname)%00%(upstream:track)%00%(upstream:remotename)%00%(upstream:remoteref) refs/heads/master refs/remotes/master [2ms]
2025-04-02 04:00:14.821 [info] > git for-each-ref --sort -committerdate --format %(refname) %(objectname) %(*objectname) [2ms]
2025-04-02 04:00:14.851 [info] > git status -z -uall [45ms]
2025-04-02 04:00:19.869 [info] > git for-each-ref --format=%(refname)%00%(upstream:short)%00%(objectname)%00%(upstream:track)%00%(upstream:remotename)%00%(upstream:remoteref) refs/heads/master refs/remotes/master [2ms]
2025-04-02 04:00:19.894 [info] > git for-each-ref --sort -committerdate --format %(refname) %(objectname) %(*objectname) [2ms]
2025-04-02 04:00:19.922 [info] > git status -z -uall [45ms]
2025-04-02 04:00:24.938 [info] > git for-each-ref --format=%(refname)%00%(upstream:short)%00%(objectname)%00%(upstream:track)%00%(upstream:remotename)%00%(upstream:remoteref) refs/heads/master refs/remotes/master [2ms]
2025-04-02 04:00:24.959 [info] > git for-each-ref --sort -committerdate --format %(refname) %(objectname) %(*objectname) [2ms]
2025-04-02 04:00:24.991 [info] > git status -z -uall [44ms]
2025-04-02 04:00:30.006 [info] > git for-each-ref --format=%(refname)%00%(upstream:short)%00%(objectname)%00%(upstream:track)%00%(upstream:remotename)%00%(upstream:remoteref) refs/heads/master refs/remotes/master [2ms]
2025-04-02 04:00:30.030 [info] > git for-each-ref --sort -committerdate --format %(refname) %(objectname) %(*objectname) [2ms]
2025-04-02 04:00:30.057 [info] > git status -z -uall [43ms]
2025-04-02 04:00:44.370 [info] > git for-each-ref --format=%(refname)%00%(upstream:short)%00%(objectname)%00%(upstream:track)%00%(upstream:remotename)%00%(upstream:remoteref) refs/heads/master refs/remotes/master [2ms]
2025-04-02 04:00:44.394 [info] > git for-each-ref --sort -committerdate --format %(refname) %(objectname) %(*objectname) [2ms]
2025-04-02 04:00:44.424 [info] > git status -z -uall [46ms]
2025-04-02 04:00:49.439 [info] > git for-each-ref --format=%(refname)%00%(upstream:short)%00%(objectname)%00%(upstream:track)%00%(upstream:remotename)%00%(upstream:remoteref) refs/heads/master refs/remotes/master [2ms]
2025-04-02 04:00:49.462 [info] > git for-each-ref --sort -committerdate --format %(refname) %(objectname) %(*objectname) [3ms]
2025-04-02 04:00:49.494 [info] > git status -z -uall [46ms]
2025-04-02 04:00:54.509 [info] > git for-each-ref --format=%(refname)%00%(upstream:short)%00%(objectname)%00%(upstream:track)%00%(upstream:remotename)%00%(upstream:remoteref) refs/heads/master refs/remotes/master [2ms]
2025-04-02 04:00:54.532 [info] > git for-each-ref --sort -committerdate --format %(refname) %(objectname) %(*objectname) [2ms]
2025-04-02 04:00:54.562 [info] > git status -z -uall [45ms]
2025-04-02 04:00:59.577 [info] > git for-each-ref --format=%(refname)%00%(upstream:short)%00%(objectname)%00%(upstream:track)%00%(upstream:remotename)%00%(upstream:remoteref) refs/heads/master refs/remotes/master [2ms]
2025-04-02 04:00:59.603 [info] > git for-each-ref --sort -committerdate --format %(refname) %(objectname) %(*objectname) [3ms]
2025-04-02 04:00:59.632 [info] > git status -z -uall [46ms]
2025-04-02 04:01:04.649 [info] > git for-each-ref --format=%(refname)%00%(upstream:short)%00%(objectname)%00%(upstream:track)%00%(upstream:remotename)%00%(upstream:remoteref) refs/heads/master refs/remotes/master [2ms]
2025-04-02 04:01:04.673 [info] > git for-each-ref --sort -committerdate --format %(refname) %(objectname) %(*objectname) [2ms]
2025-04-02 04:01:04.705 [info] > git status -z -uall [47ms]
2025-04-02 04:01:09.719 [info] > git for-each-ref --format=%(refname)%00%(upstream:short)%00%(objectname)%00%(upstream:track)%00%(upstream:remotename)%00%(upstream:remoteref) refs/heads/master refs/remotes/master [2ms]
2025-04-02 04:01:09.746 [info] > git for-each-ref --sort -committerdate --format %(refname) %(objectname) %(*objectname) [3ms]
2025-04-02 04:01:09.778 [info] > git status -z -uall [50ms]
2025-04-02 04:01:14.794 [info] > git for-each-ref --format=%(refname)%00%(upstream:short)%00%(objectname)%00%(upstream:track)%00%(upstream:remotename)%00%(upstream:remoteref) refs/heads/master refs/remotes/master [2ms]
2025-04-02 04:01:14.817 [info] > git for-each-ref --sort -committerdate --format %(refname) %(objectname) %(*objectname) [2ms]
2025-04-02 04:01:14.847 [info] > git status -z -uall [44ms]
2025-04-02 04:01:19.861 [info] > git for-each-ref --format=%(refname)%00%(upstream:short)%00%(objectname)%00%(upstream:track)%00%(upstream:remotename)%00%(upstream:remoteref) refs/heads/master refs/remotes/master [2ms]
2025-04-02 04:01:19.882 [info] > git for-each-ref --sort -committerdate --format %(refname) %(objectname) %(*objectname) [1ms]
2025-04-02 04:01:19.916 [info] > git status -z -uall [46ms]
2025-04-02 04:01:24.934 [info] > git for-each-ref --format=%(refname)%00%(upstream:short)%00%(objectname)%00%(upstream:track)%00%(upstream:remotename)%00%(upstream:remoteref) refs/heads/master refs/remotes/master [2ms]
2025-04-02 04:01:24.959 [info] > git for-each-ref --sort -committerdate --format %(refname) %(objectname) %(*objectname) [3ms]
2025-04-02 04:01:24.989 [info] > git status -z -uall [46ms]
2025-04-02 04:01:30.004 [info] > git for-each-ref --format=%(refname)%00%(upstream:short)%00%(objectname)%00%(upstream:track)%00%(upstream:remotename)%00%(upstream:remoteref) refs/heads/master refs/remotes/master [3ms]
2025-04-02 04:01:30.025 [info] > git for-each-ref --sort -committerdate --format %(refname) %(objectname) %(*objectname) [2ms]
2025-04-02 04:01:30.057 [info] > git status -z -uall [45ms]
2025-04-02 04:01:35.075 [info] > git for-each-ref --format=%(refname)%00%(upstream:short)%00%(objectname)%00%(upstream:track)%00%(upstream:remotename)%00%(upstream:remoteref) refs/heads/master refs/remotes/master [2ms]
2025-04-02 04:01:35.098 [info] > git for-each-ref --sort -committerdate --format %(refname) %(objectname) %(*objectname) [2ms]
2025-04-02 04:01:35.128 [info] > git status -z -uall [45ms]
2025-04-02 04:03:57.083 [info] > git for-each-ref --format=%(refname)%00%(upstream:short)%00%(objectname)%00%(upstream:track)%00%(upstream:remotename)%00%(upstream:remoteref) refs/heads/master refs/remotes/master [2ms]
2025-04-02 04:03:57.108 [info] > git for-each-ref --sort -committerdate --format %(refname) %(objectname) %(*objectname) [2ms]
2025-04-02 04:03:57.138 [info] > git status -z -uall [47ms]
2025-04-02 04:07:07.929 [info] > git for-each-ref --format=%(refname)%00%(upstream:short)%00%(objectname)%00%(upstream:track)%00%(upstream:remotename)%00%(upstream:remoteref) refs/heads/master refs/remotes/master [3ms]
2025-04-02 04:07:07.951 [info] > git for-each-ref --sort -committerdate --format %(refname) %(objectname) %(*objectname) [2ms]
2025-04-02 04:07:07.983 [info] > git status -z -uall [45ms]
2025-04-02 04:07:12.997 [info] > git for-each-ref --format=%(refname)%00%(upstream:short)%00%(objectname)%00%(upstream:track)%00%(upstream:remotename)%00%(upstream:remoteref) refs/heads/master refs/remotes/master [2ms]
2025-04-02 04:07:13.019 [info] > git for-each-ref --sort -committerdate --format %(refname) %(objectname) %(*objectname) [2ms]
2025-04-02 04:07:13.052 [info] > git status -z -uall [46ms]
2025-04-02 04:07:18.065 [info] > git for-each-ref --format=%(refname)%00%(upstream:short)%00%(objectname)%00%(upstream:track)%00%(upstream:remotename)%00%(upstream:remoteref) refs/heads/master refs/remotes/master [2ms]
2025-04-02 04:07:18.087 [info] > git for-each-ref --sort -committerdate --format %(refname) %(objectname) %(*objectname) [3ms]
2025-04-02 04:07:18.118 [info] > git status -z -uall [45ms]
2025-04-02 04:07:23.132 [info] > git for-each-ref --format=%(refname)%00%(upstream:short)%00%(objectname)%00%(upstream:track)%00%(upstream:remotename)%00%(upstream:remoteref) refs/heads/master refs/remotes/master [2ms]
2025-04-02 04:07:23.154 [info] > git for-each-ref --sort -committerdate --format %(refname) %(objectname) %(*objectname) [3ms]
2025-04-02 04:07:23.188 [info] > git status -z -uall [48ms]
2025-04-02 04:07:28.206 [info] > git for-each-ref --format=%(refname)%00%(upstream:short)%00%(objectname)%00%(upstream:track)%00%(upstream:remotename)%00%(upstream:remoteref) refs/heads/master refs/remotes/master [2ms]
2025-04-02 04:07:28.228 [info] > git for-each-ref --sort -committerdate --format %(refname) %(objectname) %(*objectname) [2ms]
2025-04-02 04:07:28.262 [info] > git status -z -uall [48ms]
2025-04-02 04:07:33.276 [info] > git for-each-ref --format=%(refname)%00%(upstream:short)%00%(objectname)%00%(upstream:track)%00%(upstream:remotename)%00%(upstream:remoteref) refs/heads/master refs/remotes/master [2ms]
2025-04-02 04:07:33.299 [info] > git for-each-ref --sort -committerdate --format %(refname) %(objectname) %(*objectname) [4ms]
2025-04-02 04:07:33.330 [info] > git status -z -uall [46ms]
2025-04-02 04:07:38.344 [info] > git for-each-ref --format=%(refname)%00%(upstream:short)%00%(objectname)%00%(upstream:track)%00%(upstream:remotename)%00%(upstream:remoteref) refs/heads/master refs/remotes/master [2ms]
2025-04-02 04:07:38.367 [info] > git for-each-ref --sort -committerdate --format %(refname) %(objectname) %(*objectname) [2ms]
2025-04-02 04:07:38.399 [info] > git status -z -uall [46ms]
2025-04-02 04:07:43.413 [info] > git for-each-ref --format=%(refname)%00%(upstream:short)%00%(objectname)%00%(upstream:track)%00%(upstream:remotename)%00%(upstream:remoteref) refs/heads/master refs/remotes/master [3ms]
2025-04-02 04:07:43.437 [info] > git for-each-ref --sort -committerdate --format %(refname) %(objectname) %(*objectname) [2ms]
2025-04-02 04:07:43.466 [info] > git status -z -uall [45ms]
2025-04-02 04:07:48.481 [info] > git for-each-ref --format=%(refname)%00%(upstream:short)%00%(objectname)%00%(upstream:track)%00%(upstream:remotename)%00%(upstream:remoteref) refs/heads/master refs/remotes/master [3ms]
2025-04-02 04:07:48.501 [info] > git for-each-ref --sort -committerdate --format %(refname) %(objectname) %(*objectname) [1ms]
2025-04-02 04:07:48.535 [info] > git status -z -uall [46ms]
2025-04-02 04:07:53.553 [info] > git for-each-ref --format=%(refname)%00%(upstream:short)%00%(objectname)%00%(upstream:track)%00%(upstream:remotename)%00%(upstream:remoteref) refs/heads/master refs/remotes/master [2ms]
2025-04-02 04:07:53.574 [info] > git for-each-ref --sort -committerdate --format %(refname) %(objectname) %(*objectname) [1ms]
2025-04-02 04:07:53.607 [info] > git status -z -uall [45ms]
2025-04-02 04:07:58.622 [info] > git for-each-ref --format=%(refname)%00%(upstream:short)%00%(objectname)%00%(upstream:track)%00%(upstream:remotename)%00%(upstream:remoteref) refs/heads/master refs/remotes/master [2ms]
2025-04-02 04:07:58.646 [info] > git for-each-ref --sort -committerdate --format %(refname) %(objectname) %(*objectname) [2ms]
2025-04-02 04:07:58.677 [info] > git status -z -uall [47ms]
2025-04-02 04:08:03.694 [info] > git for-each-ref --format=%(refname)%00%(upstream:short)%00%(objectname)%00%(upstream:track)%00%(upstream:remotename)%00%(upstream:remoteref) refs/heads/master refs/remotes/master [2ms]
2025-04-02 04:08:03.719 [info] > git for-each-ref --sort -committerdate --format %(refname) %(objectname) %(*objectname) [2ms]
2025-04-02 04:08:03.749 [info] > git status -z -uall [47ms]
2025-04-02 04:08:08.763 [info] > git for-each-ref --format=%(refname)%00%(upstream:short)%00%(objectname)%00%(upstream:track)%00%(upstream:remotename)%00%(upstream:remoteref) refs/heads/master refs/remotes/master [2ms]
2025-04-02 04:08:08.785 [info] > git for-each-ref --sort -committerdate --format %(refname) %(objectname) %(*objectname) [2ms]
2025-04-02 04:08:08.816 [info] > git status -z -uall [44ms]
2025-04-02 04:08:13.832 [info] > git for-each-ref --format=%(refname)%00%(upstream:short)%00%(objectname)%00%(upstream:track)%00%(upstream:remotename)%00%(upstream:remoteref) refs/heads/master refs/remotes/master [3ms]
2025-04-02 04:08:13.854 [info] > git for-each-ref --sort -committerdate --format %(refname) %(objectname) %(*objectname) [1ms]
2025-04-02 04:08:13.886 [info] > git status -z -uall [46ms]
2025-04-02 04:08:18.901 [info] > git for-each-ref --format=%(refname)%00%(upstream:short)%00%(objectname)%00%(upstream:track)%00%(upstream:remotename)%00%(upstream:remoteref) refs/heads/master refs/remotes/master [2ms]
2025-04-02 04:08:18.924 [info] > git for-each-ref --sort -committerdate --format %(refname) %(objectname) %(*objectname) [2ms]
2025-04-02 04:08:18.954 [info] > git status -z -uall [45ms]
2025-04-02 04:08:23.969 [info] > git for-each-ref --format=%(refname)%00%(upstream:short)%00%(objectname)%00%(upstream:track)%00%(upstream:remotename)%00%(upstream:remoteref) refs/heads/master refs/remotes/master [2ms]
2025-04-02 04:08:23.992 [info] > git for-each-ref --sort -committerdate --format %(refname) %(objectname) %(*objectname) [2ms]
2025-04-02 04:08:24.022 [info] > git status -z -uall [44ms]
2025-04-02 04:08:29.038 [info] > git for-each-ref --format=%(refname)%00%(upstream:short)%00%(objectname)%00%(upstream:track)%00%(upstream:remotename)%00%(upstream:remoteref) refs/heads/master refs/remotes/master [2ms]
2025-04-02 04:08:29.058 [info] > git for-each-ref --sort -committerdate --format %(refname) %(objectname) %(*objectname) [1ms]
2025-04-02 04:08:29.091 [info] > git status -z -uall [45ms]
2025-04-02 04:08:34.108 [info] > git for-each-ref --format=%(refname)%00%(upstream:short)%00%(objectname)%00%(upstream:track)%00%(upstream:remotename)%00%(upstream:remoteref) refs/heads/master refs/remotes/master [3ms]
2025-04-02 04:08:34.134 [info] > git for-each-ref --sort -committerdate --format %(refname) %(objectname) %(*objectname) [3ms]
2025-04-02 04:08:34.164 [info] > git status -z -uall [47ms]
2025-04-02 04:08:39.179 [info] > git for-each-ref --format=%(refname)%00%(upstream:short)%00%(objectname)%00%(upstream:track)%00%(upstream:remotename)%00%(upstream:remoteref) refs/heads/master refs/remotes/master [2ms]
2025-04-02 04:08:39.203 [info] > git for-each-ref --sort -committerdate --format %(refname) %(objectname) %(*objectname) [3ms]
2025-04-02 04:08:39.237 [info] > git status -z -uall [48ms]
2025-04-02 04:08:45.589 [info] > git for-each-ref --format=%(refname)%00%(upstream:short)%00%(objectname)%00%(upstream:track)%00%(upstream:remotename)%00%(upstream:remoteref) refs/heads/master refs/remotes/master [3ms]
2025-04-02 04:08:45.613 [info] > git for-each-ref --sort -committerdate --format %(refname) %(objectname) %(*objectname) [2ms]
2025-04-02 04:08:45.642 [info] > git status -z -uall [44ms]
2025-04-02 04:08:50.657 [info] > git for-each-ref --format=%(refname)%00%(upstream:short)%00%(objectname)%00%(upstream:track)%00%(upstream:remotename)%00%(upstream:remoteref) refs/heads/master refs/remotes/master [2ms]
2025-04-02 04:08:50.681 [info] > git for-each-ref --sort -committerdate --format %(refname) %(objectname) %(*objectname) [2ms]
2025-04-02 04:08:50.710 [info] > git status -z -uall [44ms]
2025-04-02 04:08:55.724 [info] > git for-each-ref --format=%(refname)%00%(upstream:short)%00%(objectname)%00%(upstream:track)%00%(upstream:remotename)%00%(upstream:remoteref) refs/heads/master refs/remotes/master [2ms]
2025-04-02 04:08:55.747 [info] > git for-each-ref --sort -committerdate --format %(refname) %(objectname) %(*objectname) [3ms]
2025-04-02 04:08:55.779 [info] > git status -z -uall [45ms]
2025-04-02 04:09:00.793 [info] > git for-each-ref --format=%(refname)%00%(upstream:short)%00%(objectname)%00%(upstream:track)%00%(upstream:remotename)%00%(upstream:remoteref) refs/heads/master refs/remotes/master [3ms]
2025-04-02 04:09:00.814 [info] > git for-each-ref --sort -committerdate --format %(refname) %(objectname) %(*objectname) [2ms]
2025-04-02 04:09:00.846 [info] > git status -z -uall [45ms]
2025-04-02 04:09:05.862 [info] > git for-each-ref --format=%(refname)%00%(upstream:short)%00%(objectname)%00%(upstream:track)%00%(upstream:remotename)%00%(upstream:remoteref) refs/heads/master refs/remotes/master [3ms]
2025-04-02 04:09:05.884 [info] > git for-each-ref --sort -committerdate --format %(refname) %(objectname) %(*objectname) [2ms]
2025-04-02 04:09:05.915 [info] > git status -z -uall [45ms]
2025-04-02 04:09:10.930 [info] > git for-each-ref --format=%(refname)%00%(upstream:short)%00%(objectname)%00%(upstream:track)%00%(upstream:remotename)%00%(upstream:remoteref) refs/heads/master refs/remotes/master [2ms]
2025-04-02 04:09:10.954 [info] > git for-each-ref --sort -committerdate --format %(refname) %(objectname) %(*objectname) [2ms]
2025-04-02 04:09:10.986 [info] > git status -z -uall [46ms]
2025-04-02 04:09:16.001 [info] > git for-each-ref --format=%(refname)%00%(upstream:short)%00%(objectname)%00%(upstream:track)%00%(upstream:remotename)%00%(upstream:remoteref) refs/heads/master refs/remotes/master [2ms]
2025-04-02 04:09:16.024 [info] > git for-each-ref --sort -committerdate --format %(refname) %(objectname) %(*objectname) [2ms]
2025-04-02 04:09:16.055 [info] > git status -z -uall [45ms]
2025-04-02 04:09:21.069 [info] > git for-each-ref --format=%(refname)%00%(upstream:short)%00%(objectname)%00%(upstream:track)%00%(upstream:remotename)%00%(upstream:remoteref) refs/heads/master refs/remotes/master [2ms]
2025-04-02 04:09:21.093 [info] > git for-each-ref --sort -committerdate --format %(refname) %(objectname) %(*objectname) [3ms]
2025-04-02 04:09:21.130 [info] > git status -z -uall [52ms]
2025-04-02 04:09:26.147 [info] > git for-each-ref --format=%(refname)%00%(upstream:short)%00%(objectname)%00%(upstream:track)%00%(upstream:remotename)%00%(upstream:remoteref) refs/heads/master refs/remotes/master [3ms]
2025-04-02 04:09:26.169 [info] > git for-each-ref --sort -committerdate --format %(refname) %(objectname) %(*objectname) [2ms]
2025-04-02 04:09:26.200 [info] > git status -z -uall [45ms]
2025-04-02 04:09:47.648 [info] > git for-each-ref --format=%(refname)%00%(upstream:short)%00%(objectname)%00%(upstream:track)%00%(upstream:remotename)%00%(upstream:remoteref) refs/heads/master refs/remotes/master [2ms]
2025-04-02 04:09:47.670 [info] > git for-each-ref --sort -committerdate --format %(refname) %(objectname) %(*objectname) [2ms]
2025-04-02 04:09:47.700 [info] > git status -z -uall [44ms]
2025-04-02 04:09:52.716 [info] > git for-each-ref --format=%(refname)%00%(upstream:short)%00%(objectname)%00%(upstream:track)%00%(upstream:remotename)%00%(upstream:remoteref) refs/heads/master refs/remotes/master [2ms]
2025-04-02 04:09:52.742 [info] > git for-each-ref --sort -committerdate --format %(refname) %(objectname) %(*objectname) [1ms]
2025-04-02 04:09:52.775 [info] > git status -z -uall [50ms]
2025-04-02 04:09:57.791 [info] > git for-each-ref --format=%(refname)%00%(upstream:short)%00%(objectname)%00%(upstream:track)%00%(upstream:remotename)%00%(upstream:remoteref) refs/heads/master refs/remotes/master [2ms]
2025-04-02 04:09:57.812 [info] > git for-each-ref --sort -committerdate --format %(refname) %(objectname) %(*objectname) [2ms]
2025-04-02 04:09:57.845 [info] > git status -z -uall [46ms]
2025-04-02 04:10:02.861 [info] > git for-each-ref --format=%(refname)%00%(upstream:short)%00%(objectname)%00%(upstream:track)%00%(upstream:remotename)%00%(upstream:remoteref) refs/heads/master refs/remotes/master [2ms]
2025-04-02 04:10:02.885 [info] > git for-each-ref --sort -committerdate --format %(refname) %(objectname) %(*objectname) [2ms]
2025-04-02 04:10:02.916 [info] > git status -z -uall [46ms]
2025-04-02 04:10:30.838 [info] > git for-each-ref --format=%(refname)%00%(upstream:short)%00%(objectname)%00%(upstream:track)%00%(upstream:remotename)%00%(upstream:remoteref) refs/heads/master refs/remotes/master [3ms]
2025-04-02 04:10:30.862 [info] > git for-each-ref --sort -committerdate --format %(refname) %(objectname) %(*objectname) [2ms]
2025-04-02 04:10:30.891 [info] > git status -z -uall [44ms]
2025-04-02 04:23:49.981 [info] > git for-each-ref --format=%(refname)%00%(upstream:short)%00%(objectname)%00%(upstream:track)%00%(upstream:remotename)%00%(upstream:remoteref) refs/heads/master refs/remotes/master [2ms]
2025-04-02 04:23:50.005 [info] > git for-each-ref --sort -committerdate --format %(refname) %(objectname) %(*objectname) [2ms]
2025-04-02 04:23:50.037 [info] > git status -z -uall [47ms]
