2025-04-01 15:31:22.085 [info] WARNING:pygls.protocol.json_rpc:Cancel notification for unknown message id "10"

2025-04-01 15:31:26.875 [info] WARNING:pygls.protocol.json_rpc:Cancel notification for unknown message id "13"

2025-04-01 15:34:53.352 [info] WARNING:pygls.protocol.json_rpc:Cancel notification for unknown message id "55"

2025-04-01 15:44:09.090 [info] WARNING:pygls.protocol.json_rpc:Cancel notification for unknown message id "73"

2025-04-01 15:44:09.130 [info] WARNING:pygls.protocol.json_rpc:Cancel notification for unknown message id "74"

2025-04-01 15:44:09.138 [info] WARNING:pygls.protocol.json_rpc:Cancel notification for unknown message id "75"

2025-04-01 15:44:09.176 [info] WARNING:pygls.protocol.json_rpc:Cancel notification for unknown message id "76"

2025-04-01 15:44:09.908 [info] WARNING:pygls.protocol.json_rpc:Cancel notification for unknown message id "79"

2025-04-01 15:44:27.819 [info] WARNING:pygls.protocol.json_rpc:Cancel notification for unknown message id "118"

2025-04-01 15:44:27.821 [info] WARNING:pygls.protocol.json_rpc:Cancel notification for unknown message id "119"

2025-04-01 15:44:43.399 [info] WARNING:pygls.protocol.json_rpc:Cancel notification for unknown message id "134"

2025-04-01 15:44:43.401 [info] WARNING:pygls.protocol.json_rpc:Cancel notification for unknown message id "135"

2025-04-01 15:44:43.773 [info] ERROR:pygls.protocol.json_rpc:Failed to handle request 139 textDocument/signatureHelp SignatureHelpParams(text_document=TextDocumentIdentifier(uri='file:///home/apoorvtripathi537/main.py'), position=14:14, context=SignatureHelpContext(trigger_kind=<SignatureHelpTriggerKind.TriggerCharacter: 2>, is_retrigger=False, trigger_character=',', active_signature_help=None), work_done_token=None)
Traceback (most recent call last):
  File "/google/devshell/editor/code-oss-for-cloud-shell/extensions/ms-python.python/python_files/lib/jedilsp/pygls/protocol/json_rpc.py", line 266, in _handle_request
    self._execute_request(msg_id, handler, params)
  File "/google/devshell/editor/code-oss-for-cloud-shell/extensions/ms-python.python/python_files/lib/jedilsp/pygls/protocol/json_rpc.py", line 188, in _execute_request
    self._send_response(msg_id, handler(params))
                                ^^^^^^^^^^^^^^^
  File "/google/devshell/editor/code-oss-for-cloud-shell/extensions/ms-python.python/python_files/lib/jedilsp/jedi_language_server/server.py", line 278, in signature_help
    signatures_jedi = jedi_script.get_signatures(*jedi_lines)
                      ^^^^^^^^^^^^^^^^^^^^^^^^^^^^^^^^^^^^^^^
  File "/google/devshell/editor/code-oss-for-cloud-shell/extensions/ms-python.python/python_files/lib/jedilsp/jedi/api/helpers.py", line 484, in wrapper
    raise ValueError('`column` parameter (%d) is not in a valid range '
ValueError: `column` parameter (14) is not in a valid range (0-13) for line 15 ('from vertexai\r\n').

2025-04-01 15:44:43.775 [info] [Error - 3:44:43 PM] Request textDocument/signatureHelp failed.
2025-04-01 15:44:43.775 [info]   Message: ValueError: `column` parameter (14) is not in a valid range (0-13) for line 15 ('from vertexai\r\n').
  Code: -32603 
[object Object]
2025-04-01 15:44:44.964 [info] WARNING:pygls.protocol.json_rpc:Cancel notification for unknown message id "140"
WARNING:pygls.protocol.json_rpc:Cancel notification for unknown message id "141"
WARNING:pygls.protocol.json_rpc:Cancel notification for unknown message id "142"

2025-04-01 15:44:45.007 [info] WARNING:pygls.protocol.json_rpc:Cancel notification for unknown message id "143"

2025-04-01 15:44:48.796 [info] WARNING:pygls.protocol.json_rpc:Cancel notification for unknown message id "155"

2025-04-01 15:44:49.410 [info] WARNING:pygls.protocol.json_rpc:Cancel notification for unknown message id "156"

2025-04-01 15:44:49.993 [info] WARNING:pygls.protocol.json_rpc:Cancel notification for unknown message id "159"

2025-04-01 15:44:49.995 [info] WARNING:pygls.protocol.json_rpc:Cancel notification for unknown message id "157"

2025-04-01 15:44:50.573 [info] WARNING:pygls.protocol.json_rpc:Cancel notification for unknown message id "161"

2025-04-01 15:44:50.575 [info] WARNING:pygls.protocol.json_rpc:Cancel notification for unknown message id "162"

2025-04-01 15:44:51.144 [info] WARNING:pygls.protocol.json_rpc:Cancel notification for unknown message id "163"

2025-04-01 15:44:51.152 [info] WARNING:pygls.protocol.json_rpc:Cancel notification for unknown message id "164"

2025-04-01 15:44:59.122 [info] WARNING:pygls.protocol.json_rpc:Cancel notification for unknown message id "173"

2025-04-01 15:44:59.128 [info] WARNING:pygls.protocol.json_rpc:Cancel notification for unknown message id "174"

2025-04-01 15:45:01.792 [info] WARNING:pygls.protocol.json_rpc:Cancel notification for unknown message id "180"

2025-04-01 15:45:01.833 [info] WARNING:pygls.protocol.json_rpc:Cancel notification for unknown message id "181"

2025-04-01 15:45:03.887 [info] WARNING:pygls.protocol.json_rpc:Cancel notification for unknown message id "188"

2025-04-01 15:45:03.895 [info] WARNING:pygls.protocol.json_rpc:Cancel notification for unknown message id "189"

2025-04-01 15:45:08.971 [info] WARNING:pygls.protocol.json_rpc:Cancel notification for unknown message id "196"

2025-04-01 15:45:12.256 [info] WARNING:pygls.protocol.json_rpc:Cancel notification for unknown message id "203"

2025-04-01 15:45:14.223 [info] WARNING:pygls.protocol.json_rpc:Cancel notification for unknown message id "208"

2025-04-01 15:45:14.864 [info] WARNING:pygls.protocol.json_rpc:Cancel notification for unknown message id "209"

2025-04-01 15:45:14.872 [info] WARNING:pygls.protocol.json_rpc:Cancel notification for unknown message id "210"

2025-04-01 15:45:39.447 [info] WARNING:pygls.protocol.json_rpc:Cancel notification for unknown message id "223"

2025-04-01 15:45:41.493 [info] WARNING:pygls.protocol.json_rpc:Cancel notification for unknown message id "228"

2025-04-01 15:45:42.101 [info] WARNING:pygls.protocol.json_rpc:Cancel notification for unknown message id "229"

2025-04-01 15:45:42.102 [info] WARNING:pygls.protocol.json_rpc:Cancel notification for unknown message id "230"

2025-04-01 15:45:42.637 [info] WARNING:pygls.protocol.json_rpc:Cancel notification for unknown message id "232"

2025-04-01 15:45:43.252 [info] WARNING:pygls.protocol.json_rpc:Cancel notification for unknown message id "233"

2025-04-01 15:45:43.254 [info] WARNING:pygls.protocol.json_rpc:Cancel notification for unknown message id "234"

2025-04-01 15:45:44.138 [info] WARNING:pygls.protocol.json_rpc:Cancel notification for unknown message id "237"

2025-04-01 15:45:44.145 [info] WARNING:pygls.protocol.json_rpc:Cancel notification for unknown message id "238"

2025-04-01 15:45:44.758 [info] WARNING:pygls.protocol.json_rpc:Cancel notification for unknown message id "240"

2025-04-01 15:45:44.759 [info] WARNING:pygls.protocol.json_rpc:Cancel notification for unknown message id "241"

2025-04-01 15:45:57.033 [info] WARNING:pygls.protocol.json_rpc:Cancel notification for unknown message id "252"

2025-04-01 15:45:58.067 [info] WARNING:pygls.protocol.json_rpc:Cancel notification for unknown message id "253"

2025-04-01 15:45:58.109 [info] WARNING:pygls.protocol.json_rpc:Cancel notification for unknown message id "254"

2025-04-01 15:45:58.648 [info] WARNING:pygls.protocol.json_rpc:Cancel notification for unknown message id "255"

2025-04-01 15:45:58.696 [info] WARNING:pygls.protocol.json_rpc:Cancel notification for unknown message id "257"

2025-04-01 15:45:59.267 [info] WARNING:pygls.protocol.json_rpc:Cancel notification for unknown message id "258"

2025-04-01 15:45:59.269 [info] WARNING:pygls.protocol.json_rpc:Cancel notification for unknown message id "259"

2025-04-01 15:46:00.169 [info] WARNING:pygls.protocol.json_rpc:Cancel notification for unknown message id "260"

2025-04-01 15:46:00.171 [info] WARNING:pygls.protocol.json_rpc:Cancel notification for unknown message id "261"

2025-04-01 15:46:02.175 [info] WARNING:pygls.protocol.json_rpc:Cancel notification for unknown message id "266"

2025-04-01 15:46:02.223 [info] WARNING:pygls.protocol.json_rpc:Cancel notification for unknown message id "267"

2025-04-01 15:46:03.009 [info] WARNING:pygls.protocol.json_rpc:Cancel notification for unknown message id "268"

2025-04-01 15:46:03.017 [info] WARNING:pygls.protocol.json_rpc:Cancel notification for unknown message id "269"

2025-04-01 15:46:15.181 [info] WARNING:pygls.protocol.json_rpc:Cancel notification for unknown message id "277"

2025-04-01 15:46:15.183 [info] WARNING:pygls.protocol.json_rpc:Cancel notification for unknown message id "278"

2025-04-01 15:46:17.266 [info] WARNING:pygls.protocol.json_rpc:Cancel notification for unknown message id "285"

2025-04-01 15:46:18.410 [info] WARNING:pygls.protocol.json_rpc:Cancel notification for unknown message id "287"

2025-04-01 15:46:18.411 [info] WARNING:pygls.protocol.json_rpc:Cancel notification for unknown message id "288"

2025-04-01 15:46:18.452 [info] WARNING:pygls.protocol.json_rpc:Cancel notification for unknown message id "289"

2025-04-01 15:47:46.609 [info] WARNING:pygls.protocol.json_rpc:Cancel notification for unknown message id "304"

2025-04-01 15:47:46.613 [info] WARNING:pygls.protocol.json_rpc:Cancel notification for unknown message id "305"

2025-04-01 15:47:50.739 [info] WARNING:pygls.protocol.json_rpc:Cancel notification for unknown message id "307"

2025-04-01 15:48:11.267 [info] WARNING:pygls.protocol.json_rpc:Cancel notification for unknown message id "317"

2025-04-01 15:50:21.869 [info] WARNING:pygls.protocol.json_rpc:Cancel notification for unknown message id "325"

2025-04-01 15:50:21.871 [info] WARNING:pygls.protocol.json_rpc:Cancel notification for unknown message id "326"

2025-04-01 15:50:25.508 [info] WARNING:pygls.protocol.json_rpc:Cancel notification for unknown message id "327"

2025-04-01 15:50:25.551 [info] WARNING:pygls.protocol.json_rpc:Cancel notification for unknown message id "328"

2025-04-01 15:50:25.595 [info] WARNING:pygls.protocol.json_rpc:Cancel notification for unknown message id "329"

2025-04-01 15:50:25.647 [info] WARNING:pygls.protocol.json_rpc:Cancel notification for unknown message id "332"

2025-04-01 15:50:25.648 [info] WARNING:pygls.protocol.json_rpc:Cancel notification for unknown message id "333"

2025-04-01 15:50:27.642 [info] WARNING:pygls.protocol.json_rpc:Cancel notification for unknown message id "330"

2025-04-01 15:50:27.685 [info] WARNING:pygls.protocol.json_rpc:Cancel notification for unknown message id "334"

2025-04-01 15:50:27.687 [info] WARNING:pygls.protocol.json_rpc:Cancel notification for unknown message id "335"

2025-04-01 15:50:27.746 [info] WARNING:pygls.protocol.json_rpc:Cancel notification for unknown message id "337"

2025-04-01 15:50:27.747 [info] WARNING:pygls.protocol.json_rpc:Cancel notification for unknown message id "338"

2025-04-01 15:50:31.898 [info] WARNING:pygls.protocol.json_rpc:Cancel notification for unknown message id "336"

2025-04-01 15:50:31.942 [info] WARNING:pygls.protocol.json_rpc:Cancel notification for unknown message id "341"

2025-04-01 15:50:31.943 [info] WARNING:pygls.protocol.json_rpc:Cancel notification for unknown message id "339"

2025-04-01 15:50:31.945 [info] WARNING:pygls.protocol.json_rpc:Cancel notification for unknown message id "340"

2025-04-01 15:50:31.993 [info] WARNING:pygls.protocol.json_rpc:Cancel notification for unknown message id "343"

2025-04-01 15:50:32.063 [info] WARNING:pygls.protocol.json_rpc:Cancel notification for unknown message id "346"

2025-04-01 15:50:32.064 [info] WARNING:pygls.protocol.json_rpc:Cancel notification for unknown message id "342"

2025-04-01 15:50:38.492 [info] WARNING:pygls.protocol.json_rpc:Cancel notification for unknown message id "350"

2025-04-01 15:50:38.493 [info] WARNING:pygls.protocol.json_rpc:Cancel notification for unknown message id "351"

2025-04-01 15:50:38.550 [info] WARNING:pygls.protocol.json_rpc:Cancel notification for unknown message id "352"

2025-04-01 15:50:38.573 [info] WARNING:pygls.protocol.json_rpc:Cancel notification for unknown message id "353"

2025-04-01 15:50:40.513 [info] WARNING:pygls.protocol.json_rpc:Cancel notification for unknown message id "355"

2025-04-01 15:50:42.632 [info] WARNING:pygls.protocol.json_rpc:Cancel notification for unknown message id "356"

2025-04-01 15:50:42.651 [info] WARNING:pygls.protocol.json_rpc:Cancel notification for unknown message id "357"

2025-04-01 15:50:44.598 [info] WARNING:pygls.protocol.json_rpc:Cancel notification for unknown message id "359"

2025-04-01 15:50:46.459 [info] WARNING:pygls.protocol.json_rpc:Cancel notification for unknown message id "360"

2025-04-01 15:50:46.460 [info] WARNING:pygls.protocol.json_rpc:Cancel notification for unknown message id "361"

2025-04-01 15:50:48.409 [info] WARNING:pygls.protocol.json_rpc:Cancel notification for unknown message id "362"

2025-04-01 15:50:48.410 [info] WARNING:pygls.protocol.json_rpc:Cancel notification for unknown message id "363"

2025-04-01 15:50:52.526 [info] WARNING:pygls.protocol.json_rpc:Cancel notification for unknown message id "364"

2025-04-01 15:50:52.528 [info] WARNING:pygls.protocol.json_rpc:Cancel notification for unknown message id "365"

2025-04-01 15:50:54.068 [info] WARNING:pygls.protocol.json_rpc:Cancel notification for unknown message id "368"

2025-04-01 15:50:54.079 [info] WARNING:pygls.protocol.json_rpc:Cancel notification for unknown message id "369"

2025-04-01 15:50:54.094 [info] WARNING:pygls.protocol.json_rpc:Cancel notification for unknown message id "366"

2025-04-01 15:50:54.766 [info] WARNING:pygls.protocol.json_rpc:Cancel notification for unknown message id "371"

2025-04-01 15:50:54.766 [info] WARNING:pygls.protocol.json_rpc:Cancel notification for unknown message id "370"

2025-04-01 15:50:54.768 [info] WARNING:pygls.protocol.json_rpc:Cancel notification for unknown message id "367"

2025-04-01 15:50:54.820 [info] WARNING:pygls.protocol.json_rpc:Cancel notification for unknown message id "373"

2025-04-01 15:50:54.837 [info] WARNING:pygls.protocol.json_rpc:Cancel notification for unknown message id "374"

2025-04-01 15:50:54.910 [info] WARNING:pygls.protocol.json_rpc:Cancel notification for unknown message id "375"

2025-04-01 15:50:54.911 [info] WARNING:pygls.protocol.json_rpc:Cancel notification for unknown message id "372"

2025-04-01 15:50:54.959 [info] WARNING:pygls.protocol.json_rpc:Cancel notification for unknown message id "376"

2025-04-01 15:50:54.961 [info] WARNING:pygls.protocol.json_rpc:Cancel notification for unknown message id "377"

2025-04-01 15:50:55.014 [info] WARNING:pygls.protocol.json_rpc:Cancel notification for unknown message id "379"

2025-04-01 15:50:55.029 [info] WARNING:pygls.protocol.json_rpc:Cancel notification for unknown message id "380"

2025-04-01 15:51:17.481 [info] WARNING:pygls.protocol.json_rpc:Cancel notification for unknown message id "406"

2025-04-01 15:51:17.483 [info] WARNING:pygls.protocol.json_rpc:Cancel notification for unknown message id "407"

2025-04-01 15:51:18.579 [info] WARNING:pygls.protocol.json_rpc:Cancel notification for unknown message id "408"

2025-04-01 15:51:18.580 [info] WARNING:pygls.protocol.json_rpc:Cancel notification for unknown message id "409"

2025-04-01 15:51:23.664 [info] WARNING:pygls.protocol.json_rpc:Cancel notification for unknown message id "415"

2025-04-01 15:51:23.666 [info] WARNING:pygls.protocol.json_rpc:Cancel notification for unknown message id "416"

2025-04-01 15:51:25.676 [info] WARNING:pygls.protocol.json_rpc:Cancel notification for unknown message id "417"

2025-04-01 15:51:25.677 [info] WARNING:pygls.protocol.json_rpc:Cancel notification for unknown message id "418"

2025-04-01 15:51:27.642 [info] WARNING:pygls.protocol.json_rpc:Cancel notification for unknown message id "419"

2025-04-01 15:51:27.643 [info] WARNING:pygls.protocol.json_rpc:Cancel notification for unknown message id "420"

2025-04-01 15:51:56.672 [info] WARNING:pygls.protocol.json_rpc:Cancel notification for unknown message id "454"

2025-04-01 15:52:26.204 [info] WARNING:pygls.protocol.json_rpc:Cancel notification for unknown message id "478"

2025-04-01 15:52:26.251 [info] WARNING:pygls.protocol.json_rpc:Cancel notification for unknown message id "479"

2025-04-01 15:52:28.689 [info] WARNING:pygls.protocol.json_rpc:Cancel notification for unknown message id "480"

2025-04-01 15:52:28.691 [info] WARNING:pygls.protocol.json_rpc:Cancel notification for unknown message id "481"

2025-04-01 15:52:28.740 [info] WARNING:pygls.protocol.json_rpc:Cancel notification for unknown message id "482"

2025-04-01 15:52:28.790 [info] WARNING:pygls.protocol.json_rpc:Cancel notification for unknown message id "483"

2025-04-01 15:52:28.790 [info] WARNING:pygls.protocol.json_rpc:Cancel notification for unknown message id "485"

2025-04-01 15:52:28.795 [info] WARNING:pygls.protocol.json_rpc:Cancel notification for unknown message id "486"

2025-04-01 15:52:28.840 [info] WARNING:pygls.protocol.json_rpc:Cancel notification for unknown message id "488"

2025-04-01 15:52:28.840 [info] WARNING:pygls.protocol.json_rpc:Cancel notification for unknown message id "487"

2025-04-01 15:52:28.846 [info] WARNING:pygls.protocol.json_rpc:Cancel notification for unknown message id "489"

2025-04-01 15:52:28.847 [info] WARNING:pygls.protocol.json_rpc:Cancel notification for unknown message id "490"

2025-04-01 15:53:02.634 [info] WARNING:pygls.protocol.json_rpc:Cancel notification for unknown message id "536"

2025-04-01 15:53:06.303 [info] WARNING:pygls.protocol.json_rpc:Cancel notification for unknown message id "541"

2025-04-01 15:53:08.970 [info] WARNING:pygls.protocol.json_rpc:Cancel notification for unknown message id "545"

2025-04-01 15:53:12.640 [info] WARNING:pygls.protocol.json_rpc:Cancel notification for unknown message id "551"

2025-04-01 15:53:13.032 [info] WARNING:pygls.protocol.json_rpc:Cancel notification for unknown message id "552"

2025-04-01 15:53:42.352 [info] WARNING:pygls.protocol.json_rpc:Cancel notification for unknown message id "583"

2025-04-01 15:53:53.909 [info] WARNING:pygls.protocol.json_rpc:Cancel notification for unknown message id "589"

2025-04-01 15:54:08.406 [info] WARNING:pygls.protocol.json_rpc:Cancel notification for unknown message id "620"

2025-04-01 15:54:11.282 [info] WARNING:pygls.protocol.json_rpc:Cancel notification for unknown message id "627"

2025-04-01 15:54:16.570 [info] WARNING:pygls.protocol.json_rpc:Cancel notification for unknown message id "642"

2025-04-01 15:54:17.017 [info] WARNING:pygls.protocol.json_rpc:Cancel notification for unknown message id "644"

2025-04-01 15:58:21.629 [info] WARNING:pygls.protocol.json_rpc:Cancel notification for unknown message id "674"

2025-04-01 15:58:23.550 [info] WARNING:pygls.protocol.json_rpc:Cancel notification for unknown message id "678"

2025-04-01 15:58:23.551 [info] WARNING:pygls.protocol.json_rpc:Cancel notification for unknown message id "677"

2025-04-01 15:58:38.133 [info] WARNING:pygls.protocol.json_rpc:Cancel notification for unknown message id "683"

2025-04-01 15:58:38.140 [info] WARNING:pygls.protocol.json_rpc:Cancel notification for unknown message id "686"

2025-04-01 15:58:41.536 [info] WARNING:pygls.protocol.json_rpc:Cancel notification for unknown message id "687"

2025-04-01 15:58:41.586 [info] WARNING:pygls.protocol.json_rpc:Cancel notification for unknown message id "688"

2025-04-01 15:59:20.736 [info] WARNING:pygls.protocol.json_rpc:Cancel notification for unknown message id "708"

2025-04-01 15:59:22.680 [info] WARNING:pygls.protocol.json_rpc:Cancel notification for unknown message id "709"

2025-04-01 15:59:22.681 [info] WARNING:pygls.protocol.json_rpc:Cancel notification for unknown message id "710"

2025-04-01 15:59:22.688 [info] WARNING:pygls.protocol.json_rpc:Cancel notification for unknown message id "711"

2025-04-01 15:59:22.691 [info] WARNING:pygls.protocol.json_rpc:Cancel notification for unknown message id "712"

2025-04-01 16:01:19.586 [info] WARNING:pygls.protocol.json_rpc:Cancel notification for unknown message id "741"

2025-04-01 16:08:47.843 [info] WARNING:pygls.protocol.json_rpc:Cancel notification for unknown message id "775"

2025-04-01 16:08:47.884 [info] WARNING:pygls.protocol.json_rpc:Cancel notification for unknown message id "776"

2025-04-01 16:08:49.981 [info] WARNING:pygls.protocol.json_rpc:Cancel notification for unknown message id "777"

2025-04-01 16:08:49.982 [info] WARNING:pygls.protocol.json_rpc:Cancel notification for unknown message id "778"

2025-04-01 16:08:51.909 [info] WARNING:pygls.protocol.json_rpc:Cancel notification for unknown message id "780"

2025-04-01 16:08:51.969 [info] WARNING:pygls.protocol.json_rpc:Cancel notification for unknown message id "782"

2025-04-01 16:08:53.942 [info] WARNING:pygls.protocol.json_rpc:Cancel notification for unknown message id "779"

2025-04-01 16:08:53.981 [info] WARNING:pygls.protocol.json_rpc:Cancel notification for unknown message id "783"

2025-04-01 16:08:53.982 [info] WARNING:pygls.protocol.json_rpc:Cancel notification for unknown message id "781"

2025-04-01 16:08:54.000 [info] WARNING:pygls.protocol.json_rpc:Cancel notification for unknown message id "784"

2025-04-01 16:08:55.936 [info] WARNING:pygls.protocol.json_rpc:Cancel notification for unknown message id "787"

2025-04-01 16:08:55.937 [info] WARNING:pygls.protocol.json_rpc:Cancel notification for unknown message id "786"

2025-04-01 16:08:55.993 [info] WARNING:pygls.protocol.json_rpc:Cancel notification for unknown message id "789"

2025-04-01 16:08:55.994 [info] WARNING:pygls.protocol.json_rpc:Cancel notification for unknown message id "788"

2025-04-01 16:08:56.013 [info] WARNING:pygls.protocol.json_rpc:Cancel notification for unknown message id "790"

2025-04-01 16:08:58.000 [info] WARNING:pygls.protocol.json_rpc:Cancel notification for unknown message id "792"

2025-04-01 16:08:58.001 [info] WARNING:pygls.protocol.json_rpc:Cancel notification for unknown message id "793"

2025-04-01 16:08:59.957 [info] WARNING:pygls.protocol.json_rpc:Cancel notification for unknown message id "794"

2025-04-01 16:08:59.959 [info] WARNING:pygls.protocol.json_rpc:Cancel notification for unknown message id "795"

2025-04-01 16:09:01.940 [info] WARNING:pygls.protocol.json_rpc:Cancel notification for unknown message id "796"

2025-04-01 16:09:01.942 [info] WARNING:pygls.protocol.json_rpc:Cancel notification for unknown message id "797"

2025-04-01 16:09:03.898 [info] WARNING:pygls.protocol.json_rpc:Cancel notification for unknown message id "798"

2025-04-01 16:09:03.900 [info] WARNING:pygls.protocol.json_rpc:Cancel notification for unknown message id "799"

2025-04-01 16:09:05.857 [info] WARNING:pygls.protocol.json_rpc:Cancel notification for unknown message id "800"

2025-04-01 16:09:05.859 [info] WARNING:pygls.protocol.json_rpc:Cancel notification for unknown message id "801"

2025-04-01 16:09:05.940 [info] WARNING:pygls.protocol.json_rpc:Cancel notification for unknown message id "791"

2025-04-01 16:09:05.943 [info] WARNING:pygls.protocol.json_rpc:Cancel notification for unknown message id "804"

2025-04-01 16:09:05.952 [info] WARNING:pygls.protocol.json_rpc:Cancel notification for unknown message id "802"

2025-04-01 16:09:06.024 [info] WARNING:pygls.protocol.json_rpc:Cancel notification for unknown message id "803"

2025-04-01 16:09:06.064 [info] WARNING:pygls.protocol.json_rpc:Cancel notification for unknown message id "805"

2025-04-01 16:18:03.609 [info] WARNING:pygls.protocol.json_rpc:Cancel notification for unknown message id "823"

2025-04-01 16:18:05.610 [info] WARNING:pygls.protocol.json_rpc:Cancel notification for unknown message id "824"

2025-04-01 16:18:05.629 [info] WARNING:pygls.protocol.json_rpc:Cancel notification for unknown message id "825"

2025-04-01 16:18:07.556 [info] WARNING:pygls.protocol.json_rpc:Cancel notification for unknown message id "826"

2025-04-01 16:18:07.557 [info] WARNING:pygls.protocol.json_rpc:Cancel notification for unknown message id "827"

2025-04-01 16:19:10.744 [info] WARNING:pygls.protocol.json_rpc:Cancel notification for unknown message id "839"

2025-04-01 16:20:11.689 [info] WARNING:pygls.protocol.json_rpc:Cancel notification for unknown message id "853"

2025-04-01 16:20:11.690 [info] WARNING:pygls.protocol.json_rpc:Cancel notification for unknown message id "854"

2025-04-01 16:20:17.452 [info] WARNING:pygls.protocol.json_rpc:Cancel notification for unknown message id "865"

2025-04-01 16:20:17.488 [info] WARNING:pygls.protocol.json_rpc:Cancel notification for unknown message id "866"

2025-04-01 16:20:17.488 [info] WARNING:pygls.protocol.json_rpc:Cancel notification for unknown message id "862"

2025-04-01 16:20:17.490 [info] WARNING:pygls.protocol.json_rpc:Cancel notification for unknown message id "863"

2025-04-01 16:20:17.491 [info] WARNING:pygls.protocol.json_rpc:Cancel notification for unknown message id "864"

2025-04-01 16:20:19.487 [info] WARNING:pygls.protocol.json_rpc:Cancel notification for unknown message id "869"

2025-04-01 16:20:19.488 [info] WARNING:pygls.protocol.json_rpc:Cancel notification for unknown message id "867"

2025-04-01 16:21:30.946 [info] WARNING:pygls.protocol.json_rpc:Cancel notification for unknown message id "900"

2025-04-01 16:21:30.957 [info] WARNING:pygls.protocol.json_rpc:Cancel notification for unknown message id "901"

2025-04-01 16:21:33.142 [info] WARNING:pygls.protocol.json_rpc:Cancel notification for unknown message id "902"

2025-04-01 16:21:47.516 [info] WARNING:pygls.protocol.json_rpc:Cancel notification for unknown message id "914"

2025-04-01 16:21:47.518 [info] WARNING:pygls.protocol.json_rpc:Cancel notification for unknown message id "915"

2025-04-01 16:21:47.564 [info] WARNING:pygls.protocol.json_rpc:Cancel notification for unknown message id "916"

2025-04-01 16:24:34.977 [info] WARNING:pygls.protocol.json_rpc:Cancel notification for unknown message id "944"

2025-04-01 16:27:38.956 [info] WARNING:pygls.protocol.json_rpc:Cancel notification for unknown message id "985"

2025-04-01 16:27:40.943 [info] WARNING:pygls.protocol.json_rpc:Cancel notification for unknown message id "986"

2025-04-01 16:27:40.945 [info] WARNING:pygls.protocol.json_rpc:Cancel notification for unknown message id "987"

2025-04-01 16:27:42.923 [info] WARNING:pygls.protocol.json_rpc:Cancel notification for unknown message id "988"

2025-04-01 16:27:42.925 [info] WARNING:pygls.protocol.json_rpc:Cancel notification for unknown message id "989"

2025-04-01 16:27:44.912 [info] WARNING:pygls.protocol.json_rpc:Cancel notification for unknown message id "990"

2025-04-01 16:27:46.882 [info] WARNING:pygls.protocol.json_rpc:Cancel notification for unknown message id "991"

2025-04-01 16:27:46.883 [info] WARNING:pygls.protocol.json_rpc:Cancel notification for unknown message id "992"

2025-04-01 16:27:46.963 [info] WARNING:pygls.protocol.json_rpc:Cancel notification for unknown message id "995"

2025-04-01 16:27:46.989 [info] WARNING:pygls.protocol.json_rpc:Cancel notification for unknown message id "993"

2025-04-01 16:27:47.015 [info] WARNING:pygls.protocol.json_rpc:Cancel notification for unknown message id "997"

2025-04-01 16:27:48.961 [info] WARNING:pygls.protocol.json_rpc:Cancel notification for unknown message id "998"

2025-04-01 16:27:48.961 [info] WARNING:pygls.protocol.json_rpc:Cancel notification for unknown message id "996"

2025-04-01 16:27:49.001 [info] WARNING:pygls.protocol.json_rpc:Cancel notification for unknown message id "999"

2025-04-01 16:27:49.072 [info] WARNING:pygls.protocol.json_rpc:Cancel notification for unknown message id "1000"

2025-04-01 16:28:03.406 [info] WARNING:pygls.protocol.json_rpc:Cancel notification for unknown message id "1017"

2025-04-01 16:28:25.677 [info] WARNING:pygls.protocol.json_rpc:Cancel notification for unknown message id "1044"

2025-04-01 16:28:25.679 [info] WARNING:pygls.protocol.json_rpc:Cancel notification for unknown message id "1045"

2025-04-01 16:28:34.205 [info] WARNING:pygls.protocol.json_rpc:Cancel notification for unknown message id "1064"

2025-04-01 16:28:41.186 [info] WARNING:pygls.protocol.json_rpc:Cancel notification for unknown message id "1074"

2025-04-01 16:28:41.188 [info] WARNING:pygls.protocol.json_rpc:Cancel notification for unknown message id "1075"

2025-04-01 16:28:43.198 [info] WARNING:pygls.protocol.json_rpc:Cancel notification for unknown message id "1076"

2025-04-01 16:28:43.203 [info] WARNING:pygls.protocol.json_rpc:Cancel notification for unknown message id "1077"

2025-04-01 16:28:43.204 [info] WARNING:pygls.protocol.json_rpc:Cancel notification for unknown message id "1079"

2025-04-01 16:28:44.952 [info] WARNING:pygls.protocol.json_rpc:Cancel notification for unknown message id "1078"

2025-04-01 16:28:44.987 [info] WARNING:pygls.protocol.json_rpc:Cancel notification for unknown message id "1081"

2025-04-01 16:28:44.989 [info] WARNING:pygls.protocol.json_rpc:Cancel notification for unknown message id "1082"

2025-04-01 16:28:58.652 [info] WARNING:pygls.protocol.json_rpc:Cancel notification for unknown message id "1100"

2025-04-01 16:28:58.654 [info] WARNING:pygls.protocol.json_rpc:Cancel notification for unknown message id "1101"

2025-04-01 16:29:00.640 [info] WARNING:pygls.protocol.json_rpc:Cancel notification for unknown message id "1102"

2025-04-01 16:29:00.642 [info] WARNING:pygls.protocol.json_rpc:Cancel notification for unknown message id "1103"

2025-04-01 16:29:00.714 [info] WARNING:pygls.protocol.json_rpc:Cancel notification for unknown message id "1104"

2025-04-01 16:29:00.740 [info] WARNING:pygls.protocol.json_rpc:Cancel notification for unknown message id "1105"

2025-04-01 16:29:00.741 [info] WARNING:pygls.protocol.json_rpc:Cancel notification for unknown message id "1106"

2025-04-01 16:29:02.705 [info] WARNING:pygls.protocol.json_rpc:Cancel notification for unknown message id "1108"

2025-04-01 16:29:04.763 [info] WARNING:pygls.protocol.json_rpc:Cancel notification for unknown message id "1113"

2025-04-01 16:29:04.764 [info] WARNING:pygls.protocol.json_rpc:Cancel notification for unknown message id "1109"

2025-04-01 16:29:04.766 [info] WARNING:pygls.protocol.json_rpc:Cancel notification for unknown message id "1110"

2025-04-01 16:29:04.766 [info] WARNING:pygls.protocol.json_rpc:Cancel notification for unknown message id "1111"

2025-04-01 16:29:06.780 [info] WARNING:pygls.protocol.json_rpc:Cancel notification for unknown message id "1112"

2025-04-01 16:29:06.815 [info] WARNING:pygls.protocol.json_rpc:Cancel notification for unknown message id "1116"

2025-04-01 16:29:06.816 [info] WARNING:pygls.protocol.json_rpc:Cancel notification for unknown message id "1114"

2025-04-01 16:29:15.659 [info] WARNING:pygls.protocol.json_rpc:Cancel notification for unknown message id "1125"

2025-04-01 16:29:15.661 [info] WARNING:pygls.protocol.json_rpc:Cancel notification for unknown message id "1126"

2025-04-01 16:29:15.982 [info] WARNING:pygls.protocol.json_rpc:Cancel notification for unknown message id "1127"

2025-04-01 16:29:15.984 [info] WARNING:pygls.protocol.json_rpc:Cancel notification for unknown message id "1128"

2025-04-01 16:29:16.047 [info] WARNING:pygls.protocol.json_rpc:Cancel notification for unknown message id "1129"

2025-04-01 16:29:17.155 [info] WARNING:pygls.protocol.json_rpc:Cancel notification for unknown message id "1134"

2025-04-01 16:29:22.369 [info] WARNING:pygls.protocol.json_rpc:Cancel notification for unknown message id "1144"

2025-04-01 16:29:22.371 [info] WARNING:pygls.protocol.json_rpc:Cancel notification for unknown message id "1145"

2025-04-01 16:29:28.205 [info] WARNING:pygls.protocol.json_rpc:Cancel notification for unknown message id "1146"

2025-04-01 16:29:28.206 [info] WARNING:pygls.protocol.json_rpc:Cancel notification for unknown message id "1149"

2025-04-01 16:29:28.208 [info] WARNING:pygls.protocol.json_rpc:Cancel notification for unknown message id "1147"

2025-04-01 16:29:28.271 [info] WARNING:pygls.protocol.json_rpc:Cancel notification for unknown message id "1150"

2025-04-01 16:29:28.307 [info] WARNING:pygls.protocol.json_rpc:Cancel notification for unknown message id "1151"

2025-04-01 16:29:28.310 [info] WARNING:pygls.protocol.json_rpc:Cancel notification for unknown message id "1152"

2025-04-01 16:29:30.479 [info] WARNING:pygls.protocol.json_rpc:Cancel notification for unknown message id "1154"

2025-04-01 16:29:30.480 [info] WARNING:pygls.protocol.json_rpc:Cancel notification for unknown message id "1157"

2025-04-01 16:29:30.494 [info] WARNING:pygls.protocol.json_rpc:Cancel notification for unknown message id "1155"

2025-04-01 16:29:30.495 [info] WARNING:pygls.protocol.json_rpc:Cancel notification for unknown message id "1156"

2025-04-01 16:29:30.496 [info] WARNING:pygls.protocol.json_rpc:Cancel notification for unknown message id "1158"

2025-04-01 16:29:30.511 [info] WARNING:pygls.protocol.json_rpc:Cancel notification for unknown message id "1159"

2025-04-01 16:29:32.509 [info] WARNING:pygls.protocol.json_rpc:Cancel notification for unknown message id "1160"

2025-04-01 16:29:32.551 [info] WARNING:pygls.protocol.json_rpc:Cancel notification for unknown message id "1164"

2025-04-01 16:29:32.552 [info] WARNING:pygls.protocol.json_rpc:Cancel notification for unknown message id "1161"

2025-04-01 16:29:32.554 [info] WARNING:pygls.protocol.json_rpc:Cancel notification for unknown message id "1162"

2025-04-01 16:29:32.555 [info] WARNING:pygls.protocol.json_rpc:Cancel notification for unknown message id "1163"

2025-04-01 16:29:33.554 [info] WARNING:pygls.protocol.json_rpc:Cancel notification for unknown message id "1168"

2025-04-01 16:29:33.589 [info] WARNING:pygls.protocol.json_rpc:Cancel notification for unknown message id "1167"

2025-04-01 16:29:49.547 [info] WARNING:pygls.protocol.json_rpc:Cancel notification for unknown message id "1182"

2025-04-01 16:29:49.548 [info] WARNING:pygls.protocol.json_rpc:Cancel notification for unknown message id "1181"

2025-04-01 16:29:51.497 [info] WARNING:pygls.protocol.json_rpc:Cancel notification for unknown message id "1184"

2025-04-01 16:29:51.498 [info] WARNING:pygls.protocol.json_rpc:Cancel notification for unknown message id "1183"

2025-04-01 16:30:02.490 [info] WARNING:pygls.protocol.json_rpc:Cancel notification for unknown message id "1186"

2025-04-01 16:30:02.492 [info] WARNING:pygls.protocol.json_rpc:Cancel notification for unknown message id "1187"

2025-04-01 16:30:02.566 [info] WARNING:pygls.protocol.json_rpc:Cancel notification for unknown message id "1189"

2025-04-01 16:30:02.567 [info] WARNING:pygls.protocol.json_rpc:Cancel notification for unknown message id "1188"

2025-04-01 16:30:02.641 [info] WARNING:pygls.protocol.json_rpc:Cancel notification for unknown message id "1190"

2025-04-01 16:30:05.377 [info] WARNING:pygls.protocol.json_rpc:Cancel notification for unknown message id "1191"

2025-04-01 16:30:05.378 [info] WARNING:pygls.protocol.json_rpc:Cancel notification for unknown message id "1192"

2025-04-01 16:30:05.380 [info] WARNING:pygls.protocol.json_rpc:Cancel notification for unknown message id "1193"

2025-04-01 16:30:05.622 [info] WARNING:pygls.protocol.json_rpc:Cancel notification for unknown message id "1194"

2025-04-01 16:30:05.797 [info] WARNING:pygls.protocol.json_rpc:Cancel notification for unknown message id "1195"
WARNING:pygls.protocol.json_rpc:Cancel notification for unknown message id "1197"
WARNING:pygls.protocol.json_rpc:Cancel notification for unknown message id "1198"

2025-04-01 16:30:05.852 [info] WARNING:pygls.protocol.json_rpc:Cancel notification for unknown message id "1199"

2025-04-01 16:30:05.855 [info] WARNING:pygls.protocol.json_rpc:Cancel notification for unknown message id "1200"

2025-04-01 16:30:07.793 [info] WARNING:pygls.protocol.json_rpc:Cancel notification for unknown message id "1201"

2025-04-01 16:30:08.092 [info] WARNING:pygls.protocol.json_rpc:Cancel notification for unknown message id "1196"

2025-04-01 16:30:08.094 [info] WARNING:pygls.protocol.json_rpc:Cancel notification for unknown message id "1202"

2025-04-01 16:31:23.040 [info] WARNING:pygls.protocol.json_rpc:Cancel notification for unknown message id "1219"

2025-04-01 16:31:23.041 [info] WARNING:pygls.protocol.json_rpc:Cancel notification for unknown message id "1217"

2025-04-01 16:33:59.480 [info] WARNING:pygls.protocol.json_rpc:Cancel notification for unknown message id "1301"

2025-04-01 16:33:59.519 [info] WARNING:pygls.protocol.json_rpc:Cancel notification for unknown message id "1302"

