2025-02-24 02:18:45.419 [info] Extension host with pid 5974 started
2025-02-24 02:18:45.419 [error] Error: EEXIST: file already exists, open '/home/apoorvtripathi537/.codeoss/data/User/workspaceStorage/11d61ec4/vscode.lock'
2025-02-24 02:18:45.428 [info] Lock '/home/apoorvtripathi537/.codeoss/data/User/workspaceStorage/11d61ec4/vscode.lock': Could not acquire lock, checking if the file is stale.
2025-02-24 02:18:45.440 [info] Lock '/home/apoorvtripathi537/.codeoss/data/User/workspaceStorage/11d61ec4/vscode.lock': The lock does not look stale, elapsed: 715 ms, giving up.
2025-02-24 02:18:45.451 [error] Error: EEXIST: file already exists, open '/home/apoorvtripathi537/.codeoss/data/User/workspaceStorage/11d61ec4-1/vscode.lock'
2025-02-24 02:18:45.452 [info] Lock '/home/apoorvtripathi537/.codeoss/data/User/workspaceStorage/11d61ec4-1/vscode.lock': Could not acquire lock, checking if the file is stale.
2025-02-24 02:18:45.453 [info] Lock '/home/apoorvtripathi537/.codeoss/data/User/workspaceStorage/11d61ec4-1/vscode.lock': The lock does not look stale, elapsed: 153 ms, giving up.
2025-02-24 02:18:45.453 [error] Error: EEXIST: file already exists, open '/home/apoorvtripathi537/.codeoss/data/User/workspaceStorage/11d61ec4-2/vscode.lock'
2025-02-24 02:18:45.454 [info] Lock '/home/apoorvtripathi537/.codeoss/data/User/workspaceStorage/11d61ec4-2/vscode.lock': Could not acquire lock, checking if the file is stale.
2025-02-24 02:18:45.454 [info] Lock '/home/apoorvtripathi537/.codeoss/data/User/workspaceStorage/11d61ec4-2/vscode.lock': The pid 3450 appears to be gone.
2025-02-24 02:18:45.454 [info] Lock '/home/apoorvtripathi537/.codeoss/data/User/workspaceStorage/11d61ec4-2/vscode.lock': Deleting a stale lock.
2025-02-24 02:18:45.463 [info] Lock '/home/apoorvtripathi537/.codeoss/data/User/workspaceStorage/11d61ec4-2/vscode.lock': Lock acquired.
2025-02-24 02:18:45.564 [info] ExtensionService#_doActivateExtension vscode.emmet, startup: false, activationEvent: 'onLanguage'
2025-02-24 02:18:45.566 [info] ExtensionService#_doActivateExtension ms-python.python, startup: false, activationEvent: 'onLanguage:python'
2025-02-24 02:18:46.567 [error] Error: spawn /google/devshell/editor/code-oss-for-cloud-shell/extensions/ms-python.python/python-env-tools/bin/pet ENOENT
	at ChildProcess._handle.onexit (node:internal/child_process:286:19)
	at onErrorNT (node:internal/child_process:484:16)
	at process.processTicksAndRejections (node:internal/process/task_queues:82:21)
2025-02-24 02:18:46.578 [info] ExtensionService#_doActivateExtension vscode.git-base, startup: true, activationEvent: '*', root cause: vscode.git
2025-02-24 02:18:46.696 [info] ExtensionService#_doActivateExtension vscode.git, startup: true, activationEvent: '*'
2025-02-24 02:18:46.697 [info] ExtensionService#_doActivateExtension vscode.github, startup: true, activationEvent: '*'
2025-02-24 02:18:46.882 [info] ExtensionService#_doActivateExtension redhat.fabric8-analytics, startup: true, activationEvent: 'workspaceContains:**/package.json,**/pom.xml,**/go.mod,**/requirements.txt,**/build.gradle,**/Dockerfile,**/Containerfile'
2025-02-24 02:18:47.238 [info] Eager extensions activated
2025-02-24 02:18:47.239 [info] ExtensionService#_doActivateExtension EditorConfig.EditorConfig, startup: false, activationEvent: 'onStartupFinished'
2025-02-24 02:18:47.240 [info] ExtensionService#_doActivateExtension google.cloud-shell, startup: false, activationEvent: 'onStartupFinished'
2025-02-24 02:18:47.240 [info] ExtensionService#_doActivateExtension google.geminicodeassist, startup: false, activationEvent: 'onStartupFinished', root cause: googlecloudtools.cloudcode
2025-02-24 02:18:47.241 [info] ExtensionService#_doActivateExtension vscode.debug-auto-launch, startup: false, activationEvent: 'onStartupFinished'
2025-02-24 02:18:47.242 [info] ExtensionService#_doActivateExtension vscode.merge-conflict, startup: false, activationEvent: 'onStartupFinished'
2025-02-24 02:18:49.314 [info] ExtensionService#_doActivateExtension vscode.configuration-editing, startup: false, activationEvent: 'onLanguage:jsonc'
2025-02-24 02:18:49.315 [info] ExtensionService#_doActivateExtension vscode.json-language-features, startup: false, activationEvent: 'onLanguage:jsonc'
2025-02-24 02:18:49.315 [info] ExtensionService#_doActivateExtension vscode.typescript-language-features, startup: false, activationEvent: 'onLanguage:jsonc'
2025-02-24 02:18:49.650 [info] ExtensionService#_doActivateExtension googlecloudtools.cloudcode, startup: false, activationEvent: 'onStartupFinished'
2025-02-24 02:18:53.060 [info] ExtensionService#_doActivateExtension vscode.github-authentication, startup: false, activationEvent: 'onAuthenticationRequest:github'
