2025-04-12 04:47:56.023 [info] [main] Log level: Info
2025-04-12 04:47:56.023 [info] [main] Validating found git in: "git"
2025-04-12 04:47:56.023 [info] [main] Using git "2.43.0" from "git"
2025-04-12 04:47:56.023 [info] [Model][doInitialScan] Initial repository scan started
2025-04-12 04:47:56.023 [info] > git rev-parse --show-toplevel [406ms]
2025-04-12 04:47:56.023 [info] > git rev-parse --git-dir --git-common-dir [114ms]
2025-04-12 04:47:56.023 [info] [Model][openRepository] Opened repository: /home/apoorvtripathi537
2025-04-12 04:47:58.370 [info] > git for-each-ref --format=%(refname)%00%(upstream:short)%00%(objectname)%00%(upstream:track)%00%(upstream:remotename)%00%(upstream:remoteref) refs/heads/master refs/remotes/master [2327ms]
2025-04-12 04:47:58.911 [info] > git check-ignore -v -z --stdin [43ms]
2025-04-12 04:47:58.914 [info] > git for-each-ref --sort -committerdate --format %(refname) %(objectname) %(*objectname) [15ms]
2025-04-12 04:47:58.943 [info] > git rev-parse --show-toplevel [16ms]
2025-04-12 04:47:59.039 [info] > git status -z -uall [157ms]
2025-04-12 04:47:59.104 [info] > git for-each-ref --format=%(refname)%00%(upstream:short)%00%(objectname)%00%(upstream:track)%00%(upstream:remotename)%00%(upstream:remoteref) refs/heads/master refs/remotes/master [15ms]
2025-04-12 04:47:59.116 [info] > git rev-parse --show-toplevel [108ms]
2025-04-12 04:47:59.133 [info] > git config --local branch.master.vscode-merge-base [16ms]
2025-04-12 04:47:59.134 [warning] [Git][config] git config failed: Failed to execute git
2025-04-12 04:47:59.214 [info] > git rev-parse --show-toplevel [84ms]
2025-04-12 04:47:59.386 [info] > git for-each-ref --format=%(refname)%00%(upstream:short)%00%(objectname)%00%(upstream:track)%00%(upstream:remotename)%00%(upstream:remoteref) refs/heads/master refs/remotes/master [175ms]
2025-04-12 04:47:59.386 [info] > git reflog master --grep-reflog=branch: Created from *. [242ms]
2025-04-12 04:47:59.398 [info] > git rev-parse --show-toplevel [80ms]
2025-04-12 04:47:59.409 [info] > git symbolic-ref --short refs/remotes/origin/HEAD [14ms]
2025-04-12 04:47:59.409 [info] fatal: ref refs/remotes/origin/HEAD is not a symbolic ref
2025-04-12 04:47:59.409 [warning] [Repository][getDefaultBranch] Failed to get default branch details: Failed to execute git.
2025-04-12 04:47:59.422 [info] > git rev-parse --show-toplevel [14ms]
2025-04-12 04:47:59.455 [info] > git merge-base refs/heads/master refs/remotes/origin/master [38ms]
2025-04-12 04:47:59.497 [info] > git rev-parse --show-toplevel [44ms]
2025-04-12 04:47:59.497 [info] > git for-each-ref --sort -committerdate --format %(refname) %(objectname) %(*objectname) [53ms]
2025-04-12 04:47:59.509 [info] > git status -z -uall [80ms]
2025-04-12 04:47:59.531 [info] > git diff --name-status -z --diff-filter=ADMR ae54d5703c5e6277a64919db1dea687af7ee5769...refs/remotes/origin/master [67ms]
2025-04-12 04:47:59.543 [info] > git merge-base refs/heads/master refs/remotes/origin/master [14ms]
2025-04-12 04:47:59.553 [info] > git rev-parse --show-toplevel [47ms]
2025-04-12 04:47:59.616 [info] > git diff --name-status -z --diff-filter=ADMR ae54d5703c5e6277a64919db1dea687af7ee5769...refs/remotes/origin/master [64ms]
2025-04-12 04:47:59.718 [info] > git rev-parse --show-toplevel [139ms]
2025-04-12 04:47:59.741 [info] > git rev-parse --show-toplevel [4ms]
2025-04-12 04:47:59.759 [info] > git rev-parse --show-toplevel [5ms]
2025-04-12 04:47:59.776 [info] > git rev-parse --show-toplevel [4ms]
2025-04-12 04:47:59.803 [info] > git rev-parse --show-toplevel [3ms]
2025-04-12 04:47:59.819 [info] > git rev-parse --show-toplevel [3ms]
2025-04-12 04:47:59.833 [info] > git rev-parse --show-toplevel [2ms]
2025-04-12 04:47:59.833 [info] [Model][doInitialScan] Initial repository scan completed - repositories (1), closed repositories (0), parent repositories (0), unsafe repositories (0)
2025-04-12 04:47:59.857 [info] > git show --textconv :main.py [12ms]
2025-04-12 04:47:59.862 [info] > git ls-files --stage -- /home/apoorvtripathi537/main.py [6ms]
2025-04-12 04:47:59.876 [info] > git cat-file -s cd8b840c6a2cc57bb6082c3fa09575f889d656b4 [3ms]
2025-04-12 04:48:01.428 [info] > git for-each-ref --format=%(refname)%00%(upstream:short)%00%(objectname)%00%(upstream:track)%00%(upstream:remotename)%00%(upstream:remoteref) refs/heads/master refs/remotes/master [17ms]
2025-04-12 04:48:01.499 [info] > git for-each-ref --sort -committerdate --format %(refname) %(objectname) %(*objectname) [10ms]
2025-04-12 04:48:01.548 [info] > git status -z -uall [89ms]
2025-04-12 04:48:06.601 [info] > git for-each-ref --format=%(refname)%00%(upstream:short)%00%(objectname)%00%(upstream:track)%00%(upstream:remotename)%00%(upstream:remoteref) refs/heads/master refs/remotes/master [4ms]
2025-04-12 04:48:06.639 [info] > git for-each-ref --sort -committerdate --format %(refname) %(objectname) %(*objectname) [6ms]
2025-04-12 04:48:06.676 [info] > git status -z -uall [57ms]
2025-04-12 04:48:51.294 [info] > git check-ignore -v -z --stdin [4ms]
2025-04-12 04:51:41.106 [info] > git for-each-ref --format=%(refname)%00%(upstream:short)%00%(objectname)%00%(upstream:track)%00%(upstream:remotename)%00%(upstream:remoteref) refs/heads/master refs/remotes/master [2ms]
2025-04-12 04:51:41.132 [info] > git for-each-ref --sort -committerdate --format %(refname) %(objectname) %(*objectname) [2ms]
2025-04-12 04:51:41.170 [info] > git status -z -uall [54ms]
2025-04-12 04:52:23.871 [info] > git for-each-ref --format=%(refname)%00%(upstream:short)%00%(objectname)%00%(upstream:track)%00%(upstream:remotename)%00%(upstream:remoteref) refs/heads/master refs/remotes/master [3ms]
2025-04-12 04:52:23.896 [info] > git for-each-ref --sort -committerdate --format %(refname) %(objectname) %(*objectname) [2ms]
2025-04-12 04:52:23.928 [info] > git status -z -uall [48ms]
2025-04-12 04:52:28.210 [info] > git show --textconv :main.py [40ms]
2025-04-12 04:52:28.210 [info] > git ls-files --stage -- /home/apoorvtripathi537/main.py [28ms]
2025-04-12 04:52:28.220 [info] > git cat-file -s cd8b840c6a2cc57bb6082c3fa09575f889d656b4 [3ms]
2025-04-12 04:52:28.959 [info] > git for-each-ref --format=%(refname)%00%(upstream:short)%00%(objectname)%00%(upstream:track)%00%(upstream:remotename)%00%(upstream:remoteref) refs/heads/master refs/remotes/master [4ms]
2025-04-12 04:52:28.986 [info] > git for-each-ref --sort -committerdate --format %(refname) %(objectname) %(*objectname) [2ms]
2025-04-12 04:52:29.023 [info] > git status -z -uall [55ms]
2025-04-12 04:53:02.470 [info] > git for-each-ref --format=%(refname)%00%(upstream:short)%00%(objectname)%00%(upstream:track)%00%(upstream:remotename)%00%(upstream:remoteref) refs/heads/master refs/remotes/master [3ms]
2025-04-12 04:53:02.494 [info] > git for-each-ref --sort -committerdate --format %(refname) %(objectname) %(*objectname) [3ms]
2025-04-12 04:53:02.528 [info] > git status -z -uall [50ms]
2025-04-12 04:53:03.048 [info] > git ls-files --stage -- /home/apoorvtripathi537/templates/index.html [4ms]
2025-04-12 04:53:03.067 [info] > git show --textconv :templates/index.html [31ms]
2025-04-12 04:53:03.067 [info] > git cat-file -s 902c5f11ef436a3619aa3853ed5ec2216e1a9a65 [10ms]
2025-04-12 04:54:02.529 [info] > git show --textconv :main.py [10ms]
2025-04-12 04:54:02.532 [info] > git ls-files --stage -- /home/apoorvtripathi537/main.py [6ms]
2025-04-12 04:54:02.543 [info] > git cat-file -s cd8b840c6a2cc57bb6082c3fa09575f889d656b4 [2ms]
2025-04-12 04:54:09.937 [info] > git ls-files --stage -- /home/apoorvtripathi537/script.js [9ms]
2025-04-12 04:54:09.955 [info] > git cat-file -s 2cd6d04462786bbd603d3c51e1c9881b3f627f5d [7ms]
2025-04-12 04:54:09.956 [info] > git show --textconv :script.js [38ms]
2025-04-12 04:54:33.404 [info] > git for-each-ref --format=%(refname)%00%(upstream:short)%00%(objectname)%00%(upstream:track)%00%(upstream:remotename)%00%(upstream:remoteref) refs/heads/master refs/remotes/master [2ms]
2025-04-12 04:54:33.429 [info] > git for-each-ref --sort -committerdate --format %(refname) %(objectname) %(*objectname) [4ms]
2025-04-12 04:54:33.465 [info] > git status -z -uall [52ms]
2025-04-12 04:54:33.906 [info] > git check-ignore -v -z --stdin [4ms]
