2025-04-12 04:39:00.858 [info] [main] Log level: Info
2025-04-12 04:39:00.858 [info] [main] Validating found git in: "git"
2025-04-12 04:39:00.858 [info] [main] Using git "2.43.0" from "git"
2025-04-12 04:39:00.858 [info] [Model][doInitialScan] Initial repository scan started
2025-04-12 04:39:00.858 [info] > git rev-parse --show-toplevel [369ms]
2025-04-12 04:39:00.858 [info] > git rev-parse --git-dir --git-common-dir [143ms]
2025-04-12 04:39:00.858 [info] [Model][openRepository] Opened repository: /home/apoorvtripathi537
2025-04-12 04:39:03.256 [info] > git for-each-ref --format=%(refname)%00%(upstream:short)%00%(objectname)%00%(upstream:track)%00%(upstream:remotename)%00%(upstream:remoteref) refs/heads/master refs/remotes/master [2388ms]
2025-04-12 04:39:03.962 [info] > git check-ignore -v -z --stdin [75ms]
2025-04-12 04:39:03.970 [info] > git for-each-ref --sort -committerdate --format %(refname) %(objectname) %(*objectname) [59ms]
2025-04-12 04:39:03.985 [info] > git status -z -uall [87ms]
2025-04-12 04:39:03.985 [info] > git rev-parse --show-toplevel [33ms]
2025-04-12 04:39:04.066 [info] > git for-each-ref --format=%(refname)%00%(upstream:short)%00%(objectname)%00%(upstream:track)%00%(upstream:remotename)%00%(upstream:remoteref) refs/heads/master refs/remotes/master [37ms]
2025-04-12 04:39:04.122 [info] > git rev-parse --show-toplevel [59ms]
2025-04-12 04:39:04.398 [info] > git config --local branch.master.vscode-merge-base [319ms]
2025-04-12 04:39:04.399 [warning] [Git][config] git config failed: Failed to execute git
2025-04-12 04:39:04.446 [info] > git rev-parse --show-toplevel [129ms]
2025-04-12 04:39:04.462 [info] > git for-each-ref --format=%(refname)%00%(upstream:short)%00%(objectname)%00%(upstream:track)%00%(upstream:remotename)%00%(upstream:remoteref) refs/heads/master refs/remotes/master [39ms]
2025-04-12 04:39:04.462 [info] > git reflog master --grep-reflog=branch: Created from *. [53ms]
2025-04-12 04:39:04.476 [info] > git rev-parse --show-toplevel [17ms]
2025-04-12 04:39:04.478 [info] > git symbolic-ref --short refs/remotes/origin/HEAD [5ms]
2025-04-12 04:39:04.478 [info] fatal: ref refs/remotes/origin/HEAD is not a symbolic ref
2025-04-12 04:39:04.478 [warning] [Repository][getDefaultBranch] Failed to get default branch details: Failed to execute git.
2025-04-12 04:39:04.636 [info] > git rev-parse --show-toplevel [135ms]
2025-04-12 04:39:04.637 [info] > git merge-base refs/heads/master refs/remotes/origin/master [148ms]
2025-04-12 04:39:04.673 [info] > git for-each-ref --sort -committerdate --format %(refname) %(objectname) %(*objectname) [45ms]
2025-04-12 04:39:04.683 [info] > git rev-parse --show-toplevel [13ms]
2025-04-12 04:39:04.686 [info] > git diff --name-status -z --diff-filter=ADMR ae54d5703c5e6277a64919db1dea687af7ee5769...refs/remotes/origin/master [33ms]
2025-04-12 04:39:04.705 [info] > git status -z -uall [93ms]
2025-04-12 04:39:04.724 [info] > git rev-parse --show-toplevel [21ms]
2025-04-12 04:39:04.764 [info] > git rev-parse --show-toplevel [23ms]
2025-04-12 04:39:04.908 [info] > git rev-parse --show-toplevel [103ms]
2025-04-12 04:39:04.949 [info] > git rev-parse --show-toplevel [28ms]
2025-04-12 04:39:04.985 [info] > git rev-parse --show-toplevel [22ms]
2025-04-12 04:39:05.001 [info] > git rev-parse --show-toplevel [1ms]
2025-04-12 04:39:05.017 [info] > git rev-parse --show-toplevel [1ms]
2025-04-12 04:39:05.032 [info] > git rev-parse --show-toplevel [1ms]
2025-04-12 04:39:05.032 [info] [Model][doInitialScan] Initial repository scan completed - repositories (1), closed repositories (0), parent repositories (0), unsafe repositories (0)
2025-04-12 04:39:05.066 [info] > git show --textconv :main.py [22ms]
2025-04-12 04:39:05.074 [info] > git ls-files --stage -- /home/apoorvtripathi537/main.py [14ms]
2025-04-12 04:39:05.093 [info] > git cat-file -s cd8b840c6a2cc57bb6082c3fa09575f889d656b4 [4ms]
2025-04-12 04:39:06.586 [info] > git for-each-ref --format=%(refname)%00%(upstream:short)%00%(objectname)%00%(upstream:track)%00%(upstream:remotename)%00%(upstream:remoteref) refs/heads/master refs/remotes/master [30ms]
2025-04-12 04:39:06.665 [info] > git for-each-ref --sort -committerdate --format %(refname) %(objectname) %(*objectname) [7ms]
2025-04-12 04:39:06.731 [info] > git status -z -uall [92ms]
2025-04-12 04:39:11.810 [info] > git for-each-ref --format=%(refname)%00%(upstream:short)%00%(objectname)%00%(upstream:track)%00%(upstream:remotename)%00%(upstream:remoteref) refs/heads/master refs/remotes/master [5ms]
2025-04-12 04:39:11.861 [info] > git for-each-ref --sort -committerdate --format %(refname) %(objectname) %(*objectname) [4ms]
2025-04-12 04:39:11.905 [info] > git status -z -uall [73ms]
2025-04-12 04:39:16.944 [info] > git for-each-ref --format=%(refname)%00%(upstream:short)%00%(objectname)%00%(upstream:track)%00%(upstream:remotename)%00%(upstream:remoteref) refs/heads/master refs/remotes/master [2ms]
2025-04-12 04:39:16.978 [info] > git for-each-ref --sort -committerdate --format %(refname) %(objectname) %(*objectname) [3ms]
2025-04-12 04:39:17.006 [info] > git status -z -uall [51ms]
2025-04-12 04:39:22.040 [info] > git for-each-ref --format=%(refname)%00%(upstream:short)%00%(objectname)%00%(upstream:track)%00%(upstream:remotename)%00%(upstream:remoteref) refs/heads/master refs/remotes/master [3ms]
2025-04-12 04:39:22.072 [info] > git for-each-ref --sort -committerdate --format %(refname) %(objectname) %(*objectname) [3ms]
2025-04-12 04:39:22.102 [info] > git status -z -uall [52ms]
2025-04-12 04:39:27.131 [info] > git for-each-ref --format=%(refname)%00%(upstream:short)%00%(objectname)%00%(upstream:track)%00%(upstream:remotename)%00%(upstream:remoteref) refs/heads/master refs/remotes/master [3ms]
2025-04-12 04:39:27.162 [info] > git for-each-ref --sort -committerdate --format %(refname) %(objectname) %(*objectname) [3ms]
2025-04-12 04:39:27.194 [info] > git status -z -uall [50ms]
2025-04-12 04:39:35.004 [info] > git for-each-ref --format=%(refname)%00%(upstream:short)%00%(objectname)%00%(upstream:track)%00%(upstream:remotename)%00%(upstream:remoteref) refs/heads/master refs/remotes/master [2ms]
2025-04-12 04:39:35.037 [info] > git for-each-ref --sort -committerdate --format %(refname) %(objectname) %(*objectname) [3ms]
2025-04-12 04:39:35.064 [info] > git status -z -uall [49ms]
