2025-02-22 19:50:59.612 [info] [main] Log level: Info
2025-02-22 19:50:59.612 [info] [main] Validating found git in: "git"
2025-02-22 19:50:59.612 [info] [main] Using git "2.43.0" from "git"
2025-02-22 19:50:59.612 [info] [Model][doInitialScan] Initial repository scan started
2025-02-22 19:50:59.612 [info] > git rev-parse --show-toplevel [380ms]
2025-02-22 19:50:59.612 [info] fatal: not a git repository (or any parent up to mount point /)
Stopping at filesystem boundary (GIT_DISCOVERY_ACROSS_FILESYSTEM not set).
2025-02-22 19:50:59.612 [info] > git rev-parse --show-toplevel [1241ms]
2025-02-22 19:50:59.612 [info] fatal: not a git repository (or any parent up to mount point /)
Stopping at filesystem boundary (GIT_DISCOVERY_ACROSS_FILESYSTEM not set).
2025-02-22 19:51:01.944 [info] > git rev-parse --show-toplevel [3ms]
2025-02-22 19:51:01.944 [info] fatal: not a git repository (or any parent up to mount point /)
Stopping at filesystem boundary (GIT_DISCOVERY_ACROSS_FILESYSTEM not set).
2025-02-22 19:51:01.951 [info] > git rev-parse --show-toplevel [2ms]
2025-02-22 19:51:01.951 [info] fatal: not a git repository (or any parent up to mount point /)
Stopping at filesystem boundary (GIT_DISCOVERY_ACROSS_FILESYSTEM not set).
2025-02-22 19:51:01.958 [info] > git rev-parse --show-toplevel [1ms]
2025-02-22 19:51:01.958 [info] fatal: not a git repository (or any parent up to mount point /)
Stopping at filesystem boundary (GIT_DISCOVERY_ACROSS_FILESYSTEM not set).
2025-02-22 19:51:01.966 [info] > git rev-parse --show-toplevel [1ms]
2025-02-22 19:51:01.966 [info] fatal: not a git repository (or any parent up to mount point /)
Stopping at filesystem boundary (GIT_DISCOVERY_ACROSS_FILESYSTEM not set).
2025-02-22 19:51:01.975 [info] > git rev-parse --show-toplevel [2ms]
2025-02-22 19:51:01.975 [info] fatal: not a git repository (or any parent up to mount point /)
Stopping at filesystem boundary (GIT_DISCOVERY_ACROSS_FILESYSTEM not set).
2025-02-22 19:51:01.984 [info] > git rev-parse --show-toplevel [1ms]
2025-02-22 19:51:01.984 [info] fatal: not a git repository (or any parent up to mount point /)
Stopping at filesystem boundary (GIT_DISCOVERY_ACROSS_FILESYSTEM not set).
2025-02-22 19:51:01.992 [info] > git rev-parse --show-toplevel [2ms]
2025-02-22 19:51:01.992 [info] fatal: not a git repository (or any parent up to mount point /)
Stopping at filesystem boundary (GIT_DISCOVERY_ACROSS_FILESYSTEM not set).
2025-02-22 19:51:02.000 [info] > git rev-parse --show-toplevel [2ms]
2025-02-22 19:51:02.000 [info] fatal: not a git repository (or any parent up to mount point /)
Stopping at filesystem boundary (GIT_DISCOVERY_ACROSS_FILESYSTEM not set).
2025-02-22 19:51:02.008 [info] > git rev-parse --show-toplevel [1ms]
2025-02-22 19:51:02.008 [info] fatal: not a git repository (or any parent up to mount point /)
Stopping at filesystem boundary (GIT_DISCOVERY_ACROSS_FILESYSTEM not set).
2025-02-22 19:51:02.016 [info] > git rev-parse --show-toplevel [2ms]
2025-02-22 19:51:02.016 [info] fatal: not a git repository (or any parent up to mount point /)
Stopping at filesystem boundary (GIT_DISCOVERY_ACROSS_FILESYSTEM not set).
2025-02-22 19:51:02.024 [info] > git rev-parse --show-toplevel [2ms]
2025-02-22 19:51:02.024 [info] fatal: not a git repository (or any parent up to mount point /)
Stopping at filesystem boundary (GIT_DISCOVERY_ACROSS_FILESYSTEM not set).
2025-02-22 19:51:02.031 [info] > git rev-parse --show-toplevel [2ms]
2025-02-22 19:51:02.031 [info] fatal: not a git repository (or any parent up to mount point /)
Stopping at filesystem boundary (GIT_DISCOVERY_ACROSS_FILESYSTEM not set).
2025-02-22 19:51:02.039 [info] > git rev-parse --show-toplevel [1ms]
2025-02-22 19:51:02.039 [info] fatal: not a git repository (or any parent up to mount point /)
Stopping at filesystem boundary (GIT_DISCOVERY_ACROSS_FILESYSTEM not set).
2025-02-22 19:51:02.046 [info] > git rev-parse --show-toplevel [2ms]
2025-02-22 19:51:02.046 [info] fatal: not a git repository (or any parent up to mount point /)
Stopping at filesystem boundary (GIT_DISCOVERY_ACROSS_FILESYSTEM not set).
2025-02-22 19:51:02.046 [info] [Model][doInitialScan] Initial repository scan completed - repositories (0), closed repositories (0), parent repositories (0), unsafe repositories (0)
