2025-04-12 04:45:24.485 [info] [main] Log level: Info
2025-04-12 04:45:24.485 [info] [main] Validating found git in: "git"
2025-04-12 04:45:24.485 [info] [main] Using git "2.43.0" from "git"
2025-04-12 04:45:24.485 [info] [Model][doInitialScan] Initial repository scan started
2025-04-12 04:45:24.485 [info] > git rev-parse --show-toplevel [414ms]
2025-04-12 04:45:24.485 [info] > git rev-parse --git-dir --git-common-dir [30ms]
2025-04-12 04:45:24.485 [info] [Model][openRepository] Opened repository: /home/apoorvtripathi537
2025-04-12 04:45:26.892 [info] > git for-each-ref --format=%(refname)%00%(upstream:short)%00%(objectname)%00%(upstream:track)%00%(upstream:remotename)%00%(upstream:remoteref) refs/heads/master refs/remotes/master [2400ms]
2025-04-12 04:45:27.069 [info] > git check-ignore -v -z --stdin [167ms]
2025-04-12 04:45:27.317 [info] > git for-each-ref --sort -committerdate --format %(refname) %(objectname) %(*objectname) [45ms]
2025-04-12 04:45:27.323 [info] > git status -z -uall [63ms]
2025-04-12 04:45:27.324 [info] > git rev-parse --show-toplevel [37ms]
2025-04-12 04:45:27.377 [info] > git for-each-ref --format=%(refname)%00%(upstream:short)%00%(objectname)%00%(upstream:track)%00%(upstream:remotename)%00%(upstream:remoteref) refs/heads/master refs/remotes/master [23ms]
2025-04-12 04:45:27.401 [info] > git rev-parse --show-toplevel [35ms]
2025-04-12 04:45:27.427 [info] > git config --local branch.master.vscode-merge-base [39ms]
2025-04-12 04:45:27.428 [warning] [Git][config] git config failed: Failed to execute git
2025-04-12 04:45:27.645 [info] > git reflog master --grep-reflog=branch: Created from *. [208ms]
2025-04-12 04:45:27.655 [info] > git rev-parse --show-toplevel [229ms]
2025-04-12 04:45:27.692 [info] > git for-each-ref --format=%(refname)%00%(upstream:short)%00%(objectname)%00%(upstream:track)%00%(upstream:remotename)%00%(upstream:remoteref) refs/heads/master refs/remotes/master [114ms]
2025-04-12 04:45:27.696 [info] > git rev-parse --show-toplevel [33ms]
2025-04-12 04:45:27.697 [info] > git symbolic-ref --short refs/remotes/origin/HEAD [43ms]
2025-04-12 04:45:27.697 [info] fatal: ref refs/remotes/origin/HEAD is not a symbolic ref
2025-04-12 04:45:27.697 [warning] [Repository][getDefaultBranch] Failed to get default branch details: Failed to execute git.
2025-04-12 04:45:27.740 [info] > git rev-parse --show-toplevel [24ms]
2025-04-12 04:45:27.740 [info] > git merge-base refs/heads/master refs/remotes/origin/master [35ms]
2025-04-12 04:45:27.867 [info] > git rev-parse --show-toplevel [21ms]
2025-04-12 04:45:27.867 [info] > git for-each-ref --sort -committerdate --format %(refname) %(objectname) %(*objectname) [38ms]
2025-04-12 04:45:27.870 [info] > git diff --name-status -z --diff-filter=ADMR ae54d5703c5e6277a64919db1dea687af7ee5769...refs/remotes/origin/master [121ms]
2025-04-12 04:45:27.881 [info] > git status -z -uall [71ms]
2025-04-12 04:45:27.899 [info] > git rev-parse --show-toplevel [19ms]
2025-04-12 04:45:27.914 [info] > git rev-parse --show-toplevel [5ms]
2025-04-12 04:45:27.961 [info] > git rev-parse --show-toplevel [29ms]
2025-04-12 04:45:28.085 [info] > git rev-parse --show-toplevel [94ms]
2025-04-12 04:45:28.106 [info] > git rev-parse --show-toplevel [2ms]
2025-04-12 04:45:28.133 [info] > git rev-parse --show-toplevel [14ms]
2025-04-12 04:45:28.150 [info] > git rev-parse --show-toplevel [4ms]
2025-04-12 04:45:28.168 [info] > git rev-parse --show-toplevel [4ms]
2025-04-12 04:45:28.168 [info] [Model][doInitialScan] Initial repository scan completed - repositories (1), closed repositories (0), parent repositories (0), unsafe repositories (0)
2025-04-12 04:45:28.204 [info] > git show --textconv :main.py [22ms]
2025-04-12 04:45:28.209 [info] > git ls-files --stage -- /home/apoorvtripathi537/main.py [6ms]
2025-04-12 04:45:28.223 [info] > git cat-file -s cd8b840c6a2cc57bb6082c3fa09575f889d656b4 [3ms]
2025-04-12 04:45:37.877 [info] > git for-each-ref --format=%(refname)%00%(upstream:short)%00%(objectname)%00%(upstream:track)%00%(upstream:remotename)%00%(upstream:remoteref) refs/heads/master refs/remotes/master [3ms]
2025-04-12 04:45:37.914 [info] > git for-each-ref --sort -committerdate --format %(refname) %(objectname) %(*objectname) [3ms]
2025-04-12 04:45:37.943 [info] > git status -z -uall [55ms]
2025-04-12 04:46:17.582 [info] > git for-each-ref --format=%(refname)%00%(upstream:short)%00%(objectname)%00%(upstream:track)%00%(upstream:remotename)%00%(upstream:remoteref) refs/heads/master refs/remotes/master [2ms]
2025-04-12 04:46:17.605 [info] > git for-each-ref --sort -committerdate --format %(refname) %(objectname) %(*objectname) [3ms]
2025-04-12 04:46:17.644 [info] > git status -z -uall [53ms]
2025-04-12 04:46:20.559 [info] > git check-ignore -v -z --stdin [5ms]
2025-04-12 04:46:22.470 [info] > git check-ignore -v -z --stdin [4ms]
2025-04-12 04:46:22.677 [info] > git for-each-ref --format=%(refname)%00%(upstream:short)%00%(objectname)%00%(upstream:track)%00%(upstream:remotename)%00%(upstream:remoteref) refs/heads/master refs/remotes/master [3ms]
2025-04-12 04:46:22.702 [info] > git for-each-ref --sort -committerdate --format %(refname) %(objectname) %(*objectname) [3ms]
2025-04-12 04:46:22.732 [info] > git status -z -uall [46ms]
2025-04-12 04:46:29.701 [info] > git for-each-ref --format=%(refname)%00%(upstream:short)%00%(objectname)%00%(upstream:track)%00%(upstream:remotename)%00%(upstream:remoteref) refs/heads/master refs/remotes/master [10ms]
2025-04-12 04:46:29.728 [info] > git for-each-ref --sort -committerdate --format %(refname) %(objectname) %(*objectname) [4ms]
2025-04-12 04:46:29.758 [info] > git status -z -uall [48ms]
2025-04-12 04:50:33.745 [info] > git check-ignore -v -z --stdin [4ms]
2025-04-12 04:54:34.871 [info] > git for-each-ref --format=%(refname)%00%(upstream:short)%00%(objectname)%00%(upstream:track)%00%(upstream:remotename)%00%(upstream:remoteref) refs/heads/master refs/remotes/master [3ms]
2025-04-12 04:54:34.900 [info] > git for-each-ref --sort -committerdate --format %(refname) %(objectname) %(*objectname) [1ms]
2025-04-12 04:54:34.938 [info] > git status -z -uall [55ms]
2025-04-12 04:54:38.074 [info] > git check-ignore -v -z --stdin [4ms]
