Initializing document watcher...
Document watcher initialized
apoorvtripathi537/main.py: {}
apoorvtripathi537/uploads/20250222-051414PM.wav.txt: {}
No more open editors.
No more open editors.
No more open editors.
No more open editors.
apoorvtripathi537/main.py: {}
apoorvtripathi537/main.py: Using EditorConfig core...
apoorvtripathi537/main.py: Using EditorConfig core...
apoorvtripathi537/main.py: Using EditorConfig core...
apoorvtripathi537/main.py: Using EditorConfig core...
apoorvtripathi537/main.py: Using EditorConfig core...
apoorvtripathi537/main.py: Using EditorConfig core...
apoorvtripathi537/main.py: Using EditorConfig core...
apoorvtripathi537/main.py: Using EditorConfig core...
apoorvtripathi537/main.py: Using EditorConfig core...
apoorvtripathi537/main.py: Using EditorConfig core...
apoorvtripathi537/main.py: Using EditorConfig core...
apoorvtripathi537/main.py: Using EditorConfig core...
apoorvtripathi537/main.py: Using EditorConfig core...
apoorvtripathi537/main.py: Using EditorConfig core...
apoorvtripathi537/main.py: Using EditorConfig core...
apoorvtripathi537/main.py: Using EditorConfig core...
apoorvtripathi537/main.py: Using EditorConfig core...
apoorvtripathi537/main.py: {}
apoorvtripathi537/main.py: Using EditorConfig core...
apoorvtripathi537/main.py: Using EditorConfig core...
apoorvtripathi537/main.py: Using EditorConfig core...
apoorvtripathi537/main.py: Using EditorConfig core...
apoorvtripathi537/main.py: Using EditorConfig core...
apoorvtripathi537/main.py: Using EditorConfig core...
apoorvtripathi537/main.py: Using EditorConfig core...
apoorvtripathi537/main.py: Using EditorConfig core...
apoorvtripathi537/main.py: Using EditorConfig core...
apoorvtripathi537/main.py: Using EditorConfig core...
apoorvtripathi537/main.py: Using EditorConfig core...
apoorvtripathi537/main.py: Using EditorConfig core...
apoorvtripathi537/main.py: Using EditorConfig core...
apoorvtripathi537/main.py: Using EditorConfig core...
apoorvtripathi537/main.py: Using EditorConfig core...
apoorvtripathi537/main.py: Using EditorConfig core...
apoorvtripathi537/main.py: Using EditorConfig core...
apoorvtripathi537/main.py: Using EditorConfig core...
apoorvtripathi537/main.py: Using EditorConfig core...
apoorvtripathi537/main.py: Using EditorConfig core...
apoorvtripathi537/main.py: Using EditorConfig core...
apoorvtripathi537/main.py: Using EditorConfig core...
apoorvtripathi537/main.py: Using EditorConfig core...
apoorvtripathi537/main.py: Using EditorConfig core...
apoorvtripathi537/main.py: Using EditorConfig core...
apoorvtripathi537/main.py: {}
apoorvtripathi537/main.py: {}
apoorvtripathi537/main.py: Using EditorConfig core...
apoorvtripathi537/main.py: Using EditorConfig core...
apoorvtripathi537/main.py: {}
