2025-04-13 19:34:59.773 [info] [main] Log level: Info
2025-04-13 19:34:59.773 [info] [main] Validating found git in: "git"
2025-04-13 19:34:59.773 [info] [main] Using git "2.43.0" from "git"
2025-04-13 19:34:59.773 [info] [Model][doInitialScan] Initial repository scan started
2025-04-13 19:34:59.773 [info] > git rev-parse --show-toplevel [29ms]
2025-04-13 19:34:59.773 [info] > git rev-parse --git-dir --git-common-dir [8ms]
2025-04-13 19:34:59.773 [info] [Model][openRepository] Opened repository: /home/apoorvtripathi537
2025-04-13 19:34:59.805 [info] > git rev-parse --show-toplevel [2ms]
2025-04-13 19:34:59.813 [info] > git rev-parse --show-toplevel [3ms]
2025-04-13 19:35:00.233 [info] > git for-each-ref --format=%(refname)%00%(upstream:short)%00%(objectname)%00%(upstream:track)%00%(upstream:remotename)%00%(upstream:remoteref) refs/heads/master refs/remotes/master [441ms]
2025-04-13 19:35:00.234 [info] > git rev-parse --show-toplevel [413ms]
2025-04-13 19:35:00.247 [info] > git rev-parse --show-toplevel [8ms]
2025-04-13 19:35:00.298 [info] > git rev-parse --show-toplevel [15ms]
2025-04-13 19:35:00.298 [info] > git for-each-ref --sort -committerdate --format %(refname) %(objectname) %(*objectname) [23ms]
2025-04-13 19:35:00.322 [info] > git rev-parse --show-toplevel [13ms]
2025-04-13 19:35:00.338 [info] > git rev-parse --show-toplevel [7ms]
2025-04-13 19:35:00.344 [info] > git rev-parse --show-toplevel [2ms]
2025-04-13 19:35:00.349 [info] > git rev-parse --show-toplevel [1ms]
2025-04-13 19:35:00.355 [info] > git rev-parse --show-toplevel [2ms]
2025-04-13 19:35:00.362 [info] > git rev-parse --show-toplevel [2ms]
2025-04-13 19:35:00.369 [info] > git rev-parse --show-toplevel [3ms]
2025-04-13 19:35:00.376 [info] > git rev-parse --show-toplevel [2ms]
2025-04-13 19:35:00.382 [info] > git rev-parse --show-toplevel [2ms]
2025-04-13 19:35:00.383 [info] [Model][doInitialScan] Initial repository scan completed - repositories (1), closed repositories (0), parent repositories (0), unsafe repositories (0)
2025-04-13 19:35:00.421 [info] > git check-ignore -v -z --stdin [128ms]
2025-04-13 19:35:03.583 [info] > git status -z -uall [3317ms]
2025-04-13 19:35:03.583 [info] > git show --textconv :main.py [69ms]
2025-04-13 19:35:03.612 [info] > git ls-files --stage -- /home/apoorvtripathi537/main.py [84ms]
2025-04-13 19:35:03.843 [info] > git for-each-ref --format=%(refname)%00%(upstream:short)%00%(objectname)%00%(upstream:track)%00%(upstream:remotename)%00%(upstream:remoteref) refs/heads/master refs/remotes/master [144ms]
2025-04-13 19:35:03.851 [info] > git cat-file -s cd8b840c6a2cc57bb6082c3fa09575f889d656b4 [226ms]
2025-04-13 19:35:04.219 [info] > git config --local branch.master.vscode-merge-base [368ms]
2025-04-13 19:35:04.219 [warning] [Git][config] git config failed: Failed to execute git
2025-04-13 19:35:04.253 [info] > git for-each-ref --format=%(refname)%00%(upstream:short)%00%(objectname)%00%(upstream:track)%00%(upstream:remotename)%00%(upstream:remoteref) refs/heads/master refs/remotes/master [6ms]
2025-04-13 19:35:04.254 [info] > git reflog master --grep-reflog=branch: Created from *. [29ms]
2025-04-13 19:35:04.272 [info] > git symbolic-ref --short refs/remotes/origin/HEAD [13ms]
2025-04-13 19:35:04.272 [info] fatal: ref refs/remotes/origin/HEAD is not a symbolic ref
2025-04-13 19:35:04.272 [warning] [Repository][getDefaultBranch] Failed to get default branch details: Failed to execute git.
2025-04-13 19:35:04.298 [info] > git for-each-ref --sort -committerdate --format %(refname) %(objectname) %(*objectname) [28ms]
2025-04-13 19:35:04.301 [info] > git merge-base refs/heads/master refs/remotes/origin/master [13ms]
2025-04-13 19:35:04.319 [info] > git diff --name-status -z --diff-filter=ADMR a43e7d2182e1549bd784e0f494f278f5045ffda2...refs/remotes/origin/master [11ms]
2025-04-13 19:35:04.430 [info] > git status -z -uall [166ms]
2025-04-13 19:35:09.624 [info] > git for-each-ref --format=%(refname)%00%(upstream:short)%00%(objectname)%00%(upstream:track)%00%(upstream:remotename)%00%(upstream:remoteref) refs/heads/master refs/remotes/master [2ms]
2025-04-13 19:35:09.636 [info] > git for-each-ref --sort -committerdate --format %(refname) %(objectname) %(*objectname) [2ms]
2025-04-13 19:35:09.752 [info] > git status -z -uall [123ms]
2025-04-13 19:35:14.773 [info] > git for-each-ref --format=%(refname)%00%(upstream:short)%00%(objectname)%00%(upstream:track)%00%(upstream:remotename)%00%(upstream:remoteref) refs/heads/master refs/remotes/master [4ms]
2025-04-13 19:35:14.784 [info] > git for-each-ref --sort -committerdate --format %(refname) %(objectname) %(*objectname) [3ms]
2025-04-13 19:35:14.899 [info] > git status -z -uall [122ms]
2025-04-13 19:35:19.915 [info] > git for-each-ref --format=%(refname)%00%(upstream:short)%00%(objectname)%00%(upstream:track)%00%(upstream:remotename)%00%(upstream:remoteref) refs/heads/master refs/remotes/master [3ms]
2025-04-13 19:35:19.928 [info] > git for-each-ref --sort -committerdate --format %(refname) %(objectname) %(*objectname) [3ms]
2025-04-13 19:35:20.042 [info] > git status -z -uall [121ms]
2025-04-13 19:35:25.058 [info] > git for-each-ref --format=%(refname)%00%(upstream:short)%00%(objectname)%00%(upstream:track)%00%(upstream:remotename)%00%(upstream:remoteref) refs/heads/master refs/remotes/master [3ms]
2025-04-13 19:35:25.071 [info] > git for-each-ref --sort -committerdate --format %(refname) %(objectname) %(*objectname) [4ms]
2025-04-13 19:35:25.179 [info] > git status -z -uall [116ms]
2025-04-13 19:35:30.196 [info] > git for-each-ref --format=%(refname)%00%(upstream:short)%00%(objectname)%00%(upstream:track)%00%(upstream:remotename)%00%(upstream:remoteref) refs/heads/master refs/remotes/master [3ms]
2025-04-13 19:35:30.210 [info] > git for-each-ref --sort -committerdate --format %(refname) %(objectname) %(*objectname) [3ms]
2025-04-13 19:35:30.320 [info] > git status -z -uall [118ms]
2025-04-13 19:35:35.336 [info] > git for-each-ref --format=%(refname)%00%(upstream:short)%00%(objectname)%00%(upstream:track)%00%(upstream:remotename)%00%(upstream:remoteref) refs/heads/master refs/remotes/master [3ms]
2025-04-13 19:35:35.357 [info] > git for-each-ref --sort -committerdate --format %(refname) %(objectname) %(*objectname) [11ms]
2025-04-13 19:35:35.457 [info] > git status -z -uall [116ms]
2025-04-13 19:35:40.473 [info] > git for-each-ref --format=%(refname)%00%(upstream:short)%00%(objectname)%00%(upstream:track)%00%(upstream:remotename)%00%(upstream:remoteref) refs/heads/master refs/remotes/master [3ms]
2025-04-13 19:35:40.490 [info] > git for-each-ref --sort -committerdate --format %(refname) %(objectname) %(*objectname) [5ms]
2025-04-13 19:35:40.603 [info] > git status -z -uall [124ms]
2025-04-13 19:35:45.621 [info] > git for-each-ref --format=%(refname)%00%(upstream:short)%00%(objectname)%00%(upstream:track)%00%(upstream:remotename)%00%(upstream:remoteref) refs/heads/master refs/remotes/master [3ms]
2025-04-13 19:35:45.633 [info] > git for-each-ref --sort -committerdate --format %(refname) %(objectname) %(*objectname) [3ms]
2025-04-13 19:35:45.743 [info] > git status -z -uall [117ms]
2025-04-13 19:35:50.762 [info] > git for-each-ref --format=%(refname)%00%(upstream:short)%00%(objectname)%00%(upstream:track)%00%(upstream:remotename)%00%(upstream:remoteref) refs/heads/master refs/remotes/master [3ms]
2025-04-13 19:35:50.775 [info] > git for-each-ref --sort -committerdate --format %(refname) %(objectname) %(*objectname) [3ms]
2025-04-13 19:35:50.888 [info] > git status -z -uall [120ms]
2025-04-13 19:35:56.763 [info] > git for-each-ref --format=%(refname)%00%(upstream:short)%00%(objectname)%00%(upstream:track)%00%(upstream:remotename)%00%(upstream:remoteref) refs/heads/master refs/remotes/master [3ms]
2025-04-13 19:35:56.801 [info] > git for-each-ref --sort -committerdate --format %(refname) %(objectname) %(*objectname) [1ms]
2025-04-13 19:35:56.888 [info] > git status -z -uall [117ms]
2025-04-13 19:36:01.914 [info] > git for-each-ref --format=%(refname)%00%(upstream:short)%00%(objectname)%00%(upstream:track)%00%(upstream:remotename)%00%(upstream:remoteref) refs/heads/master refs/remotes/master [3ms]
2025-04-13 19:36:01.941 [info] > git for-each-ref --sort -committerdate --format %(refname) %(objectname) %(*objectname) [4ms]
2025-04-13 19:36:02.043 [info] > git status -z -uall [120ms]
2025-04-13 19:36:08.909 [info] > git for-each-ref --format=%(refname)%00%(upstream:short)%00%(objectname)%00%(upstream:track)%00%(upstream:remotename)%00%(upstream:remoteref) refs/heads/master refs/remotes/master [135ms]
2025-04-13 19:36:08.936 [info] > git for-each-ref --sort -committerdate --format %(refname) %(objectname) %(*objectname) [7ms]
2025-04-13 19:36:09.043 [info] > git status -z -uall [125ms]
2025-04-13 19:36:14.070 [info] > git for-each-ref --format=%(refname)%00%(upstream:short)%00%(objectname)%00%(upstream:track)%00%(upstream:remotename)%00%(upstream:remoteref) refs/heads/master refs/remotes/master [3ms]
2025-04-13 19:36:14.099 [info] > git for-each-ref --sort -committerdate --format %(refname) %(objectname) %(*objectname) [2ms]
2025-04-13 19:36:14.219 [info] > git status -z -uall [138ms]
2025-04-13 19:36:19.239 [info] > git for-each-ref --format=%(refname)%00%(upstream:short)%00%(objectname)%00%(upstream:track)%00%(upstream:remotename)%00%(upstream:remoteref) refs/heads/master refs/remotes/master [2ms]
2025-04-13 19:36:19.262 [info] > git for-each-ref --sort -committerdate --format %(refname) %(objectname) %(*objectname) [5ms]
2025-04-13 19:36:19.367 [info] > git status -z -uall [119ms]
2025-04-13 19:36:24.386 [info] > git for-each-ref --format=%(refname)%00%(upstream:short)%00%(objectname)%00%(upstream:track)%00%(upstream:remotename)%00%(upstream:remoteref) refs/heads/master refs/remotes/master [2ms]
2025-04-13 19:36:24.417 [info] > git for-each-ref --sort -committerdate --format %(refname) %(objectname) %(*objectname) [12ms]
2025-04-13 19:36:24.513 [info] > git status -z -uall [118ms]
2025-04-13 19:36:29.531 [info] > git for-each-ref --format=%(refname)%00%(upstream:short)%00%(objectname)%00%(upstream:track)%00%(upstream:remotename)%00%(upstream:remoteref) refs/heads/master refs/remotes/master [3ms]
2025-04-13 19:36:29.557 [info] > git for-each-ref --sort -committerdate --format %(refname) %(objectname) %(*objectname) [1ms]
2025-04-13 19:36:29.659 [info] > git status -z -uall [120ms]
2025-04-13 19:36:34.681 [info] > git for-each-ref --format=%(refname)%00%(upstream:short)%00%(objectname)%00%(upstream:track)%00%(upstream:remotename)%00%(upstream:remoteref) refs/heads/master refs/remotes/master [3ms]
2025-04-13 19:36:34.710 [info] > git for-each-ref --sort -committerdate --format %(refname) %(objectname) %(*objectname) [8ms]
2025-04-13 19:36:34.808 [info] > git status -z -uall [118ms]
2025-04-13 19:36:39.825 [info] > git for-each-ref --format=%(refname)%00%(upstream:short)%00%(objectname)%00%(upstream:track)%00%(upstream:remotename)%00%(upstream:remoteref) refs/heads/master refs/remotes/master [2ms]
2025-04-13 19:36:39.847 [info] > git for-each-ref --sort -committerdate --format %(refname) %(objectname) %(*objectname) [4ms]
2025-04-13 19:36:39.952 [info] > git status -z -uall [119ms]
2025-04-13 19:36:44.970 [info] > git for-each-ref --format=%(refname)%00%(upstream:short)%00%(objectname)%00%(upstream:track)%00%(upstream:remotename)%00%(upstream:remoteref) refs/heads/master refs/remotes/master [3ms]
2025-04-13 19:36:44.994 [info] > git for-each-ref --sort -committerdate --format %(refname) %(objectname) %(*objectname) [3ms]
2025-04-13 19:36:45.098 [info] > git status -z -uall [119ms]
2025-04-13 19:36:50.118 [info] > git for-each-ref --format=%(refname)%00%(upstream:short)%00%(objectname)%00%(upstream:track)%00%(upstream:remotename)%00%(upstream:remoteref) refs/heads/master refs/remotes/master [3ms]
2025-04-13 19:36:50.161 [info] > git for-each-ref --sort -committerdate --format %(refname) %(objectname) %(*objectname) [8ms]
2025-04-13 19:36:50.244 [info] > git status -z -uall [117ms]
2025-04-13 19:36:55.264 [info] > git for-each-ref --format=%(refname)%00%(upstream:short)%00%(objectname)%00%(upstream:track)%00%(upstream:remotename)%00%(upstream:remoteref) refs/heads/master refs/remotes/master [3ms]
2025-04-13 19:36:55.285 [info] > git for-each-ref --sort -committerdate --format %(refname) %(objectname) %(*objectname) [2ms]
2025-04-13 19:36:55.390 [info] > git status -z -uall [118ms]
2025-04-13 19:37:00.409 [info] > git for-each-ref --format=%(refname)%00%(upstream:short)%00%(objectname)%00%(upstream:track)%00%(upstream:remotename)%00%(upstream:remoteref) refs/heads/master refs/remotes/master [3ms]
2025-04-13 19:37:00.444 [info] > git for-each-ref --sort -committerdate --format %(refname) %(objectname) %(*objectname) [15ms]
2025-04-13 19:37:00.537 [info] > git status -z -uall [120ms]
2025-04-13 19:37:05.557 [info] > git for-each-ref --format=%(refname)%00%(upstream:short)%00%(objectname)%00%(upstream:track)%00%(upstream:remotename)%00%(upstream:remoteref) refs/heads/master refs/remotes/master [3ms]
2025-04-13 19:37:05.592 [info] > git for-each-ref --sort -committerdate --format %(refname) %(objectname) %(*objectname) [16ms]
2025-04-13 19:37:05.685 [info] > git status -z -uall [119ms]
2025-04-13 19:37:10.704 [info] > git for-each-ref --format=%(refname)%00%(upstream:short)%00%(objectname)%00%(upstream:track)%00%(upstream:remotename)%00%(upstream:remoteref) refs/heads/master refs/remotes/master [3ms]
2025-04-13 19:37:10.728 [info] > git for-each-ref --sort -committerdate --format %(refname) %(objectname) %(*objectname) [5ms]
2025-04-13 19:37:10.835 [info] > git status -z -uall [123ms]
2025-04-13 19:37:15.854 [info] > git for-each-ref --format=%(refname)%00%(upstream:short)%00%(objectname)%00%(upstream:track)%00%(upstream:remotename)%00%(upstream:remoteref) refs/heads/master refs/remotes/master [3ms]
2025-04-13 19:37:15.880 [info] > git for-each-ref --sort -committerdate --format %(refname) %(objectname) %(*objectname) [9ms]
2025-04-13 19:37:15.975 [info] > git status -z -uall [114ms]
2025-04-13 19:37:20.993 [info] > git for-each-ref --format=%(refname)%00%(upstream:short)%00%(objectname)%00%(upstream:track)%00%(upstream:remotename)%00%(upstream:remoteref) refs/heads/master refs/remotes/master [3ms]
2025-04-13 19:37:21.032 [info] > git for-each-ref --sort -committerdate --format %(refname) %(objectname) %(*objectname) [11ms]
2025-04-13 19:37:21.119 [info] > git status -z -uall [117ms]
2025-04-13 19:37:26.137 [info] > git for-each-ref --format=%(refname)%00%(upstream:short)%00%(objectname)%00%(upstream:track)%00%(upstream:remotename)%00%(upstream:remoteref) refs/heads/master refs/remotes/master [3ms]
2025-04-13 19:37:26.171 [info] > git for-each-ref --sort -committerdate --format %(refname) %(objectname) %(*objectname) [12ms]
2025-04-13 19:37:26.264 [info] > git status -z -uall [118ms]
2025-04-13 19:37:31.283 [info] > git for-each-ref --format=%(refname)%00%(upstream:short)%00%(objectname)%00%(upstream:track)%00%(upstream:remotename)%00%(upstream:remoteref) refs/heads/master refs/remotes/master [3ms]
2025-04-13 19:37:31.308 [info] > git for-each-ref --sort -committerdate --format %(refname) %(objectname) %(*objectname) [7ms]
2025-04-13 19:37:31.436 [info] > git status -z -uall [145ms]
2025-04-13 19:37:36.455 [info] > git for-each-ref --format=%(refname)%00%(upstream:short)%00%(objectname)%00%(upstream:track)%00%(upstream:remotename)%00%(upstream:remoteref) refs/heads/master refs/remotes/master [3ms]
2025-04-13 19:37:36.484 [info] > git for-each-ref --sort -committerdate --format %(refname) %(objectname) %(*objectname) [11ms]
2025-04-13 19:37:36.580 [info] > git status -z -uall [117ms]
2025-04-13 19:37:41.600 [info] > git for-each-ref --format=%(refname)%00%(upstream:short)%00%(objectname)%00%(upstream:track)%00%(upstream:remotename)%00%(upstream:remoteref) refs/heads/master refs/remotes/master [3ms]
2025-04-13 19:37:41.638 [info] > git for-each-ref --sort -committerdate --format %(refname) %(objectname) %(*objectname) [20ms]
2025-04-13 19:37:41.731 [info] > git status -z -uall [122ms]
2025-04-13 19:37:46.777 [info] > git for-each-ref --format=%(refname)%00%(upstream:short)%00%(objectname)%00%(upstream:track)%00%(upstream:remotename)%00%(upstream:remoteref) refs/heads/master refs/remotes/master [3ms]
2025-04-13 19:37:46.795 [info] > git for-each-ref --sort -committerdate --format %(refname) %(objectname) %(*objectname) [6ms]
2025-04-13 19:37:46.901 [info] > git status -z -uall [119ms]
