2025-02-23 21:40:30.892 [info] [main] Log level: Info
2025-02-23 21:40:30.892 [info] [main] Validating found git in: "git"
2025-02-23 21:40:30.892 [info] [main] Using git "2.43.0" from "git"
2025-02-23 21:40:30.892 [info] [Model][doInitialScan] Initial repository scan started
2025-02-23 21:40:30.943 [info] > git rev-parse --show-toplevel [66ms]
2025-02-23 21:40:31.257 [info] > git rev-parse --git-dir --git-common-dir [310ms]
2025-02-23 21:40:31.272 [info] [Model][openRepository] Opened repository: /home/apoorvtripathi537
2025-02-23 21:40:31.294 [info] > git rev-parse --show-toplevel [7ms]
2025-02-23 21:40:31.295 [info] > git config --get commit.template [12ms]
2025-02-23 21:40:31.305 [info] > git rev-parse --show-toplevel [6ms]
2025-02-23 21:40:32.920 [info] > git rev-parse --show-toplevel [1611ms]
2025-02-23 21:40:34.760 [info] > git for-each-ref --format=%(refname)%00%(upstream:short)%00%(objectname)%00%(upstream:track)%00%(upstream:remotename)%00%(upstream:remoteref) refs/heads/master refs/remotes/master [3455ms]
2025-02-23 21:40:34.766 [info] > git check-ignore -v -z --stdin [1838ms]
2025-02-23 21:40:34.768 [info] > git rev-parse --show-toplevel [1834ms]
2025-02-23 21:40:34.790 [info] > git rev-parse --show-toplevel [14ms]
2025-02-23 21:40:34.823 [info] > git rev-parse --show-toplevel [10ms]
2025-02-23 21:40:34.823 [info] > git for-each-ref --sort -committerdate --format %(refname) %(objectname) %(*objectname) [17ms]
2025-02-23 21:40:34.834 [info] > git rev-parse --show-toplevel [1ms]
2025-02-23 21:40:35.020 [info] > git status -z -uall [222ms]
2025-02-23 21:40:35.052 [info] > git rev-parse --show-toplevel [210ms]
2025-02-23 21:40:35.129 [info] > git for-each-ref --format=%(refname)%00%(upstream:short)%00%(objectname)%00%(upstream:track)%00%(upstream:remotename)%00%(upstream:remoteref) refs/heads/master refs/remotes/master [90ms]
2025-02-23 21:40:35.278 [info] > git config --local branch.master.vscode-merge-base [136ms]
2025-02-23 21:40:35.278 [warning] [Git][config] git config failed: Failed to execute git
2025-02-23 21:40:35.284 [info] > git rev-parse --show-toplevel [168ms]
2025-02-23 21:40:35.285 [info] > git config --get commit.template [188ms]
2025-02-23 21:40:35.310 [info] > git rev-parse --show-toplevel [14ms]
2025-02-23 21:40:35.326 [info] > git for-each-ref --format=%(refname)%00%(upstream:short)%00%(objectname)%00%(upstream:track)%00%(upstream:remotename)%00%(upstream:remoteref) refs/heads/master refs/remotes/master [23ms]
2025-02-23 21:40:35.343 [info] > git rev-parse --show-toplevel [17ms]
2025-02-23 21:40:35.400 [info] > git rev-parse --show-toplevel [11ms]
2025-02-23 21:40:35.401 [info] > git reflog master --grep-reflog=branch: Created from *. [117ms]
2025-02-23 21:40:35.442 [info] > git status -z -uall [22ms]
2025-02-23 21:40:35.442 [info] > git rev-parse --show-toplevel [4ms]
2025-02-23 21:40:35.442 [info] > git for-each-ref --sort -committerdate --format %(refname) %(objectname) %(*objectname) [14ms]
2025-02-23 21:40:35.455 [info] > git symbolic-ref --short refs/remotes/origin/HEAD [44ms]
2025-02-23 21:40:35.455 [info] fatal: ref refs/remotes/origin/HEAD is not a symbolic ref
2025-02-23 21:40:35.455 [warning] [Repository][getDefaultBranch] Failed to get default branch details: Failed to execute git.
2025-02-23 21:40:35.470 [info] > git for-each-ref --format=%(refname)%00%(upstream:short)%00%(objectname)%00%(upstream:track)%00%(upstream:remotename)%00%(upstream:remoteref) refs/heads/master refs/remotes/master [17ms]
2025-02-23 21:40:35.528 [info] > git rev-parse --show-toplevel [59ms]
2025-02-23 21:40:35.529 [info] [Model][doInitialScan] Initial repository scan completed - repositories (1), closed repositories (0), parent repositories (0), unsafe repositories (0)
2025-02-23 21:40:35.548 [info] > git merge-base refs/heads/master refs/remotes/origin/master [87ms]
2025-02-23 21:40:35.574 [info] > git show --textconv :main.py [35ms]
2025-02-23 21:40:35.575 [info] > git diff --name-status -z --diff-filter=ADMR 643f0a380796d257ff0429865c8f17430f9dd7a5...refs/remotes/origin/master [19ms]
2025-02-23 21:40:35.576 [info] > git ls-files --stage -- /home/apoorvtripathi537/main.py [29ms]
2025-02-23 21:40:35.583 [info] > git config --local branch.master.vscode-merge-base [106ms]
2025-02-23 21:40:35.583 [warning] [Git][config] git config failed: Failed to execute git
2025-02-23 21:40:35.591 [info] > git cat-file -s 30873b97b4b526e51162cbcbe4d49bd01dc3c25d [9ms]
2025-02-23 21:40:35.592 [info] > git reflog master --grep-reflog=branch: Created from *. [3ms]
2025-02-23 21:40:35.613 [info] > git symbolic-ref --short refs/remotes/origin/HEAD [15ms]
2025-02-23 21:40:35.613 [info] fatal: ref refs/remotes/origin/HEAD is not a symbolic ref
2025-02-23 21:40:35.613 [warning] [Repository][getDefaultBranch] Failed to get default branch details: Failed to execute git.
2025-02-23 21:40:39.882 [info] > git config --get commit.template [9ms]
2025-02-23 21:40:39.883 [info] > git for-each-ref --format=%(refname)%00%(upstream:short)%00%(objectname)%00%(upstream:track)%00%(upstream:remotename)%00%(upstream:remoteref) refs/heads/master refs/remotes/master [2ms]
2025-02-23 21:40:39.901 [info] > git for-each-ref --sort -committerdate --format %(refname) %(objectname) %(*objectname) [2ms]
2025-02-23 21:40:39.907 [info] > git status -z -uall [16ms]
2025-02-23 21:40:44.926 [info] > git config --get commit.template [7ms]
2025-02-23 21:40:44.927 [info] > git for-each-ref --format=%(refname)%00%(upstream:short)%00%(objectname)%00%(upstream:track)%00%(upstream:remotename)%00%(upstream:remoteref) refs/heads/master refs/remotes/master [1ms]
2025-02-23 21:40:44.943 [info] > git for-each-ref --sort -committerdate --format %(refname) %(objectname) %(*objectname) [2ms]
2025-02-23 21:40:44.949 [info] > git status -z -uall [15ms]
2025-02-23 21:41:51.901 [info] > git config --get commit.template [11ms]
2025-02-23 21:41:51.902 [info] > git for-each-ref --format=%(refname)%00%(upstream:short)%00%(objectname)%00%(upstream:track)%00%(upstream:remotename)%00%(upstream:remoteref) refs/heads/master refs/remotes/master [2ms]
2025-02-23 21:41:51.919 [info] > git for-each-ref --sort -committerdate --format %(refname) %(objectname) %(*objectname) [1ms]
2025-02-23 21:41:51.925 [info] > git status -z -uall [16ms]
2025-02-23 21:45:19.656 [info] > git config --get commit.template [23ms]
2025-02-23 21:45:19.657 [info] > git for-each-ref --format=%(refname)%00%(upstream:short)%00%(objectname)%00%(upstream:track)%00%(upstream:remotename)%00%(upstream:remoteref) refs/heads/master refs/remotes/master [19ms]
2025-02-23 21:45:19.669 [info] > git for-each-ref --sort -committerdate --format %(refname) %(objectname) %(*objectname) [1ms]
2025-02-23 21:45:19.678 [info] > git status -z -uall [15ms]
2025-02-23 21:45:20.240 [info] > git ls-files --stage -- /home/apoorvtripathi537/templates/index.html [1ms]
2025-02-23 21:45:20.276 [info] > git show --textconv :templates/index.html [43ms]
2025-02-23 21:45:20.276 [info] > git cat-file -s 1e9b5f690e058b6ee651538f8a3adcb57917e378 [32ms]
