2025-04-13 00:08:16.342 [warning] Dir "/home/apoorvtripathi537/.pixi/envs" is not watchable (directory does not exist)
2025-04-13 00:08:16.342 [info] Python interpreter path: ./venv-translate/bin/python
2025-04-13 00:08:16.646 [info] > pyenv which python
2025-04-13 00:08:16.646 [info] cwd: .
2025-04-13 00:08:22.747 [info] Starting Jedi language server for apoorvtripathi537.
2025-04-13 00:12:21.528 [info] Discover tests for workspace name: apoorvtripathi537 - uri: /home/apoorvtripathi537/main.py
2025-04-13 00:12:23.326 [info] Discover tests for workspace name: apoorvtripathi537 - uri: /home/apoorvtripathi537/main.py
2025-04-13 00:12:27.021 [info] Discover tests for workspace name: apoorvtripathi537 - uri: /home/apoorvtripathi537/main.py
2025-04-13 00:12:28.366 [info] Discover tests for workspace name: apoorvtripathi537 - uri: /home/apoorvtripathi537/main.py
2025-04-13 00:12:31.982 [info] Discover tests for workspace name: apoorvtripathi537 - uri: /home/apoorvtripathi537/main.py
2025-04-13 00:13:37.861 [info] Discover tests for workspace name: apoorvtripathi537 - uri: /home/apoorvtripathi537/main.py
2025-04-13 00:13:39.273 [info] Discover tests for workspace name: apoorvtripathi537 - uri: /home/apoorvtripathi537/main.py
2025-04-13 00:13:39.768 [info] Discover tests for workspace name: apoorvtripathi537 - uri: /home/apoorvtripathi537/main.py
2025-04-13 00:14:28.685 [info] Discover tests for workspace name: apoorvtripathi537 - uri: /home/apoorvtripathi537/main.py
2025-04-13 00:14:30.661 [info] Discover tests for workspace name: apoorvtripathi537 - uri: /home/apoorvtripathi537/main.py
2025-04-13 00:14:32.926 [info] Discover tests for workspace name: apoorvtripathi537 - uri: /home/apoorvtripathi537/main.py
2025-04-13 00:14:34.514 [info] Discover tests for workspace name: apoorvtripathi537 - uri: /home/apoorvtripathi537/main.py
2025-04-13 00:14:35.092 [info] Discover tests for workspace name: apoorvtripathi537 - uri: /home/apoorvtripathi537/main.py
2025-04-13 00:14:35.700 [info] Discover tests for workspace name: apoorvtripathi537 - uri: /home/apoorvtripathi537/main.py
2025-04-13 00:15:57.019 [info] Discover tests for workspace name: apoorvtripathi537 - uri: /home/apoorvtripathi537/main.py
2025-04-13 00:16:26.434 [info] Discover tests for workspace name: apoorvtripathi537 - uri: /home/apoorvtripathi537/main.py
2025-04-13 00:16:29.242 [info] Discover tests for workspace name: apoorvtripathi537 - uri: /home/apoorvtripathi537/main.py
2025-04-13 00:16:29.910 [info] Discover tests for workspace name: apoorvtripathi537 - uri: /home/apoorvtripathi537/main.py
2025-04-13 00:16:30.574 [info] Discover tests for workspace name: apoorvtripathi537 - uri: /home/apoorvtripathi537/main.py
2025-04-13 00:16:31.255 [info] Discover tests for workspace name: apoorvtripathi537 - uri: /home/apoorvtripathi537/main.py
2025-04-13 00:23:20.718 [info] Discover tests for workspace name: apoorvtripathi537 - uri: /home/apoorvtripathi537/main.py
2025-04-13 00:23:26.770 [info] Discover tests for workspace name: apoorvtripathi537 - uri: /home/apoorvtripathi537/main.py
2025-04-13 00:23:44.019 [info] Discover tests for workspace name: apoorvtripathi537 - uri: /home/apoorvtripathi537/main.py
2025-04-13 00:23:54.787 [info] Discover tests for workspace name: apoorvtripathi537 - uri: /home/apoorvtripathi537/main.py
2025-04-13 00:24:08.892 [info] Discover tests for workspace name: apoorvtripathi537 - uri: /home/apoorvtripathi537/main.py
2025-04-13 00:24:13.493 [info] Discover tests for workspace name: apoorvtripathi537 - uri: /home/apoorvtripathi537/main.py
2025-04-13 00:24:16.102 [info] Discover tests for workspace name: apoorvtripathi537 - uri: /home/apoorvtripathi537/main.py
2025-04-13 00:24:17.879 [info] Discover tests for workspace name: apoorvtripathi537 - uri: /home/apoorvtripathi537/main.py
2025-04-13 00:24:19.856 [info] Discover tests for workspace name: apoorvtripathi537 - uri: /home/apoorvtripathi537/main.py
2025-04-13 00:24:22.036 [info] Discover tests for workspace name: apoorvtripathi537 - uri: /home/apoorvtripathi537/main.py
2025-04-13 00:24:31.757 [info] Discover tests for workspace name: apoorvtripathi537 - uri: /home/apoorvtripathi537/main.py
2025-04-13 00:25:10.514 [info] Discover tests for workspace name: apoorvtripathi537 - uri: /home/apoorvtripathi537/main.py
2025-04-13 00:25:21.874 [info] Discover tests for workspace name: apoorvtripathi537 - uri: /home/apoorvtripathi537/main.py
2025-04-13 00:25:23.511 [info] Discover tests for workspace name: apoorvtripathi537 - uri: /home/apoorvtripathi537/main.py
2025-04-13 00:25:27.958 [info] Discover tests for workspace name: apoorvtripathi537 - uri: /home/apoorvtripathi537/main.py
2025-04-13 00:25:31.721 [info] Discover tests for workspace name: apoorvtripathi537 - uri: /home/apoorvtripathi537/main.py
2025-04-13 00:25:41.495 [info] Discover tests for workspace name: apoorvtripathi537 - uri: /home/apoorvtripathi537/main.py
2025-04-13 00:25:43.832 [info] Discover tests for workspace name: apoorvtripathi537 - uri: /home/apoorvtripathi537/main.py
2025-04-13 00:25:46.778 [info] Discover tests for workspace name: apoorvtripathi537 - uri: /home/apoorvtripathi537/main.py
2025-04-13 00:26:32.800 [info] Discover tests for workspace name: apoorvtripathi537 - uri: /home/apoorvtripathi537/main.py
2025-04-13 00:26:33.411 [info] Discover tests for workspace name: apoorvtripathi537 - uri: /home/apoorvtripathi537/main.py
2025-04-13 00:28:19.629 [info] Discover tests for workspace name: apoorvtripathi537 - uri: /home/apoorvtripathi537/main.py
2025-04-13 00:28:24.689 [info] Discover tests for workspace name: apoorvtripathi537 - uri: /home/apoorvtripathi537/main.py
2025-04-13 00:28:25.345 [info] Discover tests for workspace name: apoorvtripathi537 - uri: /home/apoorvtripathi537/main.py
2025-04-13 00:28:52.044 [info] Discover tests for workspace name: apoorvtripathi537 - uri: /home/apoorvtripathi537/main.py
2025-04-13 00:28:54.185 [info] Discover tests for workspace name: apoorvtripathi537 - uri: /home/apoorvtripathi537/main.py
2025-04-13 00:28:54.736 [info] Discover tests for workspace name: apoorvtripathi537 - uri: /home/apoorvtripathi537/main.py
2025-04-13 00:30:39.670 [info] Discover tests for workspace name: apoorvtripathi537 - uri: /home/apoorvtripathi537/main.py
2025-04-13 00:30:41.403 [info] Discover tests for workspace name: apoorvtripathi537 - uri: /home/apoorvtripathi537/main.py
2025-04-13 00:30:49.732 [info] Discover tests for workspace name: apoorvtripathi537 - uri: /home/apoorvtripathi537/main.py
2025-04-13 00:31:06.691 [info] Discover tests for workspace name: apoorvtripathi537 - uri: /home/apoorvtripathi537/main.py
2025-04-13 00:31:20.991 [info] Discover tests for workspace name: apoorvtripathi537 - uri: /home/apoorvtripathi537/main.py
2025-04-13 00:32:48.444 [info] Discover tests for workspace name: apoorvtripathi537 - uri: /home/apoorvtripathi537/main.py
2025-04-13 00:32:50.809 [info] Discover tests for workspace name: apoorvtripathi537 - uri: /home/apoorvtripathi537/main.py
2025-04-13 00:32:53.269 [info] Discover tests for workspace name: apoorvtripathi537 - uri: /home/apoorvtripathi537/main.py
2025-04-13 00:32:56.155 [info] Discover tests for workspace name: apoorvtripathi537 - uri: /home/apoorvtripathi537/main.py
2025-04-13 00:33:05.726 [info] Discover tests for workspace name: apoorvtripathi537 - uri: /home/apoorvtripathi537/main.py
2025-04-13 00:33:10.851 [info] Discover tests for workspace name: apoorvtripathi537 - uri: /home/apoorvtripathi537/main.py
2025-04-13 00:33:35.038 [info] Discover tests for workspace name: apoorvtripathi537 - uri: /home/apoorvtripathi537/main.py
2025-04-13 00:33:37.297 [info] Discover tests for workspace name: apoorvtripathi537 - uri: /home/apoorvtripathi537/main.py
2025-04-13 00:33:44.933 [info] Discover tests for workspace name: apoorvtripathi537 - uri: /home/apoorvtripathi537/main.py
2025-04-13 00:33:45.535 [info] Discover tests for workspace name: apoorvtripathi537 - uri: /home/apoorvtripathi537/main.py
2025-04-13 00:33:46.096 [info] Discover tests for workspace name: apoorvtripathi537 - uri: /home/apoorvtripathi537/main.py
2025-04-13 00:34:43.703 [info] Discover tests for workspace name: apoorvtripathi537 - uri: /home/apoorvtripathi537/main.py
2025-04-13 00:34:46.812 [info] Discover tests for workspace name: apoorvtripathi537 - uri: /home/apoorvtripathi537/main.py
2025-04-13 00:34:48.711 [info] Discover tests for workspace name: apoorvtripathi537 - uri: /home/apoorvtripathi537/main.py
2025-04-13 00:34:51.409 [info] Discover tests for workspace name: apoorvtripathi537 - uri: /home/apoorvtripathi537/main.py
2025-04-13 00:35:03.404 [info] Discover tests for workspace name: apoorvtripathi537 - uri: /home/apoorvtripathi537/main.py
2025-04-13 00:35:04.036 [info] Discover tests for workspace name: apoorvtripathi537 - uri: /home/apoorvtripathi537/main.py
2025-04-13 00:35:04.585 [info] Discover tests for workspace name: apoorvtripathi537 - uri: /home/apoorvtripathi537/main.py
2025-04-13 00:37:24.279 [info] Discover tests for workspace name: apoorvtripathi537 - uri: /home/apoorvtripathi537/main.py
2025-04-13 00:37:27.575 [info] Discover tests for workspace name: apoorvtripathi537 - uri: /home/apoorvtripathi537/main.py
2025-04-13 00:37:28.931 [info] Discover tests for workspace name: apoorvtripathi537 - uri: /home/apoorvtripathi537/main.py
2025-04-13 00:37:50.061 [info] Discover tests for workspace name: apoorvtripathi537 - uri: /home/apoorvtripathi537/main.py
2025-04-13 00:37:56.707 [info] Discover tests for workspace name: apoorvtripathi537 - uri: /home/apoorvtripathi537/main.py
2025-04-13 00:38:06.634 [info] Discover tests for workspace name: apoorvtripathi537 - uri: /home/apoorvtripathi537/main.py
2025-04-13 00:38:16.832 [info] Discover tests for workspace name: apoorvtripathi537 - uri: /home/apoorvtripathi537/main.py
2025-04-13 00:40:32.355 [info] Discover tests for workspace name: apoorvtripathi537 - uri: /home/apoorvtripathi537/main.py
2025-04-13 00:40:38.528 [info] Discover tests for workspace name: apoorvtripathi537 - uri: /home/apoorvtripathi537/main.py
2025-04-13 00:40:46.825 [info] Discover tests for workspace name: apoorvtripathi537 - uri: /home/apoorvtripathi537/main.py
2025-04-13 00:42:23.422 [info] Discover tests for workspace name: apoorvtripathi537 - uri: /home/apoorvtripathi537/main.py
2025-04-13 00:42:30.240 [info] Discover tests for workspace name: apoorvtripathi537 - uri: /home/apoorvtripathi537/main.py
2025-04-13 00:42:32.301 [info] Discover tests for workspace name: apoorvtripathi537 - uri: /home/apoorvtripathi537/main.py
2025-04-13 00:42:38.371 [info] Discover tests for workspace name: apoorvtripathi537 - uri: /home/apoorvtripathi537/main.py
2025-04-13 00:42:52.628 [info] Discover tests for workspace name: apoorvtripathi537 - uri: /home/apoorvtripathi537/main.py
2025-04-13 00:44:05.706 [info] Discover tests for workspace name: apoorvtripathi537 - uri: /home/apoorvtripathi537/main.py
2025-04-13 00:44:09.469 [info] Discover tests for workspace name: apoorvtripathi537 - uri: /home/apoorvtripathi537/main.py
2025-04-13 00:44:46.787 [info] Discover tests for workspace name: apoorvtripathi537 - uri: /home/apoorvtripathi537/main.py
2025-04-13 00:44:50.762 [info] Discover tests for workspace name: apoorvtripathi537 - uri: /home/apoorvtripathi537/main.py
2025-04-13 00:45:52.752 [info] Discover tests for workspace name: apoorvtripathi537 - uri: /home/apoorvtripathi537/main.py
2025-04-13 00:45:55.963 [info] Discover tests for workspace name: apoorvtripathi537 - uri: /home/apoorvtripathi537/main.py
2025-04-13 00:45:58.879 [info] Discover tests for workspace name: apoorvtripathi537 - uri: /home/apoorvtripathi537/main.py
2025-04-13 00:46:08.863 [info] Discover tests for workspace name: apoorvtripathi537 - uri: /home/apoorvtripathi537/main.py
2025-04-13 00:47:12.267 [info] Discover tests for workspace name: apoorvtripathi537 - uri: /home/apoorvtripathi537/main.py
2025-04-13 00:47:13.521 [info] Discover tests for workspace name: apoorvtripathi537 - uri: /home/apoorvtripathi537/main.py
2025-04-13 00:47:14.305 [info] Discover tests for workspace name: apoorvtripathi537 - uri: /home/apoorvtripathi537/main.py
2025-04-13 00:47:14.956 [info] Discover tests for workspace name: apoorvtripathi537 - uri: /home/apoorvtripathi537/main.py
2025-04-13 00:51:44.081 [info] Discover tests for workspace name: apoorvtripathi537 - uri: /home/apoorvtripathi537/main.py
2025-04-13 00:51:45.637 [info] Discover tests for workspace name: apoorvtripathi537 - uri: /home/apoorvtripathi537/main.py
2025-04-13 00:51:47.894 [info] Discover tests for workspace name: apoorvtripathi537 - uri: /home/apoorvtripathi537/main.py
2025-04-13 00:52:03.679 [info] Discover tests for workspace name: apoorvtripathi537 - uri: /home/apoorvtripathi537/main.py
2025-04-13 00:52:05.824 [info] Discover tests for workspace name: apoorvtripathi537 - uri: /home/apoorvtripathi537/main.py
2025-04-13 00:52:39.903 [info] Discover tests for workspace name: apoorvtripathi537 - uri: /home/apoorvtripathi537/main.py
2025-04-13 00:52:40.705 [info] Discover tests for workspace name: apoorvtripathi537 - uri: /home/apoorvtripathi537/main.py
2025-04-13 00:54:23.582 [info] Discover tests for workspace name: apoorvtripathi537 - uri: /home/apoorvtripathi537/main.py
2025-04-13 00:54:35.643 [info] Discover tests for workspace name: apoorvtripathi537 - uri: /home/apoorvtripathi537/main.py
2025-04-13 00:54:36.314 [info] Discover tests for workspace name: apoorvtripathi537 - uri: /home/apoorvtripathi537/main.py
2025-04-13 00:54:36.900 [info] Discover tests for workspace name: apoorvtripathi537 - uri: /home/apoorvtripathi537/main.py
2025-04-13 00:55:45.517 [info] Discover tests for workspace name: apoorvtripathi537 - uri: /home/apoorvtripathi537/main.py
2025-04-13 00:55:49.296 [info] Discover tests for workspace name: apoorvtripathi537 - uri: /home/apoorvtripathi537/main.py
2025-04-13 00:56:03.438 [info] Discover tests for workspace name: apoorvtripathi537 - uri: /home/apoorvtripathi537/main.py
2025-04-13 00:56:06.226 [info] Discover tests for workspace name: apoorvtripathi537 - uri: /home/apoorvtripathi537/main.py
2025-04-13 00:56:08.343 [info] Discover tests for workspace name: apoorvtripathi537 - uri: /home/apoorvtripathi537/main.py
2025-04-13 00:56:09.018 [info] Discover tests for workspace name: apoorvtripathi537 - uri: /home/apoorvtripathi537/main.py
2025-04-13 00:56:09.571 [info] Discover tests for workspace name: apoorvtripathi537 - uri: /home/apoorvtripathi537/main.py
2025-04-13 00:57:27.452 [info] Discover tests for workspace name: apoorvtripathi537 - uri: /home/apoorvtripathi537/main.py
2025-04-13 01:03:06.289 [info] Discover tests for workspace name: apoorvtripathi537 - uri: /home/apoorvtripathi537/main.py
2025-04-13 01:03:08.635 [info] Discover tests for workspace name: apoorvtripathi537 - uri: /home/apoorvtripathi537/main.py
2025-04-13 01:03:09.287 [info] Discover tests for workspace name: apoorvtripathi537 - uri: /home/apoorvtripathi537/main.py
2025-04-13 01:03:09.814 [info] Discover tests for workspace name: apoorvtripathi537 - uri: /home/apoorvtripathi537/main.py
