2025-02-24 04:46:59.104 [info] [main] Log level: Info
2025-02-24 04:46:59.104 [info] [main] Validating found git in: "git"
2025-02-24 04:46:59.104 [info] [main] Using git "2.43.0" from "git"
2025-02-24 04:46:59.104 [info] [Model][doInitialScan] Initial repository scan started
2025-02-24 04:46:59.104 [info] > git rev-parse --show-toplevel [27ms]
2025-02-24 04:47:01.437 [info] > git rev-parse --git-dir --git-common-dir [2336ms]
2025-02-24 04:47:01.448 [info] [Model][openRepository] Opened repository: /home/apoorvtripathi537
2025-02-24 04:47:01.545 [info] > git config --get commit.template [32ms]
2025-02-24 04:47:01.583 [info] > git rev-parse --show-toplevel [2ms]
2025-02-24 04:47:01.593 [info] > git rev-parse --show-toplevel [3ms]
2025-02-24 04:47:01.601 [info] > git for-each-ref --format=%(refname)%00%(upstream:short)%00%(objectname)%00%(upstream:track)%00%(upstream:remotename)%00%(upstream:remoteref) refs/heads/master refs/remotes/master [46ms]
2025-02-24 04:47:01.603 [info] > git rev-parse --show-toplevel [3ms]
2025-02-24 04:47:01.686 [info] > git rev-parse --show-toplevel [76ms]
2025-02-24 04:47:01.705 [info] > git for-each-ref --sort -committerdate --format %(refname) %(objectname) %(*objectname) [77ms]
2025-02-24 04:47:01.712 [info] > git rev-parse --show-toplevel [8ms]
2025-02-24 04:47:01.734 [info] > git status -z -uall [116ms]
2025-02-24 04:47:01.768 [info] > git for-each-ref --format=%(refname)%00%(upstream:short)%00%(objectname)%00%(upstream:track)%00%(upstream:remotename)%00%(upstream:remoteref) refs/heads/master refs/remotes/master [17ms]
2025-02-24 04:47:01.780 [info] > git rev-parse --show-toplevel [48ms]
2025-02-24 04:47:01.856 [info] > git config --local branch.master.vscode-merge-base [76ms]
2025-02-24 04:47:01.856 [warning] [Git][config] git config failed: Failed to execute git
2025-02-24 04:47:01.868 [info] > git config --get commit.template [106ms]
2025-02-24 04:47:01.992 [info] > git rev-parse --show-toplevel [84ms]
2025-02-24 04:47:01.992 [info] > git reflog master --grep-reflog=branch: Created from *. [125ms]
2025-02-24 04:47:02.039 [info] > git for-each-ref --format=%(refname)%00%(upstream:short)%00%(objectname)%00%(upstream:track)%00%(upstream:remotename)%00%(upstream:remoteref) refs/heads/master refs/remotes/master [88ms]
2025-02-24 04:47:02.045 [info] > git rev-parse --show-toplevel [30ms]
2025-02-24 04:47:02.045 [info] > git symbolic-ref --short refs/remotes/origin/HEAD [43ms]
2025-02-24 04:47:02.046 [info] fatal: ref refs/remotes/origin/HEAD is not a symbolic ref
2025-02-24 04:47:02.046 [warning] [Repository][getDefaultBranch] Failed to get default branch details: Failed to execute git.
2025-02-24 04:47:02.069 [info] > git merge-base refs/heads/master refs/remotes/origin/master [12ms]
2025-02-24 04:47:02.082 [info] > git rev-parse --show-toplevel [13ms]
2025-02-24 04:47:02.174 [info] > git status -z -uall [83ms]
2025-02-24 04:47:02.174 [info] > git for-each-ref --sort -committerdate --format %(refname) %(objectname) %(*objectname) [74ms]
2025-02-24 04:47:02.175 [info] > git diff --name-status -z --diff-filter=ADMR 3af8a224fd8bda9bdfc078604fafe431df36d3cf...refs/remotes/origin/master [95ms]
2025-02-24 04:47:02.198 [info] > git rev-parse --show-toplevel [90ms]
2025-02-24 04:47:02.221 [info] > git check-ignore -v -z --stdin [14ms]
2025-02-24 04:47:02.223 [info] > git rev-parse --show-toplevel [3ms]
2025-02-24 04:47:02.267 [info] > git rev-parse --show-toplevel [36ms]
2025-02-24 04:47:02.305 [info] > git rev-parse --show-toplevel [15ms]
2025-02-24 04:47:02.316 [info] > git rev-parse --show-toplevel [2ms]
2025-02-24 04:47:02.317 [info] [Model][doInitialScan] Initial repository scan completed - repositories (1), closed repositories (0), parent repositories (0), unsafe repositories (0)
2025-02-24 04:47:02.956 [info] > git ls-files --stage -- /home/apoorvtripathi537/main.py [6ms]
2025-02-24 04:47:02.975 [info] > git show --textconv :main.py [41ms]
2025-02-24 04:47:02.976 [info] > git cat-file -s ec7b915dba87cdcfd21c35fe04a3a3fec379e65a [10ms]
2025-02-24 04:47:52.461 [info] > git config --get commit.template [8ms]
2025-02-24 04:47:52.462 [info] > git for-each-ref --format=%(refname)%00%(upstream:short)%00%(objectname)%00%(upstream:track)%00%(upstream:remotename)%00%(upstream:remoteref) refs/heads/master refs/remotes/master [2ms]
2025-02-24 04:47:52.482 [info] > git for-each-ref --sort -committerdate --format %(refname) %(objectname) %(*objectname) [2ms]
2025-02-24 04:47:52.494 [info] > git status -z -uall [24ms]
2025-02-24 04:47:56.906 [info] > git check-ignore -v -z --stdin [3ms]
2025-02-24 04:47:57.514 [info] > git config --get commit.template [7ms]
2025-02-24 04:47:57.516 [info] > git for-each-ref --format=%(refname)%00%(upstream:short)%00%(objectname)%00%(upstream:track)%00%(upstream:remotename)%00%(upstream:remoteref) refs/heads/master refs/remotes/master [3ms]
2025-02-24 04:47:57.534 [info] > git for-each-ref --sort -committerdate --format %(refname) %(objectname) %(*objectname) [2ms]
2025-02-24 04:47:57.545 [info] > git status -z -uall [23ms]
2025-02-24 04:48:03.876 [info] > git config --get commit.template [5ms]
2025-02-24 04:48:04.070 [info] > git for-each-ref --format=%(refname)%00%(upstream:short)%00%(objectname)%00%(upstream:track)%00%(upstream:remotename)%00%(upstream:remoteref) refs/heads/master refs/remotes/master [187ms]
2025-02-24 04:48:04.073 [info] > git ls-files --stage -- /home/apoorvtripathi537/requirements.txt [4ms]
2025-02-24 04:48:04.108 [info] > git show --textconv :requirements.txt [45ms]
2025-02-24 04:48:04.108 [info] > git cat-file -s 230ea486861ea641e6f7492b5d1afb12f27d275b [28ms]
2025-02-24 04:48:04.110 [info] > git for-each-ref --sort -committerdate --format %(refname) %(objectname) %(*objectname) [3ms]
2025-02-24 04:48:04.122 [info] > git status -z -uall [25ms]
2025-02-24 04:49:09.140 [info] > git for-each-ref --format=%(refname)%00%(upstream:short)%00%(objectname)%00%(upstream:track)%00%(upstream:remotename)%00%(upstream:remoteref) refs/heads/master refs/remotes/master [24ms]
2025-02-24 04:49:09.141 [info] > git config --get commit.template [34ms]
2025-02-24 04:49:09.161 [info] > git for-each-ref --sort -committerdate --format %(refname) %(objectname) %(*objectname) [2ms]
2025-02-24 04:49:09.172 [info] > git status -z -uall [23ms]
2025-02-24 04:49:11.797 [info] > git check-ignore -v -z --stdin [2ms]
2025-02-24 04:49:14.193 [info] > git config --get commit.template [9ms]
2025-02-24 04:49:14.193 [info] > git for-each-ref --format=%(refname)%00%(upstream:short)%00%(objectname)%00%(upstream:track)%00%(upstream:remotename)%00%(upstream:remoteref) refs/heads/master refs/remotes/master [2ms]
2025-02-24 04:49:14.214 [info] > git for-each-ref --sort -committerdate --format %(refname) %(objectname) %(*objectname) [3ms]
2025-02-24 04:49:14.228 [info] > git status -z -uall [26ms]
