2025-04-12 18:24:36.084 [info] [main] Log level: Info
2025-04-12 18:24:36.084 [info] [main] Validating found git in: "git"
2025-04-12 18:24:36.084 [info] [main] Using git "2.43.0" from "git"
2025-04-12 18:24:36.084 [info] [Model][doInitialScan] Initial repository scan started
2025-04-12 18:24:36.084 [info] > git rev-parse --show-toplevel [44ms]
2025-04-12 18:24:36.084 [info] > git rev-parse --git-dir --git-common-dir [9ms]
2025-04-12 18:24:36.084 [info] [Model][openRepository] Opened repository: /home/apoorvtripathi537
2025-04-12 18:24:36.513 [info] > git for-each-ref --format=%(refname)%00%(upstream:short)%00%(objectname)%00%(upstream:track)%00%(upstream:remotename)%00%(upstream:remoteref) refs/heads/master refs/remotes/master [285ms]
2025-04-12 18:24:39.367 [info] > git check-ignore -v -z --stdin [208ms]
2025-04-12 18:24:39.671 [info] > git status -z -uall [283ms]
2025-04-12 18:24:39.673 [info] > git for-each-ref --sort -committerdate --format %(refname) %(objectname) %(*objectname) [255ms]
2025-04-12 18:24:39.739 [info] > git for-each-ref --format=%(refname)%00%(upstream:short)%00%(objectname)%00%(upstream:track)%00%(upstream:remotename)%00%(upstream:remoteref) refs/heads/master refs/remotes/master [10ms]
2025-04-12 18:24:39.747 [info] > git rev-parse --show-toplevel [223ms]
2025-04-12 18:24:39.773 [info] > git config --local branch.master.vscode-merge-base [26ms]
2025-04-12 18:24:39.773 [warning] [Git][config] git config failed: Failed to execute git
2025-04-12 18:24:40.083 [info] > git reflog master --grep-reflog=branch: Created from *. [303ms]
2025-04-12 18:24:40.096 [info] > git rev-parse --show-toplevel [339ms]
2025-04-12 18:24:40.125 [info] > git symbolic-ref --short refs/remotes/origin/HEAD [28ms]
2025-04-12 18:24:40.125 [info] fatal: ref refs/remotes/origin/HEAD is not a symbolic ref
2025-04-12 18:24:40.125 [warning] [Repository][getDefaultBranch] Failed to get default branch details: Failed to execute git.
2025-04-12 18:24:40.143 [info] > git for-each-ref --format=%(refname)%00%(upstream:short)%00%(objectname)%00%(upstream:track)%00%(upstream:remotename)%00%(upstream:remoteref) refs/heads/master refs/remotes/master [159ms]
2025-04-12 18:24:40.221 [info] > git merge-base refs/heads/master refs/remotes/origin/master [82ms]
2025-04-12 18:24:40.241 [info] > git rev-parse --show-toplevel [119ms]
2025-04-12 18:24:40.309 [info] > git rev-parse --show-toplevel [43ms]
2025-04-12 18:24:40.310 [info] > git diff --name-status -z --diff-filter=ADMR ae54d5703c5e6277a64919db1dea687af7ee5769...refs/remotes/origin/master [70ms]
2025-04-12 18:24:40.385 [info] > git for-each-ref --sort -committerdate --format %(refname) %(objectname) %(*objectname) [37ms]
2025-04-12 18:24:40.475 [info] > git rev-parse --show-toplevel [115ms]
2025-04-12 18:24:40.520 [info] > git status -z -uall [195ms]
2025-04-12 18:24:40.579 [info] > git rev-parse --show-toplevel [64ms]
2025-04-12 18:24:40.597 [info] > git rev-parse --show-toplevel [3ms]
2025-04-12 18:24:40.812 [info] > git rev-parse --show-toplevel [202ms]
2025-04-12 18:24:40.859 [info] > git rev-parse --show-toplevel [31ms]
2025-04-12 18:24:40.913 [info] > git rev-parse --show-toplevel [17ms]
2025-04-12 18:24:40.926 [info] > git rev-parse --show-toplevel [2ms]
2025-04-12 18:24:40.944 [info] > git rev-parse --show-toplevel [5ms]
2025-04-12 18:24:40.970 [info] > git rev-parse --show-toplevel [5ms]
2025-04-12 18:24:40.986 [info] > git rev-parse --show-toplevel [3ms]
2025-04-12 18:24:40.987 [info] [Model][doInitialScan] Initial repository scan completed - repositories (1), closed repositories (0), parent repositories (0), unsafe repositories (0)
2025-04-12 18:24:41.024 [info] > git show --textconv :main.py [24ms]
2025-04-12 18:24:41.027 [info] > git ls-files --stage -- /home/apoorvtripathi537/main.py [7ms]
2025-04-12 18:24:41.043 [info] > git cat-file -s cd8b840c6a2cc57bb6082c3fa09575f889d656b4 [5ms]
2025-04-12 18:24:45.243 [info] > git for-each-ref --format=%(refname)%00%(upstream:short)%00%(objectname)%00%(upstream:track)%00%(upstream:remotename)%00%(upstream:remoteref) refs/heads/master refs/remotes/master [5ms]
2025-04-12 18:24:45.361 [info] > git for-each-ref --sort -committerdate --format %(refname) %(objectname) %(*objectname) [10ms]
2025-04-12 18:24:45.399 [info] > git status -z -uall [98ms]
2025-04-12 18:24:47.602 [info] > git show --textconv :test,py [23ms]
2025-04-12 18:24:47.614 [info] > git ls-files --stage -- /home/apoorvtripathi537/test,py [20ms]
2025-04-12 18:24:47.842 [info] > git check-ignore -v -z --stdin [12ms]
2025-04-12 18:24:50.646 [info] > git for-each-ref --format=%(refname)%00%(upstream:short)%00%(objectname)%00%(upstream:track)%00%(upstream:remotename)%00%(upstream:remoteref) refs/heads/master refs/remotes/master [4ms]
2025-04-12 18:24:50.684 [info] > git for-each-ref --sort -committerdate --format %(refname) %(objectname) %(*objectname) [4ms]
2025-04-12 18:24:50.726 [info] > git status -z -uall [67ms]
2025-04-12 18:24:59.161 [info] > git check-ignore -v -z --stdin [35ms]
2025-04-12 18:24:59.162 [info] > git show --textconv :test.py [18ms]
2025-04-12 18:24:59.164 [info] > git ls-files --stage -- /home/apoorvtripathi537/test.py [7ms]
2025-04-12 18:25:41.487 [info] > git for-each-ref --format=%(refname)%00%(upstream:short)%00%(objectname)%00%(upstream:track)%00%(upstream:remotename)%00%(upstream:remoteref) refs/heads/master refs/remotes/master [11ms]
2025-04-12 18:25:41.513 [info] > git for-each-ref --sort -committerdate --format %(refname) %(objectname) %(*objectname) [5ms]
2025-04-12 18:25:41.551 [info] > git status -z -uall [55ms]
2025-04-12 18:26:24.344 [info] > git for-each-ref --format=%(refname)%00%(upstream:short)%00%(objectname)%00%(upstream:track)%00%(upstream:remotename)%00%(upstream:remoteref) refs/heads/master refs/remotes/master [2ms]
2025-04-12 18:26:24.374 [info] > git for-each-ref --sort -committerdate --format %(refname) %(objectname) %(*objectname) [4ms]
2025-04-12 18:26:24.407 [info] > git status -z -uall [52ms]
2025-04-12 18:26:55.808 [info] > git for-each-ref --format=%(refname)%00%(upstream:short)%00%(objectname)%00%(upstream:track)%00%(upstream:remotename)%00%(upstream:remoteref) refs/heads/master refs/remotes/master [3ms]
2025-04-12 18:26:55.836 [info] > git for-each-ref --sort -committerdate --format %(refname) %(objectname) %(*objectname) [3ms]
2025-04-12 18:26:55.871 [info] > git status -z -uall [53ms]
2025-04-12 18:27:05.762 [info] > git for-each-ref --format=%(refname)%00%(upstream:short)%00%(objectname)%00%(upstream:track)%00%(upstream:remotename)%00%(upstream:remoteref) refs/heads/master refs/remotes/master [5ms]
2025-04-12 18:27:05.792 [info] > git for-each-ref --sort -committerdate --format %(refname) %(objectname) %(*objectname) [3ms]
2025-04-12 18:27:05.831 [info] > git status -z -uall [58ms]
2025-04-12 18:27:25.207 [info] > git for-each-ref --format=%(refname)%00%(upstream:short)%00%(objectname)%00%(upstream:track)%00%(upstream:remotename)%00%(upstream:remoteref) refs/heads/master refs/remotes/master [4ms]
2025-04-12 18:27:25.236 [info] > git for-each-ref --sort -committerdate --format %(refname) %(objectname) %(*objectname) [5ms]
2025-04-12 18:27:25.274 [info] > git status -z -uall [57ms]
2025-04-12 18:29:27.176 [info] > git for-each-ref --format=%(refname)%00%(upstream:short)%00%(objectname)%00%(upstream:track)%00%(upstream:remotename)%00%(upstream:remoteref) refs/heads/master refs/remotes/master [3ms]
2025-04-12 18:29:27.205 [info] > git for-each-ref --sort -committerdate --format %(refname) %(objectname) %(*objectname) [3ms]
2025-04-12 18:29:27.237 [info] > git status -z -uall [52ms]
2025-04-12 18:29:32.283 [info] > git for-each-ref --format=%(refname)%00%(upstream:short)%00%(objectname)%00%(upstream:track)%00%(upstream:remotename)%00%(upstream:remoteref) refs/heads/master refs/remotes/master [2ms]
2025-04-12 18:29:32.309 [info] > git for-each-ref --sort -committerdate --format %(refname) %(objectname) %(*objectname) [2ms]
2025-04-12 18:29:32.341 [info] > git status -z -uall [49ms]
2025-04-12 18:29:37.380 [info] > git for-each-ref --format=%(refname)%00%(upstream:short)%00%(objectname)%00%(upstream:track)%00%(upstream:remotename)%00%(upstream:remoteref) refs/heads/master refs/remotes/master [3ms]
2025-04-12 18:29:37.410 [info] > git for-each-ref --sort -committerdate --format %(refname) %(objectname) %(*objectname) [3ms]
2025-04-12 18:29:37.442 [info] > git status -z -uall [52ms]
2025-04-12 18:29:44.582 [info] > git for-each-ref --format=%(refname)%00%(upstream:short)%00%(objectname)%00%(upstream:track)%00%(upstream:remotename)%00%(upstream:remoteref) refs/heads/master refs/remotes/master [3ms]
2025-04-12 18:29:44.607 [info] > git for-each-ref --sort -committerdate --format %(refname) %(objectname) %(*objectname) [3ms]
2025-04-12 18:29:44.640 [info] > git status -z -uall [49ms]
2025-04-12 18:29:49.682 [info] > git for-each-ref --format=%(refname)%00%(upstream:short)%00%(objectname)%00%(upstream:track)%00%(upstream:remotename)%00%(upstream:remoteref) refs/heads/master refs/remotes/master [3ms]
2025-04-12 18:29:49.707 [info] > git for-each-ref --sort -committerdate --format %(refname) %(objectname) %(*objectname) [2ms]
2025-04-12 18:29:49.742 [info] > git status -z -uall [51ms]
2025-04-12 18:29:54.777 [info] > git for-each-ref --format=%(refname)%00%(upstream:short)%00%(objectname)%00%(upstream:track)%00%(upstream:remotename)%00%(upstream:remoteref) refs/heads/master refs/remotes/master [2ms]
2025-04-12 18:29:54.805 [info] > git for-each-ref --sort -committerdate --format %(refname) %(objectname) %(*objectname) [3ms]
2025-04-12 18:29:54.834 [info] > git status -z -uall [48ms]
2025-04-12 18:29:59.866 [info] > git for-each-ref --format=%(refname)%00%(upstream:short)%00%(objectname)%00%(upstream:track)%00%(upstream:remotename)%00%(upstream:remoteref) refs/heads/master refs/remotes/master [2ms]
2025-04-12 18:29:59.889 [info] > git for-each-ref --sort -committerdate --format %(refname) %(objectname) %(*objectname) [1ms]
2025-04-12 18:29:59.924 [info] > git status -z -uall [50ms]
2025-04-12 18:30:04.955 [info] > git for-each-ref --format=%(refname)%00%(upstream:short)%00%(objectname)%00%(upstream:track)%00%(upstream:remotename)%00%(upstream:remoteref) refs/heads/master refs/remotes/master [3ms]
2025-04-12 18:30:04.982 [info] > git for-each-ref --sort -committerdate --format %(refname) %(objectname) %(*objectname) [3ms]
2025-04-12 18:30:05.016 [info] > git status -z -uall [51ms]
2025-04-12 18:30:10.052 [info] > git for-each-ref --format=%(refname)%00%(upstream:short)%00%(objectname)%00%(upstream:track)%00%(upstream:remotename)%00%(upstream:remoteref) refs/heads/master refs/remotes/master [2ms]
2025-04-12 18:30:10.078 [info] > git for-each-ref --sort -committerdate --format %(refname) %(objectname) %(*objectname) [4ms]
2025-04-12 18:30:10.110 [info] > git status -z -uall [49ms]
2025-04-12 18:30:15.139 [info] > git for-each-ref --format=%(refname)%00%(upstream:short)%00%(objectname)%00%(upstream:track)%00%(upstream:remotename)%00%(upstream:remoteref) refs/heads/master refs/remotes/master [3ms]
2025-04-12 18:30:15.167 [info] > git for-each-ref --sort -committerdate --format %(refname) %(objectname) %(*objectname) [3ms]
2025-04-12 18:30:15.197 [info] > git status -z -uall [50ms]
2025-04-12 18:30:29.791 [info] > git for-each-ref --format=%(refname)%00%(upstream:short)%00%(objectname)%00%(upstream:track)%00%(upstream:remotename)%00%(upstream:remoteref) refs/heads/master refs/remotes/master [2ms]
2025-04-12 18:30:29.816 [info] > git for-each-ref --sort -committerdate --format %(refname) %(objectname) %(*objectname) [3ms]
2025-04-12 18:30:29.853 [info] > git status -z -uall [53ms]
2025-04-12 18:30:34.880 [info] > git for-each-ref --format=%(refname)%00%(upstream:short)%00%(objectname)%00%(upstream:track)%00%(upstream:remotename)%00%(upstream:remoteref) refs/heads/master refs/remotes/master [2ms]
2025-04-12 18:30:34.907 [info] > git for-each-ref --sort -committerdate --format %(refname) %(objectname) %(*objectname) [4ms]
2025-04-12 18:30:34.943 [info] > git status -z -uall [54ms]
2025-04-12 18:30:40.622 [info] > git for-each-ref --format=%(refname)%00%(upstream:short)%00%(objectname)%00%(upstream:track)%00%(upstream:remotename)%00%(upstream:remoteref) refs/heads/master refs/remotes/master [3ms]
2025-04-12 18:30:40.649 [info] > git for-each-ref --sort -committerdate --format %(refname) %(objectname) %(*objectname) [2ms]
2025-04-12 18:30:40.682 [info] > git status -z -uall [51ms]
2025-04-12 18:30:45.726 [info] > git for-each-ref --format=%(refname)%00%(upstream:short)%00%(objectname)%00%(upstream:track)%00%(upstream:remotename)%00%(upstream:remoteref) refs/heads/master refs/remotes/master [3ms]
2025-04-12 18:30:45.752 [info] > git for-each-ref --sort -committerdate --format %(refname) %(objectname) %(*objectname) [3ms]
2025-04-12 18:30:45.785 [info] > git status -z -uall [51ms]
2025-04-12 18:33:37.134 [info] > git for-each-ref --format=%(refname)%00%(upstream:short)%00%(objectname)%00%(upstream:track)%00%(upstream:remotename)%00%(upstream:remoteref) refs/heads/master refs/remotes/master [3ms]
2025-04-12 18:33:37.159 [info] > git for-each-ref --sort -committerdate --format %(refname) %(objectname) %(*objectname) [3ms]
2025-04-12 18:33:37.196 [info] > git status -z -uall [53ms]
2025-04-12 18:33:42.242 [info] > git for-each-ref --format=%(refname)%00%(upstream:short)%00%(objectname)%00%(upstream:track)%00%(upstream:remotename)%00%(upstream:remoteref) refs/heads/master refs/remotes/master [3ms]
2025-04-12 18:33:42.267 [info] > git for-each-ref --sort -committerdate --format %(refname) %(objectname) %(*objectname) [2ms]
2025-04-12 18:33:42.300 [info] > git status -z -uall [50ms]
2025-04-12 18:33:48.815 [info] > git for-each-ref --format=%(refname)%00%(upstream:short)%00%(objectname)%00%(upstream:track)%00%(upstream:remotename)%00%(upstream:remoteref) refs/heads/master refs/remotes/master [3ms]
2025-04-12 18:33:48.837 [info] > git for-each-ref --sort -committerdate --format %(refname) %(objectname) %(*objectname) [1ms]
2025-04-12 18:33:48.873 [info] > git status -z -uall [48ms]
2025-04-12 18:33:53.914 [info] > git for-each-ref --format=%(refname)%00%(upstream:short)%00%(objectname)%00%(upstream:track)%00%(upstream:remotename)%00%(upstream:remoteref) refs/heads/master refs/remotes/master [2ms]
2025-04-12 18:33:53.940 [info] > git for-each-ref --sort -committerdate --format %(refname) %(objectname) %(*objectname) [3ms]
2025-04-12 18:33:53.972 [info] > git status -z -uall [50ms]
2025-04-12 18:38:48.432 [info] > git for-each-ref --format=%(refname)%00%(upstream:short)%00%(objectname)%00%(upstream:track)%00%(upstream:remotename)%00%(upstream:remoteref) refs/heads/master refs/remotes/master [3ms]
2025-04-12 18:38:48.460 [info] > git for-each-ref --sort -committerdate --format %(refname) %(objectname) %(*objectname) [3ms]
2025-04-12 18:38:48.492 [info] > git status -z -uall [51ms]
2025-04-12 18:38:52.944 [info] > git show --textconv :main.py [11ms]
2025-04-12 18:38:52.948 [info] > git ls-files --stage -- /home/apoorvtripathi537/main.py [5ms]
2025-04-12 18:38:52.959 [info] > git cat-file -s cd8b840c6a2cc57bb6082c3fa09575f889d656b4 [2ms]
2025-04-12 18:38:53.536 [info] > git for-each-ref --format=%(refname)%00%(upstream:short)%00%(objectname)%00%(upstream:track)%00%(upstream:remotename)%00%(upstream:remoteref) refs/heads/master refs/remotes/master [3ms]
2025-04-12 18:38:53.564 [info] > git for-each-ref --sort -committerdate --format %(refname) %(objectname) %(*objectname) [3ms]
2025-04-12 18:38:53.596 [info] > git status -z -uall [50ms]
2025-04-12 18:38:58.633 [info] > git for-each-ref --format=%(refname)%00%(upstream:short)%00%(objectname)%00%(upstream:track)%00%(upstream:remotename)%00%(upstream:remoteref) refs/heads/master refs/remotes/master [2ms]
2025-04-12 18:38:58.659 [info] > git for-each-ref --sort -committerdate --format %(refname) %(objectname) %(*objectname) [2ms]
2025-04-12 18:38:58.693 [info] > git status -z -uall [51ms]
2025-04-12 18:39:03.727 [info] > git for-each-ref --format=%(refname)%00%(upstream:short)%00%(objectname)%00%(upstream:track)%00%(upstream:remotename)%00%(upstream:remoteref) refs/heads/master refs/remotes/master [3ms]
2025-04-12 18:39:03.759 [info] > git for-each-ref --sort -committerdate --format %(refname) %(objectname) %(*objectname) [4ms]
2025-04-12 18:39:03.792 [info] > git status -z -uall [55ms]
2025-04-12 18:39:08.825 [info] > git for-each-ref --format=%(refname)%00%(upstream:short)%00%(objectname)%00%(upstream:track)%00%(upstream:remotename)%00%(upstream:remoteref) refs/heads/master refs/remotes/master [3ms]
2025-04-12 18:39:08.852 [info] > git for-each-ref --sort -committerdate --format %(refname) %(objectname) %(*objectname) [3ms]
2025-04-12 18:39:08.883 [info] > git status -z -uall [49ms]
2025-04-12 18:39:09.904 [info] > git ls-files --stage -- /home/apoorvtripathi537/templates/index.html [7ms]
2025-04-12 18:39:09.953 [info] > git cat-file -s 902c5f11ef436a3619aa3853ed5ec2216e1a9a65 [40ms]
2025-04-12 18:39:09.954 [info] > git show --textconv :templates/index.html [70ms]
2025-04-12 18:39:14.181 [info] > git for-each-ref --format=%(refname)%00%(upstream:short)%00%(objectname)%00%(upstream:track)%00%(upstream:remotename)%00%(upstream:remoteref) refs/heads/master refs/remotes/master [2ms]
2025-04-12 18:39:14.208 [info] > git for-each-ref --sort -committerdate --format %(refname) %(objectname) %(*objectname) [3ms]
2025-04-12 18:39:14.242 [info] > git status -z -uall [51ms]
2025-04-12 18:39:19.272 [info] > git for-each-ref --format=%(refname)%00%(upstream:short)%00%(objectname)%00%(upstream:track)%00%(upstream:remotename)%00%(upstream:remoteref) refs/heads/master refs/remotes/master [2ms]
2025-04-12 18:39:19.304 [info] > git for-each-ref --sort -committerdate --format %(refname) %(objectname) %(*objectname) [3ms]
2025-04-12 18:39:19.335 [info] > git status -z -uall [52ms]
2025-04-12 18:39:24.367 [info] > git for-each-ref --format=%(refname)%00%(upstream:short)%00%(objectname)%00%(upstream:track)%00%(upstream:remotename)%00%(upstream:remoteref) refs/heads/master refs/remotes/master [2ms]
2025-04-12 18:39:24.393 [info] > git for-each-ref --sort -committerdate --format %(refname) %(objectname) %(*objectname) [3ms]
2025-04-12 18:39:24.423 [info] > git status -z -uall [48ms]
2025-04-12 18:39:29.449 [info] > git for-each-ref --format=%(refname)%00%(upstream:short)%00%(objectname)%00%(upstream:track)%00%(upstream:remotename)%00%(upstream:remoteref) refs/heads/master refs/remotes/master [2ms]
2025-04-12 18:39:29.476 [info] > git for-each-ref --sort -committerdate --format %(refname) %(objectname) %(*objectname) [2ms]
2025-04-12 18:39:29.506 [info] > git status -z -uall [47ms]
2025-04-12 18:39:34.543 [info] > git for-each-ref --format=%(refname)%00%(upstream:short)%00%(objectname)%00%(upstream:track)%00%(upstream:remotename)%00%(upstream:remoteref) refs/heads/master refs/remotes/master [2ms]
2025-04-12 18:39:34.567 [info] > git for-each-ref --sort -committerdate --format %(refname) %(objectname) %(*objectname) [2ms]
2025-04-12 18:39:34.602 [info] > git status -z -uall [50ms]
2025-04-12 18:42:23.698 [info] > git for-each-ref --format=%(refname)%00%(upstream:short)%00%(objectname)%00%(upstream:track)%00%(upstream:remotename)%00%(upstream:remoteref) refs/heads/master refs/remotes/master [4ms]
2025-04-12 18:42:23.725 [info] > git for-each-ref --sort -committerdate --format %(refname) %(objectname) %(*objectname) [2ms]
2025-04-12 18:42:23.769 [info] > git status -z -uall [60ms]
2025-04-12 18:42:28.818 [info] > git for-each-ref --format=%(refname)%00%(upstream:short)%00%(objectname)%00%(upstream:track)%00%(upstream:remotename)%00%(upstream:remoteref) refs/heads/master refs/remotes/master [2ms]
2025-04-12 18:42:28.842 [info] > git for-each-ref --sort -committerdate --format %(refname) %(objectname) %(*objectname) [3ms]
2025-04-12 18:42:28.880 [info] > git status -z -uall [53ms]
2025-04-12 18:42:34.371 [info] > git for-each-ref --format=%(refname)%00%(upstream:short)%00%(objectname)%00%(upstream:track)%00%(upstream:remotename)%00%(upstream:remoteref) refs/heads/master refs/remotes/master [2ms]
2025-04-12 18:42:34.398 [info] > git for-each-ref --sort -committerdate --format %(refname) %(objectname) %(*objectname) [3ms]
2025-04-12 18:42:34.432 [info] > git status -z -uall [52ms]
2025-04-12 18:44:41.183 [info] > git for-each-ref --format=%(refname)%00%(upstream:short)%00%(objectname)%00%(upstream:track)%00%(upstream:remotename)%00%(upstream:remoteref) refs/heads/master refs/remotes/master [4ms]
2025-04-12 18:44:41.209 [info] > git for-each-ref --sort -committerdate --format %(refname) %(objectname) %(*objectname) [2ms]
2025-04-12 18:44:41.244 [info] > git status -z -uall [51ms]
2025-04-12 18:44:44.618 [info] > git show --textconv :main.py [11ms]
2025-04-12 18:44:44.621 [info] > git ls-files --stage -- /home/apoorvtripathi537/main.py [5ms]
2025-04-12 18:44:44.631 [info] > git cat-file -s cd8b840c6a2cc57bb6082c3fa09575f889d656b4 [2ms]
2025-04-12 18:44:46.298 [info] > git for-each-ref --format=%(refname)%00%(upstream:short)%00%(objectname)%00%(upstream:track)%00%(upstream:remotename)%00%(upstream:remoteref) refs/heads/master refs/remotes/master [2ms]
2025-04-12 18:44:46.324 [info] > git for-each-ref --sort -committerdate --format %(refname) %(objectname) %(*objectname) [2ms]
2025-04-12 18:44:46.356 [info] > git status -z -uall [48ms]
2025-04-12 18:44:51.390 [info] > git for-each-ref --format=%(refname)%00%(upstream:short)%00%(objectname)%00%(upstream:track)%00%(upstream:remotename)%00%(upstream:remoteref) refs/heads/master refs/remotes/master [3ms]
2025-04-12 18:44:51.413 [info] > git for-each-ref --sort -committerdate --format %(refname) %(objectname) %(*objectname) [2ms]
2025-04-12 18:44:51.446 [info] > git status -z -uall [48ms]
2025-04-12 18:49:44.960 [info] > git for-each-ref --format=%(refname)%00%(upstream:short)%00%(objectname)%00%(upstream:track)%00%(upstream:remotename)%00%(upstream:remoteref) refs/heads/master refs/remotes/master [3ms]
2025-04-12 18:49:44.987 [info] > git for-each-ref --sort -committerdate --format %(refname) %(objectname) %(*objectname) [4ms]
2025-04-12 18:49:45.021 [info] > git status -z -uall [52ms]
2025-04-12 18:49:47.468 [info] > git show --textconv :test.py [9ms]
2025-04-12 18:49:47.472 [info] > git ls-files --stage -- /home/apoorvtripathi537/test.py [4ms]
2025-04-12 18:49:50.066 [info] > git for-each-ref --format=%(refname)%00%(upstream:short)%00%(objectname)%00%(upstream:track)%00%(upstream:remotename)%00%(upstream:remoteref) refs/heads/master refs/remotes/master [2ms]
2025-04-12 18:49:50.089 [info] > git for-each-ref --sort -committerdate --format %(refname) %(objectname) %(*objectname) [2ms]
2025-04-12 18:49:50.123 [info] > git status -z -uall [48ms]
2025-04-12 18:49:55.161 [info] > git for-each-ref --format=%(refname)%00%(upstream:short)%00%(objectname)%00%(upstream:track)%00%(upstream:remotename)%00%(upstream:remoteref) refs/heads/master refs/remotes/master [3ms]
2025-04-12 18:49:55.187 [info] > git for-each-ref --sort -committerdate --format %(refname) %(objectname) %(*objectname) [3ms]
2025-04-12 18:49:55.223 [info] > git status -z -uall [53ms]
2025-04-12 18:50:00.253 [info] > git for-each-ref --format=%(refname)%00%(upstream:short)%00%(objectname)%00%(upstream:track)%00%(upstream:remotename)%00%(upstream:remoteref) refs/heads/master refs/remotes/master [2ms]
2025-04-12 18:50:00.281 [info] > git for-each-ref --sort -committerdate --format %(refname) %(objectname) %(*objectname) [3ms]
2025-04-12 18:50:00.323 [info] > git status -z -uall [60ms]
2025-04-12 18:50:05.359 [info] > git for-each-ref --format=%(refname)%00%(upstream:short)%00%(objectname)%00%(upstream:track)%00%(upstream:remotename)%00%(upstream:remoteref) refs/heads/master refs/remotes/master [3ms]
2025-04-12 18:50:05.390 [info] > git for-each-ref --sort -committerdate --format %(refname) %(objectname) %(*objectname) [2ms]
2025-04-12 18:50:05.425 [info] > git status -z -uall [53ms]
2025-04-12 18:50:10.453 [info] > git for-each-ref --format=%(refname)%00%(upstream:short)%00%(objectname)%00%(upstream:track)%00%(upstream:remotename)%00%(upstream:remoteref) refs/heads/master refs/remotes/master [3ms]
2025-04-12 18:50:10.480 [info] > git for-each-ref --sort -committerdate --format %(refname) %(objectname) %(*objectname) [1ms]
2025-04-12 18:50:10.519 [info] > git status -z -uall [56ms]
2025-04-12 18:50:15.549 [info] > git for-each-ref --format=%(refname)%00%(upstream:short)%00%(objectname)%00%(upstream:track)%00%(upstream:remotename)%00%(upstream:remoteref) refs/heads/master refs/remotes/master [3ms]
2025-04-12 18:50:15.574 [info] > git for-each-ref --sort -committerdate --format %(refname) %(objectname) %(*objectname) [2ms]
2025-04-12 18:50:15.608 [info] > git status -z -uall [49ms]
2025-04-12 18:50:43.467 [info] > git for-each-ref --format=%(refname)%00%(upstream:short)%00%(objectname)%00%(upstream:track)%00%(upstream:remotename)%00%(upstream:remoteref) refs/heads/master refs/remotes/master [2ms]
2025-04-12 18:50:43.494 [info] > git for-each-ref --sort -committerdate --format %(refname) %(objectname) %(*objectname) [2ms]
2025-04-12 18:50:43.525 [info] > git status -z -uall [49ms]
2025-04-12 18:50:45.367 [info] > git show --textconv :templates/index.html [10ms]
2025-04-12 18:50:45.370 [info] > git ls-files --stage -- /home/apoorvtripathi537/templates/index.html [5ms]
2025-04-12 18:50:45.382 [info] > git cat-file -s 902c5f11ef436a3619aa3853ed5ec2216e1a9a65 [2ms]
2025-04-12 18:50:48.557 [info] > git for-each-ref --format=%(refname)%00%(upstream:short)%00%(objectname)%00%(upstream:track)%00%(upstream:remotename)%00%(upstream:remoteref) refs/heads/master refs/remotes/master [2ms]
2025-04-12 18:50:48.583 [info] > git for-each-ref --sort -committerdate --format %(refname) %(objectname) %(*objectname) [3ms]
2025-04-12 18:50:48.615 [info] > git status -z -uall [50ms]
2025-04-12 18:50:53.654 [info] > git for-each-ref --format=%(refname)%00%(upstream:short)%00%(objectname)%00%(upstream:track)%00%(upstream:remotename)%00%(upstream:remoteref) refs/heads/master refs/remotes/master [2ms]
2025-04-12 18:50:53.678 [info] > git for-each-ref --sort -committerdate --format %(refname) %(objectname) %(*objectname) [2ms]
2025-04-12 18:50:53.715 [info] > git status -z -uall [51ms]
2025-04-12 18:50:59.024 [info] > git for-each-ref --format=%(refname)%00%(upstream:short)%00%(objectname)%00%(upstream:track)%00%(upstream:remotename)%00%(upstream:remoteref) refs/heads/master refs/remotes/master [3ms]
2025-04-12 18:50:59.050 [info] > git for-each-ref --sort -committerdate --format %(refname) %(objectname) %(*objectname) [2ms]
2025-04-12 18:50:59.082 [info] > git status -z -uall [49ms]
2025-04-12 18:51:04.126 [info] > git for-each-ref --format=%(refname)%00%(upstream:short)%00%(objectname)%00%(upstream:track)%00%(upstream:remotename)%00%(upstream:remoteref) refs/heads/master refs/remotes/master [2ms]
2025-04-12 18:51:04.153 [info] > git for-each-ref --sort -committerdate --format %(refname) %(objectname) %(*objectname) [3ms]
2025-04-12 18:51:04.184 [info] > git status -z -uall [49ms]
2025-04-12 18:51:10.033 [info] > git for-each-ref --format=%(refname)%00%(upstream:short)%00%(objectname)%00%(upstream:track)%00%(upstream:remotename)%00%(upstream:remoteref) refs/heads/master refs/remotes/master [3ms]
2025-04-12 18:51:10.064 [info] > git for-each-ref --sort -committerdate --format %(refname) %(objectname) %(*objectname) [3ms]
2025-04-12 18:51:10.095 [info] > git status -z -uall [53ms]
2025-04-12 18:51:15.129 [info] > git for-each-ref --format=%(refname)%00%(upstream:short)%00%(objectname)%00%(upstream:track)%00%(upstream:remotename)%00%(upstream:remoteref) refs/heads/master refs/remotes/master [3ms]
2025-04-12 18:51:15.158 [info] > git for-each-ref --sort -committerdate --format %(refname) %(objectname) %(*objectname) [3ms]
2025-04-12 18:51:15.192 [info] > git status -z -uall [54ms]
2025-04-12 18:51:20.225 [info] > git for-each-ref --format=%(refname)%00%(upstream:short)%00%(objectname)%00%(upstream:track)%00%(upstream:remotename)%00%(upstream:remoteref) refs/heads/master refs/remotes/master [3ms]
2025-04-12 18:51:20.258 [info] > git for-each-ref --sort -committerdate --format %(refname) %(objectname) %(*objectname) [3ms]
2025-04-12 18:51:20.289 [info] > git status -z -uall [53ms]
2025-04-12 18:51:25.324 [info] > git for-each-ref --format=%(refname)%00%(upstream:short)%00%(objectname)%00%(upstream:track)%00%(upstream:remotename)%00%(upstream:remoteref) refs/heads/master refs/remotes/master [3ms]
2025-04-12 18:51:25.352 [info] > git for-each-ref --sort -committerdate --format %(refname) %(objectname) %(*objectname) [2ms]
2025-04-12 18:51:25.392 [info] > git status -z -uall [56ms]
2025-04-12 18:51:30.418 [info] > git for-each-ref --format=%(refname)%00%(upstream:short)%00%(objectname)%00%(upstream:track)%00%(upstream:remotename)%00%(upstream:remoteref) refs/heads/master refs/remotes/master [3ms]
2025-04-12 18:51:30.446 [info] > git for-each-ref --sort -committerdate --format %(refname) %(objectname) %(*objectname) [2ms]
2025-04-12 18:51:30.481 [info] > git status -z -uall [53ms]
2025-04-12 18:51:35.511 [info] > git for-each-ref --format=%(refname)%00%(upstream:short)%00%(objectname)%00%(upstream:track)%00%(upstream:remotename)%00%(upstream:remoteref) refs/heads/master refs/remotes/master [3ms]
2025-04-12 18:51:35.539 [info] > git for-each-ref --sort -committerdate --format %(refname) %(objectname) %(*objectname) [4ms]
2025-04-12 18:51:35.579 [info] > git status -z -uall [59ms]
2025-04-12 18:51:40.615 [info] > git for-each-ref --format=%(refname)%00%(upstream:short)%00%(objectname)%00%(upstream:track)%00%(upstream:remotename)%00%(upstream:remoteref) refs/heads/master refs/remotes/master [3ms]
2025-04-12 18:51:40.644 [info] > git for-each-ref --sort -committerdate --format %(refname) %(objectname) %(*objectname) [3ms]
2025-04-12 18:51:40.675 [info] > git status -z -uall [50ms]
2025-04-12 18:51:45.704 [info] > git for-each-ref --format=%(refname)%00%(upstream:short)%00%(objectname)%00%(upstream:track)%00%(upstream:remotename)%00%(upstream:remoteref) refs/heads/master refs/remotes/master [2ms]
2025-04-12 18:51:45.727 [info] > git for-each-ref --sort -committerdate --format %(refname) %(objectname) %(*objectname) [1ms]
2025-04-12 18:51:45.763 [info] > git status -z -uall [50ms]
2025-04-12 18:51:50.789 [info] > git for-each-ref --format=%(refname)%00%(upstream:short)%00%(objectname)%00%(upstream:track)%00%(upstream:remotename)%00%(upstream:remoteref) refs/heads/master refs/remotes/master [3ms]
2025-04-12 18:51:50.814 [info] > git for-each-ref --sort -committerdate --format %(refname) %(objectname) %(*objectname) [2ms]
2025-04-12 18:51:50.849 [info] > git status -z -uall [51ms]
2025-04-12 18:51:55.877 [info] > git for-each-ref --format=%(refname)%00%(upstream:short)%00%(objectname)%00%(upstream:track)%00%(upstream:remotename)%00%(upstream:remoteref) refs/heads/master refs/remotes/master [3ms]
2025-04-12 18:51:55.905 [info] > git for-each-ref --sort -committerdate --format %(refname) %(objectname) %(*objectname) [2ms]
2025-04-12 18:51:55.942 [info] > git status -z -uall [55ms]
2025-04-12 19:30:55.269 [info] > git for-each-ref --format=%(refname)%00%(upstream:short)%00%(objectname)%00%(upstream:track)%00%(upstream:remotename)%00%(upstream:remoteref) refs/heads/master refs/remotes/master [4ms]
2025-04-12 19:30:55.314 [info] > git for-each-ref --sort -committerdate --format %(refname) %(objectname) %(*objectname) [3ms]
2025-04-12 19:30:55.349 [info] > git status -z -uall [63ms]
2025-04-12 19:31:00.404 [info] > git for-each-ref --format=%(refname)%00%(upstream:short)%00%(objectname)%00%(upstream:track)%00%(upstream:remotename)%00%(upstream:remoteref) refs/heads/master refs/remotes/master [2ms]
2025-04-12 19:31:00.438 [info] > git for-each-ref --sort -committerdate --format %(refname) %(objectname) %(*objectname) [3ms]
2025-04-12 19:31:00.467 [info] > git status -z -uall [50ms]
2025-04-12 19:31:05.514 [info] > git for-each-ref --format=%(refname)%00%(upstream:short)%00%(objectname)%00%(upstream:track)%00%(upstream:remotename)%00%(upstream:remoteref) refs/heads/master refs/remotes/master [3ms]
2025-04-12 19:31:05.547 [info] > git for-each-ref --sort -committerdate --format %(refname) %(objectname) %(*objectname) [3ms]
2025-04-12 19:31:05.576 [info] > git status -z -uall [49ms]
2025-04-12 19:31:10.611 [info] > git for-each-ref --format=%(refname)%00%(upstream:short)%00%(objectname)%00%(upstream:track)%00%(upstream:remotename)%00%(upstream:remoteref) refs/heads/master refs/remotes/master [3ms]
2025-04-12 19:31:10.647 [info] > git for-each-ref --sort -committerdate --format %(refname) %(objectname) %(*objectname) [3ms]
2025-04-12 19:31:10.673 [info] > git status -z -uall [49ms]
2025-04-12 19:31:15.710 [info] > git for-each-ref --format=%(refname)%00%(upstream:short)%00%(objectname)%00%(upstream:track)%00%(upstream:remotename)%00%(upstream:remoteref) refs/heads/master refs/remotes/master [3ms]
2025-04-12 19:31:15.743 [info] > git for-each-ref --sort -committerdate --format %(refname) %(objectname) %(*objectname) [3ms]
2025-04-12 19:31:15.773 [info] > git status -z -uall [51ms]
