2025-04-12 22:19:14.261 [info] [main] Log level: Info
2025-04-12 22:19:14.261 [info] [main] Validating found git in: "git"
2025-04-12 22:19:14.361 [info] [main] Using git "2.43.0" from "git"
2025-04-12 22:19:14.361 [info] [Model][doInitialScan] Initial repository scan started
2025-04-12 22:19:14.548 [info] > git rev-parse --show-toplevel [163ms]
2025-04-12 22:19:14.556 [info] > git rev-parse --git-dir --git-common-dir [2ms]
2025-04-12 22:19:14.573 [info] [Model][openRepository] Opened repository: /home/apoorvtripathi537
2025-04-12 22:19:14.588 [info] > git rev-parse --show-toplevel [7ms]
2025-04-12 22:19:14.593 [info] > git rev-parse --show-toplevel [2ms]
2025-04-12 22:19:14.599 [info] > git rev-parse --show-toplevel [2ms]
2025-04-12 22:19:14.605 [info] > git rev-parse --show-toplevel [2ms]
2025-04-12 22:19:14.611 [info] > git rev-parse --show-toplevel [1ms]
2025-04-12 22:19:14.618 [info] > git rev-parse --show-toplevel [4ms]
2025-04-12 22:19:14.628 [info] > git rev-parse --show-toplevel [4ms]
2025-04-12 22:19:14.634 [info] > git rev-parse --show-toplevel [1ms]
2025-04-12 22:19:14.640 [info] > git rev-parse --show-toplevel [2ms]
2025-04-12 22:19:14.646 [info] > git rev-parse --show-toplevel [1ms]
2025-04-12 22:19:14.653 [info] > git rev-parse --show-toplevel [2ms]
2025-04-12 22:19:14.658 [info] > git rev-parse --show-toplevel [2ms]
2025-04-12 22:19:14.665 [info] > git rev-parse --show-toplevel [2ms]
2025-04-12 22:19:14.670 [info] > git rev-parse --show-toplevel [2ms]
2025-04-12 22:19:14.671 [info] [Model][doInitialScan] Initial repository scan completed - repositories (1), closed repositories (0), parent repositories (0), unsafe repositories (0)
2025-04-12 22:19:14.869 [info] > git for-each-ref --format=%(refname)%00%(upstream:short)%00%(objectname)%00%(upstream:track)%00%(upstream:remotename)%00%(upstream:remoteref) refs/heads/master refs/remotes/master [284ms]
2025-04-12 22:19:14.884 [info] > git for-each-ref --sort -committerdate --format %(refname) %(objectname) %(*objectname) [3ms]
2025-04-12 22:19:14.949 [info] > git ls-files --stage -- /home/apoorvtripathi537/main.py [5ms]
2025-04-12 22:19:14.956 [info] > git show --textconv :main.py [17ms]
2025-04-12 22:19:14.957 [info] > git cat-file -s cd8b840c6a2cc57bb6082c3fa09575f889d656b4 [3ms]
2025-04-12 22:19:15.139 [info] > git check-ignore -v -z --stdin [8ms]
2025-04-12 22:19:21.703 [info] > git status -z -uall [6827ms] (cancelled)
2025-04-12 22:19:21.715 [info] > git for-each-ref --format=%(refname)%00%(upstream:short)%00%(objectname)%00%(upstream:track)%00%(upstream:remotename)%00%(upstream:remoteref) refs/heads/master refs/remotes/master [2106ms]
2025-04-12 22:19:21.820 [info] > git config --local branch.master.vscode-merge-base [92ms]
2025-04-12 22:19:21.821 [warning] [Git][config] git config failed: Failed to execute git
2025-04-12 22:19:21.862 [info] > git for-each-ref --format=%(refname)%00%(upstream:short)%00%(objectname)%00%(upstream:track)%00%(upstream:remotename)%00%(upstream:remoteref) refs/heads/master refs/remotes/master [13ms]
2025-04-12 22:19:21.911 [info] > git for-each-ref --sort -committerdate --format %(refname) %(objectname) %(*objectname) [6ms]
2025-04-12 22:19:21.915 [info] > git reflog master --grep-reflog=branch: Created from *. [80ms]
2025-04-12 22:19:21.930 [info] > git symbolic-ref --short refs/remotes/origin/HEAD [2ms]
2025-04-12 22:19:21.930 [info] fatal: ref refs/remotes/origin/HEAD is not a symbolic ref
2025-04-12 22:19:21.930 [warning] [Repository][getDefaultBranch] Failed to get default branch details: Failed to execute git.
2025-04-12 22:19:21.961 [info] > git merge-base refs/heads/master refs/remotes/origin/master [2ms]
2025-04-12 22:19:21.988 [info] > git diff --name-status -z --diff-filter=ADMR ae54d5703c5e6277a64919db1dea687af7ee5769...refs/remotes/origin/master [5ms]
2025-04-12 22:19:23.617 [info] > git status -z -uall [1742ms] (cancelled)
2025-04-12 22:21:51.706 [info] > git show --textconv :script.js [19ms]
2025-04-12 22:21:51.707 [info] > git ls-files --stage -- /home/apoorvtripathi537/script.js [10ms]
2025-04-12 22:21:51.724 [info] > git cat-file -s 2cd6d04462786bbd603d3c51e1c9881b3f627f5d [8ms]
2025-04-12 22:21:56.643 [info] > git show --textconv :main.py [6ms]
2025-04-12 22:21:56.648 [info] > git ls-files --stage -- /home/apoorvtripathi537/main.py [6ms]
2025-04-12 22:21:56.655 [info] > git cat-file -s cd8b840c6a2cc57bb6082c3fa09575f889d656b4 [2ms]
2025-04-12 22:27:13.066 [info] > git check-ignore -v -z --stdin [6ms]
2025-04-12 22:37:09.776 [info] > git check-ignore -v -z --stdin [4ms]
2025-04-12 22:37:11.711 [info] > git show --textconv :uploads/9477665504721511_20250331.pdf [7ms]
2025-04-12 22:37:11.714 [info] > git ls-files --stage -- /home/apoorvtripathi537/uploads/9477665504721511_20250331.pdf [5ms]
2025-04-12 22:37:19.309 [info] > git show --textconv :main.py [16ms]
2025-04-12 22:37:19.310 [info] > git ls-files --stage -- /home/apoorvtripathi537/main.py [10ms]
2025-04-12 22:37:19.374 [info] > git cat-file -s cd8b840c6a2cc57bb6082c3fa09575f889d656b4 [55ms]
2025-04-12 22:37:56.579 [info] > git check-ignore -v -z --stdin [3ms]
2025-04-12 22:40:36.994 [info] > git show --textconv :uploads/Metamorphosis.pdf [8ms]
2025-04-12 22:40:36.997 [info] > git ls-files --stage -- /home/apoorvtripathi537/uploads/Metamorphosis.pdf [4ms]
2025-04-12 22:40:53.390 [info] > git show --textconv :main.py [38ms]
2025-04-12 22:40:53.415 [info] > git ls-files --stage -- /home/apoorvtripathi537/main.py [51ms]
2025-04-12 22:40:53.451 [info] > git cat-file -s cd8b840c6a2cc57bb6082c3fa09575f889d656b4 [31ms]
2025-04-12 22:54:01.230 [info] > git check-ignore -v -z --stdin [4ms]
2025-04-12 22:54:48.084 [info] > git show --textconv :uploads/Metamorphosis.pdf [8ms]
2025-04-12 22:54:48.087 [info] > git ls-files --stage -- /home/apoorvtripathi537/uploads/Metamorphosis.pdf [4ms]
2025-04-12 22:54:57.739 [info] > git show --textconv :main.py [8ms]
2025-04-12 22:54:57.742 [info] > git ls-files --stage -- /home/apoorvtripathi537/main.py [4ms]
2025-04-12 22:54:57.749 [info] > git cat-file -s cd8b840c6a2cc57bb6082c3fa09575f889d656b4 [2ms]
2025-04-12 23:03:20.088 [info] > git check-ignore -v -z --stdin [4ms]
2025-04-12 23:15:28.077 [info] > git check-ignore -v -z --stdin [4ms]
2025-04-12 23:15:32.079 [info] > git show --textconv :test.py [8ms]
2025-04-12 23:15:32.083 [info] > git ls-files --stage -- /home/apoorvtripathi537/test.py [6ms]
2025-04-12 23:18:58.508 [info] > git show --textconv :main.py [6ms]
2025-04-12 23:18:58.513 [info] > git ls-files --stage -- /home/apoorvtripathi537/main.py [6ms]
2025-04-12 23:18:58.520 [info] > git cat-file -s cd8b840c6a2cc57bb6082c3fa09575f889d656b4 [3ms]
2025-04-12 23:20:40.801 [info] > git check-ignore -v -z --stdin [5ms]
