2025-04-12 17:31:55.425 [info] [main] Log level: Info
2025-04-12 17:31:55.425 [info] [main] Validating found git in: "git"
2025-04-12 17:31:55.425 [info] [main] Using git "2.43.0" from "git"
2025-04-12 17:31:55.425 [info] [Model][doInitialScan] Initial repository scan started
2025-04-12 17:31:55.425 [info] > git rev-parse --show-toplevel [132ms]
2025-04-12 17:31:55.425 [info] > git rev-parse --git-dir --git-common-dir [2970ms]
2025-04-12 17:31:55.425 [info] [Model][openRepository] Opened repository: /home/apoorvtripathi537
2025-04-12 17:31:55.961 [info] > git for-each-ref --format=%(refname)%00%(upstream:short)%00%(objectname)%00%(upstream:track)%00%(upstream:remotename)%00%(upstream:remoteref) refs/heads/master refs/remotes/master [186ms]
2025-04-12 17:31:56.117 [info] > git status -z -uall [111ms]
2025-04-12 17:31:56.118 [info] > git for-each-ref --sort -committerdate --format %(refname) %(objectname) %(*objectname) [91ms]
2025-04-12 17:31:56.127 [info] > git rev-parse --show-toplevel [60ms]
2025-04-12 17:31:56.228 [info] > git check-ignore -v -z --stdin [30ms]
2025-04-12 17:31:56.258 [info] > git for-each-ref --format=%(refname)%00%(upstream:short)%00%(objectname)%00%(upstream:track)%00%(upstream:remotename)%00%(upstream:remoteref) refs/heads/master refs/remotes/master [72ms]
2025-04-12 17:31:56.459 [info] > git config --local branch.master.vscode-merge-base [190ms]
2025-04-12 17:31:56.460 [warning] [Git][config] git config failed: Failed to execute git
2025-04-12 17:31:56.468 [info] > git rev-parse --show-toplevel [259ms]
2025-04-12 17:31:56.482 [info] > git reflog master --grep-reflog=branch: Created from *. [15ms]
2025-04-12 17:31:56.559 [info] > git rev-parse --show-toplevel [79ms]
2025-04-12 17:31:56.599 [info] > git for-each-ref --format=%(refname)%00%(upstream:short)%00%(objectname)%00%(upstream:track)%00%(upstream:remotename)%00%(upstream:remoteref) refs/heads/master refs/remotes/master [42ms]
2025-04-12 17:31:56.600 [info] > git symbolic-ref --short refs/remotes/origin/HEAD [110ms]
2025-04-12 17:31:56.600 [info] fatal: ref refs/remotes/origin/HEAD is not a symbolic ref
2025-04-12 17:31:56.600 [warning] [Repository][getDefaultBranch] Failed to get default branch details: Failed to execute git.
2025-04-12 17:31:56.617 [info] > git merge-base refs/heads/master refs/remotes/origin/master [6ms]
2025-04-12 17:31:56.627 [info] > git rev-parse --show-toplevel [39ms]
2025-04-12 17:31:56.649 [info] > git rev-parse --show-toplevel [12ms]
2025-04-12 17:31:56.649 [info] > git diff --name-status -z --diff-filter=ADMR ae54d5703c5e6277a64919db1dea687af7ee5769...refs/remotes/origin/master [23ms]
2025-04-12 17:31:56.708 [info] > git for-each-ref --sort -committerdate --format %(refname) %(objectname) %(*objectname) [31ms]
2025-04-12 17:31:56.710 [info] > git rev-parse --show-toplevel [24ms]
2025-04-12 17:31:56.763 [info] > git status -z -uall [103ms]
2025-04-12 17:31:56.796 [info] > git rev-parse --show-toplevel [75ms]
2025-04-12 17:31:56.827 [info] > git rev-parse --show-toplevel [9ms]
2025-04-12 17:31:56.852 [info] > git rev-parse --show-toplevel [13ms]
2025-04-12 17:31:57.033 [info] > git rev-parse --show-toplevel [165ms]
2025-04-12 17:31:57.048 [info] > git rev-parse --show-toplevel [1ms]
2025-04-12 17:31:57.061 [info] > git rev-parse --show-toplevel [4ms]
2025-04-12 17:31:57.076 [info] > git rev-parse --show-toplevel [3ms]
2025-04-12 17:31:57.090 [info] > git rev-parse --show-toplevel [2ms]
2025-04-12 17:31:57.090 [info] [Model][doInitialScan] Initial repository scan completed - repositories (1), closed repositories (0), parent repositories (0), unsafe repositories (0)
2025-04-12 17:31:57.115 [info] > git show --textconv :script.js [13ms]
2025-04-12 17:31:57.120 [info] > git ls-files --stage -- /home/apoorvtripathi537/script.js [7ms]
2025-04-12 17:31:57.139 [info] > git cat-file -s 2cd6d04462786bbd603d3c51e1c9881b3f627f5d [6ms]
2025-04-12 17:31:58.212 [info] > git for-each-ref --format=%(refname)%00%(upstream:short)%00%(objectname)%00%(upstream:track)%00%(upstream:remotename)%00%(upstream:remoteref) refs/heads/master refs/remotes/master [17ms]
2025-04-12 17:31:58.271 [info] > git for-each-ref --sort -committerdate --format %(refname) %(objectname) %(*objectname) [4ms]
2025-04-12 17:31:58.330 [info] > git status -z -uall [83ms]
2025-04-12 17:32:00.483 [info] > git show --textconv :main.py [21ms]
2025-04-12 17:32:00.489 [info] > git ls-files --stage -- /home/apoorvtripathi537/main.py [11ms]
2025-04-12 17:32:00.511 [info] > git cat-file -s cd8b840c6a2cc57bb6082c3fa09575f889d656b4 [5ms]
2025-04-12 17:32:03.382 [info] > git for-each-ref --format=%(refname)%00%(upstream:short)%00%(objectname)%00%(upstream:track)%00%(upstream:remotename)%00%(upstream:remoteref) refs/heads/master refs/remotes/master [4ms]
2025-04-12 17:32:03.425 [info] > git for-each-ref --sort -committerdate --format %(refname) %(objectname) %(*objectname) [5ms]
2025-04-12 17:32:03.469 [info] > git status -z -uall [68ms]
2025-04-12 17:32:13.545 [info] > git for-each-ref --format=%(refname)%00%(upstream:short)%00%(objectname)%00%(upstream:track)%00%(upstream:remotename)%00%(upstream:remoteref) refs/heads/master refs/remotes/master [3ms]
2025-04-12 17:32:13.574 [info] > git for-each-ref --sort -committerdate --format %(refname) %(objectname) %(*objectname) [2ms]
2025-04-12 17:32:13.610 [info] > git status -z -uall [55ms]
2025-04-12 17:32:50.326 [info] > git for-each-ref --format=%(refname)%00%(upstream:short)%00%(objectname)%00%(upstream:track)%00%(upstream:remotename)%00%(upstream:remoteref) refs/heads/master refs/remotes/master [2ms]
2025-04-12 17:32:50.353 [info] > git for-each-ref --sort -committerdate --format %(refname) %(objectname) %(*objectname) [2ms]
2025-04-12 17:32:50.392 [info] > git status -z -uall [56ms]
2025-04-12 17:32:55.438 [info] > git for-each-ref --format=%(refname)%00%(upstream:short)%00%(objectname)%00%(upstream:track)%00%(upstream:remotename)%00%(upstream:remoteref) refs/heads/master refs/remotes/master [3ms]
2025-04-12 17:32:55.466 [info] > git for-each-ref --sort -committerdate --format %(refname) %(objectname) %(*objectname) [4ms]
2025-04-12 17:32:55.503 [info] > git status -z -uall [56ms]
2025-04-12 17:33:27.337 [info] > git check-ignore -v -z --stdin [5ms]
2025-04-12 17:37:39.466 [info] > git check-ignore -v -z --stdin [4ms]
2025-04-12 17:45:21.816 [info] > git for-each-ref --format=%(refname)%00%(upstream:short)%00%(objectname)%00%(upstream:track)%00%(upstream:remotename)%00%(upstream:remoteref) refs/heads/master refs/remotes/master [3ms]
2025-04-12 17:45:21.839 [info] > git for-each-ref --sort -committerdate --format %(refname) %(objectname) %(*objectname) [2ms]
2025-04-12 17:45:21.876 [info] > git status -z -uall [53ms]
2025-04-12 17:45:26.931 [info] > git for-each-ref --format=%(refname)%00%(upstream:short)%00%(objectname)%00%(upstream:track)%00%(upstream:remotename)%00%(upstream:remoteref) refs/heads/master refs/remotes/master [3ms]
2025-04-12 17:45:26.951 [info] > git for-each-ref --sort -committerdate --format %(refname) %(objectname) %(*objectname) [4ms]
2025-04-12 17:45:26.991 [info] > git status -z -uall [53ms]
2025-04-12 17:45:32.026 [info] > git for-each-ref --format=%(refname)%00%(upstream:short)%00%(objectname)%00%(upstream:track)%00%(upstream:remotename)%00%(upstream:remoteref) refs/heads/master refs/remotes/master [2ms]
2025-04-12 17:45:32.051 [info] > git for-each-ref --sort -committerdate --format %(refname) %(objectname) %(*objectname) [3ms]
2025-04-12 17:45:32.091 [info] > git status -z -uall [57ms]
2025-04-12 17:45:46.811 [info] > git for-each-ref --format=%(refname)%00%(upstream:short)%00%(objectname)%00%(upstream:track)%00%(upstream:remotename)%00%(upstream:remoteref) refs/heads/master refs/remotes/master [3ms]
2025-04-12 17:45:46.835 [info] > git for-each-ref --sort -committerdate --format %(refname) %(objectname) %(*objectname) [7ms]
2025-04-12 17:45:46.872 [info] > git status -z -uall [54ms]
2025-04-12 17:45:49.588 [info] > git ls-files --stage -- /home/apoorvtripathi537/requirements.txt [11ms]
2025-04-12 17:45:49.602 [info] > git show --textconv :requirements.txt [34ms]
2025-04-12 17:45:49.603 [info] > git cat-file -s a875bfd32905ac2096a4ae09487f6710d123142f [6ms]
2025-04-12 17:45:51.918 [info] > git for-each-ref --format=%(refname)%00%(upstream:short)%00%(objectname)%00%(upstream:track)%00%(upstream:remotename)%00%(upstream:remoteref) refs/heads/master refs/remotes/master [3ms]
2025-04-12 17:45:51.944 [info] > git for-each-ref --sort -committerdate --format %(refname) %(objectname) %(*objectname) [2ms]
2025-04-12 17:45:51.982 [info] > git status -z -uall [56ms]
2025-04-12 17:45:57.027 [info] > git for-each-ref --format=%(refname)%00%(upstream:short)%00%(objectname)%00%(upstream:track)%00%(upstream:remotename)%00%(upstream:remoteref) refs/heads/master refs/remotes/master [2ms]
2025-04-12 17:45:57.052 [info] > git for-each-ref --sort -committerdate --format %(refname) %(objectname) %(*objectname) [7ms]
2025-04-12 17:45:57.093 [info] > git status -z -uall [59ms]
2025-04-12 17:45:57.903 [info] > git show --textconv :main.py [11ms]
2025-04-12 17:45:57.908 [info] > git ls-files --stage -- /home/apoorvtripathi537/main.py [6ms]
2025-04-12 17:45:57.917 [info] > git cat-file -s cd8b840c6a2cc57bb6082c3fa09575f889d656b4 [2ms]
2025-04-12 17:46:02.134 [info] > git for-each-ref --format=%(refname)%00%(upstream:short)%00%(objectname)%00%(upstream:track)%00%(upstream:remotename)%00%(upstream:remoteref) refs/heads/master refs/remotes/master [3ms]
2025-04-12 17:46:02.163 [info] > git for-each-ref --sort -committerdate --format %(refname) %(objectname) %(*objectname) [4ms]
2025-04-12 17:46:02.198 [info] > git status -z -uall [55ms]
2025-04-12 17:46:07.235 [info] > git for-each-ref --format=%(refname)%00%(upstream:short)%00%(objectname)%00%(upstream:track)%00%(upstream:remotename)%00%(upstream:remoteref) refs/heads/master refs/remotes/master [3ms]
2025-04-12 17:46:07.262 [info] > git for-each-ref --sort -committerdate --format %(refname) %(objectname) %(*objectname) [5ms]
2025-04-12 17:46:07.299 [info] > git status -z -uall [56ms]
2025-04-12 17:46:40.494 [info] > git for-each-ref --format=%(refname)%00%(upstream:short)%00%(objectname)%00%(upstream:track)%00%(upstream:remotename)%00%(upstream:remoteref) refs/heads/master refs/remotes/master [2ms]
2025-04-12 17:46:40.520 [info] > git for-each-ref --sort -committerdate --format %(refname) %(objectname) %(*objectname) [3ms]
2025-04-12 17:46:40.553 [info] > git status -z -uall [51ms]
2025-04-12 17:46:45.598 [info] > git for-each-ref --format=%(refname)%00%(upstream:short)%00%(objectname)%00%(upstream:track)%00%(upstream:remotename)%00%(upstream:remoteref) refs/heads/master refs/remotes/master [2ms]
2025-04-12 17:46:45.625 [info] > git for-each-ref --sort -committerdate --format %(refname) %(objectname) %(*objectname) [3ms]
2025-04-12 17:46:45.660 [info] > git status -z -uall [53ms]
2025-04-12 17:47:17.521 [info] > git check-ignore -v -z --stdin [4ms]
2025-04-12 17:57:15.384 [info] > git for-each-ref --format=%(refname)%00%(upstream:short)%00%(objectname)%00%(upstream:track)%00%(upstream:remotename)%00%(upstream:remoteref) refs/heads/master refs/remotes/master [3ms]
2025-04-12 17:57:15.405 [info] > git for-each-ref --sort -committerdate --format %(refname) %(objectname) %(*objectname) [4ms]
2025-04-12 17:57:15.445 [info] > git status -z -uall [52ms]
2025-04-12 17:57:20.487 [info] > git for-each-ref --format=%(refname)%00%(upstream:short)%00%(objectname)%00%(upstream:track)%00%(upstream:remotename)%00%(upstream:remoteref) refs/heads/master refs/remotes/master [3ms]
2025-04-12 17:57:20.508 [info] > git for-each-ref --sort -committerdate --format %(refname) %(objectname) %(*objectname) [4ms]
2025-04-12 17:57:20.548 [info] > git status -z -uall [53ms]
2025-04-12 17:57:22.753 [info] > git show --textconv :test.py [27ms]
2025-04-12 17:57:22.772 [info] > git ls-files --stage -- /home/apoorvtripathi537/test.py [38ms]
2025-04-12 17:57:22.934 [info] > git check-ignore -v -z --stdin [5ms]
2025-04-12 17:57:25.587 [info] > git for-each-ref --format=%(refname)%00%(upstream:short)%00%(objectname)%00%(upstream:track)%00%(upstream:remotename)%00%(upstream:remoteref) refs/heads/master refs/remotes/master [2ms]
2025-04-12 17:57:25.607 [info] > git for-each-ref --sort -committerdate --format %(refname) %(objectname) %(*objectname) [4ms]
2025-04-12 17:57:25.644 [info] > git status -z -uall [50ms]
2025-04-12 17:57:30.667 [info] > git for-each-ref --format=%(refname)%00%(upstream:short)%00%(objectname)%00%(upstream:track)%00%(upstream:remotename)%00%(upstream:remoteref) refs/heads/master refs/remotes/master [2ms]
2025-04-12 17:57:30.688 [info] > git for-each-ref --sort -committerdate --format %(refname) %(objectname) %(*objectname) [4ms]
2025-04-12 17:57:30.726 [info] > git status -z -uall [51ms]
2025-04-12 17:57:35.753 [info] > git for-each-ref --format=%(refname)%00%(upstream:short)%00%(objectname)%00%(upstream:track)%00%(upstream:remotename)%00%(upstream:remoteref) refs/heads/master refs/remotes/master [2ms]
2025-04-12 17:57:35.776 [info] > git for-each-ref --sort -committerdate --format %(refname) %(objectname) %(*objectname) [2ms]
2025-04-12 17:57:35.809 [info] > git status -z -uall [48ms]
2025-04-12 17:57:40.835 [info] > git for-each-ref --format=%(refname)%00%(upstream:short)%00%(objectname)%00%(upstream:track)%00%(upstream:remotename)%00%(upstream:remoteref) refs/heads/master refs/remotes/master [3ms]
2025-04-12 17:57:40.856 [info] > git for-each-ref --sort -committerdate --format %(refname) %(objectname) %(*objectname) [4ms]
2025-04-12 17:57:40.894 [info] > git status -z -uall [52ms]
2025-04-12 17:57:45.925 [info] > git for-each-ref --format=%(refname)%00%(upstream:short)%00%(objectname)%00%(upstream:track)%00%(upstream:remotename)%00%(upstream:remoteref) refs/heads/master refs/remotes/master [3ms]
2025-04-12 17:57:45.949 [info] > git for-each-ref --sort -committerdate --format %(refname) %(objectname) %(*objectname) [4ms]
2025-04-12 17:57:45.984 [info] > git status -z -uall [51ms]
2025-04-12 17:57:51.009 [info] > git for-each-ref --format=%(refname)%00%(upstream:short)%00%(objectname)%00%(upstream:track)%00%(upstream:remotename)%00%(upstream:remoteref) refs/heads/master refs/remotes/master [3ms]
2025-04-12 17:57:51.031 [info] > git for-each-ref --sort -committerdate --format %(refname) %(objectname) %(*objectname) [5ms]
2025-04-12 17:57:51.065 [info] > git status -z -uall [49ms]
2025-04-12 17:57:56.090 [info] > git for-each-ref --format=%(refname)%00%(upstream:short)%00%(objectname)%00%(upstream:track)%00%(upstream:remotename)%00%(upstream:remoteref) refs/heads/master refs/remotes/master [2ms]
2025-04-12 17:57:56.112 [info] > git for-each-ref --sort -committerdate --format %(refname) %(objectname) %(*objectname) [6ms]
2025-04-12 17:57:56.146 [info] > git status -z -uall [49ms]
2025-04-12 17:58:10.881 [info] > git for-each-ref --format=%(refname)%00%(upstream:short)%00%(objectname)%00%(upstream:track)%00%(upstream:remotename)%00%(upstream:remoteref) refs/heads/master refs/remotes/master [3ms]
2025-04-12 17:58:10.901 [info] > git for-each-ref --sort -committerdate --format %(refname) %(objectname) %(*objectname) [3ms]
2025-04-12 17:58:10.940 [info] > git status -z -uall [52ms]
2025-04-12 17:58:15.972 [info] > git for-each-ref --format=%(refname)%00%(upstream:short)%00%(objectname)%00%(upstream:track)%00%(upstream:remotename)%00%(upstream:remoteref) refs/heads/master refs/remotes/master [2ms]
2025-04-12 17:58:15.992 [info] > git for-each-ref --sort -committerdate --format %(refname) %(objectname) %(*objectname) [4ms]
2025-04-12 17:58:16.028 [info] > git status -z -uall [49ms]
2025-04-12 17:58:21.061 [info] > git for-each-ref --format=%(refname)%00%(upstream:short)%00%(objectname)%00%(upstream:track)%00%(upstream:remotename)%00%(upstream:remoteref) refs/heads/master refs/remotes/master [3ms]
2025-04-12 17:58:21.080 [info] > git for-each-ref --sort -committerdate --format %(refname) %(objectname) %(*objectname) [2ms]
2025-04-12 17:58:21.117 [info] > git status -z -uall [49ms]
2025-04-12 17:58:26.149 [info] > git for-each-ref --format=%(refname)%00%(upstream:short)%00%(objectname)%00%(upstream:track)%00%(upstream:remotename)%00%(upstream:remoteref) refs/heads/master refs/remotes/master [3ms]
2025-04-12 17:58:26.171 [info] > git for-each-ref --sort -committerdate --format %(refname) %(objectname) %(*objectname) [1ms]
2025-04-12 17:58:26.205 [info] > git status -z -uall [49ms]
2025-04-12 17:58:27.308 [info] > git show --textconv :requirements.txt [10ms]
2025-04-12 17:58:27.311 [info] > git ls-files --stage -- /home/apoorvtripathi537/requirements.txt [5ms]
2025-04-12 17:58:27.321 [info] > git cat-file -s a875bfd32905ac2096a4ae09487f6710d123142f [2ms]
2025-04-12 17:58:31.235 [info] > git for-each-ref --format=%(refname)%00%(upstream:short)%00%(objectname)%00%(upstream:track)%00%(upstream:remotename)%00%(upstream:remoteref) refs/heads/master refs/remotes/master [2ms]
2025-04-12 17:58:31.261 [info] > git for-each-ref --sort -committerdate --format %(refname) %(objectname) %(*objectname) [2ms]
2025-04-12 17:58:31.301 [info] > git status -z -uall [58ms]
2025-04-12 17:58:36.337 [info] > git for-each-ref --format=%(refname)%00%(upstream:short)%00%(objectname)%00%(upstream:track)%00%(upstream:remotename)%00%(upstream:remoteref) refs/heads/master refs/remotes/master [4ms]
2025-04-12 17:58:36.364 [info] > git for-each-ref --sort -committerdate --format %(refname) %(objectname) %(*objectname) [3ms]
2025-04-12 17:58:36.404 [info] > git status -z -uall [60ms]
2025-04-12 17:58:43.250 [info] > git for-each-ref --format=%(refname)%00%(upstream:short)%00%(objectname)%00%(upstream:track)%00%(upstream:remotename)%00%(upstream:remoteref) refs/heads/master refs/remotes/master [3ms]
2025-04-12 17:58:43.278 [info] > git for-each-ref --sort -committerdate --format %(refname) %(objectname) %(*objectname) [3ms]
2025-04-12 17:58:43.317 [info] > git status -z -uall [58ms]
2025-04-12 17:58:44.537 [info] > git show --textconv :test.py [9ms]
2025-04-12 17:58:44.541 [info] > git ls-files --stage -- /home/apoorvtripathi537/test.py [5ms]
2025-04-12 17:58:48.356 [info] > git for-each-ref --format=%(refname)%00%(upstream:short)%00%(objectname)%00%(upstream:track)%00%(upstream:remotename)%00%(upstream:remoteref) refs/heads/master refs/remotes/master [3ms]
2025-04-12 17:58:48.391 [info] > git for-each-ref --sort -committerdate --format %(refname) %(objectname) %(*objectname) [2ms]
2025-04-12 17:58:48.428 [info] > git status -z -uall [63ms]
2025-04-12 17:58:53.463 [info] > git for-each-ref --format=%(refname)%00%(upstream:short)%00%(objectname)%00%(upstream:track)%00%(upstream:remotename)%00%(upstream:remoteref) refs/heads/master refs/remotes/master [3ms]
2025-04-12 17:58:53.494 [info] > git for-each-ref --sort -committerdate --format %(refname) %(objectname) %(*objectname) [3ms]
2025-04-12 17:58:53.528 [info] > git status -z -uall [57ms]
2025-04-12 17:58:58.552 [info] > git for-each-ref --format=%(refname)%00%(upstream:short)%00%(objectname)%00%(upstream:track)%00%(upstream:remotename)%00%(upstream:remoteref) refs/heads/master refs/remotes/master [3ms]
2025-04-12 17:58:58.577 [info] > git for-each-ref --sort -committerdate --format %(refname) %(objectname) %(*objectname) [2ms]
2025-04-12 17:58:58.621 [info] > git status -z -uall [61ms]
2025-04-12 17:59:03.646 [info] > git for-each-ref --format=%(refname)%00%(upstream:short)%00%(objectname)%00%(upstream:track)%00%(upstream:remotename)%00%(upstream:remoteref) refs/heads/master refs/remotes/master [3ms]
2025-04-12 17:59:03.671 [info] > git for-each-ref --sort -committerdate --format %(refname) %(objectname) %(*objectname) [4ms]
2025-04-12 17:59:03.711 [info] > git status -z -uall [58ms]
2025-04-12 17:59:08.737 [info] > git for-each-ref --format=%(refname)%00%(upstream:short)%00%(objectname)%00%(upstream:track)%00%(upstream:remotename)%00%(upstream:remoteref) refs/heads/master refs/remotes/master [3ms]
2025-04-12 17:59:08.762 [info] > git for-each-ref --sort -committerdate --format %(refname) %(objectname) %(*objectname) [4ms]
2025-04-12 17:59:08.801 [info] > git status -z -uall [56ms]
2025-04-12 17:59:13.834 [info] > git for-each-ref --format=%(refname)%00%(upstream:short)%00%(objectname)%00%(upstream:track)%00%(upstream:remotename)%00%(upstream:remoteref) refs/heads/master refs/remotes/master [3ms]
2025-04-12 17:59:13.858 [info] > git for-each-ref --sort -committerdate --format %(refname) %(objectname) %(*objectname) [7ms]
2025-04-12 17:59:13.895 [info] > git status -z -uall [54ms]
2025-04-12 17:59:18.929 [info] > git for-each-ref --format=%(refname)%00%(upstream:short)%00%(objectname)%00%(upstream:track)%00%(upstream:remotename)%00%(upstream:remoteref) refs/heads/master refs/remotes/master [3ms]
2025-04-12 17:59:18.954 [info] > git for-each-ref --sort -committerdate --format %(refname) %(objectname) %(*objectname) [3ms]
2025-04-12 17:59:18.995 [info] > git status -z -uall [59ms]
2025-04-12 17:59:24.024 [info] > git for-each-ref --format=%(refname)%00%(upstream:short)%00%(objectname)%00%(upstream:track)%00%(upstream:remotename)%00%(upstream:remoteref) refs/heads/master refs/remotes/master [2ms]
2025-04-12 17:59:24.051 [info] > git for-each-ref --sort -committerdate --format %(refname) %(objectname) %(*objectname) [5ms]
2025-04-12 17:59:24.094 [info] > git status -z -uall [62ms]
2025-04-12 18:01:02.278 [info] > git for-each-ref --format=%(refname)%00%(upstream:short)%00%(objectname)%00%(upstream:track)%00%(upstream:remotename)%00%(upstream:remoteref) refs/heads/master refs/remotes/master [3ms]
2025-04-12 18:01:02.306 [info] > git for-each-ref --sort -committerdate --format %(refname) %(objectname) %(*objectname) [3ms]
2025-04-12 18:01:02.341 [info] > git status -z -uall [55ms]
2025-04-12 18:01:07.377 [info] > git for-each-ref --format=%(refname)%00%(upstream:short)%00%(objectname)%00%(upstream:track)%00%(upstream:remotename)%00%(upstream:remoteref) refs/heads/master refs/remotes/master [2ms]
2025-04-12 18:01:07.401 [info] > git for-each-ref --sort -committerdate --format %(refname) %(objectname) %(*objectname) [3ms]
2025-04-12 18:01:07.439 [info] > git status -z -uall [55ms]
2025-04-12 18:01:12.486 [info] > git for-each-ref --format=%(refname)%00%(upstream:short)%00%(objectname)%00%(upstream:track)%00%(upstream:remotename)%00%(upstream:remoteref) refs/heads/master refs/remotes/master [4ms]
2025-04-12 18:01:12.510 [info] > git for-each-ref --sort -committerdate --format %(refname) %(objectname) %(*objectname) [2ms]
2025-04-12 18:01:12.551 [info] > git status -z -uall [56ms]
2025-04-12 18:01:17.590 [info] > git for-each-ref --format=%(refname)%00%(upstream:short)%00%(objectname)%00%(upstream:track)%00%(upstream:remotename)%00%(upstream:remoteref) refs/heads/master refs/remotes/master [3ms]
2025-04-12 18:01:17.616 [info] > git for-each-ref --sort -committerdate --format %(refname) %(objectname) %(*objectname) [3ms]
2025-04-12 18:01:17.657 [info] > git status -z -uall [59ms]
2025-04-12 18:01:22.690 [info] > git for-each-ref --format=%(refname)%00%(upstream:short)%00%(objectname)%00%(upstream:track)%00%(upstream:remotename)%00%(upstream:remoteref) refs/heads/master refs/remotes/master [3ms]
2025-04-12 18:01:22.715 [info] > git for-each-ref --sort -committerdate --format %(refname) %(objectname) %(*objectname) [3ms]
2025-04-12 18:01:22.755 [info] > git status -z -uall [57ms]
2025-04-12 18:02:08.847 [info] > git for-each-ref --format=%(refname)%00%(upstream:short)%00%(objectname)%00%(upstream:track)%00%(upstream:remotename)%00%(upstream:remoteref) refs/heads/master refs/remotes/master [3ms]
2025-04-12 18:02:08.872 [info] > git for-each-ref --sort -committerdate --format %(refname) %(objectname) %(*objectname) [5ms]
2025-04-12 18:02:08.924 [info] > git status -z -uall [69ms]
2025-04-12 18:02:13.970 [info] > git for-each-ref --format=%(refname)%00%(upstream:short)%00%(objectname)%00%(upstream:track)%00%(upstream:remotename)%00%(upstream:remoteref) refs/heads/master refs/remotes/master [3ms]
2025-04-12 18:02:13.998 [info] > git for-each-ref --sort -committerdate --format %(refname) %(objectname) %(*objectname) [2ms]
2025-04-12 18:02:14.041 [info] > git status -z -uall [62ms]
2025-04-12 18:02:26.786 [info] > git for-each-ref --format=%(refname)%00%(upstream:short)%00%(objectname)%00%(upstream:track)%00%(upstream:remotename)%00%(upstream:remoteref) refs/heads/master refs/remotes/master [3ms]
2025-04-12 18:02:26.813 [info] > git for-each-ref --sort -committerdate --format %(refname) %(objectname) %(*objectname) [2ms]
2025-04-12 18:02:26.861 [info] > git status -z -uall [66ms]
2025-04-12 18:02:31.907 [info] > git for-each-ref --format=%(refname)%00%(upstream:short)%00%(objectname)%00%(upstream:track)%00%(upstream:remotename)%00%(upstream:remoteref) refs/heads/master refs/remotes/master [5ms]
2025-04-12 18:02:31.938 [info] > git for-each-ref --sort -committerdate --format %(refname) %(objectname) %(*objectname) [7ms]
2025-04-12 18:02:32.004 [info] > git status -z -uall [85ms]
2025-04-12 18:02:37.043 [info] > git for-each-ref --format=%(refname)%00%(upstream:short)%00%(objectname)%00%(upstream:track)%00%(upstream:remotename)%00%(upstream:remoteref) refs/heads/master refs/remotes/master [4ms]
2025-04-12 18:02:37.066 [info] > git for-each-ref --sort -committerdate --format %(refname) %(objectname) %(*objectname) [4ms]
2025-04-12 18:02:37.116 [info] > git status -z -uall [64ms]
2025-04-12 18:02:42.146 [info] > git for-each-ref --format=%(refname)%00%(upstream:short)%00%(objectname)%00%(upstream:track)%00%(upstream:remotename)%00%(upstream:remoteref) refs/heads/master refs/remotes/master [3ms]
2025-04-12 18:02:42.178 [info] > git for-each-ref --sort -committerdate --format %(refname) %(objectname) %(*objectname) [4ms]
2025-04-12 18:02:42.214 [info] > git status -z -uall [59ms]
2025-04-12 18:02:47.247 [info] > git for-each-ref --format=%(refname)%00%(upstream:short)%00%(objectname)%00%(upstream:track)%00%(upstream:remotename)%00%(upstream:remoteref) refs/heads/master refs/remotes/master [4ms]
2025-04-12 18:02:47.277 [info] > git for-each-ref --sort -committerdate --format %(refname) %(objectname) %(*objectname) [4ms]
2025-04-12 18:02:47.319 [info] > git status -z -uall [62ms]
2025-04-12 18:02:52.354 [info] > git for-each-ref --format=%(refname)%00%(upstream:short)%00%(objectname)%00%(upstream:track)%00%(upstream:remotename)%00%(upstream:remoteref) refs/heads/master refs/remotes/master [2ms]
2025-04-12 18:02:52.384 [info] > git for-each-ref --sort -committerdate --format %(refname) %(objectname) %(*objectname) [4ms]
2025-04-12 18:02:52.421 [info] > git status -z -uall [58ms]
2025-04-12 18:02:57.466 [info] > git for-each-ref --format=%(refname)%00%(upstream:short)%00%(objectname)%00%(upstream:track)%00%(upstream:remotename)%00%(upstream:remoteref) refs/heads/master refs/remotes/master [3ms]
2025-04-12 18:02:57.500 [info] > git for-each-ref --sort -committerdate --format %(refname) %(objectname) %(*objectname) [1ms]
2025-04-12 18:02:57.537 [info] > git status -z -uall [58ms]
2025-04-12 18:03:02.568 [info] > git for-each-ref --format=%(refname)%00%(upstream:short)%00%(objectname)%00%(upstream:track)%00%(upstream:remotename)%00%(upstream:remoteref) refs/heads/master refs/remotes/master [3ms]
2025-04-12 18:03:02.595 [info] > git for-each-ref --sort -committerdate --format %(refname) %(objectname) %(*objectname) [2ms]
2025-04-12 18:03:02.630 [info] > git status -z -uall [54ms]
2025-04-12 18:03:07.664 [info] > git for-each-ref --format=%(refname)%00%(upstream:short)%00%(objectname)%00%(upstream:track)%00%(upstream:remotename)%00%(upstream:remoteref) refs/heads/master refs/remotes/master [3ms]
2025-04-12 18:03:07.687 [info] > git for-each-ref --sort -committerdate --format %(refname) %(objectname) %(*objectname) [3ms]
2025-04-12 18:03:07.726 [info] > git status -z -uall [55ms]
2025-04-12 18:07:24.031 [info] > git for-each-ref --format=%(refname)%00%(upstream:short)%00%(objectname)%00%(upstream:track)%00%(upstream:remotename)%00%(upstream:remoteref) refs/heads/master refs/remotes/master [3ms]
2025-04-12 18:07:24.059 [info] > git for-each-ref --sort -committerdate --format %(refname) %(objectname) %(*objectname) [3ms]
2025-04-12 18:07:24.095 [info] > git status -z -uall [56ms]
2025-04-12 18:07:29.146 [info] > git for-each-ref --format=%(refname)%00%(upstream:short)%00%(objectname)%00%(upstream:track)%00%(upstream:remotename)%00%(upstream:remoteref) refs/heads/master refs/remotes/master [2ms]
2025-04-12 18:07:29.175 [info] > git for-each-ref --sort -committerdate --format %(refname) %(objectname) %(*objectname) [4ms]
2025-04-12 18:07:29.208 [info] > git status -z -uall [53ms]
2025-04-12 18:07:45.761 [info] > git for-each-ref --format=%(refname)%00%(upstream:short)%00%(objectname)%00%(upstream:track)%00%(upstream:remotename)%00%(upstream:remoteref) refs/heads/master refs/remotes/master [3ms]
2025-04-12 18:07:45.788 [info] > git for-each-ref --sort -committerdate --format %(refname) %(objectname) %(*objectname) [2ms]
2025-04-12 18:07:45.823 [info] > git status -z -uall [54ms]
2025-04-12 18:07:50.854 [info] > git for-each-ref --format=%(refname)%00%(upstream:short)%00%(objectname)%00%(upstream:track)%00%(upstream:remotename)%00%(upstream:remoteref) refs/heads/master refs/remotes/master [3ms]
2025-04-12 18:07:50.881 [info] > git for-each-ref --sort -committerdate --format %(refname) %(objectname) %(*objectname) [3ms]
2025-04-12 18:07:50.914 [info] > git status -z -uall [51ms]
2025-04-12 18:07:55.950 [info] > git for-each-ref --format=%(refname)%00%(upstream:short)%00%(objectname)%00%(upstream:track)%00%(upstream:remotename)%00%(upstream:remoteref) refs/heads/master refs/remotes/master [3ms]
2025-04-12 18:07:55.974 [info] > git for-each-ref --sort -committerdate --format %(refname) %(objectname) %(*objectname) [2ms]
2025-04-12 18:07:56.012 [info] > git status -z -uall [54ms]
2025-04-12 18:08:01.044 [info] > git for-each-ref --format=%(refname)%00%(upstream:short)%00%(objectname)%00%(upstream:track)%00%(upstream:remotename)%00%(upstream:remoteref) refs/heads/master refs/remotes/master [3ms]
2025-04-12 18:08:01.070 [info] > git for-each-ref --sort -committerdate --format %(refname) %(objectname) %(*objectname) [8ms]
2025-04-12 18:08:01.112 [info] > git status -z -uall [61ms]
2025-04-12 18:08:06.140 [info] > git for-each-ref --format=%(refname)%00%(upstream:short)%00%(objectname)%00%(upstream:track)%00%(upstream:remotename)%00%(upstream:remoteref) refs/heads/master refs/remotes/master [3ms]
2025-04-12 18:08:06.177 [info] > git for-each-ref --sort -committerdate --format %(refname) %(objectname) %(*objectname) [1ms]
2025-04-12 18:08:06.213 [info] > git status -z -uall [63ms]
2025-04-12 18:08:11.772 [info] > git for-each-ref --format=%(refname)%00%(upstream:short)%00%(objectname)%00%(upstream:track)%00%(upstream:remotename)%00%(upstream:remoteref) refs/heads/master refs/remotes/master [2ms]
2025-04-12 18:08:11.798 [info] > git for-each-ref --sort -committerdate --format %(refname) %(objectname) %(*objectname) [1ms]
2025-04-12 18:08:11.839 [info] > git status -z -uall [60ms]
2025-04-12 18:08:16.881 [info] > git for-each-ref --format=%(refname)%00%(upstream:short)%00%(objectname)%00%(upstream:track)%00%(upstream:remotename)%00%(upstream:remoteref) refs/heads/master refs/remotes/master [2ms]
2025-04-12 18:08:16.908 [info] > git for-each-ref --sort -committerdate --format %(refname) %(objectname) %(*objectname) [4ms]
2025-04-12 18:08:16.944 [info] > git status -z -uall [55ms]
2025-04-12 18:08:21.987 [info] > git for-each-ref --format=%(refname)%00%(upstream:short)%00%(objectname)%00%(upstream:track)%00%(upstream:remotename)%00%(upstream:remoteref) refs/heads/master refs/remotes/master [3ms]
2025-04-12 18:08:22.012 [info] > git for-each-ref --sort -committerdate --format %(refname) %(objectname) %(*objectname) [2ms]
2025-04-12 18:08:22.051 [info] > git status -z -uall [56ms]
2025-04-12 18:12:43.012 [info] > git for-each-ref --format=%(refname)%00%(upstream:short)%00%(objectname)%00%(upstream:track)%00%(upstream:remotename)%00%(upstream:remoteref) refs/heads/master refs/remotes/master [3ms]
2025-04-12 18:12:43.040 [info] > git for-each-ref --sort -committerdate --format %(refname) %(objectname) %(*objectname) [3ms]
2025-04-12 18:12:43.082 [info] > git status -z -uall [61ms]
2025-04-12 18:12:48.139 [info] > git for-each-ref --format=%(refname)%00%(upstream:short)%00%(objectname)%00%(upstream:track)%00%(upstream:remotename)%00%(upstream:remoteref) refs/heads/master refs/remotes/master [4ms]
2025-04-12 18:12:48.167 [info] > git for-each-ref --sort -committerdate --format %(refname) %(objectname) %(*objectname) [5ms]
2025-04-12 18:12:48.205 [info] > git status -z -uall [56ms]
2025-04-12 18:12:53.248 [info] > git for-each-ref --format=%(refname)%00%(upstream:short)%00%(objectname)%00%(upstream:track)%00%(upstream:remotename)%00%(upstream:remoteref) refs/heads/master refs/remotes/master [2ms]
2025-04-12 18:12:53.272 [info] > git for-each-ref --sort -committerdate --format %(refname) %(objectname) %(*objectname) [4ms]
2025-04-12 18:12:53.308 [info] > git status -z -uall [53ms]
2025-04-12 18:12:58.338 [info] > git for-each-ref --format=%(refname)%00%(upstream:short)%00%(objectname)%00%(upstream:track)%00%(upstream:remotename)%00%(upstream:remoteref) refs/heads/master refs/remotes/master [2ms]
2025-04-12 18:12:58.364 [info] > git for-each-ref --sort -committerdate --format %(refname) %(objectname) %(*objectname) [3ms]
2025-04-12 18:12:58.399 [info] > git status -z -uall [54ms]
2025-04-12 18:13:17.375 [info] > git for-each-ref --format=%(refname)%00%(upstream:short)%00%(objectname)%00%(upstream:track)%00%(upstream:remotename)%00%(upstream:remoteref) refs/heads/master refs/remotes/master [4ms]
2025-04-12 18:13:17.403 [info] > git for-each-ref --sort -committerdate --format %(refname) %(objectname) %(*objectname) [3ms]
2025-04-12 18:13:17.439 [info] > git status -z -uall [56ms]
2025-04-12 18:13:22.470 [info] > git for-each-ref --format=%(refname)%00%(upstream:short)%00%(objectname)%00%(upstream:track)%00%(upstream:remotename)%00%(upstream:remoteref) refs/heads/master refs/remotes/master [3ms]
2025-04-12 18:13:22.497 [info] > git for-each-ref --sort -committerdate --format %(refname) %(objectname) %(*objectname) [4ms]
2025-04-12 18:13:22.533 [info] > git status -z -uall [56ms]
2025-04-12 18:13:25.215 [info] > git show --textconv :requirements.txt [10ms]
2025-04-12 18:13:25.219 [info] > git ls-files --stage -- /home/apoorvtripathi537/requirements.txt [5ms]
2025-04-12 18:13:25.229 [info] > git cat-file -s a875bfd32905ac2096a4ae09487f6710d123142f [2ms]
2025-04-12 18:13:27.570 [info] > git for-each-ref --format=%(refname)%00%(upstream:short)%00%(objectname)%00%(upstream:track)%00%(upstream:remotename)%00%(upstream:remoteref) refs/heads/master refs/remotes/master [2ms]
2025-04-12 18:13:27.599 [info] > git for-each-ref --sort -committerdate --format %(refname) %(objectname) %(*objectname) [3ms]
2025-04-12 18:13:27.633 [info] > git status -z -uall [53ms]
2025-04-12 18:13:32.666 [info] > git for-each-ref --format=%(refname)%00%(upstream:short)%00%(objectname)%00%(upstream:track)%00%(upstream:remotename)%00%(upstream:remoteref) refs/heads/master refs/remotes/master [2ms]
2025-04-12 18:13:32.690 [info] > git for-each-ref --sort -committerdate --format %(refname) %(objectname) %(*objectname) [3ms]
2025-04-12 18:13:32.733 [info] > git status -z -uall [59ms]
2025-04-12 18:14:58.547 [info] > git for-each-ref --format=%(refname)%00%(upstream:short)%00%(objectname)%00%(upstream:track)%00%(upstream:remotename)%00%(upstream:remoteref) refs/heads/master refs/remotes/master [3ms]
2025-04-12 18:14:58.576 [info] > git for-each-ref --sort -committerdate --format %(refname) %(objectname) %(*objectname) [2ms]
2025-04-12 18:14:58.607 [info] > git status -z -uall [52ms]
2025-04-12 18:22:30.273 [info] > git check-ignore -v -z --stdin [6ms]
2025-04-12 18:22:31.574 [info] > git for-each-ref --format=%(refname)%00%(upstream:short)%00%(objectname)%00%(upstream:track)%00%(upstream:remotename)%00%(upstream:remoteref) refs/heads/master refs/remotes/master [3ms]
2025-04-12 18:22:31.601 [info] > git for-each-ref --sort -committerdate --format %(refname) %(objectname) %(*objectname) [5ms]
2025-04-12 18:22:31.638 [info] > git status -z -uall [56ms]
2025-04-12 18:22:36.686 [info] > git for-each-ref --format=%(refname)%00%(upstream:short)%00%(objectname)%00%(upstream:track)%00%(upstream:remotename)%00%(upstream:remoteref) refs/heads/master refs/remotes/master [3ms]
2025-04-12 18:22:36.711 [info] > git for-each-ref --sort -committerdate --format %(refname) %(objectname) %(*objectname) [6ms]
2025-04-12 18:22:36.752 [info] > git status -z -uall [59ms]
2025-04-12 18:22:47.424 [info] > git show --textconv :main.py [10ms]
2025-04-12 18:22:47.428 [info] > git ls-files --stage -- /home/apoorvtripathi537/main.py [5ms]
2025-04-12 18:22:47.440 [info] > git cat-file -s cd8b840c6a2cc57bb6082c3fa09575f889d656b4 [3ms]
2025-04-12 18:23:36.317 [info] > git for-each-ref --format=%(refname)%00%(upstream:short)%00%(objectname)%00%(upstream:track)%00%(upstream:remotename)%00%(upstream:remoteref) refs/heads/master refs/remotes/master [2ms]
2025-04-12 18:23:36.343 [info] > git for-each-ref --sort -committerdate --format %(refname) %(objectname) %(*objectname) [4ms]
2025-04-12 18:23:36.379 [info] > git status -z -uall [55ms]
2025-04-12 18:23:41.423 [info] > git for-each-ref --format=%(refname)%00%(upstream:short)%00%(objectname)%00%(upstream:track)%00%(upstream:remotename)%00%(upstream:remoteref) refs/heads/master refs/remotes/master [3ms]
2025-04-12 18:23:41.448 [info] > git for-each-ref --sort -committerdate --format %(refname) %(objectname) %(*objectname) [3ms]
2025-04-12 18:23:41.483 [info] > git status -z -uall [53ms]
