2025-02-23 17:26:02.923 [info] [main] Log level: Info
2025-02-23 17:26:02.923 [info] [main] Validating found git in: "git"
2025-02-23 17:26:02.923 [info] [main] Using git "2.43.0" from "git"
2025-02-23 17:26:02.923 [info] [Model][doInitialScan] Initial repository scan started
2025-02-23 17:26:02.923 [info] > git rev-parse --show-toplevel [2ms]
2025-02-23 17:26:02.923 [info] > git rev-parse --git-dir --git-common-dir [12ms]
2025-02-23 17:26:02.923 [info] [Model][openRepository] Opened repository: /home/apoorvtripathi537
2025-02-23 17:26:02.923 [info] > git config --get commit.template [9ms]
2025-02-23 17:26:02.929 [info] > git for-each-ref --format=%(refname)%00%(upstream:short)%00%(objectname)%00%(upstream:track)%00%(upstream:remotename)%00%(upstream:remoteref) refs/heads/master refs/remotes/master [3ms]
2025-02-23 17:26:02.946 [info] > git for-each-ref --sort -committerdate --format %(refname) %(objectname) %(*objectname) [6ms]
2025-02-23 17:26:02.948 [info] > git rev-parse --show-toplevel [5ms]
2025-02-23 17:26:02.956 [info] > git rev-parse --show-toplevel [3ms]
2025-02-23 17:26:02.961 [info] > git status -z -uall [27ms]
2025-02-23 17:26:02.977 [info] > git for-each-ref --format=%(refname)%00%(upstream:short)%00%(objectname)%00%(upstream:track)%00%(upstream:remotename)%00%(upstream:remoteref) refs/heads/master refs/remotes/master [7ms]
2025-02-23 17:26:02.981 [info] > git rev-parse --show-toplevel [21ms]
2025-02-23 17:26:02.986 [info] > git config --get commit.template [9ms]
2025-02-23 17:26:02.987 [info] > git rev-parse --show-toplevel [2ms]
2025-02-23 17:26:02.988 [info] > git config --local branch.master.vscode-merge-base [7ms]
2025-02-23 17:26:02.988 [warning] [Git][config] git config failed: Failed to execute git
2025-02-23 17:26:03.074 [info] > git reflog master --grep-reflog=branch: Created from *. [82ms]
2025-02-23 17:26:03.079 [info] > git rev-parse --show-toplevel [49ms]
2025-02-23 17:26:03.080 [info] > git for-each-ref --format=%(refname)%00%(upstream:short)%00%(objectname)%00%(upstream:track)%00%(upstream:remotename)%00%(upstream:remoteref) refs/heads/master refs/remotes/master [55ms]
2025-02-23 17:26:03.094 [info] > git symbolic-ref --short refs/remotes/origin/HEAD [16ms]
2025-02-23 17:26:03.094 [info] fatal: ref refs/remotes/origin/HEAD is not a symbolic ref
2025-02-23 17:26:03.094 [warning] [Repository][getDefaultBranch] Failed to get default branch details: Failed to execute git.
2025-02-23 17:26:03.097 [info] > git rev-parse --show-toplevel [4ms]
2025-02-23 17:26:03.097 [info] > git for-each-ref --sort -committerdate --format %(refname) %(objectname) %(*objectname) [8ms]
2025-02-23 17:26:03.104 [info] > git rev-parse --show-toplevel [3ms]
2025-02-23 17:26:03.108 [info] > git status -z -uall [25ms]
2025-02-23 17:26:03.113 [info] > git rev-parse --show-toplevel [6ms]
2025-02-23 17:26:03.118 [info] > git rev-parse --show-toplevel [1ms]
2025-02-23 17:26:03.123 [info] > git rev-parse --show-toplevel [2ms]
2025-02-23 17:26:03.132 [info] > git rev-parse --show-toplevel [6ms]
2025-02-23 17:26:03.137 [info] > git rev-parse --show-toplevel [2ms]
2025-02-23 17:26:03.142 [info] > git rev-parse --show-toplevel [1ms]
2025-02-23 17:26:03.146 [info] > git rev-parse --show-toplevel [1ms]
2025-02-23 17:26:03.147 [info] [Model][doInitialScan] Initial repository scan completed - repositories (1), closed repositories (0), parent repositories (0), unsafe repositories (0)
2025-02-23 17:26:03.594 [info] > git show --textconv :main.py [281ms]
2025-02-23 17:26:03.594 [info] > git check-ignore -v -z --stdin [8ms]
2025-02-23 17:26:03.596 [info] > git ls-files --stage -- /home/apoorvtripathi537/main.py [278ms]
2025-02-23 17:26:03.604 [info] > git cat-file -s 30873b97b4b526e51162cbcbe4d49bd01dc3c25d [4ms]
2025-02-23 17:26:07.841 [info] > git config --get commit.template [2272ms]
2025-02-23 17:26:07.888 [info] > git for-each-ref --format=%(refname)%00%(upstream:short)%00%(objectname)%00%(upstream:track)%00%(upstream:remotename)%00%(upstream:remoteref) refs/heads/master refs/remotes/master [4ms]
2025-02-23 17:26:07.904 [info] > git for-each-ref --sort -committerdate --format %(refname) %(objectname) %(*objectname) [3ms]
2025-02-23 17:26:07.913 [info] > git status -z -uall [19ms]
