2025-04-01 02:34:27.497 [info] Extension host with pid 1249 started
2025-04-01 02:34:27.497 [error] Error: EEXIST: file already exists, open '/home/apoorvtripathi537/.codeoss/data/User/workspaceStorage/-554792f2/vscode.lock'
2025-04-01 02:34:27.521 [info] Lock '/home/apoorvtripathi537/.codeoss/data/User/workspaceStorage/-554792f2/vscode.lock': Could not acquire lock, checking if the file is stale.
2025-04-01 02:34:27.528 [info] Lock '/home/apoorvtripathi537/.codeoss/data/User/workspaceStorage/-554792f2/vscode.lock': The pid 8105 appears to be gone.
2025-04-01 02:34:27.528 [info] Lock '/home/apoorvtripathi537/.codeoss/data/User/workspaceStorage/-554792f2/vscode.lock': Deleting a stale lock.
2025-04-01 02:34:27.537 [info] Lock '/home/apoorvtripathi537/.codeoss/data/User/workspaceStorage/-554792f2/vscode.lock': Lock acquired.
2025-04-01 02:34:27.994 [info] ExtensionService#_doActivateExtension vscode.emmet, startup: false, activationEvent: 'onLanguage'
2025-04-01 02:34:27.996 [info] ExtensionService#_doActivateExtension ms-python.python, startup: false, activationEvent: 'onLanguage:python'
2025-04-01 02:34:28.848 [error] Error: spawn /google/devshell/editor/code-oss-for-cloud-shell/extensions/ms-python.python/python-env-tools/bin/pet ENOENT
	at ChildProcess._handle.onexit (node:internal/child_process:286:19)
	at onErrorNT (node:internal/child_process:484:16)
	at process.processTicksAndRejections (node:internal/process/task_queues:82:21)
2025-04-01 02:34:28.997 [info] ExtensionService#_doActivateExtension vscode.git-base, startup: true, activationEvent: '*', root cause: vscode.git
2025-04-01 02:34:29.501 [info] ExtensionService#_doActivateExtension vscode.git, startup: true, activationEvent: '*'
2025-04-01 02:34:29.501 [info] ExtensionService#_doActivateExtension vscode.github, startup: true, activationEvent: '*'
2025-04-01 02:34:30.477 [info] ExtensionService#_doActivateExtension redhat.fabric8-analytics, startup: true, activationEvent: 'workspaceContains:**/package.json,**/pom.xml,**/go.mod,**/requirements.txt,**/build.gradle,**/Dockerfile,**/Containerfile'
2025-04-01 02:34:31.282 [info] Eager extensions activated
2025-04-01 02:34:31.283 [info] ExtensionService#_doActivateExtension EditorConfig.EditorConfig, startup: false, activationEvent: 'onStartupFinished'
2025-04-01 02:34:31.284 [info] ExtensionService#_doActivateExtension google.cloud-shell, startup: false, activationEvent: 'onStartupFinished'
2025-04-01 02:34:31.284 [info] ExtensionService#_doActivateExtension google.geminicodeassist, startup: false, activationEvent: 'onStartupFinished', root cause: googlecloudtools.cloudcode
2025-04-01 02:34:31.285 [info] ExtensionService#_doActivateExtension vscode.debug-auto-launch, startup: false, activationEvent: 'onStartupFinished'
2025-04-01 02:34:31.286 [info] ExtensionService#_doActivateExtension vscode.merge-conflict, startup: false, activationEvent: 'onStartupFinished'
2025-04-01 02:34:33.039 [warning] [Decorations] CAPPING events from decorations provider vscode.git 809
2025-04-01 02:34:33.655 [warning] [Decorations] CAPPING events from decorations provider vscode.git 811
2025-04-01 02:34:33.962 [info] ExtensionService#_doActivateExtension vscode.github-authentication, startup: false, activationEvent: 'onAuthenticationRequest:github'
2025-04-01 02:34:34.881 [info] ExtensionService#_doActivateExtension vscode.configuration-editing, startup: false, activationEvent: 'onLanguage:jsonc'
2025-04-01 02:34:34.881 [info] ExtensionService#_doActivateExtension vscode.json-language-features, startup: false, activationEvent: 'onLanguage:jsonc'
2025-04-01 02:34:34.882 [info] ExtensionService#_doActivateExtension vscode.typescript-language-features, startup: false, activationEvent: 'onLanguage:jsonc'
2025-04-01 02:34:36.050 [error] unauthorized.
2025-04-01 02:34:40.789 [warning] [Decorations] CAPPING events from decorations provider vscode.git 813
2025-04-01 02:34:46.004 [warning] [Decorations] CAPPING events from decorations provider vscode.git 813
2025-04-01 02:34:47.510 [error] unauthorized. cloudshell.authorize {"value":"google.cloud-shell","_lower":"google.cloud-shell"}
2025-04-01 02:34:47.549 [info] ExtensionService#_doActivateExtension googlecloudtools.cloudcode, startup: false, activationEvent: 'onStartupFinished'
2025-04-01 02:34:51.250 [warning] [Decorations] CAPPING events from decorations provider vscode.git 822
2025-04-01 02:34:56.475 [warning] [Decorations] CAPPING events from decorations provider vscode.git 798
2025-04-01 02:35:01.710 [warning] [Decorations] CAPPING events from decorations provider vscode.git 798
2025-04-01 02:35:10.403 [warning] [Decorations] CAPPING events from decorations provider vscode.git 799
2025-04-01 02:35:15.627 [warning] [Decorations] CAPPING events from decorations provider vscode.git 799
2025-04-01 02:35:20.854 [warning] [Decorations] CAPPING events from decorations provider vscode.git 799
2025-04-01 02:35:26.089 [warning] [Decorations] CAPPING events from decorations provider vscode.git 800
2025-04-01 02:35:38.493 [warning] [Decorations] CAPPING events from decorations provider vscode.git 801
2025-04-01 02:35:49.873 [warning] [Decorations] CAPPING events from decorations provider vscode.git 801
2025-04-01 02:35:55.094 [warning] [Decorations] CAPPING events from decorations provider vscode.git 801
2025-04-01 02:36:46.476 [warning] [Decorations] CAPPING events from decorations provider vscode.git 801
2025-04-01 02:36:52.458 [warning] [Decorations] CAPPING events from decorations provider vscode.git 801
2025-04-01 02:36:57.707 [warning] [Decorations] CAPPING events from decorations provider vscode.git 801
2025-04-01 02:37:02.929 [warning] [Decorations] CAPPING events from decorations provider vscode.git 801
2025-04-01 02:37:08.146 [warning] [Decorations] CAPPING events from decorations provider vscode.git 801
2025-04-01 02:37:13.364 [warning] [Decorations] CAPPING events from decorations provider vscode.git 801
2025-04-01 02:37:18.579 [warning] [Decorations] CAPPING events from decorations provider vscode.git 801
2025-04-01 02:37:23.793 [warning] [Decorations] CAPPING events from decorations provider vscode.git 801
2025-04-01 02:37:30.558 [warning] [Decorations] CAPPING events from decorations provider vscode.git 801
2025-04-01 02:37:35.791 [warning] [Decorations] CAPPING events from decorations provider vscode.git 801
2025-04-01 02:37:41.011 [warning] [Decorations] CAPPING events from decorations provider vscode.git 801
2025-04-01 02:37:46.232 [warning] [Decorations] CAPPING events from decorations provider vscode.git 801
2025-04-01 02:37:51.443 [warning] [Decorations] CAPPING events from decorations provider vscode.git 802
2025-04-01 02:37:57.915 [warning] [Decorations] CAPPING events from decorations provider vscode.git 802
2025-04-01 02:38:23.105 [warning] [Decorations] CAPPING events from decorations provider vscode.git 802
2025-04-01 02:38:28.338 [warning] [Decorations] CAPPING events from decorations provider vscode.git 802
2025-04-01 02:39:05.250 [warning] [Decorations] CAPPING events from decorations provider vscode.git 802
2025-04-01 02:39:10.479 [warning] [Decorations] CAPPING events from decorations provider vscode.git 802
2025-04-01 02:39:15.698 [warning] [Decorations] CAPPING events from decorations provider vscode.git 802
2025-04-01 02:39:20.922 [warning] [Decorations] CAPPING events from decorations provider vscode.git 802
2025-04-01 02:39:26.142 [warning] [Decorations] CAPPING events from decorations provider vscode.git 802
2025-04-01 02:39:31.376 [warning] [Decorations] CAPPING events from decorations provider vscode.git 802
2025-04-01 02:39:36.609 [warning] [Decorations] CAPPING events from decorations provider vscode.git 803
2025-04-01 02:39:48.943 [warning] [Decorations] CAPPING events from decorations provider vscode.git 803
2025-04-01 02:39:54.170 [warning] [Decorations] CAPPING events from decorations provider vscode.git 803
2025-04-01 02:40:30.261 [warning] [Decorations] CAPPING events from decorations provider vscode.git 804
2025-04-01 02:40:34.212 [info] ExtensionService#_doActivateExtension vscode.media-preview, startup: false, activationEvent: 'onCustomEditor:vscode.audioPreview'
2025-04-01 02:40:35.487 [warning] [Decorations] CAPPING events from decorations provider vscode.git 804
2025-04-01 02:40:40.706 [warning] [Decorations] CAPPING events from decorations provider vscode.git 804
2025-04-01 02:40:45.921 [warning] [Decorations] CAPPING events from decorations provider vscode.git 803
2025-04-01 02:40:51.138 [warning] [Decorations] CAPPING events from decorations provider vscode.git 803
2025-04-01 02:40:56.371 [warning] [Decorations] CAPPING events from decorations provider vscode.git 802
2025-04-01 02:41:01.590 [warning] [Decorations] CAPPING events from decorations provider vscode.git 801
2025-04-01 02:41:06.804 [warning] [Decorations] CAPPING events from decorations provider vscode.git 801
2025-04-01 02:41:15.444 [warning] [Decorations] CAPPING events from decorations provider vscode.git 800
2025-04-01 02:41:20.658 [warning] [Decorations] CAPPING events from decorations provider vscode.git 800
2025-04-01 02:42:06.369 [warning] [Decorations] CAPPING events from decorations provider vscode.git 800
2025-04-01 02:48:16.393 [warning] [Decorations] CAPPING events from decorations provider vscode.git 802
2025-04-01 02:48:49.896 [warning] [Decorations] CAPPING events from decorations provider vscode.git 802
2025-04-01 02:48:55.123 [warning] [Decorations] CAPPING events from decorations provider vscode.git 802
2025-04-01 02:51:41.795 [warning] [Decorations] CAPPING events from decorations provider vscode.git 802
2025-04-01 02:51:47.022 [warning] [Decorations] CAPPING events from decorations provider vscode.git 802
2025-04-01 02:51:52.251 [warning] [Decorations] CAPPING events from decorations provider vscode.git 802
2025-04-01 02:55:10.056 [warning] [Decorations] CAPPING events from decorations provider vscode.git 802
2025-04-01 02:55:15.284 [warning] [Decorations] CAPPING events from decorations provider vscode.git 802
2025-04-01 02:55:20.502 [warning] [Decorations] CAPPING events from decorations provider vscode.git 802
2025-04-01 02:55:25.718 [warning] [Decorations] CAPPING events from decorations provider vscode.git 802
2025-04-01 02:55:30.938 [warning] [Decorations] CAPPING events from decorations provider vscode.git 802
2025-04-01 02:55:36.161 [warning] [Decorations] CAPPING events from decorations provider vscode.git 802
2025-04-01 02:55:41.377 [warning] [Decorations] CAPPING events from decorations provider vscode.git 802
2025-04-01 02:55:47.203 [warning] [Decorations] CAPPING events from decorations provider vscode.git 802
2025-04-01 02:55:52.415 [warning] [Decorations] CAPPING events from decorations provider vscode.git 802
2025-04-01 02:55:57.657 [warning] [Decorations] CAPPING events from decorations provider vscode.git 802
2025-04-01 02:56:02.888 [warning] [Decorations] CAPPING events from decorations provider vscode.git 802
2025-04-01 02:56:08.220 [warning] [Decorations] CAPPING events from decorations provider vscode.git 802
2025-04-01 02:56:13.438 [warning] [Decorations] CAPPING events from decorations provider vscode.git 802
2025-04-01 02:56:18.667 [warning] [Decorations] CAPPING events from decorations provider vscode.git 802
2025-04-01 02:56:23.889 [warning] [Decorations] CAPPING events from decorations provider vscode.git 802
2025-04-01 02:56:29.289 [warning] [Decorations] CAPPING events from decorations provider vscode.git 802
2025-04-01 02:56:34.527 [warning] [Decorations] CAPPING events from decorations provider vscode.git 802
2025-04-01 02:56:39.747 [warning] [Decorations] CAPPING events from decorations provider vscode.git 802
2025-04-01 02:56:44.964 [warning] [Decorations] CAPPING events from decorations provider vscode.git 802
2025-04-01 02:56:50.187 [warning] [Decorations] CAPPING events from decorations provider vscode.git 802
2025-04-01 02:56:55.401 [warning] [Decorations] CAPPING events from decorations provider vscode.git 802
2025-04-01 02:57:00.631 [warning] [Decorations] CAPPING events from decorations provider vscode.git 802
2025-04-01 02:57:05.849 [warning] [Decorations] CAPPING events from decorations provider vscode.git 802
2025-04-01 02:57:11.063 [warning] [Decorations] CAPPING events from decorations provider vscode.git 802
2025-04-01 02:57:16.278 [warning] [Decorations] CAPPING events from decorations provider vscode.git 802
2025-04-01 02:57:21.497 [warning] [Decorations] CAPPING events from decorations provider vscode.git 802
2025-04-01 02:57:26.733 [warning] [Decorations] CAPPING events from decorations provider vscode.git 802
2025-04-01 02:57:31.955 [warning] [Decorations] CAPPING events from decorations provider vscode.git 802
2025-04-01 02:57:37.171 [warning] [Decorations] CAPPING events from decorations provider vscode.git 802
2025-04-01 02:57:42.395 [warning] [Decorations] CAPPING events from decorations provider vscode.git 802
2025-04-01 02:57:47.641 [warning] [Decorations] CAPPING events from decorations provider vscode.git 802
2025-04-01 02:57:52.855 [warning] [Decorations] CAPPING events from decorations provider vscode.git 802
2025-04-01 02:57:58.082 [warning] [Decorations] CAPPING events from decorations provider vscode.git 802
2025-04-01 02:58:03.320 [warning] [Decorations] CAPPING events from decorations provider vscode.git 802
2025-04-01 02:58:08.534 [warning] [Decorations] CAPPING events from decorations provider vscode.git 802
2025-04-01 02:58:13.754 [warning] [Decorations] CAPPING events from decorations provider vscode.git 802
2025-04-01 02:58:18.968 [warning] [Decorations] CAPPING events from decorations provider vscode.git 802
2025-04-01 02:58:24.367 [warning] [Decorations] CAPPING events from decorations provider vscode.git 802
2025-04-01 02:58:29.585 [warning] [Decorations] CAPPING events from decorations provider vscode.git 802
2025-04-01 02:58:34.800 [warning] [Decorations] CAPPING events from decorations provider vscode.git 802
2025-04-01 02:58:40.017 [warning] [Decorations] CAPPING events from decorations provider vscode.git 802
2025-04-01 02:58:45.258 [warning] [Decorations] CAPPING events from decorations provider vscode.git 802
2025-04-01 02:58:50.485 [warning] [Decorations] CAPPING events from decorations provider vscode.git 802
2025-04-01 02:58:55.706 [warning] [Decorations] CAPPING events from decorations provider vscode.git 802
2025-04-01 02:59:00.930 [warning] [Decorations] CAPPING events from decorations provider vscode.git 802
2025-04-01 02:59:06.150 [warning] [Decorations] CAPPING events from decorations provider vscode.git 802
2025-04-01 02:59:11.367 [warning] [Decorations] CAPPING events from decorations provider vscode.git 802
2025-04-01 02:59:16.587 [warning] [Decorations] CAPPING events from decorations provider vscode.git 802
2025-04-01 02:59:21.804 [warning] [Decorations] CAPPING events from decorations provider vscode.git 802
2025-04-01 02:59:27.025 [warning] [Decorations] CAPPING events from decorations provider vscode.git 802
2025-04-01 02:59:32.243 [warning] [Decorations] CAPPING events from decorations provider vscode.git 802
2025-04-01 02:59:37.462 [warning] [Decorations] CAPPING events from decorations provider vscode.git 802
2025-04-01 02:59:42.683 [warning] [Decorations] CAPPING events from decorations provider vscode.git 802
2025-04-01 02:59:47.918 [warning] [Decorations] CAPPING events from decorations provider vscode.git 802
2025-04-01 02:59:53.147 [warning] [Decorations] CAPPING events from decorations provider vscode.git 802
2025-04-01 02:59:58.438 [warning] [Decorations] CAPPING events from decorations provider vscode.git 802
2025-04-01 03:00:03.659 [warning] [Decorations] CAPPING events from decorations provider vscode.git 802
2025-04-01 03:00:08.881 [warning] [Decorations] CAPPING events from decorations provider vscode.git 802
2025-04-01 03:00:14.098 [warning] [Decorations] CAPPING events from decorations provider vscode.git 802
2025-04-01 03:00:19.317 [warning] [Decorations] CAPPING events from decorations provider vscode.git 802
2025-04-01 03:00:24.532 [warning] [Decorations] CAPPING events from decorations provider vscode.git 802
2025-04-01 03:00:29.755 [warning] [Decorations] CAPPING events from decorations provider vscode.git 802
2025-04-01 03:00:34.973 [warning] [Decorations] CAPPING events from decorations provider vscode.git 802
2025-04-01 03:00:40.186 [warning] [Decorations] CAPPING events from decorations provider vscode.git 802
2025-04-01 03:00:45.414 [warning] [Decorations] CAPPING events from decorations provider vscode.git 802
2025-04-01 03:00:50.645 [warning] [Decorations] CAPPING events from decorations provider vscode.git 802
2025-04-01 03:00:55.878 [warning] [Decorations] CAPPING events from decorations provider vscode.git 802
2025-04-01 03:01:01.107 [warning] [Decorations] CAPPING events from decorations provider vscode.git 802
2025-04-01 03:01:06.325 [warning] [Decorations] CAPPING events from decorations provider vscode.git 802
2025-04-01 03:01:11.545 [warning] [Decorations] CAPPING events from decorations provider vscode.git 802
2025-04-01 03:01:16.763 [warning] [Decorations] CAPPING events from decorations provider vscode.git 802
2025-04-01 03:01:21.991 [warning] [Decorations] CAPPING events from decorations provider vscode.git 802
2025-04-01 03:01:27.205 [warning] [Decorations] CAPPING events from decorations provider vscode.git 802
2025-04-01 03:01:32.421 [warning] [Decorations] CAPPING events from decorations provider vscode.git 802
2025-04-01 03:01:37.681 [warning] [Decorations] CAPPING events from decorations provider vscode.git 802
2025-04-01 03:01:42.904 [warning] [Decorations] CAPPING events from decorations provider vscode.git 802
2025-04-01 03:01:48.123 [warning] [Decorations] CAPPING events from decorations provider vscode.git 802
2025-04-01 03:01:53.342 [warning] [Decorations] CAPPING events from decorations provider vscode.git 802
2025-04-01 03:01:58.560 [warning] [Decorations] CAPPING events from decorations provider vscode.git 802
2025-04-01 03:02:03.783 [warning] [Decorations] CAPPING events from decorations provider vscode.git 802
2025-04-01 03:02:09.010 [warning] [Decorations] CAPPING events from decorations provider vscode.git 802
2025-04-01 03:08:48.334 [warning] [Decorations] CAPPING events from decorations provider vscode.git 802
2025-04-01 03:08:53.562 [warning] [Decorations] CAPPING events from decorations provider vscode.git 802
2025-04-01 03:08:58.781 [warning] [Decorations] CAPPING events from decorations provider vscode.git 802
