2025-04-12 16:16:47.515 [info] [main] Log level: Info
2025-04-12 16:16:47.515 [info] [main] Validating found git in: "git"
2025-04-12 16:16:47.515 [info] [main] Using git "2.43.0" from "git"
2025-04-12 16:16:47.515 [info] [Model][doInitialScan] Initial repository scan started
2025-04-12 16:16:47.515 [info] > git rev-parse --show-toplevel [681ms]
2025-04-12 16:16:47.515 [info] > git rev-parse --git-dir --git-common-dir [44ms]
2025-04-12 16:16:47.515 [info] [Model][openRepository] Opened repository: /home/apoorvtripathi537
2025-04-12 16:16:50.354 [info] > git check-ignore -v -z --stdin [174ms]
2025-04-12 16:16:50.360 [info] > git for-each-ref --format=%(refname)%00%(upstream:short)%00%(objectname)%00%(upstream:track)%00%(upstream:remotename)%00%(upstream:remoteref) refs/heads/master refs/remotes/master [2836ms]
2025-04-12 16:16:50.684 [info] > git rev-parse --show-toplevel [238ms]
2025-04-12 16:16:50.732 [info] > git rev-parse --show-toplevel [12ms]
2025-04-12 16:16:50.733 [info] > git for-each-ref --sort -committerdate --format %(refname) %(objectname) %(*objectname) [21ms]
2025-04-12 16:16:50.755 [info] > git rev-parse --show-toplevel [13ms]
2025-04-12 16:16:50.858 [info] > git rev-parse --show-toplevel [64ms]
2025-04-12 16:16:50.873 [info] > git rev-parse --show-toplevel [3ms]
2025-04-12 16:16:50.966 [info] > git status -z -uall [268ms]
2025-04-12 16:16:51.044 [info] > git for-each-ref --format=%(refname)%00%(upstream:short)%00%(objectname)%00%(upstream:track)%00%(upstream:remotename)%00%(upstream:remoteref) refs/heads/master refs/remotes/master [20ms]
2025-04-12 16:16:51.053 [info] > git rev-parse --show-toplevel [113ms]
2025-04-12 16:16:51.067 [info] > git rev-parse --show-toplevel [4ms]
2025-04-12 16:16:51.069 [info] > git config --local branch.master.vscode-merge-base [16ms]
2025-04-12 16:16:51.069 [warning] [Git][config] git config failed: Failed to execute git
2025-04-12 16:16:51.252 [info] > git reflog master --grep-reflog=branch: Created from *. [176ms]
2025-04-12 16:16:51.281 [info] > git rev-parse --show-toplevel [84ms]
2025-04-12 16:16:51.281 [info] > git for-each-ref --format=%(refname)%00%(upstream:short)%00%(objectname)%00%(upstream:track)%00%(upstream:remotename)%00%(upstream:remoteref) refs/heads/master refs/remotes/master [94ms]
2025-04-12 16:16:51.291 [info] > git symbolic-ref --short refs/remotes/origin/HEAD [32ms]
2025-04-12 16:16:51.292 [info] fatal: ref refs/remotes/origin/HEAD is not a symbolic ref
2025-04-12 16:16:51.292 [warning] [Repository][getDefaultBranch] Failed to get default branch details: Failed to execute git.
2025-04-12 16:16:51.305 [info] > git rev-parse --show-toplevel [15ms]
2025-04-12 16:16:51.336 [info] > git merge-base refs/heads/master refs/remotes/origin/master [34ms]
2025-04-12 16:16:51.395 [info] > git rev-parse --show-toplevel [59ms]
2025-04-12 16:16:51.403 [info] > git for-each-ref --sort -committerdate --format %(refname) %(objectname) %(*objectname) [10ms]
2025-04-12 16:16:51.406 [info] > git diff --name-status -z --diff-filter=ADMR ae54d5703c5e6277a64919db1dea687af7ee5769...refs/remotes/origin/master [62ms]
2025-04-12 16:16:51.425 [info] > git rev-parse --show-toplevel [4ms]
2025-04-12 16:16:51.457 [info] > git status -z -uall [85ms]
2025-04-12 16:16:51.457 [info] > git rev-parse --show-toplevel [17ms]
2025-04-12 16:16:51.502 [info] > git rev-parse --show-toplevel [4ms]
2025-04-12 16:16:51.515 [info] > git rev-parse --show-toplevel [2ms]
2025-04-12 16:16:51.516 [info] [Model][doInitialScan] Initial repository scan completed - repositories (1), closed repositories (0), parent repositories (0), unsafe repositories (0)
2025-04-12 16:16:51.558 [info] > git show --textconv :script.js [28ms]
2025-04-12 16:16:51.700 [info] > git ls-files --stage -- /home/apoorvtripathi537/script.js [153ms]
2025-04-12 16:16:51.714 [info] > git cat-file -s 2cd6d04462786bbd603d3c51e1c9881b3f627f5d [5ms]
2025-04-12 16:16:51.914 [info] > git check-ignore -v -z --stdin [5ms]
2025-04-12 16:16:53.498 [info] > git for-each-ref --format=%(refname)%00%(upstream:short)%00%(objectname)%00%(upstream:track)%00%(upstream:remotename)%00%(upstream:remoteref) refs/heads/master refs/remotes/master [19ms]
2025-04-12 16:16:53.552 [info] > git for-each-ref --sort -committerdate --format %(refname) %(objectname) %(*objectname) [8ms]
2025-04-12 16:16:53.591 [info] > git status -z -uall [67ms]
2025-04-12 16:16:58.635 [info] > git for-each-ref --format=%(refname)%00%(upstream:short)%00%(objectname)%00%(upstream:track)%00%(upstream:remotename)%00%(upstream:remoteref) refs/heads/master refs/remotes/master [7ms]
2025-04-12 16:16:58.672 [info] > git for-each-ref --sort -committerdate --format %(refname) %(objectname) %(*objectname) [4ms]
2025-04-12 16:16:58.702 [info] > git status -z -uall [49ms]
2025-04-12 16:17:03.732 [info] > git for-each-ref --format=%(refname)%00%(upstream:short)%00%(objectname)%00%(upstream:track)%00%(upstream:remotename)%00%(upstream:remoteref) refs/heads/master refs/remotes/master [3ms]
2025-04-12 16:17:03.761 [info] > git for-each-ref --sort -committerdate --format %(refname) %(objectname) %(*objectname) [3ms]
2025-04-12 16:17:03.792 [info] > git status -z -uall [49ms]
2025-04-12 16:17:08.827 [info] > git for-each-ref --format=%(refname)%00%(upstream:short)%00%(objectname)%00%(upstream:track)%00%(upstream:remotename)%00%(upstream:remoteref) refs/heads/master refs/remotes/master [2ms]
2025-04-12 16:17:08.852 [info] > git for-each-ref --sort -committerdate --format %(refname) %(objectname) %(*objectname) [2ms]
2025-04-12 16:17:08.885 [info] > git status -z -uall [48ms]
2025-04-12 16:17:13.913 [info] > git for-each-ref --format=%(refname)%00%(upstream:short)%00%(objectname)%00%(upstream:track)%00%(upstream:remotename)%00%(upstream:remoteref) refs/heads/master refs/remotes/master [3ms]
2025-04-12 16:17:13.941 [info] > git for-each-ref --sort -committerdate --format %(refname) %(objectname) %(*objectname) [2ms]
2025-04-12 16:17:13.971 [info] > git status -z -uall [48ms]
2025-04-12 16:17:19.001 [info] > git for-each-ref --format=%(refname)%00%(upstream:short)%00%(objectname)%00%(upstream:track)%00%(upstream:remotename)%00%(upstream:remoteref) refs/heads/master refs/remotes/master [2ms]
2025-04-12 16:17:19.027 [info] > git for-each-ref --sort -committerdate --format %(refname) %(objectname) %(*objectname) [2ms]
2025-04-12 16:17:19.057 [info] > git status -z -uall [46ms]
2025-04-12 16:17:24.084 [info] > git for-each-ref --format=%(refname)%00%(upstream:short)%00%(objectname)%00%(upstream:track)%00%(upstream:remotename)%00%(upstream:remoteref) refs/heads/master refs/remotes/master [3ms]
2025-04-12 16:17:24.110 [info] > git for-each-ref --sort -committerdate --format %(refname) %(objectname) %(*objectname) [2ms]
2025-04-12 16:17:24.145 [info] > git status -z -uall [51ms]
2025-04-12 16:17:29.172 [info] > git for-each-ref --format=%(refname)%00%(upstream:short)%00%(objectname)%00%(upstream:track)%00%(upstream:remotename)%00%(upstream:remoteref) refs/heads/master refs/remotes/master [2ms]
2025-04-12 16:17:29.200 [info] > git for-each-ref --sort -committerdate --format %(refname) %(objectname) %(*objectname) [3ms]
2025-04-12 16:17:29.230 [info] > git status -z -uall [47ms]
2025-04-12 16:17:34.258 [info] > git for-each-ref --format=%(refname)%00%(upstream:short)%00%(objectname)%00%(upstream:track)%00%(upstream:remotename)%00%(upstream:remoteref) refs/heads/master refs/remotes/master [2ms]
2025-04-12 16:17:34.283 [info] > git for-each-ref --sort -committerdate --format %(refname) %(objectname) %(*objectname) [3ms]
2025-04-12 16:17:34.314 [info] > git status -z -uall [47ms]
2025-04-12 16:17:39.341 [info] > git for-each-ref --format=%(refname)%00%(upstream:short)%00%(objectname)%00%(upstream:track)%00%(upstream:remotename)%00%(upstream:remoteref) refs/heads/master refs/remotes/master [2ms]
2025-04-12 16:17:39.368 [info] > git for-each-ref --sort -committerdate --format %(refname) %(objectname) %(*objectname) [3ms]
2025-04-12 16:17:39.400 [info] > git status -z -uall [49ms]
2025-04-12 16:17:44.428 [info] > git for-each-ref --format=%(refname)%00%(upstream:short)%00%(objectname)%00%(upstream:track)%00%(upstream:remotename)%00%(upstream:remoteref) refs/heads/master refs/remotes/master [2ms]
2025-04-12 16:17:44.455 [info] > git for-each-ref --sort -committerdate --format %(refname) %(objectname) %(*objectname) [2ms]
2025-04-12 16:17:44.485 [info] > git status -z -uall [48ms]
2025-04-12 16:17:52.544 [info] > git for-each-ref --format=%(refname)%00%(upstream:short)%00%(objectname)%00%(upstream:track)%00%(upstream:remotename)%00%(upstream:remoteref) refs/heads/master refs/remotes/master [10ms]
2025-04-12 16:17:52.568 [info] > git for-each-ref --sort -committerdate --format %(refname) %(objectname) %(*objectname) [3ms]
2025-04-12 16:17:52.600 [info] > git status -z -uall [48ms]
2025-04-12 16:17:58.468 [info] > git for-each-ref --format=%(refname)%00%(upstream:short)%00%(objectname)%00%(upstream:track)%00%(upstream:remotename)%00%(upstream:remoteref) refs/heads/master refs/remotes/master [3ms]
2025-04-12 16:17:58.492 [info] > git for-each-ref --sort -committerdate --format %(refname) %(objectname) %(*objectname) [2ms]
2025-04-12 16:17:58.525 [info] > git status -z -uall [49ms]
2025-04-12 16:18:03.549 [info] > git for-each-ref --format=%(refname)%00%(upstream:short)%00%(objectname)%00%(upstream:track)%00%(upstream:remotename)%00%(upstream:remoteref) refs/heads/master refs/remotes/master [3ms]
2025-04-12 16:18:03.572 [info] > git for-each-ref --sort -committerdate --format %(refname) %(objectname) %(*objectname) [3ms]
2025-04-12 16:18:03.603 [info] > git status -z -uall [47ms]
2025-04-12 16:18:08.626 [info] > git for-each-ref --format=%(refname)%00%(upstream:short)%00%(objectname)%00%(upstream:track)%00%(upstream:remotename)%00%(upstream:remoteref) refs/heads/master refs/remotes/master [3ms]
2025-04-12 16:18:08.647 [info] > git for-each-ref --sort -committerdate --format %(refname) %(objectname) %(*objectname) [3ms]
2025-04-12 16:18:08.682 [info] > git status -z -uall [49ms]
2025-04-12 16:18:13.729 [info] > git for-each-ref --format=%(refname)%00%(upstream:short)%00%(objectname)%00%(upstream:track)%00%(upstream:remotename)%00%(upstream:remoteref) refs/heads/master refs/remotes/master [25ms]
2025-04-12 16:18:13.749 [info] > git for-each-ref --sort -committerdate --format %(refname) %(objectname) %(*objectname) [4ms]
2025-04-12 16:18:13.784 [info] > git status -z -uall [48ms]
2025-04-12 16:18:18.822 [info] > git for-each-ref --format=%(refname)%00%(upstream:short)%00%(objectname)%00%(upstream:track)%00%(upstream:remotename)%00%(upstream:remoteref) refs/heads/master refs/remotes/master [3ms]
2025-04-12 16:18:18.840 [info] > git for-each-ref --sort -committerdate --format %(refname) %(objectname) %(*objectname) [3ms]
2025-04-12 16:18:18.874 [info] > git status -z -uall [46ms]
2025-04-12 16:18:23.901 [info] > git for-each-ref --format=%(refname)%00%(upstream:short)%00%(objectname)%00%(upstream:track)%00%(upstream:remotename)%00%(upstream:remoteref) refs/heads/master refs/remotes/master [2ms]
2025-04-12 16:18:23.921 [info] > git for-each-ref --sort -committerdate --format %(refname) %(objectname) %(*objectname) [3ms]
2025-04-12 16:18:23.955 [info] > git status -z -uall [47ms]
2025-04-12 16:18:28.982 [info] > git for-each-ref --format=%(refname)%00%(upstream:short)%00%(objectname)%00%(upstream:track)%00%(upstream:remotename)%00%(upstream:remoteref) refs/heads/master refs/remotes/master [3ms]
2025-04-12 16:18:29.001 [info] > git for-each-ref --sort -committerdate --format %(refname) %(objectname) %(*objectname) [4ms]
2025-04-12 16:18:29.034 [info] > git status -z -uall [46ms]
2025-04-12 16:18:34.060 [info] > git for-each-ref --format=%(refname)%00%(upstream:short)%00%(objectname)%00%(upstream:track)%00%(upstream:remotename)%00%(upstream:remoteref) refs/heads/master refs/remotes/master [2ms]
2025-04-12 16:18:34.079 [info] > git for-each-ref --sort -committerdate --format %(refname) %(objectname) %(*objectname) [3ms]
2025-04-12 16:18:34.113 [info] > git status -z -uall [46ms]
2025-04-12 16:18:39.139 [info] > git for-each-ref --format=%(refname)%00%(upstream:short)%00%(objectname)%00%(upstream:track)%00%(upstream:remotename)%00%(upstream:remoteref) refs/heads/master refs/remotes/master [2ms]
2025-04-12 16:18:39.159 [info] > git for-each-ref --sort -committerdate --format %(refname) %(objectname) %(*objectname) [2ms]
2025-04-12 16:18:39.194 [info] > git status -z -uall [47ms]
2025-04-12 16:18:44.222 [info] > git for-each-ref --format=%(refname)%00%(upstream:short)%00%(objectname)%00%(upstream:track)%00%(upstream:remotename)%00%(upstream:remoteref) refs/heads/master refs/remotes/master [3ms]
2025-04-12 16:18:44.242 [info] > git for-each-ref --sort -committerdate --format %(refname) %(objectname) %(*objectname) [2ms]
2025-04-12 16:18:44.279 [info] > git status -z -uall [50ms]
2025-04-12 16:18:49.302 [info] > git for-each-ref --format=%(refname)%00%(upstream:short)%00%(objectname)%00%(upstream:track)%00%(upstream:remotename)%00%(upstream:remoteref) refs/heads/master refs/remotes/master [3ms]
2025-04-12 16:18:49.321 [info] > git for-each-ref --sort -committerdate --format %(refname) %(objectname) %(*objectname) [4ms]
2025-04-12 16:18:49.355 [info] > git status -z -uall [47ms]
2025-04-12 16:18:54.382 [info] > git for-each-ref --format=%(refname)%00%(upstream:short)%00%(objectname)%00%(upstream:track)%00%(upstream:remotename)%00%(upstream:remoteref) refs/heads/master refs/remotes/master [2ms]
2025-04-12 16:18:54.401 [info] > git for-each-ref --sort -committerdate --format %(refname) %(objectname) %(*objectname) [3ms]
2025-04-12 16:18:54.435 [info] > git status -z -uall [47ms]
2025-04-12 16:18:59.460 [info] > git for-each-ref --format=%(refname)%00%(upstream:short)%00%(objectname)%00%(upstream:track)%00%(upstream:remotename)%00%(upstream:remoteref) refs/heads/master refs/remotes/master [3ms]
2025-04-12 16:18:59.479 [info] > git for-each-ref --sort -committerdate --format %(refname) %(objectname) %(*objectname) [2ms]
2025-04-12 16:18:59.512 [info] > git status -z -uall [46ms]
2025-04-12 16:19:04.535 [info] > git for-each-ref --format=%(refname)%00%(upstream:short)%00%(objectname)%00%(upstream:track)%00%(upstream:remotename)%00%(upstream:remoteref) refs/heads/master refs/remotes/master [3ms]
2025-04-12 16:19:04.554 [info] > git for-each-ref --sort -committerdate --format %(refname) %(objectname) %(*objectname) [4ms]
2025-04-12 16:19:04.589 [info] > git status -z -uall [48ms]
2025-04-12 16:19:09.611 [info] > git for-each-ref --format=%(refname)%00%(upstream:short)%00%(objectname)%00%(upstream:track)%00%(upstream:remotename)%00%(upstream:remoteref) refs/heads/master refs/remotes/master [2ms]
2025-04-12 16:19:09.631 [info] > git for-each-ref --sort -committerdate --format %(refname) %(objectname) %(*objectname) [2ms]
2025-04-12 16:19:09.663 [info] > git status -z -uall [46ms]
2025-04-12 16:19:14.687 [info] > git for-each-ref --format=%(refname)%00%(upstream:short)%00%(objectname)%00%(upstream:track)%00%(upstream:remotename)%00%(upstream:remoteref) refs/heads/master refs/remotes/master [3ms]
2025-04-12 16:19:14.705 [info] > git for-each-ref --sort -committerdate --format %(refname) %(objectname) %(*objectname) [2ms]
2025-04-12 16:19:14.741 [info] > git status -z -uall [48ms]
2025-04-12 16:19:19.763 [info] > git for-each-ref --format=%(refname)%00%(upstream:short)%00%(objectname)%00%(upstream:track)%00%(upstream:remotename)%00%(upstream:remoteref) refs/heads/master refs/remotes/master [2ms]
2025-04-12 16:19:19.781 [info] > git for-each-ref --sort -committerdate --format %(refname) %(objectname) %(*objectname) [2ms]
2025-04-12 16:19:19.820 [info] > git status -z -uall [50ms]
2025-04-12 16:19:24.844 [info] > git for-each-ref --format=%(refname)%00%(upstream:short)%00%(objectname)%00%(upstream:track)%00%(upstream:remotename)%00%(upstream:remoteref) refs/heads/master refs/remotes/master [3ms]
2025-04-12 16:19:24.863 [info] > git for-each-ref --sort -committerdate --format %(refname) %(objectname) %(*objectname) [1ms]
2025-04-12 16:19:24.898 [info] > git status -z -uall [47ms]
2025-04-12 16:19:29.922 [info] > git for-each-ref --format=%(refname)%00%(upstream:short)%00%(objectname)%00%(upstream:track)%00%(upstream:remotename)%00%(upstream:remoteref) refs/heads/master refs/remotes/master [3ms]
2025-04-12 16:19:29.942 [info] > git for-each-ref --sort -committerdate --format %(refname) %(objectname) %(*objectname) [2ms]
2025-04-12 16:19:29.975 [info] > git status -z -uall [47ms]
2025-04-12 16:19:34.997 [info] > git for-each-ref --format=%(refname)%00%(upstream:short)%00%(objectname)%00%(upstream:track)%00%(upstream:remotename)%00%(upstream:remoteref) refs/heads/master refs/remotes/master [2ms]
2025-04-12 16:19:35.015 [info] > git for-each-ref --sort -committerdate --format %(refname) %(objectname) %(*objectname) [3ms]
2025-04-12 16:19:35.050 [info] > git status -z -uall [46ms]
2025-04-12 16:19:40.072 [info] > git for-each-ref --format=%(refname)%00%(upstream:short)%00%(objectname)%00%(upstream:track)%00%(upstream:remotename)%00%(upstream:remoteref) refs/heads/master refs/remotes/master [2ms]
2025-04-12 16:19:40.091 [info] > git for-each-ref --sort -committerdate --format %(refname) %(objectname) %(*objectname) [3ms]
2025-04-12 16:19:40.127 [info] > git status -z -uall [48ms]
2025-04-12 16:19:45.152 [info] > git for-each-ref --format=%(refname)%00%(upstream:short)%00%(objectname)%00%(upstream:track)%00%(upstream:remotename)%00%(upstream:remoteref) refs/heads/master refs/remotes/master [3ms]
2025-04-12 16:19:45.171 [info] > git for-each-ref --sort -committerdate --format %(refname) %(objectname) %(*objectname) [2ms]
2025-04-12 16:19:45.207 [info] > git status -z -uall [48ms]
2025-04-12 16:19:50.228 [info] > git for-each-ref --format=%(refname)%00%(upstream:short)%00%(objectname)%00%(upstream:track)%00%(upstream:remotename)%00%(upstream:remoteref) refs/heads/master refs/remotes/master [2ms]
2025-04-12 16:19:50.247 [info] > git for-each-ref --sort -committerdate --format %(refname) %(objectname) %(*objectname) [4ms]
2025-04-12 16:19:50.281 [info] > git status -z -uall [46ms]
2025-04-12 16:19:55.303 [info] > git for-each-ref --format=%(refname)%00%(upstream:short)%00%(objectname)%00%(upstream:track)%00%(upstream:remotename)%00%(upstream:remoteref) refs/heads/master refs/remotes/master [2ms]
2025-04-12 16:19:55.321 [info] > git for-each-ref --sort -committerdate --format %(refname) %(objectname) %(*objectname) [1ms]
2025-04-12 16:19:55.355 [info] > git status -z -uall [45ms]
2025-04-12 16:20:00.379 [info] > git for-each-ref --format=%(refname)%00%(upstream:short)%00%(objectname)%00%(upstream:track)%00%(upstream:remotename)%00%(upstream:remoteref) refs/heads/master refs/remotes/master [3ms]
2025-04-12 16:20:00.402 [info] > git for-each-ref --sort -committerdate --format %(refname) %(objectname) %(*objectname) [3ms]
2025-04-12 16:20:00.435 [info] > git status -z -uall [49ms]
2025-04-12 16:20:05.469 [info] > git for-each-ref --format=%(refname)%00%(upstream:short)%00%(objectname)%00%(upstream:track)%00%(upstream:remotename)%00%(upstream:remoteref) refs/heads/master refs/remotes/master [2ms]
2025-04-12 16:20:05.488 [info] > git for-each-ref --sort -committerdate --format %(refname) %(objectname) %(*objectname) [2ms]
2025-04-12 16:20:05.525 [info] > git status -z -uall [48ms]
2025-04-12 16:20:10.549 [info] > git for-each-ref --format=%(refname)%00%(upstream:short)%00%(objectname)%00%(upstream:track)%00%(upstream:remotename)%00%(upstream:remoteref) refs/heads/master refs/remotes/master [2ms]
2025-04-12 16:20:10.567 [info] > git for-each-ref --sort -committerdate --format %(refname) %(objectname) %(*objectname) [5ms]
2025-04-12 16:20:10.603 [info] > git status -z -uall [48ms]
2025-04-12 16:20:15.627 [info] > git for-each-ref --format=%(refname)%00%(upstream:short)%00%(objectname)%00%(upstream:track)%00%(upstream:remotename)%00%(upstream:remoteref) refs/heads/master refs/remotes/master [2ms]
2025-04-12 16:20:15.647 [info] > git for-each-ref --sort -committerdate --format %(refname) %(objectname) %(*objectname) [3ms]
2025-04-12 16:20:15.683 [info] > git status -z -uall [49ms]
2025-04-12 16:20:20.711 [info] > git for-each-ref --format=%(refname)%00%(upstream:short)%00%(objectname)%00%(upstream:track)%00%(upstream:remotename)%00%(upstream:remoteref) refs/heads/master refs/remotes/master [2ms]
2025-04-12 16:20:20.733 [info] > git for-each-ref --sort -committerdate --format %(refname) %(objectname) %(*objectname) [3ms]
2025-04-12 16:20:20.765 [info] > git status -z -uall [47ms]
2025-04-12 16:20:25.791 [info] > git for-each-ref --format=%(refname)%00%(upstream:short)%00%(objectname)%00%(upstream:track)%00%(upstream:remotename)%00%(upstream:remoteref) refs/heads/master refs/remotes/master [3ms]
2025-04-12 16:20:25.811 [info] > git for-each-ref --sort -committerdate --format %(refname) %(objectname) %(*objectname) [3ms]
2025-04-12 16:20:25.846 [info] > git status -z -uall [48ms]
2025-04-12 16:20:30.869 [info] > git for-each-ref --format=%(refname)%00%(upstream:short)%00%(objectname)%00%(upstream:track)%00%(upstream:remotename)%00%(upstream:remoteref) refs/heads/master refs/remotes/master [3ms]
2025-04-12 16:20:30.887 [info] > git for-each-ref --sort -committerdate --format %(refname) %(objectname) %(*objectname) [3ms]
2025-04-12 16:20:30.921 [info] > git status -z -uall [47ms]
2025-04-12 16:20:35.945 [info] > git for-each-ref --format=%(refname)%00%(upstream:short)%00%(objectname)%00%(upstream:track)%00%(upstream:remotename)%00%(upstream:remoteref) refs/heads/master refs/remotes/master [3ms]
2025-04-12 16:20:35.963 [info] > git for-each-ref --sort -committerdate --format %(refname) %(objectname) %(*objectname) [1ms]
2025-04-12 16:20:35.998 [info] > git status -z -uall [47ms]
2025-04-12 16:20:41.025 [info] > git for-each-ref --format=%(refname)%00%(upstream:short)%00%(objectname)%00%(upstream:track)%00%(upstream:remotename)%00%(upstream:remoteref) refs/heads/master refs/remotes/master [2ms]
2025-04-12 16:20:41.042 [info] > git for-each-ref --sort -committerdate --format %(refname) %(objectname) %(*objectname) [1ms]
2025-04-12 16:20:41.078 [info] > git status -z -uall [46ms]
2025-04-12 16:20:46.106 [info] > git for-each-ref --format=%(refname)%00%(upstream:short)%00%(objectname)%00%(upstream:track)%00%(upstream:remotename)%00%(upstream:remoteref) refs/heads/master refs/remotes/master [3ms]
2025-04-12 16:20:46.125 [info] > git for-each-ref --sort -committerdate --format %(refname) %(objectname) %(*objectname) [1ms]
2025-04-12 16:20:46.157 [info] > git status -z -uall [45ms]
2025-04-12 16:20:51.179 [info] > git for-each-ref --format=%(refname)%00%(upstream:short)%00%(objectname)%00%(upstream:track)%00%(upstream:remotename)%00%(upstream:remoteref) refs/heads/master refs/remotes/master [2ms]
2025-04-12 16:20:51.200 [info] > git for-each-ref --sort -committerdate --format %(refname) %(objectname) %(*objectname) [1ms]
2025-04-12 16:20:51.232 [info] > git status -z -uall [46ms]
2025-04-12 16:20:56.256 [info] > git for-each-ref --format=%(refname)%00%(upstream:short)%00%(objectname)%00%(upstream:track)%00%(upstream:remotename)%00%(upstream:remoteref) refs/heads/master refs/remotes/master [2ms]
2025-04-12 16:20:56.275 [info] > git for-each-ref --sort -committerdate --format %(refname) %(objectname) %(*objectname) [1ms]
2025-04-12 16:20:56.308 [info] > git status -z -uall [46ms]
2025-04-12 16:21:01.331 [info] > git for-each-ref --format=%(refname)%00%(upstream:short)%00%(objectname)%00%(upstream:track)%00%(upstream:remotename)%00%(upstream:remoteref) refs/heads/master refs/remotes/master [3ms]
2025-04-12 16:21:01.348 [info] > git for-each-ref --sort -committerdate --format %(refname) %(objectname) %(*objectname) [3ms]
2025-04-12 16:21:01.383 [info] > git status -z -uall [46ms]
2025-04-12 16:21:06.405 [info] > git for-each-ref --format=%(refname)%00%(upstream:short)%00%(objectname)%00%(upstream:track)%00%(upstream:remotename)%00%(upstream:remoteref) refs/heads/master refs/remotes/master [3ms]
2025-04-12 16:21:06.422 [info] > git for-each-ref --sort -committerdate --format %(refname) %(objectname) %(*objectname) [1ms]
2025-04-12 16:21:06.459 [info] > git status -z -uall [48ms]
2025-04-12 16:21:11.481 [info] > git for-each-ref --format=%(refname)%00%(upstream:short)%00%(objectname)%00%(upstream:track)%00%(upstream:remotename)%00%(upstream:remoteref) refs/heads/master refs/remotes/master [3ms]
2025-04-12 16:21:11.504 [info] > git for-each-ref --sort -committerdate --format %(refname) %(objectname) %(*objectname) [3ms]
2025-04-12 16:21:11.546 [info] > git status -z -uall [59ms]
2025-04-12 16:21:16.579 [info] > git for-each-ref --format=%(refname)%00%(upstream:short)%00%(objectname)%00%(upstream:track)%00%(upstream:remotename)%00%(upstream:remoteref) refs/heads/master refs/remotes/master [3ms]
2025-04-12 16:21:16.598 [info] > git for-each-ref --sort -committerdate --format %(refname) %(objectname) %(*objectname) [4ms]
2025-04-12 16:21:16.633 [info] > git status -z -uall [48ms]
2025-04-12 16:21:21.663 [info] > git for-each-ref --format=%(refname)%00%(upstream:short)%00%(objectname)%00%(upstream:track)%00%(upstream:remotename)%00%(upstream:remoteref) refs/heads/master refs/remotes/master [3ms]
2025-04-12 16:21:21.682 [info] > git for-each-ref --sort -committerdate --format %(refname) %(objectname) %(*objectname) [2ms]
2025-04-12 16:21:21.717 [info] > git status -z -uall [48ms]
2025-04-12 16:21:26.740 [info] > git for-each-ref --format=%(refname)%00%(upstream:short)%00%(objectname)%00%(upstream:track)%00%(upstream:remotename)%00%(upstream:remoteref) refs/heads/master refs/remotes/master [2ms]
2025-04-12 16:21:26.760 [info] > git for-each-ref --sort -committerdate --format %(refname) %(objectname) %(*objectname) [4ms]
2025-04-12 16:21:26.794 [info] > git status -z -uall [47ms]
2025-04-12 16:21:31.816 [info] > git for-each-ref --format=%(refname)%00%(upstream:short)%00%(objectname)%00%(upstream:track)%00%(upstream:remotename)%00%(upstream:remoteref) refs/heads/master refs/remotes/master [3ms]
2025-04-12 16:21:31.837 [info] > git for-each-ref --sort -committerdate --format %(refname) %(objectname) %(*objectname) [2ms]
2025-04-12 16:21:31.871 [info] > git status -z -uall [49ms]
2025-04-12 16:21:36.893 [info] > git for-each-ref --format=%(refname)%00%(upstream:short)%00%(objectname)%00%(upstream:track)%00%(upstream:remotename)%00%(upstream:remoteref) refs/heads/master refs/remotes/master [2ms]
2025-04-12 16:21:36.915 [info] > git for-each-ref --sort -committerdate --format %(refname) %(objectname) %(*objectname) [3ms]
2025-04-12 16:21:36.948 [info] > git status -z -uall [48ms]
2025-04-12 16:21:41.970 [info] > git for-each-ref --format=%(refname)%00%(upstream:short)%00%(objectname)%00%(upstream:track)%00%(upstream:remotename)%00%(upstream:remoteref) refs/heads/master refs/remotes/master [3ms]
2025-04-12 16:21:41.987 [info] > git for-each-ref --sort -committerdate --format %(refname) %(objectname) %(*objectname) [1ms]
2025-04-12 16:21:42.023 [info] > git status -z -uall [47ms]
2025-04-12 16:21:47.048 [info] > git for-each-ref --format=%(refname)%00%(upstream:short)%00%(objectname)%00%(upstream:track)%00%(upstream:remotename)%00%(upstream:remoteref) refs/heads/master refs/remotes/master [2ms]
2025-04-12 16:21:47.068 [info] > git for-each-ref --sort -committerdate --format %(refname) %(objectname) %(*objectname) [2ms]
2025-04-12 16:21:47.103 [info] > git status -z -uall [48ms]
2025-04-12 16:21:52.132 [info] > git for-each-ref --format=%(refname)%00%(upstream:short)%00%(objectname)%00%(upstream:track)%00%(upstream:remotename)%00%(upstream:remoteref) refs/heads/master refs/remotes/master [3ms]
2025-04-12 16:21:52.149 [info] > git for-each-ref --sort -committerdate --format %(refname) %(objectname) %(*objectname) [2ms]
2025-04-12 16:21:52.186 [info] > git status -z -uall [46ms]
2025-04-12 16:21:57.211 [info] > git for-each-ref --format=%(refname)%00%(upstream:short)%00%(objectname)%00%(upstream:track)%00%(upstream:remotename)%00%(upstream:remoteref) refs/heads/master refs/remotes/master [2ms]
2025-04-12 16:21:57.230 [info] > git for-each-ref --sort -committerdate --format %(refname) %(objectname) %(*objectname) [1ms]
2025-04-12 16:21:57.265 [info] > git status -z -uall [47ms]
2025-04-12 16:22:02.291 [info] > git for-each-ref --format=%(refname)%00%(upstream:short)%00%(objectname)%00%(upstream:track)%00%(upstream:remotename)%00%(upstream:remoteref) refs/heads/master refs/remotes/master [2ms]
2025-04-12 16:22:02.308 [info] > git for-each-ref --sort -committerdate --format %(refname) %(objectname) %(*objectname) [2ms]
2025-04-12 16:22:02.344 [info] > git status -z -uall [47ms]
2025-04-12 16:22:07.369 [info] > git for-each-ref --format=%(refname)%00%(upstream:short)%00%(objectname)%00%(upstream:track)%00%(upstream:remotename)%00%(upstream:remoteref) refs/heads/master refs/remotes/master [2ms]
2025-04-12 16:22:07.390 [info] > git for-each-ref --sort -committerdate --format %(refname) %(objectname) %(*objectname) [3ms]
2025-04-12 16:22:07.423 [info] > git status -z -uall [47ms]
2025-04-12 16:22:12.444 [info] > git for-each-ref --format=%(refname)%00%(upstream:short)%00%(objectname)%00%(upstream:track)%00%(upstream:remotename)%00%(upstream:remoteref) refs/heads/master refs/remotes/master [2ms]
2025-04-12 16:22:12.463 [info] > git for-each-ref --sort -committerdate --format %(refname) %(objectname) %(*objectname) [3ms]
2025-04-12 16:22:12.499 [info] > git status -z -uall [48ms]
2025-04-12 16:22:17.521 [info] > git for-each-ref --format=%(refname)%00%(upstream:short)%00%(objectname)%00%(upstream:track)%00%(upstream:remotename)%00%(upstream:remoteref) refs/heads/master refs/remotes/master [3ms]
2025-04-12 16:22:17.538 [info] > git for-each-ref --sort -committerdate --format %(refname) %(objectname) %(*objectname) [3ms]
2025-04-12 16:22:17.575 [info] > git status -z -uall [48ms]
2025-04-12 16:22:22.601 [info] > git for-each-ref --format=%(refname)%00%(upstream:short)%00%(objectname)%00%(upstream:track)%00%(upstream:remotename)%00%(upstream:remoteref) refs/heads/master refs/remotes/master [3ms]
2025-04-12 16:22:22.620 [info] > git for-each-ref --sort -committerdate --format %(refname) %(objectname) %(*objectname) [5ms]
2025-04-12 16:22:22.654 [info] > git status -z -uall [47ms]
2025-04-12 16:22:27.679 [info] > git for-each-ref --format=%(refname)%00%(upstream:short)%00%(objectname)%00%(upstream:track)%00%(upstream:remotename)%00%(upstream:remoteref) refs/heads/master refs/remotes/master [3ms]
2025-04-12 16:22:27.699 [info] > git for-each-ref --sort -committerdate --format %(refname) %(objectname) %(*objectname) [2ms]
2025-04-12 16:22:27.730 [info] > git status -z -uall [45ms]
2025-04-12 16:22:32.752 [info] > git for-each-ref --format=%(refname)%00%(upstream:short)%00%(objectname)%00%(upstream:track)%00%(upstream:remotename)%00%(upstream:remoteref) refs/heads/master refs/remotes/master [3ms]
2025-04-12 16:22:32.773 [info] > git for-each-ref --sort -committerdate --format %(refname) %(objectname) %(*objectname) [2ms]
2025-04-12 16:22:32.804 [info] > git status -z -uall [46ms]
2025-04-12 16:22:37.826 [info] > git for-each-ref --format=%(refname)%00%(upstream:short)%00%(objectname)%00%(upstream:track)%00%(upstream:remotename)%00%(upstream:remoteref) refs/heads/master refs/remotes/master [3ms]
2025-04-12 16:22:37.846 [info] > git for-each-ref --sort -committerdate --format %(refname) %(objectname) %(*objectname) [3ms]
2025-04-12 16:22:37.878 [info] > git status -z -uall [46ms]
2025-04-12 16:22:42.901 [info] > git for-each-ref --format=%(refname)%00%(upstream:short)%00%(objectname)%00%(upstream:track)%00%(upstream:remotename)%00%(upstream:remoteref) refs/heads/master refs/remotes/master [2ms]
2025-04-12 16:22:42.920 [info] > git for-each-ref --sort -committerdate --format %(refname) %(objectname) %(*objectname) [1ms]
2025-04-12 16:22:42.957 [info] > git status -z -uall [48ms]
2025-04-12 16:22:47.979 [info] > git for-each-ref --format=%(refname)%00%(upstream:short)%00%(objectname)%00%(upstream:track)%00%(upstream:remotename)%00%(upstream:remoteref) refs/heads/master refs/remotes/master [2ms]
2025-04-12 16:22:47.997 [info] > git for-each-ref --sort -committerdate --format %(refname) %(objectname) %(*objectname) [3ms]
2025-04-12 16:22:48.031 [info] > git status -z -uall [46ms]
2025-04-12 16:22:53.053 [info] > git for-each-ref --format=%(refname)%00%(upstream:short)%00%(objectname)%00%(upstream:track)%00%(upstream:remotename)%00%(upstream:remoteref) refs/heads/master refs/remotes/master [3ms]
2025-04-12 16:22:53.069 [info] > git for-each-ref --sort -committerdate --format %(refname) %(objectname) %(*objectname) [1ms]
2025-04-12 16:22:53.106 [info] > git status -z -uall [47ms]
2025-04-12 16:22:58.128 [info] > git for-each-ref --format=%(refname)%00%(upstream:short)%00%(objectname)%00%(upstream:track)%00%(upstream:remotename)%00%(upstream:remoteref) refs/heads/master refs/remotes/master [2ms]
2025-04-12 16:22:58.150 [info] > git for-each-ref --sort -committerdate --format %(refname) %(objectname) %(*objectname) [3ms]
2025-04-12 16:22:58.182 [info] > git status -z -uall [47ms]
2025-04-12 16:23:03.204 [info] > git for-each-ref --format=%(refname)%00%(upstream:short)%00%(objectname)%00%(upstream:track)%00%(upstream:remotename)%00%(upstream:remoteref) refs/heads/master refs/remotes/master [3ms]
2025-04-12 16:23:03.222 [info] > git for-each-ref --sort -committerdate --format %(refname) %(objectname) %(*objectname) [3ms]
2025-04-12 16:23:03.256 [info] > git status -z -uall [46ms]
2025-04-12 16:23:08.278 [info] > git for-each-ref --format=%(refname)%00%(upstream:short)%00%(objectname)%00%(upstream:track)%00%(upstream:remotename)%00%(upstream:remoteref) refs/heads/master refs/remotes/master [3ms]
2025-04-12 16:23:08.298 [info] > git for-each-ref --sort -committerdate --format %(refname) %(objectname) %(*objectname) [2ms]
2025-04-12 16:23:08.332 [info] > git status -z -uall [48ms]
2025-04-12 16:23:13.354 [info] > git for-each-ref --format=%(refname)%00%(upstream:short)%00%(objectname)%00%(upstream:track)%00%(upstream:remotename)%00%(upstream:remoteref) refs/heads/master refs/remotes/master [3ms]
2025-04-12 16:23:13.371 [info] > git for-each-ref --sort -committerdate --format %(refname) %(objectname) %(*objectname) [2ms]
2025-04-12 16:23:13.407 [info] > git status -z -uall [47ms]
2025-04-12 16:23:18.429 [info] > git for-each-ref --format=%(refname)%00%(upstream:short)%00%(objectname)%00%(upstream:track)%00%(upstream:remotename)%00%(upstream:remoteref) refs/heads/master refs/remotes/master [3ms]
2025-04-12 16:23:18.447 [info] > git for-each-ref --sort -committerdate --format %(refname) %(objectname) %(*objectname) [1ms]
2025-04-12 16:23:18.484 [info] > git status -z -uall [49ms]
2025-04-12 16:23:23.507 [info] > git for-each-ref --format=%(refname)%00%(upstream:short)%00%(objectname)%00%(upstream:track)%00%(upstream:remotename)%00%(upstream:remoteref) refs/heads/master refs/remotes/master [2ms]
2025-04-12 16:23:23.523 [info] > git for-each-ref --sort -committerdate --format %(refname) %(objectname) %(*objectname) [3ms]
2025-04-12 16:23:23.561 [info] > git status -z -uall [48ms]
2025-04-12 16:23:28.585 [info] > git for-each-ref --format=%(refname)%00%(upstream:short)%00%(objectname)%00%(upstream:track)%00%(upstream:remotename)%00%(upstream:remoteref) refs/heads/master refs/remotes/master [2ms]
2025-04-12 16:23:28.606 [info] > git for-each-ref --sort -committerdate --format %(refname) %(objectname) %(*objectname) [2ms]
2025-04-12 16:23:28.637 [info] > git status -z -uall [46ms]
2025-04-12 16:23:33.660 [info] > git for-each-ref --format=%(refname)%00%(upstream:short)%00%(objectname)%00%(upstream:track)%00%(upstream:remotename)%00%(upstream:remoteref) refs/heads/master refs/remotes/master [2ms]
2025-04-12 16:23:33.679 [info] > git for-each-ref --sort -committerdate --format %(refname) %(objectname) %(*objectname) [3ms]
2025-04-12 16:23:33.712 [info] > git status -z -uall [46ms]
2025-04-12 16:23:38.734 [info] > git for-each-ref --format=%(refname)%00%(upstream:short)%00%(objectname)%00%(upstream:track)%00%(upstream:remotename)%00%(upstream:remoteref) refs/heads/master refs/remotes/master [3ms]
2025-04-12 16:23:38.752 [info] > git for-each-ref --sort -committerdate --format %(refname) %(objectname) %(*objectname) [1ms]
2025-04-12 16:23:38.786 [info] > git status -z -uall [46ms]
2025-04-12 16:23:43.809 [info] > git for-each-ref --format=%(refname)%00%(upstream:short)%00%(objectname)%00%(upstream:track)%00%(upstream:remotename)%00%(upstream:remoteref) refs/heads/master refs/remotes/master [3ms]
2025-04-12 16:23:43.830 [info] > git for-each-ref --sort -committerdate --format %(refname) %(objectname) %(*objectname) [2ms]
2025-04-12 16:23:43.865 [info] > git status -z -uall [49ms]
2025-04-12 16:23:48.887 [info] > git for-each-ref --format=%(refname)%00%(upstream:short)%00%(objectname)%00%(upstream:track)%00%(upstream:remotename)%00%(upstream:remoteref) refs/heads/master refs/remotes/master [3ms]
2025-04-12 16:23:48.906 [info] > git for-each-ref --sort -committerdate --format %(refname) %(objectname) %(*objectname) [3ms]
2025-04-12 16:23:48.941 [info] > git status -z -uall [48ms]
2025-04-12 16:23:53.963 [info] > git for-each-ref --format=%(refname)%00%(upstream:short)%00%(objectname)%00%(upstream:track)%00%(upstream:remotename)%00%(upstream:remoteref) refs/heads/master refs/remotes/master [2ms]
2025-04-12 16:23:53.981 [info] > git for-each-ref --sort -committerdate --format %(refname) %(objectname) %(*objectname) [3ms]
2025-04-12 16:23:54.018 [info] > git status -z -uall [49ms]
2025-04-12 16:23:59.039 [info] > git for-each-ref --format=%(refname)%00%(upstream:short)%00%(objectname)%00%(upstream:track)%00%(upstream:remotename)%00%(upstream:remoteref) refs/heads/master refs/remotes/master [2ms]
2025-04-12 16:23:59.057 [info] > git for-each-ref --sort -committerdate --format %(refname) %(objectname) %(*objectname) [2ms]
2025-04-12 16:23:59.094 [info] > git status -z -uall [49ms]
2025-04-12 16:24:04.116 [info] > git for-each-ref --format=%(refname)%00%(upstream:short)%00%(objectname)%00%(upstream:track)%00%(upstream:remotename)%00%(upstream:remoteref) refs/heads/master refs/remotes/master [3ms]
2025-04-12 16:24:04.135 [info] > git for-each-ref --sort -committerdate --format %(refname) %(objectname) %(*objectname) [2ms]
2025-04-12 16:24:04.169 [info] > git status -z -uall [47ms]
2025-04-12 16:24:09.191 [info] > git for-each-ref --format=%(refname)%00%(upstream:short)%00%(objectname)%00%(upstream:track)%00%(upstream:remotename)%00%(upstream:remoteref) refs/heads/master refs/remotes/master [2ms]
2025-04-12 16:24:09.209 [info] > git for-each-ref --sort -committerdate --format %(refname) %(objectname) %(*objectname) [3ms]
2025-04-12 16:24:09.246 [info] > git status -z -uall [49ms]
2025-04-12 16:24:14.267 [info] > git for-each-ref --format=%(refname)%00%(upstream:short)%00%(objectname)%00%(upstream:track)%00%(upstream:remotename)%00%(upstream:remoteref) refs/heads/master refs/remotes/master [3ms]
2025-04-12 16:24:14.286 [info] > git for-each-ref --sort -committerdate --format %(refname) %(objectname) %(*objectname) [3ms]
2025-04-12 16:24:14.320 [info] > git status -z -uall [46ms]
2025-04-12 16:24:19.342 [info] > git for-each-ref --format=%(refname)%00%(upstream:short)%00%(objectname)%00%(upstream:track)%00%(upstream:remotename)%00%(upstream:remoteref) refs/heads/master refs/remotes/master [2ms]
2025-04-12 16:24:19.361 [info] > git for-each-ref --sort -committerdate --format %(refname) %(objectname) %(*objectname) [1ms]
2025-04-12 16:24:19.393 [info] > git status -z -uall [45ms]
2025-04-12 16:24:24.414 [info] > git for-each-ref --format=%(refname)%00%(upstream:short)%00%(objectname)%00%(upstream:track)%00%(upstream:remotename)%00%(upstream:remoteref) refs/heads/master refs/remotes/master [2ms]
2025-04-12 16:24:24.434 [info] > git for-each-ref --sort -committerdate --format %(refname) %(objectname) %(*objectname) [2ms]
2025-04-12 16:24:24.467 [info] > git status -z -uall [47ms]
2025-04-12 16:24:29.490 [info] > git for-each-ref --format=%(refname)%00%(upstream:short)%00%(objectname)%00%(upstream:track)%00%(upstream:remotename)%00%(upstream:remoteref) refs/heads/master refs/remotes/master [2ms]
2025-04-12 16:24:29.510 [info] > git for-each-ref --sort -committerdate --format %(refname) %(objectname) %(*objectname) [3ms]
2025-04-12 16:24:29.543 [info] > git status -z -uall [46ms]
2025-04-12 16:24:34.565 [info] > git for-each-ref --format=%(refname)%00%(upstream:short)%00%(objectname)%00%(upstream:track)%00%(upstream:remotename)%00%(upstream:remoteref) refs/heads/master refs/remotes/master [2ms]
2025-04-12 16:24:34.587 [info] > git for-each-ref --sort -committerdate --format %(refname) %(objectname) %(*objectname) [5ms]
2025-04-12 16:24:34.622 [info] > git status -z -uall [50ms]
2025-04-12 16:24:39.646 [info] > git for-each-ref --format=%(refname)%00%(upstream:short)%00%(objectname)%00%(upstream:track)%00%(upstream:remotename)%00%(upstream:remoteref) refs/heads/master refs/remotes/master [3ms]
2025-04-12 16:24:39.663 [info] > git for-each-ref --sort -committerdate --format %(refname) %(objectname) %(*objectname) [3ms]
2025-04-12 16:24:39.698 [info] > git status -z -uall [46ms]
2025-04-12 16:24:44.721 [info] > git for-each-ref --format=%(refname)%00%(upstream:short)%00%(objectname)%00%(upstream:track)%00%(upstream:remotename)%00%(upstream:remoteref) refs/heads/master refs/remotes/master [2ms]
2025-04-12 16:24:44.738 [info] > git for-each-ref --sort -committerdate --format %(refname) %(objectname) %(*objectname) [3ms]
2025-04-12 16:24:44.774 [info] > git status -z -uall [46ms]
2025-04-12 16:24:49.796 [info] > git for-each-ref --format=%(refname)%00%(upstream:short)%00%(objectname)%00%(upstream:track)%00%(upstream:remotename)%00%(upstream:remoteref) refs/heads/master refs/remotes/master [3ms]
2025-04-12 16:24:49.814 [info] > git for-each-ref --sort -committerdate --format %(refname) %(objectname) %(*objectname) [5ms]
2025-04-12 16:24:49.849 [info] > git status -z -uall [47ms]
2025-04-12 16:24:54.871 [info] > git for-each-ref --format=%(refname)%00%(upstream:short)%00%(objectname)%00%(upstream:track)%00%(upstream:remotename)%00%(upstream:remoteref) refs/heads/master refs/remotes/master [2ms]
2025-04-12 16:24:54.893 [info] > git for-each-ref --sort -committerdate --format %(refname) %(objectname) %(*objectname) [1ms]
2025-04-12 16:24:54.926 [info] > git status -z -uall [48ms]
2025-04-12 16:24:59.950 [info] > git for-each-ref --format=%(refname)%00%(upstream:short)%00%(objectname)%00%(upstream:track)%00%(upstream:remotename)%00%(upstream:remoteref) refs/heads/master refs/remotes/master [3ms]
2025-04-12 16:24:59.970 [info] > git for-each-ref --sort -committerdate --format %(refname) %(objectname) %(*objectname) [2ms]
2025-04-12 16:25:00.004 [info] > git status -z -uall [48ms]
2025-04-12 16:25:05.025 [info] > git for-each-ref --format=%(refname)%00%(upstream:short)%00%(objectname)%00%(upstream:track)%00%(upstream:remotename)%00%(upstream:remoteref) refs/heads/master refs/remotes/master [2ms]
2025-04-12 16:25:05.044 [info] > git for-each-ref --sort -committerdate --format %(refname) %(objectname) %(*objectname) [3ms]
2025-04-12 16:25:05.078 [info] > git status -z -uall [46ms]
2025-04-12 16:25:10.101 [info] > git for-each-ref --format=%(refname)%00%(upstream:short)%00%(objectname)%00%(upstream:track)%00%(upstream:remotename)%00%(upstream:remoteref) refs/heads/master refs/remotes/master [2ms]
2025-04-12 16:25:10.120 [info] > git for-each-ref --sort -committerdate --format %(refname) %(objectname) %(*objectname) [3ms]
2025-04-12 16:25:10.153 [info] > git status -z -uall [46ms]
2025-04-12 16:25:15.176 [info] > git for-each-ref --format=%(refname)%00%(upstream:short)%00%(objectname)%00%(upstream:track)%00%(upstream:remotename)%00%(upstream:remoteref) refs/heads/master refs/remotes/master [2ms]
2025-04-12 16:25:15.195 [info] > git for-each-ref --sort -committerdate --format %(refname) %(objectname) %(*objectname) [3ms]
2025-04-12 16:25:15.229 [info] > git status -z -uall [47ms]
2025-04-12 16:25:20.251 [info] > git for-each-ref --format=%(refname)%00%(upstream:short)%00%(objectname)%00%(upstream:track)%00%(upstream:remotename)%00%(upstream:remoteref) refs/heads/master refs/remotes/master [2ms]
2025-04-12 16:25:20.270 [info] > git for-each-ref --sort -committerdate --format %(refname) %(objectname) %(*objectname) [1ms]
2025-04-12 16:25:20.303 [info] > git status -z -uall [46ms]
2025-04-12 16:25:25.326 [info] > git for-each-ref --format=%(refname)%00%(upstream:short)%00%(objectname)%00%(upstream:track)%00%(upstream:remotename)%00%(upstream:remoteref) refs/heads/master refs/remotes/master [3ms]
2025-04-12 16:25:25.346 [info] > git for-each-ref --sort -committerdate --format %(refname) %(objectname) %(*objectname) [2ms]
2025-04-12 16:25:25.379 [info] > git status -z -uall [47ms]
2025-04-12 16:25:30.401 [info] > git for-each-ref --format=%(refname)%00%(upstream:short)%00%(objectname)%00%(upstream:track)%00%(upstream:remotename)%00%(upstream:remoteref) refs/heads/master refs/remotes/master [3ms]
2025-04-12 16:25:30.419 [info] > git for-each-ref --sort -committerdate --format %(refname) %(objectname) %(*objectname) [4ms]
2025-04-12 16:25:30.453 [info] > git status -z -uall [46ms]
2025-04-12 16:25:35.475 [info] > git for-each-ref --format=%(refname)%00%(upstream:short)%00%(objectname)%00%(upstream:track)%00%(upstream:remotename)%00%(upstream:remoteref) refs/heads/master refs/remotes/master [3ms]
2025-04-12 16:25:35.494 [info] > git for-each-ref --sort -committerdate --format %(refname) %(objectname) %(*objectname) [3ms]
2025-04-12 16:25:35.529 [info] > git status -z -uall [48ms]
2025-04-12 16:25:40.550 [info] > git for-each-ref --format=%(refname)%00%(upstream:short)%00%(objectname)%00%(upstream:track)%00%(upstream:remotename)%00%(upstream:remoteref) refs/heads/master refs/remotes/master [2ms]
2025-04-12 16:25:40.569 [info] > git for-each-ref --sort -committerdate --format %(refname) %(objectname) %(*objectname) [1ms]
2025-04-12 16:25:40.604 [info] > git status -z -uall [47ms]
