Initializing document watcher...
Document watcher initialized
apoorvtripathi537/templates/index.html: {}
apoorvtripathi537/templates/index.html: {}
apoorvtripathi537/templates/index.html: {}
apoorvtripathi537/main.py: {}
apoorvtripathi537/main.py: {}
apoorvtripathi537/main.py: {}
apoorvtripathi537/main.py: {}
apoorvtripathi537/main.py: {}
apoorvtripathi537/main.py: {}
apoorvtripathi537/main.py: {}
apoorvtripathi537/main.py: {}
apoorvtripathi537/main.py: {}
apoorvtripathi537/main.py: {}
apoorvtripathi537/main.py: {}
apoorvtripathi537/main.py: {}
apoorvtripathi537/main.py: Using EditorConfig core...
apoorvtripathi537/main.py: Using EditorConfig core...
apoorvtripathi537/main.py: Using EditorConfig core...
apoorvtripathi537/main.py: {}
apoorvtripathi537/main.py: {}
apoorvtripathi537/main.py: {}
apoorvtripathi537/main.py: Using EditorConfig core...
apoorvtripathi537/main.py: Using EditorConfig core...
apoorvtripathi537/main.py: Using EditorConfig core...
apoorvtripathi537/main.py: Using EditorConfig core...
apoorvtripathi537/main.py: Using EditorConfig core...
apoorvtripathi537/main.py: Using EditorConfig core...
apoorvtripathi537/main.py: {}
apoorvtripathi537/main.py: {}
apoorvtripathi537/main.py: {}
apoorvtripathi537/main.py: Using EditorConfig core...
apoorvtripathi537/requirements.txt: {}
apoorvtripathi537/requirements.txt: {}
apoorvtripathi537/requirements.txt: {}
apoorvtripathi537/requirements.txt: {}
apoorvtripathi537/requirements.txt: {}
apoorvtripathi537/requirements.txt: {}
apoorvtripathi537/requirements.txt: {}
apoorvtripathi537/requirements.txt: {}
apoorvtripathi537/requirements.txt: Using EditorConfig core...
apoorvtripathi537/requirements.txt: Using EditorConfig core...
apoorvtripathi537/requirements.txt: Using EditorConfig core...
apoorvtripathi537/requirements.txt: Using EditorConfig core...
apoorvtripathi537/requirements.txt: Using EditorConfig core...
apoorvtripathi537/requirements.txt: {}
apoorvtripathi537/main.py: {}
apoorvtripathi537/main.py: {}
apoorvtripathi537/main.py: Using EditorConfig core...
apoorvtripathi537/main.py: Using EditorConfig core...
apoorvtripathi537/main.py: Using EditorConfig core...
apoorvtripathi537/main.py: Using EditorConfig core...
apoorvtripathi537/main.py: {}
apoorvtripathi537/main.py: {}
apoorvtripathi537/main.py: Using EditorConfig core...
apoorvtripathi537/main.py: Using EditorConfig core...
apoorvtripathi537/main.py: Using EditorConfig core...
apoorvtripathi537/main.py: Using EditorConfig core...
apoorvtripathi537/main.py: Using EditorConfig core...
apoorvtripathi537/main.py: {}
apoorvtripathi537/main.py: {}
apoorvtripathi537/uploads/tts20250224-021033AM.wav.txt: {}
apoorvtripathi537/main.py: {}
apoorvtripathi537/main.py: {}
apoorvtripathi537/main.py: {}
apoorvtripathi537/requirements.txt: {}
apoorvtripathi537/requirements.txt: Using EditorConfig core...
apoorvtripathi537/requirements.txt: Using EditorConfig core...
apoorvtripathi537/main.py: {}
apoorvtripathi537/main.py: Using EditorConfig core...
