2025-04-12 19:48:13.340 [info] [main] Log level: Info
2025-04-12 19:48:13.340 [info] [main] Validating found git in: "git"
2025-04-12 19:48:13.340 [info] [main] Using git "2.43.0" from "git"
2025-04-12 19:48:13.340 [info] [Model][doInitialScan] Initial repository scan started
2025-04-12 19:48:13.340 [info] > git rev-parse --show-toplevel [1766ms]
2025-04-12 19:48:13.361 [info] > git rev-parse --git-dir --git-common-dir [23ms]
2025-04-12 19:48:13.374 [info] [Model][openRepository] Opened repository: /home/apoorvtripathi537
2025-04-12 19:48:13.516 [info] > git rev-parse --show-toplevel [122ms]
2025-04-12 19:48:13.881 [info] > git rev-parse --show-toplevel [8ms]
2025-04-12 19:48:13.933 [info] > git rev-parse --show-toplevel [30ms]
2025-04-12 19:48:13.953 [info] > git rev-parse --show-toplevel [8ms]
2025-04-12 19:48:13.969 [info] > git rev-parse --show-toplevel [3ms]
2025-04-12 19:48:13.986 [info] > git rev-parse --show-toplevel [1ms]
2025-04-12 19:48:14.000 [info] > git rev-parse --show-toplevel [5ms]
2025-04-12 19:48:14.018 [info] > git rev-parse --show-toplevel [10ms]
2025-04-12 19:48:14.052 [info] > git rev-parse --show-toplevel [6ms]
2025-04-12 19:48:14.067 [info] > git check-ignore -v -z --stdin [37ms]
2025-04-12 19:48:14.070 [info] > git rev-parse --show-toplevel [4ms]
2025-04-12 19:48:14.078 [info] > git rev-parse --show-toplevel [2ms]
2025-04-12 19:48:14.085 [info] > git for-each-ref --format=%(refname)%00%(upstream:short)%00%(objectname)%00%(upstream:track)%00%(upstream:remotename)%00%(upstream:remoteref) refs/heads/master refs/remotes/master [295ms]
2025-04-12 19:48:14.088 [info] > git rev-parse --show-toplevel [4ms]
2025-04-12 19:48:14.098 [info] > git rev-parse --show-toplevel [3ms]
2025-04-12 19:48:14.136 [info] > git for-each-ref --sort -committerdate --format %(refname) %(objectname) %(*objectname) [12ms]
2025-04-12 19:48:14.138 [info] > git rev-parse --show-toplevel [5ms]
2025-04-12 19:48:14.152 [info] > git rev-parse --show-toplevel [9ms]
2025-04-12 19:48:14.153 [info] [Model][doInitialScan] Initial repository scan completed - repositories (1), closed repositories (0), parent repositories (0), unsafe repositories (0)
2025-04-12 19:48:14.178 [info] > git ls-files --stage -- /home/apoorvtripathi537/templates/index.html [7ms]
2025-04-12 19:48:14.245 [info] > git show --textconv :templates/index.html [86ms]
2025-04-12 19:48:14.246 [info] > git cat-file -s 902c5f11ef436a3619aa3853ed5ec2216e1a9a65 [59ms]
2025-04-12 19:48:14.324 [info] > git status -z -uall [219ms]
2025-04-12 19:48:14.393 [info] > git for-each-ref --format=%(refname)%00%(upstream:short)%00%(objectname)%00%(upstream:track)%00%(upstream:remotename)%00%(upstream:remoteref) refs/heads/master refs/remotes/master [7ms]
2025-04-12 19:48:14.405 [info] > git config --local branch.master.vscode-merge-base [6ms]
2025-04-12 19:48:14.405 [warning] [Git][config] git config failed: Failed to execute git
2025-04-12 19:48:14.410 [info] > git for-each-ref --format=%(refname)%00%(upstream:short)%00%(objectname)%00%(upstream:track)%00%(upstream:remotename)%00%(upstream:remoteref) refs/heads/master refs/remotes/master [7ms]
2025-04-12 19:48:14.425 [info] > git for-each-ref --sort -committerdate --format %(refname) %(objectname) %(*objectname) [4ms]
2025-04-12 19:48:14.622 [info] > git status -z -uall [208ms]
2025-04-12 19:48:14.622 [info] > git reflog master --grep-reflog=branch: Created from *. [213ms]
2025-04-12 19:48:14.673 [info] > git for-each-ref --format=%(refname)%00%(upstream:short)%00%(objectname)%00%(upstream:track)%00%(upstream:remotename)%00%(upstream:remoteref) refs/heads/master refs/remotes/master [7ms]
2025-04-12 19:48:14.681 [info] > git symbolic-ref --short refs/remotes/origin/HEAD [55ms]
2025-04-12 19:48:14.682 [info] fatal: ref refs/remotes/origin/HEAD is not a symbolic ref
2025-04-12 19:48:14.682 [warning] [Repository][getDefaultBranch] Failed to get default branch details: Failed to execute git.
2025-04-12 19:48:14.690 [info] > git config --local branch.master.vscode-merge-base [8ms]
2025-04-12 19:48:14.690 [warning] [Git][config] git config failed: Failed to execute git
2025-04-12 19:48:14.694 [info] > git merge-base refs/heads/master refs/remotes/origin/master [8ms]
2025-04-12 19:48:14.700 [info] > git reflog master --grep-reflog=branch: Created from *. [6ms]
2025-04-12 19:48:14.705 [info] > git diff --name-status -z --diff-filter=ADMR ae54d5703c5e6277a64919db1dea687af7ee5769...refs/remotes/origin/master [6ms]
2025-04-12 19:48:14.706 [info] > git symbolic-ref --short refs/remotes/origin/HEAD [3ms]
2025-04-12 19:48:14.706 [info] fatal: ref refs/remotes/origin/HEAD is not a symbolic ref
2025-04-12 19:48:14.706 [warning] [Repository][getDefaultBranch] Failed to get default branch details: Failed to execute git.
2025-04-12 19:48:43.795 [info] > git for-each-ref --format=%(refname)%00%(upstream:short)%00%(objectname)%00%(upstream:track)%00%(upstream:remotename)%00%(upstream:remoteref) refs/heads/master refs/remotes/master [3ms]
2025-04-12 19:48:43.824 [info] > git for-each-ref --sort -committerdate --format %(refname) %(objectname) %(*objectname) [3ms]
2025-04-12 19:48:43.855 [info] > git status -z -uall [50ms]
2025-04-12 19:48:45.649 [info] > git show --textconv :test.py [17ms]
2025-04-12 19:48:45.651 [info] > git ls-files --stage -- /home/apoorvtripathi537/test.py [8ms]
2025-04-12 19:48:46.998 [info] > git ls-files --stage -- /home/apoorvtripathi537/main.py [4ms]
2025-04-12 19:48:47.013 [info] > git show --textconv :main.py [28ms]
2025-04-12 19:48:47.016 [info] > git cat-file -s cd8b840c6a2cc57bb6082c3fa09575f889d656b4 [3ms]
2025-04-12 19:48:48.335 [info] > git show --textconv :templates/index.html [10ms]
2025-04-12 19:48:48.339 [info] > git ls-files --stage -- /home/apoorvtripathi537/templates/index.html [5ms]
2025-04-12 19:48:48.350 [info] > git cat-file -s 902c5f11ef436a3619aa3853ed5ec2216e1a9a65 [2ms]
2025-04-12 19:48:48.898 [info] > git for-each-ref --format=%(refname)%00%(upstream:short)%00%(objectname)%00%(upstream:track)%00%(upstream:remotename)%00%(upstream:remoteref) refs/heads/master refs/remotes/master [2ms]
2025-04-12 19:48:48.924 [info] > git for-each-ref --sort -committerdate --format %(refname) %(objectname) %(*objectname) [3ms]
2025-04-12 19:48:48.957 [info] > git status -z -uall [49ms]
2025-04-12 19:48:53.997 [info] > git for-each-ref --format=%(refname)%00%(upstream:short)%00%(objectname)%00%(upstream:track)%00%(upstream:remotename)%00%(upstream:remoteref) refs/heads/master refs/remotes/master [3ms]
2025-04-12 19:48:54.023 [info] > git for-each-ref --sort -committerdate --format %(refname) %(objectname) %(*objectname) [2ms]
2025-04-12 19:48:54.056 [info] > git status -z -uall [49ms]
2025-04-12 19:48:59.100 [info] > git for-each-ref --format=%(refname)%00%(upstream:short)%00%(objectname)%00%(upstream:track)%00%(upstream:remotename)%00%(upstream:remoteref) refs/heads/master refs/remotes/master [3ms]
2025-04-12 19:48:59.127 [info] > git for-each-ref --sort -committerdate --format %(refname) %(objectname) %(*objectname) [3ms]
2025-04-12 19:48:59.159 [info] > git status -z -uall [49ms]
2025-04-12 19:49:04.193 [info] > git for-each-ref --format=%(refname)%00%(upstream:short)%00%(objectname)%00%(upstream:track)%00%(upstream:remotename)%00%(upstream:remoteref) refs/heads/master refs/remotes/master [2ms]
2025-04-12 19:49:04.217 [info] > git for-each-ref --sort -committerdate --format %(refname) %(objectname) %(*objectname) [1ms]
2025-04-12 19:49:04.251 [info] > git status -z -uall [48ms]
2025-04-12 19:49:09.282 [info] > git for-each-ref --format=%(refname)%00%(upstream:short)%00%(objectname)%00%(upstream:track)%00%(upstream:remotename)%00%(upstream:remoteref) refs/heads/master refs/remotes/master [3ms]
2025-04-12 19:49:09.304 [info] > git for-each-ref --sort -committerdate --format %(refname) %(objectname) %(*objectname) [2ms]
2025-04-12 19:49:09.340 [info] > git status -z -uall [50ms]
2025-04-12 19:49:18.372 [info] > git for-each-ref --format=%(refname)%00%(upstream:short)%00%(objectname)%00%(upstream:track)%00%(upstream:remotename)%00%(upstream:remoteref) refs/heads/master refs/remotes/master [3ms]
2025-04-12 19:49:18.396 [info] > git for-each-ref --sort -committerdate --format %(refname) %(objectname) %(*objectname) [3ms]
2025-04-12 19:49:18.436 [info] > git status -z -uall [54ms]
2025-04-12 19:49:29.214 [info] > git for-each-ref --format=%(refname)%00%(upstream:short)%00%(objectname)%00%(upstream:track)%00%(upstream:remotename)%00%(upstream:remoteref) refs/heads/master refs/remotes/master [3ms]
2025-04-12 19:49:29.235 [info] > git for-each-ref --sort -committerdate --format %(refname) %(objectname) %(*objectname) [2ms]
2025-04-12 19:49:29.273 [info] > git status -z -uall [51ms]
2025-04-12 19:49:34.304 [info] > git for-each-ref --format=%(refname)%00%(upstream:short)%00%(objectname)%00%(upstream:track)%00%(upstream:remotename)%00%(upstream:remoteref) refs/heads/master refs/remotes/master [2ms]
2025-04-12 19:49:34.325 [info] > git for-each-ref --sort -committerdate --format %(refname) %(objectname) %(*objectname) [5ms]
2025-04-12 19:49:34.361 [info] > git status -z -uall [51ms]
2025-04-12 19:49:39.392 [info] > git for-each-ref --format=%(refname)%00%(upstream:short)%00%(objectname)%00%(upstream:track)%00%(upstream:remotename)%00%(upstream:remoteref) refs/heads/master refs/remotes/master [2ms]
2025-04-12 19:49:39.412 [info] > git for-each-ref --sort -committerdate --format %(refname) %(objectname) %(*objectname) [4ms]
2025-04-12 19:49:39.448 [info] > git status -z -uall [49ms]
2025-04-12 19:49:54.227 [info] > git for-each-ref --format=%(refname)%00%(upstream:short)%00%(objectname)%00%(upstream:track)%00%(upstream:remotename)%00%(upstream:remoteref) refs/heads/master refs/remotes/master [3ms]
2025-04-12 19:49:54.250 [info] > git for-each-ref --sort -committerdate --format %(refname) %(objectname) %(*objectname) [4ms]
2025-04-12 19:49:54.282 [info] > git status -z -uall [48ms]
2025-04-12 19:49:59.318 [info] > git for-each-ref --format=%(refname)%00%(upstream:short)%00%(objectname)%00%(upstream:track)%00%(upstream:remotename)%00%(upstream:remoteref) refs/heads/master refs/remotes/master [2ms]
2025-04-12 19:49:59.339 [info] > git for-each-ref --sort -committerdate --format %(refname) %(objectname) %(*objectname) [4ms]
2025-04-12 19:49:59.373 [info] > git status -z -uall [48ms]
2025-04-12 19:50:07.231 [info] > git for-each-ref --format=%(refname)%00%(upstream:short)%00%(objectname)%00%(upstream:track)%00%(upstream:remotename)%00%(upstream:remoteref) refs/heads/master refs/remotes/master [3ms]
2025-04-12 19:50:07.254 [info] > git for-each-ref --sort -committerdate --format %(refname) %(objectname) %(*objectname) [3ms]
2025-04-12 19:50:07.286 [info] > git status -z -uall [47ms]
2025-04-12 19:50:12.317 [info] > git for-each-ref --format=%(refname)%00%(upstream:short)%00%(objectname)%00%(upstream:track)%00%(upstream:remotename)%00%(upstream:remoteref) refs/heads/master refs/remotes/master [3ms]
2025-04-12 19:50:12.341 [info] > git for-each-ref --sort -committerdate --format %(refname) %(objectname) %(*objectname) [3ms]
2025-04-12 19:50:12.375 [info] > git status -z -uall [51ms]
2025-04-12 19:50:20.750 [info] > git for-each-ref --format=%(refname)%00%(upstream:short)%00%(objectname)%00%(upstream:track)%00%(upstream:remotename)%00%(upstream:remoteref) refs/heads/master refs/remotes/master [2ms]
2025-04-12 19:50:20.770 [info] > git for-each-ref --sort -committerdate --format %(refname) %(objectname) %(*objectname) [4ms]
2025-04-12 19:50:20.808 [info] > git status -z -uall [50ms]
2025-04-12 19:50:25.840 [info] > git for-each-ref --format=%(refname)%00%(upstream:short)%00%(objectname)%00%(upstream:track)%00%(upstream:remotename)%00%(upstream:remoteref) refs/heads/master refs/remotes/master [3ms]
2025-04-12 19:50:25.864 [info] > git for-each-ref --sort -committerdate --format %(refname) %(objectname) %(*objectname) [2ms]
2025-04-12 19:50:25.896 [info] > git status -z -uall [49ms]
2025-04-12 19:50:32.250 [info] > git for-each-ref --format=%(refname)%00%(upstream:short)%00%(objectname)%00%(upstream:track)%00%(upstream:remotename)%00%(upstream:remoteref) refs/heads/master refs/remotes/master [3ms]
2025-04-12 19:50:32.272 [info] > git for-each-ref --sort -committerdate --format %(refname) %(objectname) %(*objectname) [3ms]
2025-04-12 19:50:32.305 [info] > git status -z -uall [48ms]
2025-04-12 19:50:54.260 [info] > git for-each-ref --format=%(refname)%00%(upstream:short)%00%(objectname)%00%(upstream:track)%00%(upstream:remotename)%00%(upstream:remoteref) refs/heads/master refs/remotes/master [3ms]
2025-04-12 19:50:54.282 [info] > git for-each-ref --sort -committerdate --format %(refname) %(objectname) %(*objectname) [2ms]
2025-04-12 19:50:54.314 [info] > git status -z -uall [47ms]
2025-04-12 19:51:00.243 [info] > git for-each-ref --format=%(refname)%00%(upstream:short)%00%(objectname)%00%(upstream:track)%00%(upstream:remotename)%00%(upstream:remoteref) refs/heads/master refs/remotes/master [2ms]
2025-04-12 19:51:00.266 [info] > git for-each-ref --sort -committerdate --format %(refname) %(objectname) %(*objectname) [3ms]
2025-04-12 19:51:00.298 [info] > git status -z -uall [48ms]
2025-04-12 19:51:02.604 [info] > git show --textconv :main.py [7ms]
2025-04-12 19:51:02.608 [info] > git ls-files --stage -- /home/apoorvtripathi537/main.py [5ms]
2025-04-12 19:51:02.616 [info] > git cat-file -s cd8b840c6a2cc57bb6082c3fa09575f889d656b4 [2ms]
2025-04-12 19:51:05.340 [info] > git for-each-ref --format=%(refname)%00%(upstream:short)%00%(objectname)%00%(upstream:track)%00%(upstream:remotename)%00%(upstream:remoteref) refs/heads/master refs/remotes/master [4ms]
2025-04-12 19:51:05.366 [info] > git for-each-ref --sort -committerdate --format %(refname) %(objectname) %(*objectname) [3ms]
2025-04-12 19:51:05.399 [info] > git status -z -uall [52ms]
2025-04-12 19:51:10.444 [info] > git for-each-ref --format=%(refname)%00%(upstream:short)%00%(objectname)%00%(upstream:track)%00%(upstream:remotename)%00%(upstream:remoteref) refs/heads/master refs/remotes/master [2ms]
2025-04-12 19:51:10.466 [info] > git for-each-ref --sort -committerdate --format %(refname) %(objectname) %(*objectname) [3ms]
2025-04-12 19:51:10.498 [info] > git status -z -uall [48ms]
2025-04-12 19:51:12.134 [info] > git show --textconv :templates/index.html [7ms]
2025-04-12 19:51:12.138 [info] > git ls-files --stage -- /home/apoorvtripathi537/templates/index.html [5ms]
2025-04-12 19:51:12.146 [info] > git cat-file -s 902c5f11ef436a3619aa3853ed5ec2216e1a9a65 [2ms]
2025-04-12 19:51:15.536 [info] > git for-each-ref --format=%(refname)%00%(upstream:short)%00%(objectname)%00%(upstream:track)%00%(upstream:remotename)%00%(upstream:remoteref) refs/heads/master refs/remotes/master [3ms]
2025-04-12 19:51:15.555 [info] > git for-each-ref --sort -committerdate --format %(refname) %(objectname) %(*objectname) [2ms]
2025-04-12 19:51:15.588 [info] > git status -z -uall [46ms]
2025-04-12 19:51:20.623 [info] > git for-each-ref --format=%(refname)%00%(upstream:short)%00%(objectname)%00%(upstream:track)%00%(upstream:remotename)%00%(upstream:remoteref) refs/heads/master refs/remotes/master [2ms]
2025-04-12 19:51:20.641 [info] > git for-each-ref --sort -committerdate --format %(refname) %(objectname) %(*objectname) [2ms]
2025-04-12 19:51:20.677 [info] > git status -z -uall [48ms]
2025-04-12 19:51:25.706 [info] > git for-each-ref --format=%(refname)%00%(upstream:short)%00%(objectname)%00%(upstream:track)%00%(upstream:remotename)%00%(upstream:remoteref) refs/heads/master refs/remotes/master [3ms]
2025-04-12 19:51:25.724 [info] > git for-each-ref --sort -committerdate --format %(refname) %(objectname) %(*objectname) [3ms]
2025-04-12 19:51:25.759 [info] > git status -z -uall [47ms]
2025-04-12 19:51:30.789 [info] > git for-each-ref --format=%(refname)%00%(upstream:short)%00%(objectname)%00%(upstream:track)%00%(upstream:remotename)%00%(upstream:remoteref) refs/heads/master refs/remotes/master [3ms]
2025-04-12 19:51:30.807 [info] > git for-each-ref --sort -committerdate --format %(refname) %(objectname) %(*objectname) [2ms]
2025-04-12 19:51:30.843 [info] > git status -z -uall [48ms]
2025-04-12 19:51:35.878 [info] > git for-each-ref --format=%(refname)%00%(upstream:short)%00%(objectname)%00%(upstream:track)%00%(upstream:remotename)%00%(upstream:remoteref) refs/heads/master refs/remotes/master [2ms]
2025-04-12 19:51:35.896 [info] > git for-each-ref --sort -committerdate --format %(refname) %(objectname) %(*objectname) [2ms]
2025-04-12 19:51:35.933 [info] > git status -z -uall [48ms]
2025-04-12 19:51:40.962 [info] > git for-each-ref --format=%(refname)%00%(upstream:short)%00%(objectname)%00%(upstream:track)%00%(upstream:remotename)%00%(upstream:remoteref) refs/heads/master refs/remotes/master [2ms]
2025-04-12 19:51:40.981 [info] > git for-each-ref --sort -committerdate --format %(refname) %(objectname) %(*objectname) [6ms]
2025-04-12 19:51:41.015 [info] > git status -z -uall [47ms]
2025-04-12 19:52:24.652 [info] > git for-each-ref --format=%(refname)%00%(upstream:short)%00%(objectname)%00%(upstream:track)%00%(upstream:remotename)%00%(upstream:remoteref) refs/heads/master refs/remotes/master [2ms]
2025-04-12 19:52:24.674 [info] > git for-each-ref --sort -committerdate --format %(refname) %(objectname) %(*objectname) [7ms]
2025-04-12 19:52:24.707 [info] > git status -z -uall [49ms]
2025-04-12 19:52:29.753 [info] > git for-each-ref --format=%(refname)%00%(upstream:short)%00%(objectname)%00%(upstream:track)%00%(upstream:remotename)%00%(upstream:remoteref) refs/heads/master refs/remotes/master [3ms]
2025-04-12 19:52:29.770 [info] > git for-each-ref --sort -committerdate --format %(refname) %(objectname) %(*objectname) [3ms]
2025-04-12 19:52:29.807 [info] > git status -z -uall [48ms]
2025-04-12 19:52:36.395 [info] > git for-each-ref --format=%(refname)%00%(upstream:short)%00%(objectname)%00%(upstream:track)%00%(upstream:remotename)%00%(upstream:remoteref) refs/heads/master refs/remotes/master [2ms]
2025-04-12 19:52:36.415 [info] > git for-each-ref --sort -committerdate --format %(refname) %(objectname) %(*objectname) [2ms]
2025-04-12 19:52:36.448 [info] > git status -z -uall [46ms]
2025-04-12 19:52:45.857 [info] > git for-each-ref --format=%(refname)%00%(upstream:short)%00%(objectname)%00%(upstream:track)%00%(upstream:remotename)%00%(upstream:remoteref) refs/heads/master refs/remotes/master [3ms]
2025-04-12 19:52:45.877 [info] > git for-each-ref --sort -committerdate --format %(refname) %(objectname) %(*objectname) [1ms]
2025-04-12 19:52:45.914 [info] > git status -z -uall [50ms]
2025-04-12 19:52:50.963 [info] > git for-each-ref --format=%(refname)%00%(upstream:short)%00%(objectname)%00%(upstream:track)%00%(upstream:remotename)%00%(upstream:remoteref) refs/heads/master refs/remotes/master [2ms]
2025-04-12 19:52:50.983 [info] > git for-each-ref --sort -committerdate --format %(refname) %(objectname) %(*objectname) [2ms]
2025-04-12 19:52:51.017 [info] > git status -z -uall [47ms]
2025-04-12 19:54:33.771 [info] > git for-each-ref --format=%(refname)%00%(upstream:short)%00%(objectname)%00%(upstream:track)%00%(upstream:remotename)%00%(upstream:remoteref) refs/heads/master refs/remotes/master [2ms]
2025-04-12 19:54:33.791 [info] > git for-each-ref --sort -committerdate --format %(refname) %(objectname) %(*objectname) [1ms]
2025-04-12 19:54:33.830 [info] > git status -z -uall [53ms]
2025-04-12 19:54:38.879 [info] > git for-each-ref --format=%(refname)%00%(upstream:short)%00%(objectname)%00%(upstream:track)%00%(upstream:remotename)%00%(upstream:remoteref) refs/heads/master refs/remotes/master [3ms]
2025-04-12 19:54:38.904 [info] > git for-each-ref --sort -committerdate --format %(refname) %(objectname) %(*objectname) [5ms]
2025-04-12 19:54:38.942 [info] > git status -z -uall [56ms]
2025-04-12 19:54:59.762 [info] > git for-each-ref --format=%(refname)%00%(upstream:short)%00%(objectname)%00%(upstream:track)%00%(upstream:remotename)%00%(upstream:remoteref) refs/heads/master refs/remotes/master [3ms]
2025-04-12 19:54:59.783 [info] > git for-each-ref --sort -committerdate --format %(refname) %(objectname) %(*objectname) [2ms]
2025-04-12 19:54:59.817 [info] > git status -z -uall [49ms]
2025-04-12 19:55:04.867 [info] > git for-each-ref --format=%(refname)%00%(upstream:short)%00%(objectname)%00%(upstream:track)%00%(upstream:remotename)%00%(upstream:remoteref) refs/heads/master refs/remotes/master [3ms]
2025-04-12 19:55:04.885 [info] > git for-each-ref --sort -committerdate --format %(refname) %(objectname) %(*objectname) [3ms]
2025-04-12 19:55:04.921 [info] > git status -z -uall [48ms]
2025-04-12 19:55:09.960 [info] > git for-each-ref --format=%(refname)%00%(upstream:short)%00%(objectname)%00%(upstream:track)%00%(upstream:remotename)%00%(upstream:remoteref) refs/heads/master refs/remotes/master [3ms]
2025-04-12 19:55:09.980 [info] > git for-each-ref --sort -committerdate --format %(refname) %(objectname) %(*objectname) [2ms]
2025-04-12 19:55:10.013 [info] > git status -z -uall [47ms]
2025-04-12 19:55:15.049 [info] > git for-each-ref --format=%(refname)%00%(upstream:short)%00%(objectname)%00%(upstream:track)%00%(upstream:remotename)%00%(upstream:remoteref) refs/heads/master refs/remotes/master [2ms]
2025-04-12 19:55:15.069 [info] > git for-each-ref --sort -committerdate --format %(refname) %(objectname) %(*objectname) [3ms]
2025-04-12 19:55:15.104 [info] > git status -z -uall [48ms]
2025-04-12 19:55:20.137 [info] > git for-each-ref --format=%(refname)%00%(upstream:short)%00%(objectname)%00%(upstream:track)%00%(upstream:remotename)%00%(upstream:remoteref) refs/heads/master refs/remotes/master [3ms]
2025-04-12 19:55:20.155 [info] > git for-each-ref --sort -committerdate --format %(refname) %(objectname) %(*objectname) [4ms]
2025-04-12 19:55:20.191 [info] > git status -z -uall [48ms]
2025-04-12 19:55:25.226 [info] > git for-each-ref --format=%(refname)%00%(upstream:short)%00%(objectname)%00%(upstream:track)%00%(upstream:remotename)%00%(upstream:remoteref) refs/heads/master refs/remotes/master [2ms]
2025-04-12 19:55:25.243 [info] > git for-each-ref --sort -committerdate --format %(refname) %(objectname) %(*objectname) [2ms]
2025-04-12 19:55:25.283 [info] > git status -z -uall [51ms]
2025-04-12 19:55:30.313 [info] > git for-each-ref --format=%(refname)%00%(upstream:short)%00%(objectname)%00%(upstream:track)%00%(upstream:remotename)%00%(upstream:remoteref) refs/heads/master refs/remotes/master [2ms]
2025-04-12 19:55:30.333 [info] > git for-each-ref --sort -committerdate --format %(refname) %(objectname) %(*objectname) [1ms]
2025-04-12 19:55:30.368 [info] > git status -z -uall [48ms]
2025-04-12 19:55:42.111 [info] > git for-each-ref --format=%(refname)%00%(upstream:short)%00%(objectname)%00%(upstream:track)%00%(upstream:remotename)%00%(upstream:remoteref) refs/heads/master refs/remotes/master [3ms]
2025-04-12 19:55:42.131 [info] > git for-each-ref --sort -committerdate --format %(refname) %(objectname) %(*objectname) [4ms]
2025-04-12 19:55:42.166 [info] > git status -z -uall [48ms]
2025-04-12 19:55:47.203 [info] > git for-each-ref --format=%(refname)%00%(upstream:short)%00%(objectname)%00%(upstream:track)%00%(upstream:remotename)%00%(upstream:remoteref) refs/heads/master refs/remotes/master [3ms]
2025-04-12 19:55:47.228 [info] > git for-each-ref --sort -committerdate --format %(refname) %(objectname) %(*objectname) [7ms]
2025-04-12 19:55:47.259 [info] > git status -z -uall [50ms]
2025-04-12 19:56:01.137 [info] > git for-each-ref --format=%(refname)%00%(upstream:short)%00%(objectname)%00%(upstream:track)%00%(upstream:remotename)%00%(upstream:remoteref) refs/heads/master refs/remotes/master [2ms]
2025-04-12 19:56:01.157 [info] > git for-each-ref --sort -committerdate --format %(refname) %(objectname) %(*objectname) [4ms]
2025-04-12 19:56:01.191 [info] > git status -z -uall [48ms]
2025-04-12 19:56:06.223 [info] > git for-each-ref --format=%(refname)%00%(upstream:short)%00%(objectname)%00%(upstream:track)%00%(upstream:remotename)%00%(upstream:remoteref) refs/heads/master refs/remotes/master [2ms]
2025-04-12 19:56:06.243 [info] > git for-each-ref --sort -committerdate --format %(refname) %(objectname) %(*objectname) [1ms]
2025-04-12 19:56:06.277 [info] > git status -z -uall [48ms]
2025-04-12 19:56:11.307 [info] > git for-each-ref --format=%(refname)%00%(upstream:short)%00%(objectname)%00%(upstream:track)%00%(upstream:remotename)%00%(upstream:remoteref) refs/heads/master refs/remotes/master [3ms]
2025-04-12 19:56:11.325 [info] > git for-each-ref --sort -committerdate --format %(refname) %(objectname) %(*objectname) [3ms]
2025-04-12 19:56:11.361 [info] > git status -z -uall [48ms]
2025-04-12 19:56:16.393 [info] > git for-each-ref --format=%(refname)%00%(upstream:short)%00%(objectname)%00%(upstream:track)%00%(upstream:remotename)%00%(upstream:remoteref) refs/heads/master refs/remotes/master [2ms]
2025-04-12 19:56:16.413 [info] > git for-each-ref --sort -committerdate --format %(refname) %(objectname) %(*objectname) [2ms]
2025-04-12 19:56:16.449 [info] > git status -z -uall [49ms]
2025-04-12 19:56:21.478 [info] > git for-each-ref --format=%(refname)%00%(upstream:short)%00%(objectname)%00%(upstream:track)%00%(upstream:remotename)%00%(upstream:remoteref) refs/heads/master refs/remotes/master [3ms]
2025-04-12 19:56:21.497 [info] > git for-each-ref --sort -committerdate --format %(refname) %(objectname) %(*objectname) [2ms]
2025-04-12 19:56:21.532 [info] > git status -z -uall [48ms]
2025-04-12 19:56:26.567 [info] > git for-each-ref --format=%(refname)%00%(upstream:short)%00%(objectname)%00%(upstream:track)%00%(upstream:remotename)%00%(upstream:remoteref) refs/heads/master refs/remotes/master [2ms]
2025-04-12 19:56:26.586 [info] > git for-each-ref --sort -committerdate --format %(refname) %(objectname) %(*objectname) [1ms]
2025-04-12 19:56:26.622 [info] > git status -z -uall [49ms]
2025-04-12 19:56:31.653 [info] > git for-each-ref --format=%(refname)%00%(upstream:short)%00%(objectname)%00%(upstream:track)%00%(upstream:remotename)%00%(upstream:remoteref) refs/heads/master refs/remotes/master [3ms]
2025-04-12 19:56:31.673 [info] > git for-each-ref --sort -committerdate --format %(refname) %(objectname) %(*objectname) [2ms]
2025-04-12 19:56:31.706 [info] > git status -z -uall [46ms]
2025-04-12 19:56:36.736 [info] > git for-each-ref --format=%(refname)%00%(upstream:short)%00%(objectname)%00%(upstream:track)%00%(upstream:remotename)%00%(upstream:remoteref) refs/heads/master refs/remotes/master [3ms]
2025-04-12 19:56:36.755 [info] > git for-each-ref --sort -committerdate --format %(refname) %(objectname) %(*objectname) [4ms]
2025-04-12 19:56:36.790 [info] > git status -z -uall [48ms]
2025-04-12 19:56:37.277 [info] > git ls-files --stage -- /home/apoorvtripathi537/script.js [4ms]
2025-04-12 19:56:37.305 [info] > git show --textconv :script.js [42ms]
2025-04-12 19:56:37.306 [info] > git cat-file -s 2cd6d04462786bbd603d3c51e1c9881b3f627f5d [19ms]
2025-04-12 19:56:41.823 [info] > git for-each-ref --format=%(refname)%00%(upstream:short)%00%(objectname)%00%(upstream:track)%00%(upstream:remotename)%00%(upstream:remoteref) refs/heads/master refs/remotes/master [2ms]
2025-04-12 19:56:41.842 [info] > git for-each-ref --sort -committerdate --format %(refname) %(objectname) %(*objectname) [3ms]
2025-04-12 19:56:41.877 [info] > git status -z -uall [48ms]
2025-04-12 19:56:46.906 [info] > git for-each-ref --format=%(refname)%00%(upstream:short)%00%(objectname)%00%(upstream:track)%00%(upstream:remotename)%00%(upstream:remoteref) refs/heads/master refs/remotes/master [2ms]
2025-04-12 19:56:46.922 [info] > git for-each-ref --sort -committerdate --format %(refname) %(objectname) %(*objectname) [1ms]
2025-04-12 19:56:46.961 [info] > git status -z -uall [49ms]
2025-04-12 19:56:51.991 [info] > git for-each-ref --format=%(refname)%00%(upstream:short)%00%(objectname)%00%(upstream:track)%00%(upstream:remotename)%00%(upstream:remoteref) refs/heads/master refs/remotes/master [2ms]
2025-04-12 19:56:52.009 [info] > git for-each-ref --sort -committerdate --format %(refname) %(objectname) %(*objectname) [2ms]
2025-04-12 19:56:52.046 [info] > git status -z -uall [48ms]
2025-04-12 19:56:57.082 [info] > git for-each-ref --format=%(refname)%00%(upstream:short)%00%(objectname)%00%(upstream:track)%00%(upstream:remotename)%00%(upstream:remoteref) refs/heads/master refs/remotes/master [3ms]
2025-04-12 19:56:57.102 [info] > git for-each-ref --sort -committerdate --format %(refname) %(objectname) %(*objectname) [2ms]
2025-04-12 19:56:57.136 [info] > git status -z -uall [47ms]
2025-04-12 19:57:02.166 [info] > git for-each-ref --format=%(refname)%00%(upstream:short)%00%(objectname)%00%(upstream:track)%00%(upstream:remotename)%00%(upstream:remoteref) refs/heads/master refs/remotes/master [2ms]
2025-04-12 19:57:02.188 [info] > git for-each-ref --sort -committerdate --format %(refname) %(objectname) %(*objectname) [3ms]
2025-04-12 19:57:02.222 [info] > git status -z -uall [50ms]
2025-04-12 19:57:07.252 [info] > git for-each-ref --format=%(refname)%00%(upstream:short)%00%(objectname)%00%(upstream:track)%00%(upstream:remotename)%00%(upstream:remoteref) refs/heads/master refs/remotes/master [3ms]
2025-04-12 19:57:07.272 [info] > git for-each-ref --sort -committerdate --format %(refname) %(objectname) %(*objectname) [3ms]
2025-04-12 19:57:07.309 [info] > git status -z -uall [50ms]
2025-04-12 19:57:11.476 [info] > git show --textconv :main.py [7ms]
2025-04-12 19:57:11.479 [info] > git ls-files --stage -- /home/apoorvtripathi537/main.py [4ms]
2025-04-12 19:57:11.487 [info] > git cat-file -s cd8b840c6a2cc57bb6082c3fa09575f889d656b4 [2ms]
2025-04-12 19:57:14.706 [info] > git for-each-ref --format=%(refname)%00%(upstream:short)%00%(objectname)%00%(upstream:track)%00%(upstream:remotename)%00%(upstream:remoteref) refs/heads/master refs/remotes/master [2ms]
2025-04-12 19:57:14.724 [info] > git for-each-ref --sort -committerdate --format %(refname) %(objectname) %(*objectname) [4ms]
2025-04-12 19:57:14.761 [info] > git status -z -uall [49ms]
2025-04-12 19:57:19.790 [info] > git for-each-ref --format=%(refname)%00%(upstream:short)%00%(objectname)%00%(upstream:track)%00%(upstream:remotename)%00%(upstream:remoteref) refs/heads/master refs/remotes/master [2ms]
2025-04-12 19:57:19.811 [info] > git for-each-ref --sort -committerdate --format %(refname) %(objectname) %(*objectname) [3ms]
2025-04-12 19:57:19.888 [info] > git status -z -uall [91ms]
2025-04-12 19:57:24.917 [info] > git for-each-ref --format=%(refname)%00%(upstream:short)%00%(objectname)%00%(upstream:track)%00%(upstream:remotename)%00%(upstream:remoteref) refs/heads/master refs/remotes/master [2ms]
2025-04-12 19:57:24.934 [info] > git for-each-ref --sort -committerdate --format %(refname) %(objectname) %(*objectname) [2ms]
2025-04-12 19:57:24.972 [info] > git status -z -uall [49ms]
2025-04-12 19:57:30.006 [info] > git for-each-ref --format=%(refname)%00%(upstream:short)%00%(objectname)%00%(upstream:track)%00%(upstream:remotename)%00%(upstream:remoteref) refs/heads/master refs/remotes/master [3ms]
2025-04-12 19:57:30.028 [info] > git for-each-ref --sort -committerdate --format %(refname) %(objectname) %(*objectname) [1ms]
2025-04-12 19:57:30.062 [info] > git status -z -uall [50ms]
2025-04-12 19:57:37.717 [info] > git for-each-ref --format=%(refname)%00%(upstream:short)%00%(objectname)%00%(upstream:track)%00%(upstream:remotename)%00%(upstream:remoteref) refs/heads/master refs/remotes/master [2ms]
2025-04-12 19:57:37.736 [info] > git for-each-ref --sort -committerdate --format %(refname) %(objectname) %(*objectname) [2ms]
2025-04-12 19:57:37.770 [info] > git status -z -uall [47ms]
2025-04-12 19:58:53.156 [info] > git for-each-ref --format=%(refname)%00%(upstream:short)%00%(objectname)%00%(upstream:track)%00%(upstream:remotename)%00%(upstream:remoteref) refs/heads/master refs/remotes/master [2ms]
2025-04-12 19:58:53.176 [info] > git for-each-ref --sort -committerdate --format %(refname) %(objectname) %(*objectname) [7ms]
2025-04-12 19:58:53.212 [info] > git status -z -uall [50ms]
2025-04-12 19:58:58.252 [info] > git for-each-ref --format=%(refname)%00%(upstream:short)%00%(objectname)%00%(upstream:track)%00%(upstream:remotename)%00%(upstream:remoteref) refs/heads/master refs/remotes/master [2ms]
2025-04-12 19:58:58.272 [info] > git for-each-ref --sort -committerdate --format %(refname) %(objectname) %(*objectname) [1ms]
2025-04-12 19:58:58.305 [info] > git status -z -uall [46ms]
2025-04-12 19:59:03.346 [info] > git for-each-ref --format=%(refname)%00%(upstream:short)%00%(objectname)%00%(upstream:track)%00%(upstream:remotename)%00%(upstream:remoteref) refs/heads/master refs/remotes/master [2ms]
2025-04-12 19:59:03.366 [info] > git for-each-ref --sort -committerdate --format %(refname) %(objectname) %(*objectname) [3ms]
2025-04-12 19:59:03.400 [info] > git status -z -uall [48ms]
2025-04-12 19:59:08.435 [info] > git for-each-ref --format=%(refname)%00%(upstream:short)%00%(objectname)%00%(upstream:track)%00%(upstream:remotename)%00%(upstream:remoteref) refs/heads/master refs/remotes/master [3ms]
2025-04-12 19:59:08.452 [info] > git for-each-ref --sort -committerdate --format %(refname) %(objectname) %(*objectname) [3ms]
2025-04-12 19:59:08.488 [info] > git status -z -uall [47ms]
2025-04-12 19:59:13.517 [info] > git for-each-ref --format=%(refname)%00%(upstream:short)%00%(objectname)%00%(upstream:track)%00%(upstream:remotename)%00%(upstream:remoteref) refs/heads/master refs/remotes/master [2ms]
2025-04-12 19:59:13.539 [info] > git for-each-ref --sort -committerdate --format %(refname) %(objectname) %(*objectname) [2ms]
2025-04-12 19:59:13.571 [info] > git status -z -uall [46ms]
2025-04-12 19:59:18.600 [info] > git for-each-ref --format=%(refname)%00%(upstream:short)%00%(objectname)%00%(upstream:track)%00%(upstream:remotename)%00%(upstream:remoteref) refs/heads/master refs/remotes/master [3ms]
2025-04-12 19:59:18.619 [info] > git for-each-ref --sort -committerdate --format %(refname) %(objectname) %(*objectname) [2ms]
2025-04-12 19:59:18.654 [info] > git status -z -uall [48ms]
2025-04-12 19:59:34.504 [info] > git for-each-ref --format=%(refname)%00%(upstream:short)%00%(objectname)%00%(upstream:track)%00%(upstream:remotename)%00%(upstream:remoteref) refs/heads/master refs/remotes/master [2ms]
2025-04-12 19:59:34.524 [info] > git for-each-ref --sort -committerdate --format %(refname) %(objectname) %(*objectname) [3ms]
2025-04-12 19:59:34.559 [info] > git status -z -uall [49ms]
2025-04-12 19:59:39.605 [info] > git for-each-ref --format=%(refname)%00%(upstream:short)%00%(objectname)%00%(upstream:track)%00%(upstream:remotename)%00%(upstream:remoteref) refs/heads/master refs/remotes/master [2ms]
2025-04-12 19:59:39.627 [info] > git for-each-ref --sort -committerdate --format %(refname) %(objectname) %(*objectname) [4ms]
2025-04-12 19:59:39.664 [info] > git status -z -uall [52ms]
2025-04-12 19:59:44.707 [info] > git for-each-ref --format=%(refname)%00%(upstream:short)%00%(objectname)%00%(upstream:track)%00%(upstream:remotename)%00%(upstream:remoteref) refs/heads/master refs/remotes/master [2ms]
2025-04-12 19:59:44.727 [info] > git for-each-ref --sort -committerdate --format %(refname) %(objectname) %(*objectname) [1ms]
2025-04-12 19:59:44.761 [info] > git status -z -uall [48ms]
2025-04-12 19:59:52.102 [info] > git for-each-ref --format=%(refname)%00%(upstream:short)%00%(objectname)%00%(upstream:track)%00%(upstream:remotename)%00%(upstream:remoteref) refs/heads/master refs/remotes/master [2ms]
2025-04-12 19:59:52.124 [info] > git for-each-ref --sort -committerdate --format %(refname) %(objectname) %(*objectname) [3ms]
2025-04-12 19:59:52.157 [info] > git status -z -uall [48ms]
2025-04-12 20:00:27.549 [info] > git for-each-ref --format=%(refname)%00%(upstream:short)%00%(objectname)%00%(upstream:track)%00%(upstream:remotename)%00%(upstream:remoteref) refs/heads/master refs/remotes/master [2ms]
2025-04-12 20:00:27.569 [info] > git for-each-ref --sort -committerdate --format %(refname) %(objectname) %(*objectname) [4ms]
2025-04-12 20:00:27.604 [info] > git status -z -uall [48ms]
2025-04-12 20:00:32.657 [info] > git for-each-ref --format=%(refname)%00%(upstream:short)%00%(objectname)%00%(upstream:track)%00%(upstream:remotename)%00%(upstream:remoteref) refs/heads/master refs/remotes/master [3ms]
2025-04-12 20:00:32.684 [info] > git for-each-ref --sort -committerdate --format %(refname) %(objectname) %(*objectname) [6ms]
2025-04-12 20:00:32.717 [info] > git status -z -uall [52ms]
2025-04-12 20:00:37.759 [info] > git for-each-ref --format=%(refname)%00%(upstream:short)%00%(objectname)%00%(upstream:track)%00%(upstream:remotename)%00%(upstream:remoteref) refs/heads/master refs/remotes/master [2ms]
2025-04-12 20:00:37.781 [info] > git for-each-ref --sort -committerdate --format %(refname) %(objectname) %(*objectname) [3ms]
2025-04-12 20:00:37.813 [info] > git status -z -uall [47ms]
2025-04-12 20:00:42.854 [info] > git for-each-ref --format=%(refname)%00%(upstream:short)%00%(objectname)%00%(upstream:track)%00%(upstream:remotename)%00%(upstream:remoteref) refs/heads/master refs/remotes/master [3ms]
2025-04-12 20:00:42.876 [info] > git for-each-ref --sort -committerdate --format %(refname) %(objectname) %(*objectname) [2ms]
2025-04-12 20:00:42.907 [info] > git status -z -uall [46ms]
2025-04-12 20:00:47.938 [info] > git for-each-ref --format=%(refname)%00%(upstream:short)%00%(objectname)%00%(upstream:track)%00%(upstream:remotename)%00%(upstream:remoteref) refs/heads/master refs/remotes/master [2ms]
2025-04-12 20:00:47.960 [info] > git for-each-ref --sort -committerdate --format %(refname) %(objectname) %(*objectname) [3ms]
2025-04-12 20:00:47.994 [info] > git status -z -uall [48ms]
2025-04-12 20:00:53.029 [info] > git for-each-ref --format=%(refname)%00%(upstream:short)%00%(objectname)%00%(upstream:track)%00%(upstream:remotename)%00%(upstream:remoteref) refs/heads/master refs/remotes/master [2ms]
2025-04-12 20:00:53.049 [info] > git for-each-ref --sort -committerdate --format %(refname) %(objectname) %(*objectname) [2ms]
2025-04-12 20:00:53.084 [info] > git status -z -uall [48ms]
2025-04-12 20:00:59.447 [info] > git for-each-ref --format=%(refname)%00%(upstream:short)%00%(objectname)%00%(upstream:track)%00%(upstream:remotename)%00%(upstream:remoteref) refs/heads/master refs/remotes/master [2ms]
2025-04-12 20:00:59.465 [info] > git for-each-ref --sort -committerdate --format %(refname) %(objectname) %(*objectname) [1ms]
2025-04-12 20:00:59.501 [info] > git status -z -uall [48ms]
2025-04-12 20:01:26.382 [info] > git for-each-ref --format=%(refname)%00%(upstream:short)%00%(objectname)%00%(upstream:track)%00%(upstream:remotename)%00%(upstream:remoteref) refs/heads/master refs/remotes/master [3ms]
2025-04-12 20:01:26.400 [info] > git for-each-ref --sort -committerdate --format %(refname) %(objectname) %(*objectname) [3ms]
2025-04-12 20:01:26.441 [info] > git status -z -uall [52ms]
2025-04-12 20:01:31.489 [info] > git for-each-ref --format=%(refname)%00%(upstream:short)%00%(objectname)%00%(upstream:track)%00%(upstream:remotename)%00%(upstream:remoteref) refs/heads/master refs/remotes/master [3ms]
2025-04-12 20:01:31.512 [info] > git for-each-ref --sort -committerdate --format %(refname) %(objectname) %(*objectname) [2ms]
2025-04-12 20:01:31.551 [info] > git status -z -uall [56ms]
2025-04-12 20:01:37.310 [info] > git for-each-ref --format=%(refname)%00%(upstream:short)%00%(objectname)%00%(upstream:track)%00%(upstream:remotename)%00%(upstream:remoteref) refs/heads/master refs/remotes/master [2ms]
2025-04-12 20:01:37.331 [info] > git for-each-ref --sort -committerdate --format %(refname) %(objectname) %(*objectname) [3ms]
2025-04-12 20:01:37.365 [info] > git status -z -uall [49ms]
2025-04-12 20:01:42.402 [info] > git for-each-ref --format=%(refname)%00%(upstream:short)%00%(objectname)%00%(upstream:track)%00%(upstream:remotename)%00%(upstream:remoteref) refs/heads/master refs/remotes/master [2ms]
2025-04-12 20:01:42.427 [info] > git for-each-ref --sort -committerdate --format %(refname) %(objectname) %(*objectname) [3ms]
2025-04-12 20:01:42.462 [info] > git status -z -uall [52ms]
2025-04-12 20:01:48.267 [info] > git for-each-ref --format=%(refname)%00%(upstream:short)%00%(objectname)%00%(upstream:track)%00%(upstream:remotename)%00%(upstream:remoteref) refs/heads/master refs/remotes/master [2ms]
2025-04-12 20:01:48.288 [info] > git for-each-ref --sort -committerdate --format %(refname) %(objectname) %(*objectname) [1ms]
2025-04-12 20:01:48.324 [info] > git status -z -uall [50ms]
2025-04-12 20:02:15.983 [info] > git for-each-ref --format=%(refname)%00%(upstream:short)%00%(objectname)%00%(upstream:track)%00%(upstream:remotename)%00%(upstream:remoteref) refs/heads/master refs/remotes/master [3ms]
2025-04-12 20:02:16.003 [info] > git for-each-ref --sort -committerdate --format %(refname) %(objectname) %(*objectname) [4ms]
2025-04-12 20:02:16.040 [info] > git status -z -uall [51ms]
2025-04-12 20:03:14.455 [info] > git for-each-ref --format=%(refname)%00%(upstream:short)%00%(objectname)%00%(upstream:track)%00%(upstream:remotename)%00%(upstream:remoteref) refs/heads/master refs/remotes/master [3ms]
2025-04-12 20:03:14.474 [info] > git for-each-ref --sort -committerdate --format %(refname) %(objectname) %(*objectname) [3ms]
2025-04-12 20:03:14.512 [info] > git status -z -uall [51ms]
2025-04-12 20:03:19.562 [info] > git for-each-ref --format=%(refname)%00%(upstream:short)%00%(objectname)%00%(upstream:track)%00%(upstream:remotename)%00%(upstream:remoteref) refs/heads/master refs/remotes/master [3ms]
2025-04-12 20:03:19.583 [info] > git for-each-ref --sort -committerdate --format %(refname) %(objectname) %(*objectname) [3ms]
2025-04-12 20:03:19.616 [info] > git status -z -uall [48ms]
2025-04-12 20:03:24.652 [info] > git for-each-ref --format=%(refname)%00%(upstream:short)%00%(objectname)%00%(upstream:track)%00%(upstream:remotename)%00%(upstream:remoteref) refs/heads/master refs/remotes/master [3ms]
2025-04-12 20:03:24.674 [info] > git for-each-ref --sort -committerdate --format %(refname) %(objectname) %(*objectname) [3ms]
2025-04-12 20:03:24.709 [info] > git status -z -uall [51ms]
2025-04-12 20:03:29.745 [info] > git for-each-ref --format=%(refname)%00%(upstream:short)%00%(objectname)%00%(upstream:track)%00%(upstream:remotename)%00%(upstream:remoteref) refs/heads/master refs/remotes/master [3ms]
2025-04-12 20:03:29.766 [info] > git for-each-ref --sort -committerdate --format %(refname) %(objectname) %(*objectname) [3ms]
2025-04-12 20:03:29.799 [info] > git status -z -uall [48ms]
2025-04-12 20:03:34.832 [info] > git for-each-ref --format=%(refname)%00%(upstream:short)%00%(objectname)%00%(upstream:track)%00%(upstream:remotename)%00%(upstream:remoteref) refs/heads/master refs/remotes/master [2ms]
2025-04-12 20:03:34.851 [info] > git for-each-ref --sort -committerdate --format %(refname) %(objectname) %(*objectname) [2ms]
2025-04-12 20:03:34.889 [info] > git status -z -uall [50ms]
2025-04-12 20:03:41.425 [info] > git for-each-ref --format=%(refname)%00%(upstream:short)%00%(objectname)%00%(upstream:track)%00%(upstream:remotename)%00%(upstream:remoteref) refs/heads/master refs/remotes/master [2ms]
2025-04-12 20:03:41.448 [info] > git for-each-ref --sort -committerdate --format %(refname) %(objectname) %(*objectname) [3ms]
2025-04-12 20:03:41.482 [info] > git status -z -uall [50ms]
2025-04-12 20:03:46.514 [info] > git for-each-ref --format=%(refname)%00%(upstream:short)%00%(objectname)%00%(upstream:track)%00%(upstream:remotename)%00%(upstream:remoteref) refs/heads/master refs/remotes/master [3ms]
2025-04-12 20:03:46.534 [info] > git for-each-ref --sort -committerdate --format %(refname) %(objectname) %(*objectname) [1ms]
2025-04-12 20:03:46.570 [info] > git status -z -uall [48ms]
2025-04-12 20:03:51.601 [info] > git for-each-ref --format=%(refname)%00%(upstream:short)%00%(objectname)%00%(upstream:track)%00%(upstream:remotename)%00%(upstream:remoteref) refs/heads/master refs/remotes/master [3ms]
2025-04-12 20:03:51.622 [info] > git for-each-ref --sort -committerdate --format %(refname) %(objectname) %(*objectname) [3ms]
2025-04-12 20:03:51.657 [info] > git status -z -uall [49ms]
2025-04-12 20:04:06.497 [info] > git for-each-ref --format=%(refname)%00%(upstream:short)%00%(objectname)%00%(upstream:track)%00%(upstream:remotename)%00%(upstream:remoteref) refs/heads/master refs/remotes/master [2ms]
2025-04-12 20:04:06.517 [info] > git for-each-ref --sort -committerdate --format %(refname) %(objectname) %(*objectname) [1ms]
2025-04-12 20:04:06.553 [info] > git status -z -uall [49ms]
2025-04-12 20:04:11.591 [info] > git for-each-ref --format=%(refname)%00%(upstream:short)%00%(objectname)%00%(upstream:track)%00%(upstream:remotename)%00%(upstream:remoteref) refs/heads/master refs/remotes/master [3ms]
2025-04-12 20:04:11.613 [info] > git for-each-ref --sort -committerdate --format %(refname) %(objectname) %(*objectname) [2ms]
2025-04-12 20:04:11.646 [info] > git status -z -uall [48ms]
2025-04-12 20:04:16.677 [info] > git for-each-ref --format=%(refname)%00%(upstream:short)%00%(objectname)%00%(upstream:track)%00%(upstream:remotename)%00%(upstream:remoteref) refs/heads/master refs/remotes/master [2ms]
2025-04-12 20:04:16.698 [info] > git for-each-ref --sort -committerdate --format %(refname) %(objectname) %(*objectname) [2ms]
2025-04-12 20:04:16.734 [info] > git status -z -uall [50ms]
2025-04-12 20:04:21.770 [info] > git for-each-ref --format=%(refname)%00%(upstream:short)%00%(objectname)%00%(upstream:track)%00%(upstream:remotename)%00%(upstream:remoteref) refs/heads/master refs/remotes/master [5ms]
2025-04-12 20:04:21.798 [info] > git for-each-ref --sort -committerdate --format %(refname) %(objectname) %(*objectname) [1ms]
2025-04-12 20:04:21.842 [info] > git status -z -uall [63ms]
2025-04-12 20:04:26.873 [info] > git for-each-ref --format=%(refname)%00%(upstream:short)%00%(objectname)%00%(upstream:track)%00%(upstream:remotename)%00%(upstream:remoteref) refs/heads/master refs/remotes/master [2ms]
2025-04-12 20:04:26.894 [info] > git for-each-ref --sort -committerdate --format %(refname) %(objectname) %(*objectname) [3ms]
2025-04-12 20:04:26.927 [info] > git status -z -uall [47ms]
2025-04-12 20:04:33.454 [info] > git for-each-ref --format=%(refname)%00%(upstream:short)%00%(objectname)%00%(upstream:track)%00%(upstream:remotename)%00%(upstream:remoteref) refs/heads/master refs/remotes/master [2ms]
2025-04-12 20:04:33.477 [info] > git for-each-ref --sort -committerdate --format %(refname) %(objectname) %(*objectname) [4ms]
2025-04-12 20:04:33.509 [info] > git status -z -uall [48ms]
2025-04-12 20:04:38.553 [info] > git for-each-ref --format=%(refname)%00%(upstream:short)%00%(objectname)%00%(upstream:track)%00%(upstream:remotename)%00%(upstream:remoteref) refs/heads/master refs/remotes/master [2ms]
2025-04-12 20:04:38.574 [info] > git for-each-ref --sort -committerdate --format %(refname) %(objectname) %(*objectname) [4ms]
2025-04-12 20:04:38.609 [info] > git status -z -uall [49ms]
2025-04-12 20:04:43.653 [info] > git for-each-ref --format=%(refname)%00%(upstream:short)%00%(objectname)%00%(upstream:track)%00%(upstream:remotename)%00%(upstream:remoteref) refs/heads/master refs/remotes/master [2ms]
2025-04-12 20:04:43.671 [info] > git for-each-ref --sort -committerdate --format %(refname) %(objectname) %(*objectname) [1ms]
2025-04-12 20:04:43.707 [info] > git status -z -uall [47ms]
2025-04-12 20:04:48.743 [info] > git for-each-ref --format=%(refname)%00%(upstream:short)%00%(objectname)%00%(upstream:track)%00%(upstream:remotename)%00%(upstream:remoteref) refs/heads/master refs/remotes/master [2ms]
2025-04-12 20:04:48.766 [info] > git for-each-ref --sort -committerdate --format %(refname) %(objectname) %(*objectname) [4ms]
2025-04-12 20:04:48.797 [info] > git status -z -uall [48ms]
2025-04-12 20:04:53.831 [info] > git for-each-ref --format=%(refname)%00%(upstream:short)%00%(objectname)%00%(upstream:track)%00%(upstream:remotename)%00%(upstream:remoteref) refs/heads/master refs/remotes/master [2ms]
2025-04-12 20:04:53.849 [info] > git for-each-ref --sort -committerdate --format %(refname) %(objectname) %(*objectname) [3ms]
2025-04-12 20:04:53.885 [info] > git status -z -uall [47ms]
2025-04-12 20:05:08.347 [info] > git for-each-ref --format=%(refname)%00%(upstream:short)%00%(objectname)%00%(upstream:track)%00%(upstream:remotename)%00%(upstream:remoteref) refs/heads/master refs/remotes/master [2ms]
2025-04-12 20:05:08.366 [info] > git for-each-ref --sort -committerdate --format %(refname) %(objectname) %(*objectname) [1ms]
2025-04-12 20:05:08.400 [info] > git status -z -uall [47ms]
2025-04-12 20:05:13.436 [info] > git for-each-ref --format=%(refname)%00%(upstream:short)%00%(objectname)%00%(upstream:track)%00%(upstream:remotename)%00%(upstream:remoteref) refs/heads/master refs/remotes/master [4ms]
2025-04-12 20:05:13.460 [info] > git for-each-ref --sort -committerdate --format %(refname) %(objectname) %(*objectname) [8ms]
2025-04-12 20:05:13.494 [info] > git status -z -uall [51ms]
2025-04-12 20:05:22.485 [info] > git for-each-ref --format=%(refname)%00%(upstream:short)%00%(objectname)%00%(upstream:track)%00%(upstream:remotename)%00%(upstream:remoteref) refs/heads/master refs/remotes/master [3ms]
2025-04-12 20:05:22.506 [info] > git for-each-ref --sort -committerdate --format %(refname) %(objectname) %(*objectname) [2ms]
2025-04-12 20:05:22.540 [info] > git status -z -uall [49ms]
2025-04-12 20:05:27.588 [info] > git for-each-ref --format=%(refname)%00%(upstream:short)%00%(objectname)%00%(upstream:track)%00%(upstream:remotename)%00%(upstream:remoteref) refs/heads/master refs/remotes/master [2ms]
2025-04-12 20:05:27.608 [info] > git for-each-ref --sort -committerdate --format %(refname) %(objectname) %(*objectname) [3ms]
2025-04-12 20:05:27.642 [info] > git status -z -uall [47ms]
2025-04-12 20:05:33.492 [info] > git for-each-ref --format=%(refname)%00%(upstream:short)%00%(objectname)%00%(upstream:track)%00%(upstream:remotename)%00%(upstream:remoteref) refs/heads/master refs/remotes/master [2ms]
2025-04-12 20:05:33.513 [info] > git for-each-ref --sort -committerdate --format %(refname) %(objectname) %(*objectname) [4ms]
2025-04-12 20:05:33.548 [info] > git status -z -uall [49ms]
2025-04-12 20:05:38.586 [info] > git for-each-ref --format=%(refname)%00%(upstream:short)%00%(objectname)%00%(upstream:track)%00%(upstream:remotename)%00%(upstream:remoteref) refs/heads/master refs/remotes/master [3ms]
2025-04-12 20:05:38.609 [info] > git for-each-ref --sort -committerdate --format %(refname) %(objectname) %(*objectname) [5ms]
2025-04-12 20:05:38.640 [info] > git status -z -uall [48ms]
2025-04-12 20:05:44.507 [info] > git for-each-ref --format=%(refname)%00%(upstream:short)%00%(objectname)%00%(upstream:track)%00%(upstream:remotename)%00%(upstream:remoteref) refs/heads/master refs/remotes/master [2ms]
2025-04-12 20:05:44.526 [info] > git for-each-ref --sort -committerdate --format %(refname) %(objectname) %(*objectname) [3ms]
2025-04-12 20:05:44.562 [info] > git status -z -uall [48ms]
2025-04-12 20:05:49.598 [info] > git for-each-ref --format=%(refname)%00%(upstream:short)%00%(objectname)%00%(upstream:track)%00%(upstream:remotename)%00%(upstream:remoteref) refs/heads/master refs/remotes/master [3ms]
2025-04-12 20:05:49.617 [info] > git for-each-ref --sort -committerdate --format %(refname) %(objectname) %(*objectname) [2ms]
2025-04-12 20:05:49.652 [info] > git status -z -uall [48ms]
2025-04-12 20:05:54.686 [info] > git for-each-ref --format=%(refname)%00%(upstream:short)%00%(objectname)%00%(upstream:track)%00%(upstream:remotename)%00%(upstream:remoteref) refs/heads/master refs/remotes/master [3ms]
2025-04-12 20:05:54.710 [info] > git for-each-ref --sort -committerdate --format %(refname) %(objectname) %(*objectname) [2ms]
2025-04-12 20:05:54.744 [info] > git status -z -uall [49ms]
2025-04-12 20:06:29.135 [info] > git for-each-ref --format=%(refname)%00%(upstream:short)%00%(objectname)%00%(upstream:track)%00%(upstream:remotename)%00%(upstream:remoteref) refs/heads/master refs/remotes/master [3ms]
2025-04-12 20:06:29.156 [info] > git for-each-ref --sort -committerdate --format %(refname) %(objectname) %(*objectname) [3ms]
2025-04-12 20:06:29.195 [info] > git status -z -uall [54ms]
2025-04-12 20:06:34.227 [info] > git for-each-ref --format=%(refname)%00%(upstream:short)%00%(objectname)%00%(upstream:track)%00%(upstream:remotename)%00%(upstream:remoteref) refs/heads/master refs/remotes/master [3ms]
2025-04-12 20:06:34.249 [info] > git for-each-ref --sort -committerdate --format %(refname) %(objectname) %(*objectname) [4ms]
2025-04-12 20:06:34.283 [info] > git status -z -uall [49ms]
2025-04-12 20:06:37.586 [info] > git show --textconv :templates/index.html [8ms]
2025-04-12 20:06:37.589 [info] > git ls-files --stage -- /home/apoorvtripathi537/templates/index.html [4ms]
2025-04-12 20:06:37.598 [info] > git cat-file -s 902c5f11ef436a3619aa3853ed5ec2216e1a9a65 [2ms]
2025-04-12 20:06:39.326 [info] > git for-each-ref --format=%(refname)%00%(upstream:short)%00%(objectname)%00%(upstream:track)%00%(upstream:remotename)%00%(upstream:remoteref) refs/heads/master refs/remotes/master [3ms]
2025-04-12 20:06:39.346 [info] > git for-each-ref --sort -committerdate --format %(refname) %(objectname) %(*objectname) [3ms]
2025-04-12 20:06:39.379 [info] > git status -z -uall [47ms]
2025-04-12 20:06:44.416 [info] > git for-each-ref --format=%(refname)%00%(upstream:short)%00%(objectname)%00%(upstream:track)%00%(upstream:remotename)%00%(upstream:remoteref) refs/heads/master refs/remotes/master [2ms]
2025-04-12 20:06:44.434 [info] > git for-each-ref --sort -committerdate --format %(refname) %(objectname) %(*objectname) [3ms]
2025-04-12 20:06:44.470 [info] > git status -z -uall [48ms]
2025-04-12 20:06:48.873 [info] > git show --textconv :script.js [10ms]
2025-04-12 20:06:48.875 [info] > git ls-files --stage -- /home/apoorvtripathi537/script.js [6ms]
2025-04-12 20:06:48.885 [info] > git cat-file -s 2cd6d04462786bbd603d3c51e1c9881b3f627f5d [2ms]
2025-04-12 20:06:49.503 [info] > git for-each-ref --format=%(refname)%00%(upstream:short)%00%(objectname)%00%(upstream:track)%00%(upstream:remotename)%00%(upstream:remoteref) refs/heads/master refs/remotes/master [2ms]
2025-04-12 20:06:49.524 [info] > git for-each-ref --sort -committerdate --format %(refname) %(objectname) %(*objectname) [2ms]
2025-04-12 20:06:49.556 [info] > git status -z -uall [46ms]
2025-04-12 20:06:54.876 [info] > git for-each-ref --format=%(refname)%00%(upstream:short)%00%(objectname)%00%(upstream:track)%00%(upstream:remotename)%00%(upstream:remoteref) refs/heads/master refs/remotes/master [2ms]
2025-04-12 20:06:54.898 [info] > git for-each-ref --sort -committerdate --format %(refname) %(objectname) %(*objectname) [3ms]
2025-04-12 20:06:54.934 [info] > git status -z -uall [51ms]
2025-04-12 20:06:59.968 [info] > git for-each-ref --format=%(refname)%00%(upstream:short)%00%(objectname)%00%(upstream:track)%00%(upstream:remotename)%00%(upstream:remoteref) refs/heads/master refs/remotes/master [3ms]
2025-04-12 20:06:59.989 [info] > git for-each-ref --sort -committerdate --format %(refname) %(objectname) %(*objectname) [4ms]
2025-04-12 20:07:00.023 [info] > git status -z -uall [48ms]
2025-04-12 20:07:05.881 [info] > git for-each-ref --format=%(refname)%00%(upstream:short)%00%(objectname)%00%(upstream:track)%00%(upstream:remotename)%00%(upstream:remoteref) refs/heads/master refs/remotes/master [3ms]
2025-04-12 20:07:05.900 [info] > git for-each-ref --sort -committerdate --format %(refname) %(objectname) %(*objectname) [3ms]
2025-04-12 20:07:05.935 [info] > git status -z -uall [48ms]
2025-04-12 20:07:10.965 [info] > git for-each-ref --format=%(refname)%00%(upstream:short)%00%(objectname)%00%(upstream:track)%00%(upstream:remotename)%00%(upstream:remoteref) refs/heads/master refs/remotes/master [2ms]
2025-04-12 20:07:10.984 [info] > git for-each-ref --sort -committerdate --format %(refname) %(objectname) %(*objectname) [3ms]
2025-04-12 20:07:11.019 [info] > git status -z -uall [48ms]
2025-04-12 20:07:16.048 [info] > git for-each-ref --format=%(refname)%00%(upstream:short)%00%(objectname)%00%(upstream:track)%00%(upstream:remotename)%00%(upstream:remoteref) refs/heads/master refs/remotes/master [2ms]
2025-04-12 20:07:16.069 [info] > git for-each-ref --sort -committerdate --format %(refname) %(objectname) %(*objectname) [2ms]
2025-04-12 20:07:16.103 [info] > git status -z -uall [48ms]
2025-04-12 20:07:21.135 [info] > git for-each-ref --format=%(refname)%00%(upstream:short)%00%(objectname)%00%(upstream:track)%00%(upstream:remotename)%00%(upstream:remoteref) refs/heads/master refs/remotes/master [3ms]
2025-04-12 20:07:21.152 [info] > git for-each-ref --sort -committerdate --format %(refname) %(objectname) %(*objectname) [2ms]
2025-04-12 20:07:21.189 [info] > git status -z -uall [48ms]
2025-04-12 20:07:26.219 [info] > git for-each-ref --format=%(refname)%00%(upstream:short)%00%(objectname)%00%(upstream:track)%00%(upstream:remotename)%00%(upstream:remoteref) refs/heads/master refs/remotes/master [2ms]
2025-04-12 20:07:26.239 [info] > git for-each-ref --sort -committerdate --format %(refname) %(objectname) %(*objectname) [2ms]
2025-04-12 20:07:26.272 [info] > git status -z -uall [47ms]
2025-04-12 20:07:31.301 [info] > git for-each-ref --format=%(refname)%00%(upstream:short)%00%(objectname)%00%(upstream:track)%00%(upstream:remotename)%00%(upstream:remoteref) refs/heads/master refs/remotes/master [2ms]
2025-04-12 20:07:31.319 [info] > git for-each-ref --sort -committerdate --format %(refname) %(objectname) %(*objectname) [3ms]
2025-04-12 20:07:31.356 [info] > git status -z -uall [48ms]
2025-04-12 20:07:36.386 [info] > git for-each-ref --format=%(refname)%00%(upstream:short)%00%(objectname)%00%(upstream:track)%00%(upstream:remotename)%00%(upstream:remoteref) refs/heads/master refs/remotes/master [2ms]
2025-04-12 20:07:36.408 [info] > git for-each-ref --sort -committerdate --format %(refname) %(objectname) %(*objectname) [2ms]
2025-04-12 20:07:36.441 [info] > git status -z -uall [48ms]
2025-04-12 20:07:41.471 [info] > git for-each-ref --format=%(refname)%00%(upstream:short)%00%(objectname)%00%(upstream:track)%00%(upstream:remotename)%00%(upstream:remoteref) refs/heads/master refs/remotes/master [3ms]
2025-04-12 20:07:41.490 [info] > git for-each-ref --sort -committerdate --format %(refname) %(objectname) %(*objectname) [3ms]
2025-04-12 20:07:41.524 [info] > git status -z -uall [47ms]
2025-04-12 20:07:46.558 [info] > git for-each-ref --format=%(refname)%00%(upstream:short)%00%(objectname)%00%(upstream:track)%00%(upstream:remotename)%00%(upstream:remoteref) refs/heads/master refs/remotes/master [3ms]
2025-04-12 20:07:46.579 [info] > git for-each-ref --sort -committerdate --format %(refname) %(objectname) %(*objectname) [3ms]
2025-04-12 20:07:46.613 [info] > git status -z -uall [48ms]
2025-04-12 20:07:50.981 [info] > git show --textconv :main.py [16ms]
2025-04-12 20:07:50.984 [info] > git ls-files --stage -- /home/apoorvtripathi537/main.py [9ms]
2025-04-12 20:07:50.999 [info] > git cat-file -s cd8b840c6a2cc57bb6082c3fa09575f889d656b4 [4ms]
2025-04-12 20:07:51.648 [info] > git for-each-ref --format=%(refname)%00%(upstream:short)%00%(objectname)%00%(upstream:track)%00%(upstream:remotename)%00%(upstream:remoteref) refs/heads/master refs/remotes/master [2ms]
2025-04-12 20:07:51.669 [info] > git for-each-ref --sort -committerdate --format %(refname) %(objectname) %(*objectname) [4ms]
2025-04-12 20:07:51.702 [info] > git status -z -uall [47ms]
2025-04-12 20:07:56.734 [info] > git for-each-ref --format=%(refname)%00%(upstream:short)%00%(objectname)%00%(upstream:track)%00%(upstream:remotename)%00%(upstream:remoteref) refs/heads/master refs/remotes/master [2ms]
2025-04-12 20:07:56.753 [info] > git for-each-ref --sort -committerdate --format %(refname) %(objectname) %(*objectname) [3ms]
2025-04-12 20:07:56.789 [info] > git status -z -uall [49ms]
2025-04-12 20:08:01.823 [info] > git for-each-ref --format=%(refname)%00%(upstream:short)%00%(objectname)%00%(upstream:track)%00%(upstream:remotename)%00%(upstream:remoteref) refs/heads/master refs/remotes/master [3ms]
2025-04-12 20:08:01.842 [info] > git for-each-ref --sort -committerdate --format %(refname) %(objectname) %(*objectname) [3ms]
2025-04-12 20:08:01.878 [info] > git status -z -uall [49ms]
2025-04-12 20:08:06.909 [info] > git for-each-ref --format=%(refname)%00%(upstream:short)%00%(objectname)%00%(upstream:track)%00%(upstream:remotename)%00%(upstream:remoteref) refs/heads/master refs/remotes/master [2ms]
2025-04-12 20:08:06.932 [info] > git for-each-ref --sort -committerdate --format %(refname) %(objectname) %(*objectname) [5ms]
2025-04-12 20:08:06.967 [info] > git status -z -uall [51ms]
2025-04-12 20:08:14.741 [info] > git for-each-ref --format=%(refname)%00%(upstream:short)%00%(objectname)%00%(upstream:track)%00%(upstream:remotename)%00%(upstream:remoteref) refs/heads/master refs/remotes/master [2ms]
2025-04-12 20:08:14.762 [info] > git for-each-ref --sort -committerdate --format %(refname) %(objectname) %(*objectname) [2ms]
2025-04-12 20:08:14.798 [info] > git status -z -uall [50ms]
2025-04-12 20:08:19.835 [info] > git for-each-ref --format=%(refname)%00%(upstream:short)%00%(objectname)%00%(upstream:track)%00%(upstream:remotename)%00%(upstream:remoteref) refs/heads/master refs/remotes/master [2ms]
2025-04-12 20:08:19.854 [info] > git for-each-ref --sort -committerdate --format %(refname) %(objectname) %(*objectname) [3ms]
2025-04-12 20:08:19.890 [info] > git status -z -uall [49ms]
2025-04-12 20:08:24.920 [info] > git for-each-ref --format=%(refname)%00%(upstream:short)%00%(objectname)%00%(upstream:track)%00%(upstream:remotename)%00%(upstream:remoteref) refs/heads/master refs/remotes/master [2ms]
2025-04-12 20:08:24.940 [info] > git for-each-ref --sort -committerdate --format %(refname) %(objectname) %(*objectname) [3ms]
2025-04-12 20:08:24.974 [info] > git status -z -uall [48ms]
2025-04-12 20:08:38.484 [info] > git for-each-ref --format=%(refname)%00%(upstream:short)%00%(objectname)%00%(upstream:track)%00%(upstream:remotename)%00%(upstream:remoteref) refs/heads/master refs/remotes/master [2ms]
2025-04-12 20:08:38.504 [info] > git for-each-ref --sort -committerdate --format %(refname) %(objectname) %(*objectname) [4ms]
2025-04-12 20:08:38.540 [info] > git status -z -uall [49ms]
2025-04-12 20:08:44.946 [info] > git for-each-ref --format=%(refname)%00%(upstream:short)%00%(objectname)%00%(upstream:track)%00%(upstream:remotename)%00%(upstream:remoteref) refs/heads/master refs/remotes/master [2ms]
2025-04-12 20:08:44.967 [info] > git for-each-ref --sort -committerdate --format %(refname) %(objectname) %(*objectname) [3ms]
2025-04-12 20:08:45.000 [info] > git status -z -uall [46ms]
2025-04-12 20:08:47.275 [info] > git show --textconv :templates/index.html [9ms]
2025-04-12 20:08:47.278 [info] > git ls-files --stage -- /home/apoorvtripathi537/templates/index.html [5ms]
2025-04-12 20:08:47.286 [info] > git cat-file -s 902c5f11ef436a3619aa3853ed5ec2216e1a9a65 [2ms]
2025-04-12 20:08:54.088 [info] > git for-each-ref --format=%(refname)%00%(upstream:short)%00%(objectname)%00%(upstream:track)%00%(upstream:remotename)%00%(upstream:remoteref) refs/heads/master refs/remotes/master [2ms]
2025-04-12 20:08:54.107 [info] > git for-each-ref --sort -committerdate --format %(refname) %(objectname) %(*objectname) [2ms]
2025-04-12 20:08:54.144 [info] > git status -z -uall [50ms]
2025-04-12 20:08:58.196 [info] > git show --textconv :script.js [8ms]
2025-04-12 20:08:58.199 [info] > git ls-files --stage -- /home/apoorvtripathi537/script.js [4ms]
2025-04-12 20:08:58.208 [info] > git cat-file -s 2cd6d04462786bbd603d3c51e1c9881b3f627f5d [2ms]
2025-04-12 20:08:59.189 [info] > git for-each-ref --format=%(refname)%00%(upstream:short)%00%(objectname)%00%(upstream:track)%00%(upstream:remotename)%00%(upstream:remoteref) refs/heads/master refs/remotes/master [3ms]
2025-04-12 20:08:59.206 [info] > git for-each-ref --sort -committerdate --format %(refname) %(objectname) %(*objectname) [4ms]
2025-04-12 20:08:59.244 [info] > git status -z -uall [49ms]
2025-04-12 20:10:50.346 [info] > git for-each-ref --format=%(refname)%00%(upstream:short)%00%(objectname)%00%(upstream:track)%00%(upstream:remotename)%00%(upstream:remoteref) refs/heads/master refs/remotes/master [2ms]
2025-04-12 20:10:50.368 [info] > git for-each-ref --sort -committerdate --format %(refname) %(objectname) %(*objectname) [2ms]
2025-04-12 20:10:50.404 [info] > git status -z -uall [49ms]
2025-04-12 20:10:55.455 [info] > git for-each-ref --format=%(refname)%00%(upstream:short)%00%(objectname)%00%(upstream:track)%00%(upstream:remotename)%00%(upstream:remoteref) refs/heads/master refs/remotes/master [2ms]
2025-04-12 20:10:55.480 [info] > git for-each-ref --sort -committerdate --format %(refname) %(objectname) %(*objectname) [4ms]
2025-04-12 20:10:55.514 [info] > git status -z -uall [51ms]
2025-04-12 20:11:00.556 [info] > git for-each-ref --format=%(refname)%00%(upstream:short)%00%(objectname)%00%(upstream:track)%00%(upstream:remotename)%00%(upstream:remoteref) refs/heads/master refs/remotes/master [3ms]
2025-04-12 20:11:00.578 [info] > git for-each-ref --sort -committerdate --format %(refname) %(objectname) %(*objectname) [3ms]
2025-04-12 20:11:00.613 [info] > git status -z -uall [50ms]
2025-04-12 20:11:01.364 [info] > git show --textconv :templates/index.html [8ms]
2025-04-12 20:11:01.367 [info] > git ls-files --stage -- /home/apoorvtripathi537/templates/index.html [4ms]
2025-04-12 20:11:01.375 [info] > git cat-file -s 902c5f11ef436a3619aa3853ed5ec2216e1a9a65 [2ms]
2025-04-12 20:11:02.738 [info] > git show --textconv :main.py [9ms]
2025-04-12 20:11:02.740 [info] > git ls-files --stage -- /home/apoorvtripathi537/main.py [5ms]
2025-04-12 20:11:02.750 [info] > git cat-file -s cd8b840c6a2cc57bb6082c3fa09575f889d656b4 [3ms]
2025-04-12 20:11:05.646 [info] > git for-each-ref --format=%(refname)%00%(upstream:short)%00%(objectname)%00%(upstream:track)%00%(upstream:remotename)%00%(upstream:remoteref) refs/heads/master refs/remotes/master [3ms]
2025-04-12 20:11:05.664 [info] > git for-each-ref --sort -committerdate --format %(refname) %(objectname) %(*objectname) [3ms]
2025-04-12 20:11:05.704 [info] > git status -z -uall [51ms]
2025-04-12 20:11:10.739 [info] > git for-each-ref --format=%(refname)%00%(upstream:short)%00%(objectname)%00%(upstream:track)%00%(upstream:remotename)%00%(upstream:remoteref) refs/heads/master refs/remotes/master [2ms]
2025-04-12 20:11:10.759 [info] > git for-each-ref --sort -committerdate --format %(refname) %(objectname) %(*objectname) [1ms]
2025-04-12 20:11:10.795 [info] > git status -z -uall [49ms]
2025-04-12 20:11:23.439 [info] > git for-each-ref --format=%(refname)%00%(upstream:short)%00%(objectname)%00%(upstream:track)%00%(upstream:remotename)%00%(upstream:remoteref) refs/heads/master refs/remotes/master [3ms]
2025-04-12 20:11:23.464 [info] > git for-each-ref --sort -committerdate --format %(refname) %(objectname) %(*objectname) [6ms]
2025-04-12 20:11:23.496 [info] > git status -z -uall [51ms]
2025-04-12 20:11:31.762 [info] > git for-each-ref --format=%(refname)%00%(upstream:short)%00%(objectname)%00%(upstream:track)%00%(upstream:remotename)%00%(upstream:remoteref) refs/heads/master refs/remotes/master [3ms]
2025-04-12 20:11:31.791 [info] > git for-each-ref --sort -committerdate --format %(refname) %(objectname) %(*objectname) [4ms]
2025-04-12 20:11:31.838 [info] > git status -z -uall [66ms]
2025-04-12 20:11:36.869 [info] > git for-each-ref --format=%(refname)%00%(upstream:short)%00%(objectname)%00%(upstream:track)%00%(upstream:remotename)%00%(upstream:remoteref) refs/heads/master refs/remotes/master [2ms]
2025-04-12 20:11:36.885 [info] > git for-each-ref --sort -committerdate --format %(refname) %(objectname) %(*objectname) [1ms]
2025-04-12 20:11:36.926 [info] > git status -z -uall [51ms]
2025-04-12 20:11:49.453 [info] > git for-each-ref --format=%(refname)%00%(upstream:short)%00%(objectname)%00%(upstream:track)%00%(upstream:remotename)%00%(upstream:remoteref) refs/heads/master refs/remotes/master [3ms]
2025-04-12 20:11:49.474 [info] > git for-each-ref --sort -committerdate --format %(refname) %(objectname) %(*objectname) [2ms]
2025-04-12 20:11:49.508 [info] > git status -z -uall [48ms]
2025-04-12 20:11:54.560 [info] > git for-each-ref --format=%(refname)%00%(upstream:short)%00%(objectname)%00%(upstream:track)%00%(upstream:remotename)%00%(upstream:remoteref) refs/heads/master refs/remotes/master [3ms]
2025-04-12 20:11:54.581 [info] > git for-each-ref --sort -committerdate --format %(refname) %(objectname) %(*objectname) [2ms]
2025-04-12 20:11:54.617 [info] > git status -z -uall [50ms]
2025-04-12 20:11:59.657 [info] > git for-each-ref --format=%(refname)%00%(upstream:short)%00%(objectname)%00%(upstream:track)%00%(upstream:remotename)%00%(upstream:remoteref) refs/heads/master refs/remotes/master [3ms]
2025-04-12 20:11:59.683 [info] > git for-each-ref --sort -committerdate --format %(refname) %(objectname) %(*objectname) [3ms]
2025-04-12 20:11:59.716 [info] > git status -z -uall [52ms]
2025-04-12 20:12:17.677 [info] > git for-each-ref --format=%(refname)%00%(upstream:short)%00%(objectname)%00%(upstream:track)%00%(upstream:remotename)%00%(upstream:remoteref) refs/heads/master refs/remotes/master [2ms]
2025-04-12 20:12:17.697 [info] > git for-each-ref --sort -committerdate --format %(refname) %(objectname) %(*objectname) [2ms]
2025-04-12 20:12:17.734 [info] > git status -z -uall [50ms]
2025-04-12 20:12:51.021 [info] > git for-each-ref --format=%(refname)%00%(upstream:short)%00%(objectname)%00%(upstream:track)%00%(upstream:remotename)%00%(upstream:remoteref) refs/heads/master refs/remotes/master [2ms]
2025-04-12 20:12:51.044 [info] > git for-each-ref --sort -committerdate --format %(refname) %(objectname) %(*objectname) [2ms]
2025-04-12 20:12:51.077 [info] > git status -z -uall [48ms]
2025-04-12 20:12:52.642 [info] > git show --textconv :templates/index.html [7ms]
2025-04-12 20:12:52.645 [info] > git ls-files --stage -- /home/apoorvtripathi537/templates/index.html [4ms]
2025-04-12 20:12:52.652 [info] > git cat-file -s 902c5f11ef436a3619aa3853ed5ec2216e1a9a65 [2ms]
2025-04-12 20:12:56.131 [info] > git for-each-ref --format=%(refname)%00%(upstream:short)%00%(objectname)%00%(upstream:track)%00%(upstream:remotename)%00%(upstream:remoteref) refs/heads/master refs/remotes/master [2ms]
2025-04-12 20:12:56.150 [info] > git for-each-ref --sort -committerdate --format %(refname) %(objectname) %(*objectname) [1ms]
2025-04-12 20:12:56.187 [info] > git status -z -uall [49ms]
2025-04-12 20:13:01.228 [info] > git for-each-ref --format=%(refname)%00%(upstream:short)%00%(objectname)%00%(upstream:track)%00%(upstream:remotename)%00%(upstream:remoteref) refs/heads/master refs/remotes/master [2ms]
2025-04-12 20:13:01.246 [info] > git for-each-ref --sort -committerdate --format %(refname) %(objectname) %(*objectname) [3ms]
2025-04-12 20:13:01.284 [info] > git status -z -uall [49ms]
2025-04-12 20:13:06.322 [info] > git for-each-ref --format=%(refname)%00%(upstream:short)%00%(objectname)%00%(upstream:track)%00%(upstream:remotename)%00%(upstream:remoteref) refs/heads/master refs/remotes/master [3ms]
2025-04-12 20:13:06.344 [info] > git for-each-ref --sort -committerdate --format %(refname) %(objectname) %(*objectname) [3ms]
2025-04-12 20:13:06.378 [info] > git status -z -uall [49ms]
2025-04-12 20:13:38.289 [info] > git for-each-ref --format=%(refname)%00%(upstream:short)%00%(objectname)%00%(upstream:track)%00%(upstream:remotename)%00%(upstream:remoteref) refs/heads/master refs/remotes/master [3ms]
2025-04-12 20:13:38.310 [info] > git for-each-ref --sort -committerdate --format %(refname) %(objectname) %(*objectname) [2ms]
2025-04-12 20:13:38.344 [info] > git status -z -uall [49ms]
2025-04-12 20:13:43.391 [info] > git for-each-ref --format=%(refname)%00%(upstream:short)%00%(objectname)%00%(upstream:track)%00%(upstream:remotename)%00%(upstream:remoteref) refs/heads/master refs/remotes/master [2ms]
2025-04-12 20:13:43.409 [info] > git for-each-ref --sort -committerdate --format %(refname) %(objectname) %(*objectname) [3ms]
2025-04-12 20:13:43.446 [info] > git status -z -uall [49ms]
2025-04-12 20:13:55.449 [info] > git for-each-ref --format=%(refname)%00%(upstream:short)%00%(objectname)%00%(upstream:track)%00%(upstream:remotename)%00%(upstream:remoteref) refs/heads/master refs/remotes/master [3ms]
2025-04-12 20:13:55.465 [info] > git for-each-ref --sort -committerdate --format %(refname) %(objectname) %(*objectname) [3ms]
2025-04-12 20:13:55.509 [info] > git status -z -uall [54ms]
2025-04-12 20:13:58.777 [info] > git show --textconv :main.py [8ms]
2025-04-12 20:13:58.781 [info] > git ls-files --stage -- /home/apoorvtripathi537/main.py [5ms]
2025-04-12 20:13:58.789 [info] > git cat-file -s cd8b840c6a2cc57bb6082c3fa09575f889d656b4 [2ms]
2025-04-12 20:14:00.558 [info] > git for-each-ref --format=%(refname)%00%(upstream:short)%00%(objectname)%00%(upstream:track)%00%(upstream:remotename)%00%(upstream:remoteref) refs/heads/master refs/remotes/master [3ms]
2025-04-12 20:14:00.576 [info] > git for-each-ref --sort -committerdate --format %(refname) %(objectname) %(*objectname) [2ms]
2025-04-12 20:14:00.612 [info] > git status -z -uall [48ms]
2025-04-12 20:14:05.653 [info] > git for-each-ref --format=%(refname)%00%(upstream:short)%00%(objectname)%00%(upstream:track)%00%(upstream:remotename)%00%(upstream:remoteref) refs/heads/master refs/remotes/master [3ms]
2025-04-12 20:14:05.673 [info] > git for-each-ref --sort -committerdate --format %(refname) %(objectname) %(*objectname) [2ms]
2025-04-12 20:14:05.710 [info] > git status -z -uall [50ms]
2025-04-12 20:14:10.747 [info] > git for-each-ref --format=%(refname)%00%(upstream:short)%00%(objectname)%00%(upstream:track)%00%(upstream:remotename)%00%(upstream:remoteref) refs/heads/master refs/remotes/master [2ms]
2025-04-12 20:14:10.766 [info] > git for-each-ref --sort -committerdate --format %(refname) %(objectname) %(*objectname) [3ms]
2025-04-12 20:14:10.804 [info] > git status -z -uall [50ms]
2025-04-12 20:14:15.838 [info] > git for-each-ref --format=%(refname)%00%(upstream:short)%00%(objectname)%00%(upstream:track)%00%(upstream:remotename)%00%(upstream:remoteref) refs/heads/master refs/remotes/master [3ms]
2025-04-12 20:14:15.856 [info] > git for-each-ref --sort -committerdate --format %(refname) %(objectname) %(*objectname) [1ms]
2025-04-12 20:14:15.894 [info] > git status -z -uall [50ms]
2025-04-12 20:14:20.928 [info] > git for-each-ref --format=%(refname)%00%(upstream:short)%00%(objectname)%00%(upstream:track)%00%(upstream:remotename)%00%(upstream:remoteref) refs/heads/master refs/remotes/master [2ms]
2025-04-12 20:14:20.946 [info] > git for-each-ref --sort -committerdate --format %(refname) %(objectname) %(*objectname) [0ms]
2025-04-12 20:14:20.982 [info] > git status -z -uall [48ms]
2025-04-12 20:14:26.018 [info] > git for-each-ref --format=%(refname)%00%(upstream:short)%00%(objectname)%00%(upstream:track)%00%(upstream:remotename)%00%(upstream:remoteref) refs/heads/master refs/remotes/master [3ms]
2025-04-12 20:14:26.035 [info] > git for-each-ref --sort -committerdate --format %(refname) %(objectname) %(*objectname) [1ms]
2025-04-12 20:14:26.073 [info] > git status -z -uall [49ms]
2025-04-12 20:14:31.107 [info] > git for-each-ref --format=%(refname)%00%(upstream:short)%00%(objectname)%00%(upstream:track)%00%(upstream:remotename)%00%(upstream:remoteref) refs/heads/master refs/remotes/master [3ms]
2025-04-12 20:14:31.135 [info] > git for-each-ref --sort -committerdate --format %(refname) %(objectname) %(*objectname) [6ms]
2025-04-12 20:14:31.177 [info] > git status -z -uall [63ms]
2025-04-12 20:14:36.261 [info] > git for-each-ref --format=%(refname)%00%(upstream:short)%00%(objectname)%00%(upstream:track)%00%(upstream:remotename)%00%(upstream:remoteref) refs/heads/master refs/remotes/master [2ms]
2025-04-12 20:14:36.282 [info] > git for-each-ref --sort -committerdate --format %(refname) %(objectname) %(*objectname) [2ms]
2025-04-12 20:14:36.317 [info] > git status -z -uall [49ms]
2025-04-12 20:14:41.348 [info] > git for-each-ref --format=%(refname)%00%(upstream:short)%00%(objectname)%00%(upstream:track)%00%(upstream:remotename)%00%(upstream:remoteref) refs/heads/master refs/remotes/master [2ms]
2025-04-12 20:14:41.370 [info] > git for-each-ref --sort -committerdate --format %(refname) %(objectname) %(*objectname) [3ms]
2025-04-12 20:14:41.403 [info] > git status -z -uall [48ms]
2025-04-12 20:14:46.434 [info] > git for-each-ref --format=%(refname)%00%(upstream:short)%00%(objectname)%00%(upstream:track)%00%(upstream:remotename)%00%(upstream:remoteref) refs/heads/master refs/remotes/master [3ms]
2025-04-12 20:14:46.456 [info] > git for-each-ref --sort -committerdate --format %(refname) %(objectname) %(*objectname) [3ms]
2025-04-12 20:14:46.490 [info] > git status -z -uall [49ms]
2025-04-12 20:14:51.521 [info] > git for-each-ref --format=%(refname)%00%(upstream:short)%00%(objectname)%00%(upstream:track)%00%(upstream:remotename)%00%(upstream:remoteref) refs/heads/master refs/remotes/master [2ms]
2025-04-12 20:14:51.541 [info] > git for-each-ref --sort -committerdate --format %(refname) %(objectname) %(*objectname) [4ms]
2025-04-12 20:14:51.578 [info] > git status -z -uall [50ms]
2025-04-12 20:19:57.553 [info] > git for-each-ref --format=%(refname)%00%(upstream:short)%00%(objectname)%00%(upstream:track)%00%(upstream:remotename)%00%(upstream:remoteref) refs/heads/master refs/remotes/master [3ms]
2025-04-12 20:19:57.574 [info] > git for-each-ref --sort -committerdate --format %(refname) %(objectname) %(*objectname) [2ms]
2025-04-12 20:19:57.611 [info] > git status -z -uall [52ms]
2025-04-12 20:20:02.659 [info] > git for-each-ref --format=%(refname)%00%(upstream:short)%00%(objectname)%00%(upstream:track)%00%(upstream:remotename)%00%(upstream:remoteref) refs/heads/master refs/remotes/master [3ms]
2025-04-12 20:20:02.678 [info] > git for-each-ref --sort -committerdate --format %(refname) %(objectname) %(*objectname) [2ms]
2025-04-12 20:20:02.715 [info] > git status -z -uall [50ms]
2025-04-12 20:20:07.754 [info] > git for-each-ref --format=%(refname)%00%(upstream:short)%00%(objectname)%00%(upstream:track)%00%(upstream:remotename)%00%(upstream:remoteref) refs/heads/master refs/remotes/master [3ms]
2025-04-12 20:20:07.772 [info] > git for-each-ref --sort -committerdate --format %(refname) %(objectname) %(*objectname) [2ms]
2025-04-12 20:20:07.809 [info] > git status -z -uall [49ms]
2025-04-12 20:20:12.843 [info] > git for-each-ref --format=%(refname)%00%(upstream:short)%00%(objectname)%00%(upstream:track)%00%(upstream:remotename)%00%(upstream:remoteref) refs/heads/master refs/remotes/master [2ms]
2025-04-12 20:20:12.864 [info] > git for-each-ref --sort -committerdate --format %(refname) %(objectname) %(*objectname) [3ms]
2025-04-12 20:20:12.899 [info] > git status -z -uall [49ms]
2025-04-12 20:20:17.930 [info] > git for-each-ref --format=%(refname)%00%(upstream:short)%00%(objectname)%00%(upstream:track)%00%(upstream:remotename)%00%(upstream:remoteref) refs/heads/master refs/remotes/master [3ms]
2025-04-12 20:20:17.946 [info] > git for-each-ref --sort -committerdate --format %(refname) %(objectname) %(*objectname) [3ms]
2025-04-12 20:20:17.987 [info] > git status -z -uall [51ms]
2025-04-12 20:20:23.020 [info] > git for-each-ref --format=%(refname)%00%(upstream:short)%00%(objectname)%00%(upstream:track)%00%(upstream:remotename)%00%(upstream:remoteref) refs/heads/master refs/remotes/master [2ms]
2025-04-12 20:20:23.039 [info] > git for-each-ref --sort -committerdate --format %(refname) %(objectname) %(*objectname) [4ms]
2025-04-12 20:20:23.075 [info] > git status -z -uall [48ms]
2025-04-12 20:21:33.996 [info] > git for-each-ref --format=%(refname)%00%(upstream:short)%00%(objectname)%00%(upstream:track)%00%(upstream:remotename)%00%(upstream:remoteref) refs/heads/master refs/remotes/master [3ms]
2025-04-12 20:21:34.017 [info] > git for-each-ref --sort -committerdate --format %(refname) %(objectname) %(*objectname) [3ms]
2025-04-12 20:21:34.051 [info] > git status -z -uall [49ms]
2025-04-12 20:21:39.091 [info] > git for-each-ref --format=%(refname)%00%(upstream:short)%00%(objectname)%00%(upstream:track)%00%(upstream:remotename)%00%(upstream:remoteref) refs/heads/master refs/remotes/master [3ms]
2025-04-12 20:21:39.113 [info] > git for-each-ref --sort -committerdate --format %(refname) %(objectname) %(*objectname) [4ms]
2025-04-12 20:21:39.153 [info] > git status -z -uall [55ms]
2025-04-12 20:21:44.787 [info] > git for-each-ref --format=%(refname)%00%(upstream:short)%00%(objectname)%00%(upstream:track)%00%(upstream:remotename)%00%(upstream:remoteref) refs/heads/master refs/remotes/master [3ms]
2025-04-12 20:21:44.809 [info] > git for-each-ref --sort -committerdate --format %(refname) %(objectname) %(*objectname) [1ms]
2025-04-12 20:21:44.846 [info] > git status -z -uall [53ms]
2025-04-12 20:21:50.786 [info] > git for-each-ref --format=%(refname)%00%(upstream:short)%00%(objectname)%00%(upstream:track)%00%(upstream:remotename)%00%(upstream:remoteref) refs/heads/master refs/remotes/master [3ms]
2025-04-12 20:21:50.804 [info] > git for-each-ref --sort -committerdate --format %(refname) %(objectname) %(*objectname) [1ms]
2025-04-12 20:21:50.841 [info] > git status -z -uall [49ms]
2025-04-12 20:23:23.568 [info] > git for-each-ref --format=%(refname)%00%(upstream:short)%00%(objectname)%00%(upstream:track)%00%(upstream:remotename)%00%(upstream:remoteref) refs/heads/master refs/remotes/master [3ms]
2025-04-12 20:23:23.588 [info] > git for-each-ref --sort -committerdate --format %(refname) %(objectname) %(*objectname) [1ms]
2025-04-12 20:23:23.626 [info] > git status -z -uall [52ms]
2025-04-12 20:23:34.524 [info] > git check-ignore -v -z --stdin [4ms]
2025-04-12 20:23:40.890 [info] > git for-each-ref --format=%(refname)%00%(upstream:short)%00%(objectname)%00%(upstream:track)%00%(upstream:remotename)%00%(upstream:remoteref) refs/heads/master refs/remotes/master [3ms]
2025-04-12 20:23:40.912 [info] > git for-each-ref --sort -committerdate --format %(refname) %(objectname) %(*objectname) [2ms]
2025-04-12 20:23:40.947 [info] > git status -z -uall [51ms]
2025-04-12 20:23:46.002 [info] > git for-each-ref --format=%(refname)%00%(upstream:short)%00%(objectname)%00%(upstream:track)%00%(upstream:remotename)%00%(upstream:remoteref) refs/heads/master refs/remotes/master [3ms]
2025-04-12 20:23:46.022 [info] > git for-each-ref --sort -committerdate --format %(refname) %(objectname) %(*objectname) [2ms]
2025-04-12 20:23:46.056 [info] > git status -z -uall [48ms]
2025-04-12 20:23:55.518 [info] > git check-ignore -v -z --stdin [4ms]
2025-04-12 20:24:01.489 [info] > git for-each-ref --format=%(refname)%00%(upstream:short)%00%(objectname)%00%(upstream:track)%00%(upstream:remotename)%00%(upstream:remoteref) refs/heads/master refs/remotes/master [2ms]
2025-04-12 20:24:01.508 [info] > git for-each-ref --sort -committerdate --format %(refname) %(objectname) %(*objectname) [2ms]
2025-04-12 20:24:01.544 [info] > git status -z -uall [49ms]
2025-04-12 20:24:06.593 [info] > git for-each-ref --format=%(refname)%00%(upstream:short)%00%(objectname)%00%(upstream:track)%00%(upstream:remotename)%00%(upstream:remoteref) refs/heads/master refs/remotes/master [2ms]
2025-04-12 20:24:06.613 [info] > git for-each-ref --sort -committerdate --format %(refname) %(objectname) %(*objectname) [1ms]
2025-04-12 20:24:06.649 [info] > git status -z -uall [49ms]
2025-04-12 20:24:11.690 [info] > git for-each-ref --format=%(refname)%00%(upstream:short)%00%(objectname)%00%(upstream:track)%00%(upstream:remotename)%00%(upstream:remoteref) refs/heads/master refs/remotes/master [3ms]
2025-04-12 20:24:11.714 [info] > git for-each-ref --sort -committerdate --format %(refname) %(objectname) %(*objectname) [5ms]
2025-04-12 20:24:11.758 [info] > git status -z -uall [62ms]
2025-04-12 20:24:16.819 [info] > git for-each-ref --format=%(refname)%00%(upstream:short)%00%(objectname)%00%(upstream:track)%00%(upstream:remotename)%00%(upstream:remoteref) refs/heads/master refs/remotes/master [3ms]
2025-04-12 20:24:16.841 [info] > git for-each-ref --sort -committerdate --format %(refname) %(objectname) %(*objectname) [3ms]
2025-04-12 20:24:16.877 [info] > git status -z -uall [51ms]
2025-04-12 20:24:21.912 [info] > git for-each-ref --format=%(refname)%00%(upstream:short)%00%(objectname)%00%(upstream:track)%00%(upstream:remotename)%00%(upstream:remoteref) refs/heads/master refs/remotes/master [3ms]
2025-04-12 20:24:21.931 [info] > git for-each-ref --sort -committerdate --format %(refname) %(objectname) %(*objectname) [3ms]
2025-04-12 20:24:21.968 [info] > git status -z -uall [49ms]
2025-04-12 20:24:37.435 [info] > git for-each-ref --format=%(refname)%00%(upstream:short)%00%(objectname)%00%(upstream:track)%00%(upstream:remotename)%00%(upstream:remoteref) refs/heads/master refs/remotes/master [3ms]
2025-04-12 20:24:37.458 [info] > git for-each-ref --sort -committerdate --format %(refname) %(objectname) %(*objectname) [4ms]
2025-04-12 20:24:37.493 [info] > git status -z -uall [52ms]
2025-04-12 20:24:42.530 [info] > git for-each-ref --format=%(refname)%00%(upstream:short)%00%(objectname)%00%(upstream:track)%00%(upstream:remotename)%00%(upstream:remoteref) refs/heads/master refs/remotes/master [2ms]
2025-04-12 20:24:42.554 [info] > git for-each-ref --sort -committerdate --format %(refname) %(objectname) %(*objectname) [3ms]
2025-04-12 20:24:42.588 [info] > git status -z -uall [49ms]
2025-04-12 20:24:47.630 [info] > git for-each-ref --format=%(refname)%00%(upstream:short)%00%(objectname)%00%(upstream:track)%00%(upstream:remotename)%00%(upstream:remoteref) refs/heads/master refs/remotes/master [2ms]
2025-04-12 20:24:47.651 [info] > git for-each-ref --sort -committerdate --format %(refname) %(objectname) %(*objectname) [2ms]
2025-04-12 20:24:47.685 [info] > git status -z -uall [47ms]
2025-04-12 20:24:52.723 [info] > git for-each-ref --format=%(refname)%00%(upstream:short)%00%(objectname)%00%(upstream:track)%00%(upstream:remotename)%00%(upstream:remoteref) refs/heads/master refs/remotes/master [3ms]
2025-04-12 20:24:52.742 [info] > git for-each-ref --sort -committerdate --format %(refname) %(objectname) %(*objectname) [1ms]
2025-04-12 20:24:52.778 [info] > git status -z -uall [48ms]
2025-04-12 20:24:57.809 [info] > git for-each-ref --format=%(refname)%00%(upstream:short)%00%(objectname)%00%(upstream:track)%00%(upstream:remotename)%00%(upstream:remoteref) refs/heads/master refs/remotes/master [3ms]
2025-04-12 20:24:57.828 [info] > git for-each-ref --sort -committerdate --format %(refname) %(objectname) %(*objectname) [0ms]
2025-04-12 20:24:57.863 [info] > git status -z -uall [48ms]
2025-04-12 20:25:02.898 [info] > git for-each-ref --format=%(refname)%00%(upstream:short)%00%(objectname)%00%(upstream:track)%00%(upstream:remotename)%00%(upstream:remoteref) refs/heads/master refs/remotes/master [3ms]
2025-04-12 20:25:02.917 [info] > git for-each-ref --sort -committerdate --format %(refname) %(objectname) %(*objectname) [1ms]
2025-04-12 20:25:02.952 [info] > git status -z -uall [48ms]
2025-04-12 20:25:37.602 [info] > git for-each-ref --format=%(refname)%00%(upstream:short)%00%(objectname)%00%(upstream:track)%00%(upstream:remotename)%00%(upstream:remoteref) refs/heads/master refs/remotes/master [3ms]
2025-04-12 20:25:37.626 [info] > git for-each-ref --sort -committerdate --format %(refname) %(objectname) %(*objectname) [4ms]
2025-04-12 20:25:37.661 [info] > git status -z -uall [50ms]
2025-04-12 20:25:49.716 [info] > git for-each-ref --format=%(refname)%00%(upstream:short)%00%(objectname)%00%(upstream:track)%00%(upstream:remotename)%00%(upstream:remoteref) refs/heads/master refs/remotes/master [3ms]
2025-04-12 20:25:49.733 [info] > git for-each-ref --sort -committerdate --format %(refname) %(objectname) %(*objectname) [3ms]
2025-04-12 20:25:49.778 [info] > git status -z -uall [56ms]
2025-04-12 20:25:54.827 [info] > git for-each-ref --format=%(refname)%00%(upstream:short)%00%(objectname)%00%(upstream:track)%00%(upstream:remotename)%00%(upstream:remoteref) refs/heads/master refs/remotes/master [3ms]
2025-04-12 20:25:54.850 [info] > git for-each-ref --sort -committerdate --format %(refname) %(objectname) %(*objectname) [4ms]
2025-04-12 20:25:54.888 [info] > git status -z -uall [55ms]
2025-04-12 20:26:04.451 [info] > git for-each-ref --format=%(refname)%00%(upstream:short)%00%(objectname)%00%(upstream:track)%00%(upstream:remotename)%00%(upstream:remoteref) refs/heads/master refs/remotes/master [3ms]
2025-04-12 20:26:04.469 [info] > git for-each-ref --sort -committerdate --format %(refname) %(objectname) %(*objectname) [3ms]
2025-04-12 20:26:04.508 [info] > git status -z -uall [51ms]
2025-04-12 20:26:09.551 [info] > git for-each-ref --format=%(refname)%00%(upstream:short)%00%(objectname)%00%(upstream:track)%00%(upstream:remotename)%00%(upstream:remoteref) refs/heads/master refs/remotes/master [3ms]
2025-04-12 20:26:09.577 [info] > git for-each-ref --sort -committerdate --format %(refname) %(objectname) %(*objectname) [3ms]
2025-04-12 20:26:09.610 [info] > git status -z -uall [53ms]
2025-04-12 20:26:32.649 [info] > git for-each-ref --format=%(refname)%00%(upstream:short)%00%(objectname)%00%(upstream:track)%00%(upstream:remotename)%00%(upstream:remoteref) refs/heads/master refs/remotes/master [2ms]
2025-04-12 20:26:32.674 [info] > git for-each-ref --sort -committerdate --format %(refname) %(objectname) %(*objectname) [5ms]
2025-04-12 20:26:32.709 [info] > git status -z -uall [53ms]
2025-04-12 20:26:37.739 [info] > git for-each-ref --format=%(refname)%00%(upstream:short)%00%(objectname)%00%(upstream:track)%00%(upstream:remotename)%00%(upstream:remoteref) refs/heads/master refs/remotes/master [2ms]
2025-04-12 20:26:37.761 [info] > git for-each-ref --sort -committerdate --format %(refname) %(objectname) %(*objectname) [3ms]
2025-04-12 20:26:37.795 [info] > git status -z -uall [48ms]
2025-04-12 20:26:43.430 [info] > git for-each-ref --format=%(refname)%00%(upstream:short)%00%(objectname)%00%(upstream:track)%00%(upstream:remotename)%00%(upstream:remoteref) refs/heads/master refs/remotes/master [2ms]
2025-04-12 20:26:43.450 [info] > git for-each-ref --sort -committerdate --format %(refname) %(objectname) %(*objectname) [3ms]
2025-04-12 20:26:43.488 [info] > git status -z -uall [51ms]
2025-04-12 20:27:00.438 [info] > git for-each-ref --format=%(refname)%00%(upstream:short)%00%(objectname)%00%(upstream:track)%00%(upstream:remotename)%00%(upstream:remoteref) refs/heads/master refs/remotes/master [2ms]
2025-04-12 20:27:00.460 [info] > git for-each-ref --sort -committerdate --format %(refname) %(objectname) %(*objectname) [2ms]
2025-04-12 20:27:00.497 [info] > git status -z -uall [52ms]
2025-04-12 20:27:05.534 [info] > git for-each-ref --format=%(refname)%00%(upstream:short)%00%(objectname)%00%(upstream:track)%00%(upstream:remotename)%00%(upstream:remoteref) refs/heads/master refs/remotes/master [3ms]
2025-04-12 20:27:05.555 [info] > git for-each-ref --sort -committerdate --format %(refname) %(objectname) %(*objectname) [3ms]
2025-04-12 20:27:05.594 [info] > git status -z -uall [53ms]
2025-04-12 20:27:10.630 [info] > git for-each-ref --format=%(refname)%00%(upstream:short)%00%(objectname)%00%(upstream:track)%00%(upstream:remotename)%00%(upstream:remoteref) refs/heads/master refs/remotes/master [3ms]
2025-04-12 20:27:10.655 [info] > git for-each-ref --sort -committerdate --format %(refname) %(objectname) %(*objectname) [3ms]
2025-04-12 20:27:10.692 [info] > git status -z -uall [54ms]
2025-04-12 20:27:15.744 [info] > git for-each-ref --format=%(refname)%00%(upstream:short)%00%(objectname)%00%(upstream:track)%00%(upstream:remotename)%00%(upstream:remoteref) refs/heads/master refs/remotes/master [3ms]
2025-04-12 20:27:15.768 [info] > git for-each-ref --sort -committerdate --format %(refname) %(objectname) %(*objectname) [5ms]
2025-04-12 20:27:15.803 [info] > git status -z -uall [52ms]
2025-04-12 20:28:07.540 [info] > git for-each-ref --format=%(refname)%00%(upstream:short)%00%(objectname)%00%(upstream:track)%00%(upstream:remotename)%00%(upstream:remoteref) refs/heads/master refs/remotes/master [2ms]
2025-04-12 20:28:07.560 [info] > git for-each-ref --sort -committerdate --format %(refname) %(objectname) %(*objectname) [3ms]
2025-04-12 20:28:07.601 [info] > git status -z -uall [54ms]
2025-04-12 20:29:18.062 [info] > git for-each-ref --format=%(refname)%00%(upstream:short)%00%(objectname)%00%(upstream:track)%00%(upstream:remotename)%00%(upstream:remoteref) refs/heads/master refs/remotes/master [3ms]
2025-04-12 20:29:18.082 [info] > git for-each-ref --sort -committerdate --format %(refname) %(objectname) %(*objectname) [2ms]
2025-04-12 20:29:18.187 [info] > git status -z -uall [119ms] (cancelled)
2025-04-12 20:29:39.539 [info] > git for-each-ref --format=%(refname)%00%(upstream:short)%00%(objectname)%00%(upstream:track)%00%(upstream:remotename)%00%(upstream:remoteref) refs/heads/master refs/remotes/master [2ms]
2025-04-12 20:29:39.565 [info] > git for-each-ref --sort -committerdate --format %(refname) %(objectname) %(*objectname) [3ms]
2025-04-12 20:29:39.788 [info] > git status -z -uall [241ms] (cancelled)
2025-04-12 20:30:37.508 [info] > git check-ignore -v -z --stdin [4ms]
2025-04-12 20:30:40.362 [info] > git show --textconv :uploads/Metamorphosis.txt [8ms]
2025-04-12 20:30:40.366 [info] > git ls-files --stage -- /home/apoorvtripathi537/uploads/Metamorphosis.txt [5ms]
2025-04-12 20:30:44.820 [info] > git show --textconv :main.py [8ms]
2025-04-12 20:30:44.824 [info] > git ls-files --stage -- /home/apoorvtripathi537/main.py [5ms]
2025-04-12 20:30:44.832 [info] > git cat-file -s cd8b840c6a2cc57bb6082c3fa09575f889d656b4 [2ms]
2025-04-12 20:32:05.406 [info] > git show --textconv :templates/index.html [8ms]
2025-04-12 20:32:05.409 [info] > git ls-files --stage -- /home/apoorvtripathi537/templates/index.html [4ms]
2025-04-12 20:32:05.419 [info] > git cat-file -s 902c5f11ef436a3619aa3853ed5ec2216e1a9a65 [3ms]
2025-04-12 20:33:39.515 [info] > git show --textconv :main.py [10ms]
2025-04-12 20:33:39.518 [info] > git ls-files --stage -- /home/apoorvtripathi537/main.py [5ms]
2025-04-12 20:33:39.527 [info] > git cat-file -s cd8b840c6a2cc57bb6082c3fa09575f889d656b4 [2ms]
2025-04-12 21:08:51.529 [info] > git check-ignore -v -z --stdin [6ms]
2025-04-12 21:10:30.837 [info] > git show --textconv :uploads/Metamorphosis.txt [8ms]
2025-04-12 21:10:30.840 [info] > git ls-files --stage -- /home/apoorvtripathi537/uploads/Metamorphosis.txt [4ms]
2025-04-12 21:10:38.414 [info] > git show --textconv :main.py [11ms]
2025-04-12 21:10:38.419 [info] > git ls-files --stage -- /home/apoorvtripathi537/main.py [5ms]
2025-04-12 21:10:38.427 [info] > git cat-file -s cd8b840c6a2cc57bb6082c3fa09575f889d656b4 [1ms]
2025-04-12 21:10:45.407 [info] > git show --textconv :test.py [10ms]
2025-04-12 21:10:45.412 [info] > git ls-files --stage -- /home/apoorvtripathi537/test.py [6ms]
2025-04-12 21:10:47.361 [info] > git show --textconv :main.py [9ms]
2025-04-12 21:10:47.365 [info] > git ls-files --stage -- /home/apoorvtripathi537/main.py [5ms]
2025-04-12 21:10:47.375 [info] > git cat-file -s cd8b840c6a2cc57bb6082c3fa09575f889d656b4 [2ms]
2025-04-12 21:11:07.499 [info] > git check-ignore -v -z --stdin [4ms]
2025-04-12 21:15:05.516 [info] > git check-ignore -v -z --stdin [4ms]
2025-04-12 21:17:31.505 [info] > git check-ignore -v -z --stdin [4ms]
2025-04-12 21:23:22.686 [info] > git check-ignore -v -z --stdin [4ms]
