2025-04-01 00:59:22.256 [info] [main] Log level: Info
2025-04-01 00:59:22.256 [info] [main] Validating found git in: "git"
2025-04-01 00:59:22.256 [info] [main] Using git "2.43.0" from "git"
2025-04-01 00:59:22.256 [info] [Model][doInitialScan] Initial repository scan started
2025-04-01 00:59:22.256 [info] > git rev-parse --show-toplevel [7ms]
2025-04-01 00:59:22.256 [info] > git rev-parse --git-dir --git-common-dir [20ms]
2025-04-01 00:59:22.256 [info] [Model][openRepository] Opened repository: /home/apoorvtripathi537
2025-04-01 00:59:22.256 [info] > git config --get commit.template [7ms]
2025-04-01 00:59:22.256 [info] > git for-each-ref --format=%(refname)%00%(upstream:short)%00%(objectname)%00%(upstream:track)%00%(upstream:remotename)%00%(upstream:remoteref) refs/heads/master refs/remotes/master [4ms]
2025-04-01 00:59:22.271 [info] > git rev-parse --show-toplevel [12ms]
2025-04-01 00:59:22.272 [info] > git for-each-ref --sort -committerdate --format %(refname) %(objectname) %(*objectname) [2ms]
2025-04-01 00:59:22.279 [info] > git rev-parse --show-toplevel [2ms]
2025-04-01 00:59:22.284 [info] > git rev-parse --show-toplevel [2ms]
2025-04-01 00:59:22.290 [info] > git rev-parse --show-toplevel [2ms]
2025-04-01 00:59:22.298 [info] > git rev-parse --show-toplevel [5ms]
2025-04-01 00:59:22.304 [info] > git rev-parse --show-toplevel [1ms]
2025-04-01 00:59:22.309 [info] > git rev-parse --show-toplevel [2ms]
2025-04-01 00:59:22.315 [info] > git rev-parse --show-toplevel [1ms]
2025-04-01 00:59:22.325 [info] > git rev-parse --show-toplevel [7ms]
2025-04-01 00:59:22.331 [info] > git rev-parse --show-toplevel [2ms]
2025-04-01 00:59:22.336 [info] > git rev-parse --show-toplevel [2ms]
2025-04-01 00:59:22.341 [info] > git rev-parse --show-toplevel [2ms]
2025-04-01 00:59:22.346 [info] > git rev-parse --show-toplevel [2ms]
2025-04-01 00:59:22.351 [info] > git rev-parse --show-toplevel [2ms]
2025-04-01 00:59:22.352 [info] [Model][doInitialScan] Initial repository scan completed - repositories (1), closed repositories (0), parent repositories (0), unsafe repositories (0)
2025-04-01 00:59:22.365 [info] > git status -z -uall [102ms]
2025-04-01 00:59:22.427 [info] > git for-each-ref --format=%(refname)%00%(upstream:short)%00%(objectname)%00%(upstream:track)%00%(upstream:remotename)%00%(upstream:remoteref) refs/heads/master refs/remotes/master [14ms]
2025-04-01 00:59:22.432 [info] > git config --get commit.template [12ms]
2025-04-01 00:59:22.432 [info] > git config --local branch.master.vscode-merge-base [2ms]
2025-04-01 00:59:22.433 [warning] [Git][config] git config failed: Failed to execute git
2025-04-01 00:59:22.440 [info] > git reflog master --grep-reflog=branch: Created from *. [4ms]
2025-04-01 00:59:22.443 [info] > git for-each-ref --format=%(refname)%00%(upstream:short)%00%(objectname)%00%(upstream:track)%00%(upstream:remotename)%00%(upstream:remoteref) refs/heads/master refs/remotes/master [4ms]
2025-04-01 00:59:22.459 [info] > git symbolic-ref --short refs/remotes/origin/HEAD [16ms]
2025-04-01 00:59:22.459 [info] fatal: ref refs/remotes/origin/HEAD is not a symbolic ref
2025-04-01 00:59:22.459 [warning] [Repository][getDefaultBranch] Failed to get default branch details: Failed to execute git.
2025-04-01 00:59:22.647 [info] > git status -z -uall [200ms]
2025-04-01 00:59:22.648 [info] > git merge-base refs/heads/master refs/remotes/origin/master [183ms]
2025-04-01 00:59:22.656 [info] > git for-each-ref --sort -committerdate --format %(refname) %(objectname) %(*objectname) [202ms]
2025-04-01 00:59:22.709 [info] > git merge-base refs/heads/master refs/remotes/origin/master [17ms]
2025-04-01 00:59:22.715 [info] > git diff --name-status -z --diff-filter=ADMR 3af8a224fd8bda9bdfc078604fafe431df36d3cf...refs/remotes/origin/master [63ms]
2025-04-01 00:59:22.743 [info] > git diff --name-status -z --diff-filter=ADMR 3af8a224fd8bda9bdfc078604fafe431df36d3cf...refs/remotes/origin/master [29ms]
2025-04-01 00:59:22.945 [info] > git check-ignore -v -z --stdin [4ms]
2025-04-01 00:59:25.231 [info] > git show --textconv :main.py [13ms]
2025-04-01 00:59:25.237 [info] > git ls-files --stage -- /home/apoorvtripathi537/main.py [11ms]
2025-04-01 00:59:27.946 [info] > git cat-file -s ec7b915dba87cdcfd21c35fe04a3a3fec379e65a [2703ms]
2025-04-01 00:59:50.330 [info] > git config --get commit.template [10ms]
2025-04-01 00:59:50.330 [info] > git for-each-ref --format=%(refname)%00%(upstream:short)%00%(objectname)%00%(upstream:track)%00%(upstream:remotename)%00%(upstream:remoteref) refs/heads/master refs/remotes/master [3ms]
2025-04-01 00:59:50.352 [info] > git for-each-ref --sort -committerdate --format %(refname) %(objectname) %(*objectname) [3ms]
2025-04-01 00:59:50.435 [info] > git status -z -uall [95ms]
2025-04-01 00:59:55.480 [info] > git config --get commit.template [10ms]
2025-04-01 00:59:55.481 [info] > git for-each-ref --format=%(refname)%00%(upstream:short)%00%(objectname)%00%(upstream:track)%00%(upstream:remotename)%00%(upstream:remoteref) refs/heads/master refs/remotes/master [2ms]
2025-04-01 00:59:55.500 [info] > git for-each-ref --sort -committerdate --format %(refname) %(objectname) %(*objectname) [2ms]
2025-04-01 00:59:55.585 [info] > git status -z -uall [96ms]
2025-04-01 01:00:00.624 [info] > git config --get commit.template [10ms]
2025-04-01 01:00:00.625 [info] > git for-each-ref --format=%(refname)%00%(upstream:short)%00%(objectname)%00%(upstream:track)%00%(upstream:remotename)%00%(upstream:remoteref) refs/heads/master refs/remotes/master [2ms]
2025-04-01 01:00:00.647 [info] > git for-each-ref --sort -committerdate --format %(refname) %(objectname) %(*objectname) [2ms]
2025-04-01 01:00:00.732 [info] > git status -z -uall [97ms]
2025-04-01 01:00:13.765 [info] > git config --get commit.template [10ms]
2025-04-01 01:00:13.766 [info] > git for-each-ref --format=%(refname)%00%(upstream:short)%00%(objectname)%00%(upstream:track)%00%(upstream:remotename)%00%(upstream:remoteref) refs/heads/master refs/remotes/master [2ms]
2025-04-01 01:00:13.787 [info] > git for-each-ref --sort -committerdate --format %(refname) %(objectname) %(*objectname) [2ms]
2025-04-01 01:00:13.916 [info] > git status -z -uall [141ms]
2025-04-01 01:00:47.123 [info] > git config --get commit.template [9ms]
2025-04-01 01:00:47.125 [info] > git for-each-ref --format=%(refname)%00%(upstream:short)%00%(objectname)%00%(upstream:track)%00%(upstream:remotename)%00%(upstream:remoteref) refs/heads/master refs/remotes/master [3ms]
2025-04-01 01:00:47.143 [info] > git for-each-ref --sort -committerdate --format %(refname) %(objectname) %(*objectname) [2ms]
2025-04-01 01:00:47.289 [info] > git status -z -uall [156ms]
2025-04-01 01:00:52.324 [info] > git config --get commit.template [8ms]
2025-04-01 01:00:52.325 [info] > git for-each-ref --format=%(refname)%00%(upstream:short)%00%(objectname)%00%(upstream:track)%00%(upstream:remotename)%00%(upstream:remoteref) refs/heads/master refs/remotes/master [3ms]
2025-04-01 01:00:52.341 [info] > git for-each-ref --sort -committerdate --format %(refname) %(objectname) %(*objectname) [2ms]
2025-04-01 01:00:52.478 [info] > git status -z -uall [146ms]
2025-04-01 01:01:36.483 [info] > git config --get commit.template [5ms]
2025-04-01 01:01:36.484 [info] > git for-each-ref --format=%(refname)%00%(upstream:short)%00%(objectname)%00%(upstream:track)%00%(upstream:remotename)%00%(upstream:remoteref) refs/heads/master refs/remotes/master [2ms]
2025-04-01 01:01:36.495 [info] > git for-each-ref --sort -committerdate --format %(refname) %(objectname) %(*objectname) [2ms]
2025-04-01 01:01:36.638 [info] > git status -z -uall [150ms]
2025-04-01 01:01:41.681 [info] > git config --get commit.template [6ms]
2025-04-01 01:01:41.682 [info] > git for-each-ref --format=%(refname)%00%(upstream:short)%00%(objectname)%00%(upstream:track)%00%(upstream:remotename)%00%(upstream:remoteref) refs/heads/master refs/remotes/master [2ms]
2025-04-01 01:01:41.694 [info] > git for-each-ref --sort -committerdate --format %(refname) %(objectname) %(*objectname) [2ms]
2025-04-01 01:01:41.835 [info] > git status -z -uall [148ms]
2025-04-01 01:03:48.245 [info] > git config --get commit.template [6ms]
2025-04-01 01:03:48.246 [info] > git for-each-ref --format=%(refname)%00%(upstream:short)%00%(objectname)%00%(upstream:track)%00%(upstream:remotename)%00%(upstream:remoteref) refs/heads/master refs/remotes/master [2ms]
2025-04-01 01:03:48.259 [info] > git for-each-ref --sort -committerdate --format %(refname) %(objectname) %(*objectname) [2ms]
2025-04-01 01:03:48.401 [info] > git status -z -uall [149ms]
2025-04-01 01:10:51.392 [info] > git config --get commit.template [7ms]
2025-04-01 01:10:51.393 [info] > git for-each-ref --format=%(refname)%00%(upstream:short)%00%(objectname)%00%(upstream:track)%00%(upstream:remotename)%00%(upstream:remoteref) refs/heads/master refs/remotes/master [2ms]
2025-04-01 01:10:51.411 [info] > git for-each-ref --sort -committerdate --format %(refname) %(objectname) %(*objectname) [2ms]
2025-04-01 01:10:51.554 [info] > git status -z -uall [153ms]
2025-04-01 01:10:56.612 [info] > git config --get commit.template [6ms]
2025-04-01 01:10:56.613 [info] > git for-each-ref --format=%(refname)%00%(upstream:short)%00%(objectname)%00%(upstream:track)%00%(upstream:remotename)%00%(upstream:remoteref) refs/heads/master refs/remotes/master [2ms]
2025-04-01 01:10:56.627 [info] > git for-each-ref --sort -committerdate --format %(refname) %(objectname) %(*objectname) [2ms]
2025-04-01 01:10:56.768 [info] > git status -z -uall [149ms]
2025-04-01 01:11:01.806 [info] > git config --get commit.template [6ms]
2025-04-01 01:11:01.807 [info] > git for-each-ref --format=%(refname)%00%(upstream:short)%00%(objectname)%00%(upstream:track)%00%(upstream:remotename)%00%(upstream:remoteref) refs/heads/master refs/remotes/master [2ms]
2025-04-01 01:11:01.820 [info] > git for-each-ref --sort -committerdate --format %(refname) %(objectname) %(*objectname) [2ms]
2025-04-01 01:11:01.960 [info] > git status -z -uall [148ms]
2025-04-01 01:11:07.004 [info] > git config --get commit.template [6ms]
2025-04-01 01:11:07.005 [info] > git for-each-ref --format=%(refname)%00%(upstream:short)%00%(objectname)%00%(upstream:track)%00%(upstream:remotename)%00%(upstream:remoteref) refs/heads/master refs/remotes/master [2ms]
2025-04-01 01:11:07.019 [info] > git for-each-ref --sort -committerdate --format %(refname) %(objectname) %(*objectname) [2ms]
2025-04-01 01:11:07.157 [info] > git status -z -uall [147ms]
2025-04-01 01:11:12.196 [info] > git config --get commit.template [6ms]
2025-04-01 01:11:12.198 [info] > git for-each-ref --format=%(refname)%00%(upstream:short)%00%(objectname)%00%(upstream:track)%00%(upstream:remotename)%00%(upstream:remoteref) refs/heads/master refs/remotes/master [1ms]
2025-04-01 01:11:12.212 [info] > git for-each-ref --sort -committerdate --format %(refname) %(objectname) %(*objectname) [3ms]
2025-04-01 01:11:12.352 [info] > git status -z -uall [149ms]
2025-04-01 01:11:20.020 [info] > git config --get commit.template [5ms]
2025-04-01 01:11:20.021 [info] > git for-each-ref --format=%(refname)%00%(upstream:short)%00%(objectname)%00%(upstream:track)%00%(upstream:remotename)%00%(upstream:remoteref) refs/heads/master refs/remotes/master [2ms]
2025-04-01 01:11:20.034 [info] > git for-each-ref --sort -committerdate --format %(refname) %(objectname) %(*objectname) [2ms]
2025-04-01 01:11:20.173 [info] > git status -z -uall [147ms]
2025-04-01 01:11:25.207 [info] > git config --get commit.template [6ms]
2025-04-01 01:11:25.208 [info] > git for-each-ref --format=%(refname)%00%(upstream:short)%00%(objectname)%00%(upstream:track)%00%(upstream:remotename)%00%(upstream:remoteref) refs/heads/master refs/remotes/master [2ms]
2025-04-01 01:11:25.221 [info] > git for-each-ref --sort -committerdate --format %(refname) %(objectname) %(*objectname) [2ms]
2025-04-01 01:11:25.360 [info] > git status -z -uall [146ms]
2025-04-01 01:11:30.392 [info] > git config --get commit.template [6ms]
2025-04-01 01:11:30.393 [info] > git for-each-ref --format=%(refname)%00%(upstream:short)%00%(objectname)%00%(upstream:track)%00%(upstream:remotename)%00%(upstream:remoteref) refs/heads/master refs/remotes/master [2ms]
2025-04-01 01:11:30.407 [info] > git for-each-ref --sort -committerdate --format %(refname) %(objectname) %(*objectname) [3ms]
2025-04-01 01:11:30.548 [info] > git status -z -uall [150ms]
2025-04-01 01:11:35.587 [info] > git config --get commit.template [6ms]
2025-04-01 01:11:35.588 [info] > git for-each-ref --format=%(refname)%00%(upstream:short)%00%(objectname)%00%(upstream:track)%00%(upstream:remotename)%00%(upstream:remoteref) refs/heads/master refs/remotes/master [2ms]
2025-04-01 01:11:35.602 [info] > git for-each-ref --sort -committerdate --format %(refname) %(objectname) %(*objectname) [3ms]
2025-04-01 01:11:35.741 [info] > git status -z -uall [147ms]
2025-04-01 01:11:43.444 [info] > git config --get commit.template [8ms]
2025-04-01 01:11:43.445 [info] > git for-each-ref --format=%(refname)%00%(upstream:short)%00%(objectname)%00%(upstream:track)%00%(upstream:remotename)%00%(upstream:remoteref) refs/heads/master refs/remotes/master [2ms]
2025-04-01 01:11:43.460 [info] > git for-each-ref --sort -committerdate --format %(refname) %(objectname) %(*objectname) [2ms]
2025-04-01 01:11:43.602 [info] > git status -z -uall [151ms]
2025-04-01 01:11:52.555 [info] > git config --get commit.template [6ms]
2025-04-01 01:11:52.556 [info] > git for-each-ref --format=%(refname)%00%(upstream:short)%00%(objectname)%00%(upstream:track)%00%(upstream:remotename)%00%(upstream:remoteref) refs/heads/master refs/remotes/master [2ms]
2025-04-01 01:11:52.569 [info] > git for-each-ref --sort -committerdate --format %(refname) %(objectname) %(*objectname) [2ms]
2025-04-01 01:11:52.711 [info] > git status -z -uall [149ms]
2025-04-01 01:11:57.748 [info] > git config --get commit.template [6ms]
2025-04-01 01:11:57.749 [info] > git for-each-ref --format=%(refname)%00%(upstream:short)%00%(objectname)%00%(upstream:track)%00%(upstream:remotename)%00%(upstream:remoteref) refs/heads/master refs/remotes/master [2ms]
2025-04-01 01:11:57.763 [info] > git for-each-ref --sort -committerdate --format %(refname) %(objectname) %(*objectname) [2ms]
2025-04-01 01:11:57.901 [info] > git status -z -uall [146ms]
2025-04-01 01:12:11.606 [info] > git config --get commit.template [6ms]
2025-04-01 01:12:11.607 [info] > git for-each-ref --format=%(refname)%00%(upstream:short)%00%(objectname)%00%(upstream:track)%00%(upstream:remotename)%00%(upstream:remoteref) refs/heads/master refs/remotes/master [2ms]
2025-04-01 01:12:11.621 [info] > git for-each-ref --sort -committerdate --format %(refname) %(objectname) %(*objectname) [2ms]
2025-04-01 01:12:11.763 [info] > git status -z -uall [151ms]
2025-04-01 01:12:25.887 [info] > git check-ignore -v -z --stdin [2ms]
2025-04-01 01:12:44.865 [info] > git config --get commit.template [6ms]
2025-04-01 01:12:44.867 [info] > git for-each-ref --format=%(refname)%00%(upstream:short)%00%(objectname)%00%(upstream:track)%00%(upstream:remotename)%00%(upstream:remoteref) refs/heads/master refs/remotes/master [2ms]
2025-04-01 01:12:44.880 [info] > git for-each-ref --sort -committerdate --format %(refname) %(objectname) %(*objectname) [2ms]
2025-04-01 01:12:45.025 [info] > git status -z -uall [152ms]
2025-04-01 01:12:50.057 [info] > git for-each-ref --format=%(refname)%00%(upstream:short)%00%(objectname)%00%(upstream:track)%00%(upstream:remotename)%00%(upstream:remoteref) refs/heads/master refs/remotes/master [3ms]
2025-04-01 01:12:50.057 [info] > git config --get commit.template [9ms]
2025-04-01 01:12:50.070 [info] > git for-each-ref --sort -committerdate --format %(refname) %(objectname) %(*objectname) [2ms]
2025-04-01 01:12:50.209 [info] > git status -z -uall [147ms]
2025-04-01 01:12:55.246 [info] > git config --get commit.template [6ms]
2025-04-01 01:12:55.247 [info] > git for-each-ref --format=%(refname)%00%(upstream:short)%00%(objectname)%00%(upstream:track)%00%(upstream:remotename)%00%(upstream:remoteref) refs/heads/master refs/remotes/master [2ms]
2025-04-01 01:12:55.262 [info] > git for-each-ref --sort -committerdate --format %(refname) %(objectname) %(*objectname) [2ms]
2025-04-01 01:12:55.404 [info] > git status -z -uall [151ms]
2025-04-01 01:13:00.443 [info] > git config --get commit.template [5ms]
2025-04-01 01:13:00.444 [info] > git for-each-ref --format=%(refname)%00%(upstream:short)%00%(objectname)%00%(upstream:track)%00%(upstream:remotename)%00%(upstream:remoteref) refs/heads/master refs/remotes/master [2ms]
2025-04-01 01:13:00.461 [info] > git for-each-ref --sort -committerdate --format %(refname) %(objectname) %(*objectname) [3ms]
2025-04-01 01:13:00.600 [info] > git status -z -uall [149ms]
2025-04-01 01:13:11.703 [info] > git config --get commit.template [6ms]
2025-04-01 01:13:11.705 [info] > git for-each-ref --format=%(refname)%00%(upstream:short)%00%(objectname)%00%(upstream:track)%00%(upstream:remotename)%00%(upstream:remoteref) refs/heads/master refs/remotes/master [2ms]
2025-04-01 01:13:11.719 [info] > git for-each-ref --sort -committerdate --format %(refname) %(objectname) %(*objectname) [3ms]
2025-04-01 01:13:11.863 [info] > git status -z -uall [152ms]
2025-04-01 01:13:16.914 [info] > git config --get commit.template [6ms]
2025-04-01 01:13:16.916 [info] > git for-each-ref --format=%(refname)%00%(upstream:short)%00%(objectname)%00%(upstream:track)%00%(upstream:remotename)%00%(upstream:remoteref) refs/heads/master refs/remotes/master [1ms]
2025-04-01 01:13:16.929 [info] > git for-each-ref --sort -committerdate --format %(refname) %(objectname) %(*objectname) [2ms]
2025-04-01 01:13:17.070 [info] > git status -z -uall [149ms]
2025-04-01 01:13:22.111 [info] > git config --get commit.template [6ms]
2025-04-01 01:13:22.112 [info] > git for-each-ref --format=%(refname)%00%(upstream:short)%00%(objectname)%00%(upstream:track)%00%(upstream:remotename)%00%(upstream:remoteref) refs/heads/master refs/remotes/master [2ms]
2025-04-01 01:13:22.124 [info] > git for-each-ref --sort -committerdate --format %(refname) %(objectname) %(*objectname) [2ms]
2025-04-01 01:13:22.264 [info] > git status -z -uall [147ms]
2025-04-01 01:13:27.300 [info] > git config --get commit.template [5ms]
2025-04-01 01:13:27.302 [info] > git for-each-ref --format=%(refname)%00%(upstream:short)%00%(objectname)%00%(upstream:track)%00%(upstream:remotename)%00%(upstream:remoteref) refs/heads/master refs/remotes/master [2ms]
2025-04-01 01:13:27.314 [info] > git for-each-ref --sort -committerdate --format %(refname) %(objectname) %(*objectname) [2ms]
2025-04-01 01:13:27.454 [info] > git status -z -uall [147ms]
2025-04-01 01:13:32.484 [info] > git config --get commit.template [6ms]
2025-04-01 01:13:32.485 [info] > git for-each-ref --format=%(refname)%00%(upstream:short)%00%(objectname)%00%(upstream:track)%00%(upstream:remotename)%00%(upstream:remoteref) refs/heads/master refs/remotes/master [2ms]
2025-04-01 01:13:32.498 [info] > git for-each-ref --sort -committerdate --format %(refname) %(objectname) %(*objectname) [2ms]
2025-04-01 01:13:32.640 [info] > git status -z -uall [150ms]
2025-04-01 01:13:37.672 [info] > git config --get commit.template [6ms]
2025-04-01 01:13:37.673 [info] > git for-each-ref --format=%(refname)%00%(upstream:short)%00%(objectname)%00%(upstream:track)%00%(upstream:remotename)%00%(upstream:remoteref) refs/heads/master refs/remotes/master [2ms]
2025-04-01 01:13:37.687 [info] > git for-each-ref --sort -committerdate --format %(refname) %(objectname) %(*objectname) [2ms]
2025-04-01 01:13:37.826 [info] > git status -z -uall [147ms]
2025-04-01 01:13:42.854 [info] > git config --get commit.template [6ms]
2025-04-01 01:13:42.855 [info] > git for-each-ref --format=%(refname)%00%(upstream:short)%00%(objectname)%00%(upstream:track)%00%(upstream:remotename)%00%(upstream:remoteref) refs/heads/master refs/remotes/master [2ms]
2025-04-01 01:13:42.868 [info] > git for-each-ref --sort -committerdate --format %(refname) %(objectname) %(*objectname) [2ms]
2025-04-01 01:13:43.008 [info] > git status -z -uall [147ms]
2025-04-01 01:13:48.036 [info] > git config --get commit.template [5ms]
2025-04-01 01:13:48.037 [info] > git for-each-ref --format=%(refname)%00%(upstream:short)%00%(objectname)%00%(upstream:track)%00%(upstream:remotename)%00%(upstream:remoteref) refs/heads/master refs/remotes/master [2ms]
2025-04-01 01:13:48.049 [info] > git for-each-ref --sort -committerdate --format %(refname) %(objectname) %(*objectname) [2ms]
2025-04-01 01:13:48.191 [info] > git status -z -uall [149ms]
2025-04-01 01:13:55.960 [info] > git config --get commit.template [5ms]
2025-04-01 01:13:55.961 [info] > git for-each-ref --format=%(refname)%00%(upstream:short)%00%(objectname)%00%(upstream:track)%00%(upstream:remotename)%00%(upstream:remoteref) refs/heads/master refs/remotes/master [2ms]
2025-04-01 01:13:55.974 [info] > git for-each-ref --sort -committerdate --format %(refname) %(objectname) %(*objectname) [2ms]
2025-04-01 01:13:56.114 [info] > git status -z -uall [148ms]
2025-04-01 01:14:09.008 [info] > git check-ignore -v -z --stdin [2ms]
2025-04-01 01:14:20.600 [info] > git config --get commit.template [6ms]
2025-04-01 01:14:20.602 [info] > git for-each-ref --format=%(refname)%00%(upstream:short)%00%(objectname)%00%(upstream:track)%00%(upstream:remotename)%00%(upstream:remoteref) refs/heads/master refs/remotes/master [2ms]
2025-04-01 01:14:20.614 [info] > git for-each-ref --sort -committerdate --format %(refname) %(objectname) %(*objectname) [2ms]
2025-04-01 01:14:20.759 [info] > git status -z -uall [153ms]
2025-04-01 01:14:25.797 [info] > git config --get commit.template [5ms]
2025-04-01 01:14:25.798 [info] > git for-each-ref --format=%(refname)%00%(upstream:short)%00%(objectname)%00%(upstream:track)%00%(upstream:remotename)%00%(upstream:remoteref) refs/heads/master refs/remotes/master [2ms]
2025-04-01 01:14:25.811 [info] > git for-each-ref --sort -committerdate --format %(refname) %(objectname) %(*objectname) [3ms]
2025-04-01 01:14:25.955 [info] > git status -z -uall [151ms]
2025-04-01 01:14:37.051 [info] > git config --get commit.template [4ms]
2025-04-01 01:14:37.053 [info] > git for-each-ref --format=%(refname)%00%(upstream:short)%00%(objectname)%00%(upstream:track)%00%(upstream:remotename)%00%(upstream:remoteref) refs/heads/master refs/remotes/master [2ms]
2025-04-01 01:14:37.064 [info] > git for-each-ref --sort -committerdate --format %(refname) %(objectname) %(*objectname) [2ms]
2025-04-01 01:14:37.204 [info] > git status -z -uall [146ms]
2025-04-01 01:14:42.244 [info] > git config --get commit.template [5ms]
2025-04-01 01:14:42.245 [info] > git for-each-ref --format=%(refname)%00%(upstream:short)%00%(objectname)%00%(upstream:track)%00%(upstream:remotename)%00%(upstream:remoteref) refs/heads/master refs/remotes/master [2ms]
2025-04-01 01:14:42.257 [info] > git for-each-ref --sort -committerdate --format %(refname) %(objectname) %(*objectname) [2ms]
2025-04-01 01:14:42.400 [info] > git status -z -uall [150ms]
2025-04-01 01:14:47.440 [info] > git config --get commit.template [7ms]
2025-04-01 01:14:47.441 [info] > git for-each-ref --format=%(refname)%00%(upstream:short)%00%(objectname)%00%(upstream:track)%00%(upstream:remotename)%00%(upstream:remoteref) refs/heads/master refs/remotes/master [2ms]
2025-04-01 01:14:47.454 [info] > git for-each-ref --sort -committerdate --format %(refname) %(objectname) %(*objectname) [3ms]
2025-04-01 01:14:47.596 [info] > git status -z -uall [150ms]
2025-04-01 01:14:52.627 [info] > git config --get commit.template [6ms]
2025-04-01 01:14:52.628 [info] > git for-each-ref --format=%(refname)%00%(upstream:short)%00%(objectname)%00%(upstream:track)%00%(upstream:remotename)%00%(upstream:remoteref) refs/heads/master refs/remotes/master [2ms]
2025-04-01 01:14:52.640 [info] > git for-each-ref --sort -committerdate --format %(refname) %(objectname) %(*objectname) [2ms]
2025-04-01 01:14:52.783 [info] > git status -z -uall [150ms]
2025-04-01 01:14:57.865 [info] > git config --get commit.template [5ms]
2025-04-01 01:14:57.865 [info] > git for-each-ref --format=%(refname)%00%(upstream:short)%00%(objectname)%00%(upstream:track)%00%(upstream:remotename)%00%(upstream:remoteref) refs/heads/master refs/remotes/master [1ms]
2025-04-01 01:14:57.879 [info] > git for-each-ref --sort -committerdate --format %(refname) %(objectname) %(*objectname) [3ms]
2025-04-01 01:14:58.021 [info] > git status -z -uall [149ms]
2025-04-01 01:15:03.055 [info] > git config --get commit.template [6ms]
2025-04-01 01:15:03.056 [info] > git for-each-ref --format=%(refname)%00%(upstream:short)%00%(objectname)%00%(upstream:track)%00%(upstream:remotename)%00%(upstream:remoteref) refs/heads/master refs/remotes/master [2ms]
2025-04-01 01:15:03.070 [info] > git for-each-ref --sort -committerdate --format %(refname) %(objectname) %(*objectname) [2ms]
2025-04-01 01:15:03.208 [info] > git status -z -uall [146ms]
2025-04-01 01:20:02.997 [info] > git config --get commit.template [2ms]
2025-04-01 01:20:03.004 [info] > git for-each-ref --format=%(refname)%00%(upstream:short)%00%(objectname)%00%(upstream:track)%00%(upstream:remotename)%00%(upstream:remoteref) refs/heads/master refs/remotes/master [2ms]
2025-04-01 01:20:03.019 [info] > git for-each-ref --sort -committerdate --format %(refname) %(objectname) %(*objectname) [3ms]
2025-04-01 01:20:03.161 [info] > git status -z -uall [152ms]
2025-04-01 01:20:08.204 [info] > git config --get commit.template [5ms]
2025-04-01 01:20:08.206 [info] > git for-each-ref --format=%(refname)%00%(upstream:short)%00%(objectname)%00%(upstream:track)%00%(upstream:remotename)%00%(upstream:remoteref) refs/heads/master refs/remotes/master [2ms]
2025-04-01 01:20:08.218 [info] > git for-each-ref --sort -committerdate --format %(refname) %(objectname) %(*objectname) [2ms]
2025-04-01 01:20:08.359 [info] > git status -z -uall [149ms]
2025-04-01 01:20:13.400 [info] > git config --get commit.template [6ms]
2025-04-01 01:20:13.401 [info] > git for-each-ref --format=%(refname)%00%(upstream:short)%00%(objectname)%00%(upstream:track)%00%(upstream:remotename)%00%(upstream:remoteref) refs/heads/master refs/remotes/master [1ms]
2025-04-01 01:20:13.414 [info] > git for-each-ref --sort -committerdate --format %(refname) %(objectname) %(*objectname) [2ms]
2025-04-01 01:20:13.554 [info] > git status -z -uall [148ms]
2025-04-01 01:20:18.587 [info] > git config --get commit.template [5ms]
2025-04-01 01:20:18.588 [info] > git for-each-ref --format=%(refname)%00%(upstream:short)%00%(objectname)%00%(upstream:track)%00%(upstream:remotename)%00%(upstream:remoteref) refs/heads/master refs/remotes/master [2ms]
2025-04-01 01:20:18.600 [info] > git for-each-ref --sort -committerdate --format %(refname) %(objectname) %(*objectname) [2ms]
2025-04-01 01:20:18.739 [info] > git status -z -uall [146ms]
2025-04-01 01:20:23.764 [info] > git config --get commit.template [5ms]
2025-04-01 01:20:23.766 [info] > git for-each-ref --format=%(refname)%00%(upstream:short)%00%(objectname)%00%(upstream:track)%00%(upstream:remotename)%00%(upstream:remoteref) refs/heads/master refs/remotes/master [1ms]
2025-04-01 01:20:23.780 [info] > git for-each-ref --sort -committerdate --format %(refname) %(objectname) %(*objectname) [3ms]
2025-04-01 01:20:23.936 [info] > git status -z -uall [165ms]
2025-04-01 01:20:28.974 [info] > git config --get commit.template [6ms]
2025-04-01 01:20:28.976 [info] > git for-each-ref --format=%(refname)%00%(upstream:short)%00%(objectname)%00%(upstream:track)%00%(upstream:remotename)%00%(upstream:remoteref) refs/heads/master refs/remotes/master [2ms]
2025-04-01 01:20:28.990 [info] > git for-each-ref --sort -committerdate --format %(refname) %(objectname) %(*objectname) [2ms]
2025-04-01 01:20:29.150 [info] > git status -z -uall [168ms]
2025-04-01 01:21:07.826 [info] > git config --get commit.template [6ms]
2025-04-01 01:21:07.828 [info] > git for-each-ref --format=%(refname)%00%(upstream:short)%00%(objectname)%00%(upstream:track)%00%(upstream:remotename)%00%(upstream:remoteref) refs/heads/master refs/remotes/master [2ms]
2025-04-01 01:21:07.840 [info] > git for-each-ref --sort -committerdate --format %(refname) %(objectname) %(*objectname) [2ms]
2025-04-01 01:21:07.986 [info] > git status -z -uall [152ms]
2025-04-01 01:21:13.013 [info] > git config --get commit.template [2ms]
2025-04-01 01:21:13.020 [info] > git for-each-ref --format=%(refname)%00%(upstream:short)%00%(objectname)%00%(upstream:track)%00%(upstream:remotename)%00%(upstream:remoteref) refs/heads/master refs/remotes/master [1ms]
2025-04-01 01:21:13.035 [info] > git for-each-ref --sort -committerdate --format %(refname) %(objectname) %(*objectname) [2ms]
2025-04-01 01:21:13.178 [info] > git status -z -uall [152ms]
2025-04-01 01:21:19.927 [info] > git config --get commit.template [5ms]
2025-04-01 01:21:19.928 [info] > git for-each-ref --format=%(refname)%00%(upstream:short)%00%(objectname)%00%(upstream:track)%00%(upstream:remotename)%00%(upstream:remoteref) refs/heads/master refs/remotes/master [2ms]
2025-04-01 01:21:19.940 [info] > git for-each-ref --sort -committerdate --format %(refname) %(objectname) %(*objectname) [2ms]
2025-04-01 01:21:20.085 [info] > git status -z -uall [152ms]
2025-04-01 01:21:25.122 [info] > git config --get commit.template [5ms]
2025-04-01 01:21:25.123 [info] > git for-each-ref --format=%(refname)%00%(upstream:short)%00%(objectname)%00%(upstream:track)%00%(upstream:remotename)%00%(upstream:remoteref) refs/heads/master refs/remotes/master [2ms]
2025-04-01 01:21:25.135 [info] > git for-each-ref --sort -committerdate --format %(refname) %(objectname) %(*objectname) [2ms]
2025-04-01 01:21:25.278 [info] > git status -z -uall [150ms]
2025-04-01 01:21:30.321 [info] > git config --get commit.template [7ms]
2025-04-01 01:21:30.322 [info] > git for-each-ref --format=%(refname)%00%(upstream:short)%00%(objectname)%00%(upstream:track)%00%(upstream:remotename)%00%(upstream:remoteref) refs/heads/master refs/remotes/master [2ms]
2025-04-01 01:21:30.335 [info] > git for-each-ref --sort -committerdate --format %(refname) %(objectname) %(*objectname) [2ms]
2025-04-01 01:21:30.480 [info] > git status -z -uall [153ms]
2025-04-01 01:21:35.937 [info] > git config --get commit.template [6ms]
2025-04-01 01:21:35.938 [info] > git for-each-ref --format=%(refname)%00%(upstream:short)%00%(objectname)%00%(upstream:track)%00%(upstream:remotename)%00%(upstream:remoteref) refs/heads/master refs/remotes/master [2ms]
2025-04-01 01:21:35.950 [info] > git for-each-ref --sort -committerdate --format %(refname) %(objectname) %(*objectname) [2ms]
2025-04-01 01:21:36.094 [info] > git status -z -uall [151ms]
2025-04-01 01:21:45.027 [info] > git config --get commit.template [6ms]
2025-04-01 01:21:45.028 [info] > git for-each-ref --format=%(refname)%00%(upstream:short)%00%(objectname)%00%(upstream:track)%00%(upstream:remotename)%00%(upstream:remoteref) refs/heads/master refs/remotes/master [2ms]
2025-04-01 01:21:45.041 [info] > git for-each-ref --sort -committerdate --format %(refname) %(objectname) %(*objectname) [2ms]
2025-04-01 01:21:45.196 [info] > git status -z -uall [161ms]
2025-04-01 01:21:50.236 [info] > git config --get commit.template [5ms]
2025-04-01 01:21:50.237 [info] > git for-each-ref --format=%(refname)%00%(upstream:short)%00%(objectname)%00%(upstream:track)%00%(upstream:remotename)%00%(upstream:remoteref) refs/heads/master refs/remotes/master [2ms]
2025-04-01 01:21:50.249 [info] > git for-each-ref --sort -committerdate --format %(refname) %(objectname) %(*objectname) [2ms]
2025-04-01 01:21:50.393 [info] > git status -z -uall [151ms]
2025-04-01 01:21:56.008 [info] > git config --get commit.template [7ms]
2025-04-01 01:21:56.010 [info] > git for-each-ref --format=%(refname)%00%(upstream:short)%00%(objectname)%00%(upstream:track)%00%(upstream:remotename)%00%(upstream:remoteref) refs/heads/master refs/remotes/master [1ms]
2025-04-01 01:21:56.022 [info] > git for-each-ref --sort -committerdate --format %(refname) %(objectname) %(*objectname) [2ms]
2025-04-01 01:21:56.166 [info] > git status -z -uall [151ms]
2025-04-01 01:22:01.195 [info] > git config --get commit.template [6ms]
2025-04-01 01:22:01.197 [info] > git for-each-ref --format=%(refname)%00%(upstream:short)%00%(objectname)%00%(upstream:track)%00%(upstream:remotename)%00%(upstream:remoteref) refs/heads/master refs/remotes/master [3ms]
2025-04-01 01:22:01.210 [info] > git for-each-ref --sort -committerdate --format %(refname) %(objectname) %(*objectname) [2ms]
2025-04-01 01:22:01.356 [info] > git status -z -uall [154ms]
2025-04-01 01:22:06.387 [info] > git config --get commit.template [6ms]
2025-04-01 01:22:06.388 [info] > git for-each-ref --format=%(refname)%00%(upstream:short)%00%(objectname)%00%(upstream:track)%00%(upstream:remotename)%00%(upstream:remoteref) refs/heads/master refs/remotes/master [2ms]
2025-04-01 01:22:06.402 [info] > git for-each-ref --sort -committerdate --format %(refname) %(objectname) %(*objectname) [1ms]
2025-04-01 01:22:06.546 [info] > git status -z -uall [152ms]
2025-04-01 01:22:11.577 [info] > git config --get commit.template [6ms]
2025-04-01 01:22:11.578 [info] > git for-each-ref --format=%(refname)%00%(upstream:short)%00%(objectname)%00%(upstream:track)%00%(upstream:remotename)%00%(upstream:remoteref) refs/heads/master refs/remotes/master [2ms]
2025-04-01 01:22:11.590 [info] > git for-each-ref --sort -committerdate --format %(refname) %(objectname) %(*objectname) [2ms]
2025-04-01 01:22:11.734 [info] > git status -z -uall [151ms]
2025-04-01 01:22:16.760 [info] > git config --get commit.template [6ms]
2025-04-01 01:22:16.761 [info] > git for-each-ref --format=%(refname)%00%(upstream:short)%00%(objectname)%00%(upstream:track)%00%(upstream:remotename)%00%(upstream:remoteref) refs/heads/master refs/remotes/master [2ms]
2025-04-01 01:22:16.773 [info] > git for-each-ref --sort -committerdate --format %(refname) %(objectname) %(*objectname) [2ms]
2025-04-01 01:22:16.917 [info] > git status -z -uall [151ms]
2025-04-01 01:22:21.946 [info] > git config --get commit.template [6ms]
2025-04-01 01:22:21.947 [info] > git for-each-ref --format=%(refname)%00%(upstream:short)%00%(objectname)%00%(upstream:track)%00%(upstream:remotename)%00%(upstream:remoteref) refs/heads/master refs/remotes/master [3ms]
2025-04-01 01:22:21.960 [info] > git for-each-ref --sort -committerdate --format %(refname) %(objectname) %(*objectname) [2ms]
2025-04-01 01:22:22.106 [info] > git status -z -uall [154ms]
2025-04-01 01:22:27.142 [info] > git config --get commit.template [6ms]
2025-04-01 01:22:27.143 [info] > git for-each-ref --format=%(refname)%00%(upstream:short)%00%(objectname)%00%(upstream:track)%00%(upstream:remotename)%00%(upstream:remoteref) refs/heads/master refs/remotes/master [2ms]
2025-04-01 01:22:27.155 [info] > git for-each-ref --sort -committerdate --format %(refname) %(objectname) %(*objectname) [2ms]
2025-04-01 01:22:27.300 [info] > git status -z -uall [152ms]
2025-04-01 01:22:49.948 [info] > git config --get commit.template [3ms]
2025-04-01 01:22:49.954 [info] > git for-each-ref --format=%(refname)%00%(upstream:short)%00%(objectname)%00%(upstream:track)%00%(upstream:remotename)%00%(upstream:remoteref) refs/heads/master refs/remotes/master [2ms]
2025-04-01 01:22:49.968 [info] > git for-each-ref --sort -committerdate --format %(refname) %(objectname) %(*objectname) [3ms]
2025-04-01 01:22:50.112 [info] > git status -z -uall [152ms]
2025-04-01 01:22:57.759 [info] > git config --get commit.template [6ms]
2025-04-01 01:22:57.760 [info] > git for-each-ref --format=%(refname)%00%(upstream:short)%00%(objectname)%00%(upstream:track)%00%(upstream:remotename)%00%(upstream:remoteref) refs/heads/master refs/remotes/master [2ms]
2025-04-01 01:22:57.773 [info] > git for-each-ref --sort -committerdate --format %(refname) %(objectname) %(*objectname) [2ms]
2025-04-01 01:22:57.918 [info] > git status -z -uall [152ms]
2025-04-01 01:23:06.833 [info] > git config --get commit.template [7ms]
2025-04-01 01:23:06.834 [info] > git for-each-ref --format=%(refname)%00%(upstream:short)%00%(objectname)%00%(upstream:track)%00%(upstream:remotename)%00%(upstream:remoteref) refs/heads/master refs/remotes/master [2ms]
2025-04-01 01:23:06.848 [info] > git for-each-ref --sort -committerdate --format %(refname) %(objectname) %(*objectname) [3ms]
2025-04-01 01:23:06.991 [info] > git status -z -uall [152ms]
2025-04-01 01:23:12.038 [info] > git config --get commit.template [6ms]
2025-04-01 01:23:12.039 [info] > git for-each-ref --format=%(refname)%00%(upstream:short)%00%(objectname)%00%(upstream:track)%00%(upstream:remotename)%00%(upstream:remoteref) refs/heads/master refs/remotes/master [2ms]
2025-04-01 01:23:12.054 [info] > git for-each-ref --sort -committerdate --format %(refname) %(objectname) %(*objectname) [3ms]
2025-04-01 01:23:12.196 [info] > git status -z -uall [151ms]
2025-04-01 01:23:29.265 [info] > git config --get commit.template [5ms]
2025-04-01 01:23:29.267 [info] > git for-each-ref --format=%(refname)%00%(upstream:short)%00%(objectname)%00%(upstream:track)%00%(upstream:remotename)%00%(upstream:remoteref) refs/heads/master refs/remotes/master [2ms]
2025-04-01 01:23:29.279 [info] > git for-each-ref --sort -committerdate --format %(refname) %(objectname) %(*objectname) [2ms]
2025-04-01 01:23:29.427 [info] > git status -z -uall [156ms]
2025-04-01 01:23:34.468 [info] > git config --get commit.template [5ms]
2025-04-01 01:23:34.469 [info] > git for-each-ref --format=%(refname)%00%(upstream:short)%00%(objectname)%00%(upstream:track)%00%(upstream:remotename)%00%(upstream:remoteref) refs/heads/master refs/remotes/master [2ms]
2025-04-01 01:23:34.481 [info] > git for-each-ref --sort -committerdate --format %(refname) %(objectname) %(*objectname) [2ms]
2025-04-01 01:23:34.637 [info] > git status -z -uall [163ms]
2025-04-01 01:23:48.005 [info] > git check-ignore -v -z --stdin [2ms]
2025-04-01 01:23:50.515 [info] > git config --get commit.template [6ms]
2025-04-01 01:23:50.516 [info] > git for-each-ref --format=%(refname)%00%(upstream:short)%00%(objectname)%00%(upstream:track)%00%(upstream:remotename)%00%(upstream:remoteref) refs/heads/master refs/remotes/master [2ms]
2025-04-01 01:23:50.533 [info] > git for-each-ref --sort -committerdate --format %(refname) %(objectname) %(*objectname) [5ms]
2025-04-01 01:23:50.692 [info] > git status -z -uall [170ms]
2025-04-01 01:23:55.734 [info] > git config --get commit.template [2ms]
2025-04-01 01:23:55.740 [info] > git for-each-ref --format=%(refname)%00%(upstream:short)%00%(objectname)%00%(upstream:track)%00%(upstream:remotename)%00%(upstream:remoteref) refs/heads/master refs/remotes/master [2ms]
2025-04-01 01:23:55.752 [info] > git for-each-ref --sort -committerdate --format %(refname) %(objectname) %(*objectname) [2ms]
2025-04-01 01:23:55.908 [info] > git status -z -uall [163ms]
2025-04-01 01:24:00.943 [info] > git config --get commit.template [5ms]
2025-04-01 01:24:00.945 [info] > git for-each-ref --format=%(refname)%00%(upstream:short)%00%(objectname)%00%(upstream:track)%00%(upstream:remotename)%00%(upstream:remoteref) refs/heads/master refs/remotes/master [3ms]
2025-04-01 01:24:00.956 [info] > git for-each-ref --sort -committerdate --format %(refname) %(objectname) %(*objectname) [2ms]
2025-04-01 01:24:01.116 [info] > git status -z -uall [167ms]
2025-04-01 01:24:06.151 [info] > git config --get commit.template [7ms]
2025-04-01 01:24:06.153 [info] > git for-each-ref --format=%(refname)%00%(upstream:short)%00%(objectname)%00%(upstream:track)%00%(upstream:remotename)%00%(upstream:remoteref) refs/heads/master refs/remotes/master [4ms]
2025-04-01 01:24:06.165 [info] > git for-each-ref --sort -committerdate --format %(refname) %(objectname) %(*objectname) [2ms]
2025-04-01 01:24:06.320 [info] > git status -z -uall [162ms]
2025-04-01 01:24:11.344 [info] > git config --get commit.template [2ms]
2025-04-01 01:24:11.350 [info] > git for-each-ref --format=%(refname)%00%(upstream:short)%00%(objectname)%00%(upstream:track)%00%(upstream:remotename)%00%(upstream:remoteref) refs/heads/master refs/remotes/master [2ms]
2025-04-01 01:24:11.361 [info] > git for-each-ref --sort -committerdate --format %(refname) %(objectname) %(*objectname) [2ms]
2025-04-01 01:24:11.517 [info] > git status -z -uall [163ms]
2025-04-01 01:24:16.544 [info] > git config --get commit.template [5ms]
2025-04-01 01:24:16.545 [info] > git for-each-ref --format=%(refname)%00%(upstream:short)%00%(objectname)%00%(upstream:track)%00%(upstream:remotename)%00%(upstream:remoteref) refs/heads/master refs/remotes/master [2ms]
2025-04-01 01:24:16.557 [info] > git for-each-ref --sort -committerdate --format %(refname) %(objectname) %(*objectname) [2ms]
2025-04-01 01:24:16.714 [info] > git status -z -uall [164ms]
2025-04-01 01:24:21.740 [info] > git config --get commit.template [5ms]
2025-04-01 01:24:21.742 [info] > git for-each-ref --format=%(refname)%00%(upstream:short)%00%(objectname)%00%(upstream:track)%00%(upstream:remotename)%00%(upstream:remoteref) refs/heads/master refs/remotes/master [3ms]
2025-04-01 01:24:21.753 [info] > git for-each-ref --sort -committerdate --format %(refname) %(objectname) %(*objectname) [1ms]
2025-04-01 01:24:21.910 [info] > git status -z -uall [164ms]
2025-04-01 01:24:26.941 [info] > git for-each-ref --format=%(refname)%00%(upstream:short)%00%(objectname)%00%(upstream:track)%00%(upstream:remotename)%00%(upstream:remoteref) refs/heads/master refs/remotes/master [4ms]
2025-04-01 01:24:26.941 [info] > git config --get commit.template [9ms]
2025-04-01 01:24:26.974 [info] > git for-each-ref --sort -committerdate --format %(refname) %(objectname) %(*objectname) [5ms]
2025-04-01 01:24:27.277 [info] > git status -z -uall [316ms]
2025-04-01 01:24:32.326 [info] > git config --get commit.template [6ms]
2025-04-01 01:24:32.330 [info] > git for-each-ref --format=%(refname)%00%(upstream:short)%00%(objectname)%00%(upstream:track)%00%(upstream:remotename)%00%(upstream:remoteref) refs/heads/master refs/remotes/master [5ms]
2025-04-01 01:24:32.344 [info] > git for-each-ref --sort -committerdate --format %(refname) %(objectname) %(*objectname) [2ms]
2025-04-01 01:24:32.503 [info] > git status -z -uall [167ms]
2025-04-01 01:24:37.530 [info] > git config --get commit.template [6ms]
2025-04-01 01:24:37.531 [info] > git for-each-ref --format=%(refname)%00%(upstream:short)%00%(objectname)%00%(upstream:track)%00%(upstream:remotename)%00%(upstream:remoteref) refs/heads/master refs/remotes/master [2ms]
2025-04-01 01:24:37.542 [info] > git for-each-ref --sort -committerdate --format %(refname) %(objectname) %(*objectname) [2ms]
2025-04-01 01:24:37.698 [info] > git status -z -uall [162ms]
2025-04-01 01:24:42.727 [info] > git config --get commit.template [5ms]
2025-04-01 01:24:42.728 [info] > git for-each-ref --format=%(refname)%00%(upstream:short)%00%(objectname)%00%(upstream:track)%00%(upstream:remotename)%00%(upstream:remoteref) refs/heads/master refs/remotes/master [2ms]
2025-04-01 01:24:42.740 [info] > git for-each-ref --sort -committerdate --format %(refname) %(objectname) %(*objectname) [2ms]
2025-04-01 01:24:42.898 [info] > git status -z -uall [165ms]
2025-04-01 01:24:47.925 [info] > git config --get commit.template [5ms]
2025-04-01 01:24:47.926 [info] > git for-each-ref --format=%(refname)%00%(upstream:short)%00%(objectname)%00%(upstream:track)%00%(upstream:remotename)%00%(upstream:remoteref) refs/heads/master refs/remotes/master [1ms]
2025-04-01 01:24:47.940 [info] > git for-each-ref --sort -committerdate --format %(refname) %(objectname) %(*objectname) [2ms]
2025-04-01 01:24:48.097 [info] > git status -z -uall [165ms]
2025-04-01 01:24:53.122 [info] > git config --get commit.template [6ms]
2025-04-01 01:24:53.123 [info] > git for-each-ref --format=%(refname)%00%(upstream:short)%00%(objectname)%00%(upstream:track)%00%(upstream:remotename)%00%(upstream:remoteref) refs/heads/master refs/remotes/master [2ms]
2025-04-01 01:24:53.134 [info] > git for-each-ref --sort -committerdate --format %(refname) %(objectname) %(*objectname) [2ms]
2025-04-01 01:24:53.290 [info] > git status -z -uall [163ms]
2025-04-01 01:24:58.316 [info] > git config --get commit.template [6ms]
2025-04-01 01:24:58.317 [info] > git for-each-ref --format=%(refname)%00%(upstream:short)%00%(objectname)%00%(upstream:track)%00%(upstream:remotename)%00%(upstream:remoteref) refs/heads/master refs/remotes/master [2ms]
2025-04-01 01:24:58.329 [info] > git for-each-ref --sort -committerdate --format %(refname) %(objectname) %(*objectname) [2ms]
2025-04-01 01:24:58.487 [info] > git status -z -uall [165ms]
2025-04-01 01:25:20.207 [info] > git config --get commit.template [6ms]
2025-04-01 01:25:20.208 [info] > git for-each-ref --format=%(refname)%00%(upstream:short)%00%(objectname)%00%(upstream:track)%00%(upstream:remotename)%00%(upstream:remoteref) refs/heads/master refs/remotes/master [2ms]
2025-04-01 01:25:20.220 [info] > git for-each-ref --sort -committerdate --format %(refname) %(objectname) %(*objectname) [2ms]
2025-04-01 01:25:20.376 [info] > git status -z -uall [163ms]
2025-04-01 01:25:33.217 [info] > git config --get commit.template [5ms]
2025-04-01 01:25:33.218 [info] > git for-each-ref --format=%(refname)%00%(upstream:short)%00%(objectname)%00%(upstream:track)%00%(upstream:remotename)%00%(upstream:remoteref) refs/heads/master refs/remotes/master [2ms]
2025-04-01 01:25:33.229 [info] > git for-each-ref --sort -committerdate --format %(refname) %(objectname) %(*objectname) [2ms]
2025-04-01 01:25:33.386 [info] > git status -z -uall [163ms]
2025-04-01 01:25:38.412 [info] > git config --get commit.template [5ms]
2025-04-01 01:25:38.413 [info] > git for-each-ref --format=%(refname)%00%(upstream:short)%00%(objectname)%00%(upstream:track)%00%(upstream:remotename)%00%(upstream:remoteref) refs/heads/master refs/remotes/master [2ms]
2025-04-01 01:25:38.425 [info] > git for-each-ref --sort -committerdate --format %(refname) %(objectname) %(*objectname) [2ms]
2025-04-01 01:25:38.583 [info] > git status -z -uall [165ms]
