2025-04-02 03:04:31.847 [info] Reading sessions from keychain...
2025-04-02 03:04:31.847 [info] Getting sessions for all scopes...
2025-04-02 03:04:31.847 [info] Got 0 sessions for ...
2025-04-02 03:04:31.971 [info] Getting sessions for read:user,repo,user:email,workflow...
2025-04-02 03:04:31.971 [info] Got 0 sessions for read:user,repo,user:email,workflow...
2025-04-02 03:26:02.753 [info] Getting sessions for read:user,repo,user:email,workflow...
2025-04-02 03:26:02.753 [info] Got 0 sessions for read:user,repo,user:email,workflow...
2025-04-02 03:26:05.142 [info] Logging in with 'any' account...
2025-04-02 03:26:05.142 [info] Logging in for the following scopes: read:user repo user:email workflow
2025-04-02 03:26:05.643 [info] Trying device code flow... (read:user repo user:email workflow)
2025-04-02 03:26:44.151 [info] Getting user info...
2025-04-02 03:26:44.567 [info] Got account info!
2025-04-02 03:26:44.568 [info] Storing 1 sessions...
2025-04-02 03:26:44.820 [info] Reading sessions from keychain...
2025-04-02 03:26:44.820 [info] Stored 1 sessions!
2025-04-02 03:26:44.820 [info] Login success!
2025-04-02 03:26:45.058 [info] Got stored sessions!
2025-04-02 03:26:45.058 [info] Got 1 verified sessions.
2025-04-02 03:26:45.971 [info] Getting sessions for read:user,repo,user:email,workflow...
2025-04-02 03:26:45.971 [info] Got 1 sessions for read:user,repo,user:email,workflow...
2025-04-02 03:28:55.155 [info] Getting sessions for read:user,repo,user:email,workflow...
2025-04-02 03:28:55.155 [info] Got 1 sessions for read:user,repo,user:email,workflow...
