2025-02-22 20:59:57.137 [info] [main] Log level: Info
2025-02-22 20:59:57.137 [info] [main] Validating found git in: "git"
2025-02-22 20:59:57.137 [info] [main] Using git "2.43.0" from "git"
2025-02-22 20:59:57.137 [info] [Model][doInitialScan] Initial repository scan started
2025-02-22 20:59:57.137 [info] > git rev-parse --show-toplevel [264ms]
2025-02-22 20:59:57.137 [info] fatal: not a git repository (or any parent up to mount point /)
Stopping at filesystem boundary (GIT_DISCOVERY_ACROSS_FILESYSTEM not set).
2025-02-22 20:59:57.137 [info] > git rev-parse --show-toplevel [1329ms]
2025-02-22 20:59:57.137 [info] fatal: not a git repository (or any parent up to mount point /)
Stopping at filesystem boundary (GIT_DISCOVERY_ACROSS_FILESYSTEM not set).
2025-02-22 20:59:57.155 [info] > git rev-parse --show-toplevel [18ms]
2025-02-22 20:59:57.155 [info] fatal: not a git repository (or any parent up to mount point /)
Stopping at filesystem boundary (GIT_DISCOVERY_ACROSS_FILESYSTEM not set).
2025-02-22 20:59:59.626 [info] > git rev-parse --show-toplevel [2290ms]
2025-02-22 20:59:59.626 [info] fatal: not a git repository (or any parent up to mount point /)
Stopping at filesystem boundary (GIT_DISCOVERY_ACROSS_FILESYSTEM not set).
2025-02-22 20:59:59.659 [info] > git rev-parse --show-toplevel [22ms]
2025-02-22 20:59:59.659 [info] fatal: not a git repository (or any parent up to mount point /)
Stopping at filesystem boundary (GIT_DISCOVERY_ACROSS_FILESYSTEM not set).
2025-02-22 20:59:59.902 [info] > git rev-parse --show-toplevel [227ms]
2025-02-22 20:59:59.902 [info] fatal: not a git repository (or any parent up to mount point /)
Stopping at filesystem boundary (GIT_DISCOVERY_ACROSS_FILESYSTEM not set).
2025-02-22 20:59:59.924 [info] > git rev-parse --show-toplevel [9ms]
2025-02-22 20:59:59.924 [info] fatal: not a git repository (or any parent up to mount point /)
Stopping at filesystem boundary (GIT_DISCOVERY_ACROSS_FILESYSTEM not set).
2025-02-22 21:00:00.000 [info] > git rev-parse --show-toplevel [43ms]
2025-02-22 21:00:00.000 [info] fatal: not a git repository (or any parent up to mount point /)
Stopping at filesystem boundary (GIT_DISCOVERY_ACROSS_FILESYSTEM not set).
2025-02-22 21:00:00.188 [info] > git rev-parse --show-toplevel [160ms]
2025-02-22 21:00:00.188 [info] fatal: not a git repository (or any parent up to mount point /)
Stopping at filesystem boundary (GIT_DISCOVERY_ACROSS_FILESYSTEM not set).
2025-02-22 21:00:00.327 [info] > git rev-parse --show-toplevel [42ms]
2025-02-22 21:00:00.327 [info] fatal: not a git repository (or any parent up to mount point /)
Stopping at filesystem boundary (GIT_DISCOVERY_ACROSS_FILESYSTEM not set).
2025-02-22 21:00:00.342 [info] > git rev-parse --show-toplevel [4ms]
2025-02-22 21:00:00.343 [info] fatal: not a git repository (or any parent up to mount point /)
Stopping at filesystem boundary (GIT_DISCOVERY_ACROSS_FILESYSTEM not set).
2025-02-22 21:00:00.423 [info] > git rev-parse --show-toplevel [72ms]
2025-02-22 21:00:00.423 [info] fatal: not a git repository (or any parent up to mount point /)
Stopping at filesystem boundary (GIT_DISCOVERY_ACROSS_FILESYSTEM not set).
2025-02-22 21:00:00.436 [info] > git rev-parse --show-toplevel [2ms]
2025-02-22 21:00:00.436 [info] fatal: not a git repository (or any parent up to mount point /)
Stopping at filesystem boundary (GIT_DISCOVERY_ACROSS_FILESYSTEM not set).
2025-02-22 21:00:00.455 [info] > git rev-parse --show-toplevel [5ms]
2025-02-22 21:00:00.455 [info] fatal: not a git repository (or any parent up to mount point /)
Stopping at filesystem boundary (GIT_DISCOVERY_ACROSS_FILESYSTEM not set).
2025-02-22 21:00:00.548 [info] > git rev-parse --show-toplevel [54ms]
2025-02-22 21:00:00.549 [info] fatal: not a git repository (or any parent up to mount point /)
Stopping at filesystem boundary (GIT_DISCOVERY_ACROSS_FILESYSTEM not set).
2025-02-22 21:00:00.569 [info] > git rev-parse --show-toplevel [7ms]
2025-02-22 21:00:00.569 [info] fatal: not a git repository (or any parent up to mount point /)
Stopping at filesystem boundary (GIT_DISCOVERY_ACROSS_FILESYSTEM not set).
2025-02-22 21:00:00.691 [info] > git rev-parse --show-toplevel [9ms]
2025-02-22 21:00:00.691 [info] fatal: not a git repository (or any parent up to mount point /)
Stopping at filesystem boundary (GIT_DISCOVERY_ACROSS_FILESYSTEM not set).
2025-02-22 21:00:00.693 [info] [Model][doInitialScan] Initial repository scan completed - repositories (0), closed repositories (0), parent repositories (0), unsafe repositories (0)
2025-02-22 21:01:35.944 [info] > git rev-parse --show-toplevel [3ms]
2025-02-22 21:01:35.944 [info] fatal: not a git repository (or any parent up to mount point /)
Stopping at filesystem boundary (GIT_DISCOVERY_ACROSS_FILESYSTEM not set).
2025-02-22 21:02:13.337 [info] > git rev-parse --show-toplevel [5ms]
2025-02-22 21:02:13.337 [info] fatal: not a git repository (or any parent up to mount point /)
Stopping at filesystem boundary (GIT_DISCOVERY_ACROSS_FILESYSTEM not set).
2025-02-22 21:02:48.878 [info] > git rev-parse --show-toplevel [3ms]
2025-02-22 21:02:48.878 [info] fatal: not a git repository (or any parent up to mount point /)
Stopping at filesystem boundary (GIT_DISCOVERY_ACROSS_FILESYSTEM not set).
2025-02-22 21:02:51.006 [info] > git rev-parse --show-toplevel [7ms]
2025-02-22 21:02:51.006 [info] fatal: not a git repository (or any parent up to mount point /)
Stopping at filesystem boundary (GIT_DISCOVERY_ACROSS_FILESYSTEM not set).
2025-02-22 21:02:52.257 [info] > git rev-parse --show-toplevel [4ms]
2025-02-22 21:02:52.257 [info] fatal: not a git repository (or any parent up to mount point /)
Stopping at filesystem boundary (GIT_DISCOVERY_ACROSS_FILESYSTEM not set).
2025-02-22 21:02:55.050 [info] > git rev-parse --show-toplevel [2ms]
2025-02-22 21:02:55.050 [info] fatal: not a git repository (or any parent up to mount point /)
Stopping at filesystem boundary (GIT_DISCOVERY_ACROSS_FILESYSTEM not set).
2025-02-22 21:02:59.852 [info] > git rev-parse --show-toplevel [3ms]
2025-02-22 21:02:59.852 [info] fatal: not a git repository (or any parent up to mount point /)
Stopping at filesystem boundary (GIT_DISCOVERY_ACROSS_FILESYSTEM not set).
2025-02-22 21:03:03.655 [info] > git rev-parse --show-toplevel [4ms]
2025-02-22 21:03:03.655 [info] fatal: not a git repository (or any parent up to mount point /)
Stopping at filesystem boundary (GIT_DISCOVERY_ACROSS_FILESYSTEM not set).
2025-02-22 21:03:25.003 [info] > git rev-parse --show-toplevel [3ms]
2025-02-22 21:03:25.003 [info] fatal: not a git repository (or any parent up to mount point /)
Stopping at filesystem boundary (GIT_DISCOVERY_ACROSS_FILESYSTEM not set).
2025-02-22 21:03:41.829 [info] > git rev-parse --show-toplevel [2ms]
2025-02-22 21:03:41.829 [info] fatal: not a git repository (or any parent up to mount point /)
Stopping at filesystem boundary (GIT_DISCOVERY_ACROSS_FILESYSTEM not set).
2025-02-22 21:04:19.478 [info] > git rev-parse --show-toplevel [1ms]
2025-02-22 21:04:19.478 [info] fatal: not a git repository (or any parent up to mount point /)
Stopping at filesystem boundary (GIT_DISCOVERY_ACROSS_FILESYSTEM not set).
2025-02-22 21:06:35.719 [info] > git rev-parse --show-toplevel [3ms]
2025-02-22 21:06:35.719 [info] fatal: not a git repository (or any parent up to mount point /)
Stopping at filesystem boundary (GIT_DISCOVERY_ACROSS_FILESYSTEM not set).
2025-02-22 21:07:36.829 [info] > git rev-parse --show-toplevel [2ms]
2025-02-22 21:07:36.829 [info] fatal: not a git repository (or any parent up to mount point /)
Stopping at filesystem boundary (GIT_DISCOVERY_ACROSS_FILESYSTEM not set).
