2025-04-01 00:14:26.397 [info] [main] Log level: Info
2025-04-01 00:14:26.397 [info] [main] Validating found git in: "git"
2025-04-01 00:14:26.397 [info] [main] Using git "2.43.0" from "git"
2025-04-01 00:14:26.397 [info] [Model][doInitialScan] Initial repository scan started
2025-04-01 00:14:26.397 [info] > git rev-parse --show-toplevel [109ms]
2025-04-01 00:14:26.397 [info] > git rev-parse --git-dir --git-common-dir [20ms]
2025-04-01 00:14:26.397 [info] [Model][openRepository] Opened repository: /home/apoorvtripathi537
2025-04-01 00:14:26.397 [info] > git rev-parse --show-toplevel [4ms]
2025-04-01 00:14:26.397 [info] > git config --get commit.template [8ms]
2025-04-01 00:14:26.479 [info] > git for-each-ref --format=%(refname)%00%(upstream:short)%00%(objectname)%00%(upstream:track)%00%(upstream:remotename)%00%(upstream:remoteref) refs/heads/master refs/remotes/master [72ms]
2025-04-01 00:14:26.479 [info] > git rev-parse --show-toplevel [77ms]
2025-04-01 00:14:26.488 [info] > git rev-parse --show-toplevel [3ms]
2025-04-01 00:14:26.504 [info] > git rev-parse --show-toplevel [11ms]
2025-04-01 00:14:26.505 [info] > git for-each-ref --sort -committerdate --format %(refname) %(objectname) %(*objectname) [3ms]
2025-04-01 00:14:26.523 [info] > git rev-parse --show-toplevel [13ms]
2025-04-01 00:14:26.531 [info] > git rev-parse --show-toplevel [2ms]
2025-04-01 00:14:26.537 [info] > git rev-parse --show-toplevel [2ms]
2025-04-01 00:14:26.545 [info] > git rev-parse --show-toplevel [2ms]
2025-04-01 00:14:26.552 [info] > git rev-parse --show-toplevel [2ms]
2025-04-01 00:14:26.744 [info] > git status -z -uall [246ms]
2025-04-01 00:14:26.762 [info] > git rev-parse --show-toplevel [205ms]
2025-04-01 00:14:26.782 [info] > git for-each-ref --format=%(refname)%00%(upstream:short)%00%(objectname)%00%(upstream:track)%00%(upstream:remotename)%00%(upstream:remoteref) refs/heads/master refs/remotes/master [23ms]
2025-04-01 00:14:26.802 [info] > git rev-parse --show-toplevel [30ms]
2025-04-01 00:14:26.803 [info] > git config --get commit.template [33ms]
2025-04-01 00:14:26.854 [info] > git config --local branch.master.vscode-merge-base [68ms]
2025-04-01 00:14:26.854 [warning] [Git][config] git config failed: Failed to execute git
2025-04-01 00:14:26.907 [info] > git rev-parse --show-toplevel [99ms]
2025-04-01 00:14:26.916 [info] > git for-each-ref --format=%(refname)%00%(upstream:short)%00%(objectname)%00%(upstream:track)%00%(upstream:remotename)%00%(upstream:remoteref) refs/heads/master refs/remotes/master [15ms]
2025-04-01 00:14:26.919 [info] > git rev-parse --show-toplevel [5ms]
2025-04-01 00:14:26.968 [info] > git rev-parse --show-toplevel [45ms]
2025-04-01 00:14:26.969 [info] [Model][doInitialScan] Initial repository scan completed - repositories (1), closed repositories (0), parent repositories (0), unsafe repositories (0)
2025-04-01 00:14:26.992 [info] > git status -z -uall [37ms]
2025-04-01 00:14:26.993 [info] > git show --textconv :main.py [15ms]
2025-04-01 00:14:26.993 [info] > git check-ignore -v -z --stdin [6ms]
2025-04-01 00:14:26.994 [info] > git ls-files --stage -- /home/apoorvtripathi537/main.py [12ms]
2025-04-01 00:14:26.999 [info] > git for-each-ref --sort -committerdate --format %(refname) %(objectname) %(*objectname) [32ms]
2025-04-01 00:14:27.012 [info] > git cat-file -s ec7b915dba87cdcfd21c35fe04a3a3fec379e65a [14ms]
2025-04-01 00:14:27.012 [info] > git reflog master --grep-reflog=branch: Created from *. [154ms]
2025-04-01 00:14:27.020 [info] > git for-each-ref --format=%(refname)%00%(upstream:short)%00%(objectname)%00%(upstream:track)%00%(upstream:remotename)%00%(upstream:remoteref) refs/heads/master refs/remotes/master [11ms]
2025-04-01 00:14:27.027 [info] > git symbolic-ref --short refs/remotes/origin/HEAD [11ms]
2025-04-01 00:14:27.027 [info] fatal: ref refs/remotes/origin/HEAD is not a symbolic ref
2025-04-01 00:14:27.027 [warning] [Repository][getDefaultBranch] Failed to get default branch details: Failed to execute git.
2025-04-01 00:14:27.047 [info] > git merge-base refs/heads/master refs/remotes/origin/master [14ms]
2025-04-01 00:14:27.052 [info] > git config --local branch.master.vscode-merge-base [28ms]
2025-04-01 00:14:27.053 [warning] [Git][config] git config failed: Failed to execute git
2025-04-01 00:14:27.063 [info] > git diff --name-status -z --diff-filter=ADMR 3af8a224fd8bda9bdfc078604fafe431df36d3cf...refs/remotes/origin/master [11ms]
2025-04-01 00:14:27.065 [info] > git reflog master --grep-reflog=branch: Created from *. [8ms]
2025-04-01 00:14:27.072 [info] > git symbolic-ref --short refs/remotes/origin/HEAD [3ms]
2025-04-01 00:14:27.072 [info] fatal: ref refs/remotes/origin/HEAD is not a symbolic ref
2025-04-01 00:14:27.072 [warning] [Repository][getDefaultBranch] Failed to get default branch details: Failed to execute git.
2025-04-01 00:14:32.447 [info] > git config --get commit.template [5ms]
2025-04-01 00:14:32.452 [info] > git for-each-ref --format=%(refname)%00%(upstream:short)%00%(objectname)%00%(upstream:track)%00%(upstream:remotename)%00%(upstream:remoteref) refs/heads/master refs/remotes/master [2ms]
2025-04-01 00:14:32.462 [info] > git for-each-ref --sort -committerdate --format %(refname) %(objectname) %(*objectname) [1ms]
2025-04-01 00:14:32.469 [info] > git status -z -uall [14ms]
2025-04-01 00:14:37.482 [info] > git config --get commit.template [5ms]
2025-04-01 00:14:37.483 [info] > git for-each-ref --format=%(refname)%00%(upstream:short)%00%(objectname)%00%(upstream:track)%00%(upstream:remotename)%00%(upstream:remoteref) refs/heads/master refs/remotes/master [2ms]
2025-04-01 00:14:37.493 [info] > git for-each-ref --sort -committerdate --format %(refname) %(objectname) %(*objectname) [2ms]
2025-04-01 00:14:37.503 [info] > git status -z -uall [16ms]
2025-04-01 00:14:42.646 [info] > git config --get commit.template [7ms]
2025-04-01 00:14:42.647 [info] > git for-each-ref --format=%(refname)%00%(upstream:short)%00%(objectname)%00%(upstream:track)%00%(upstream:remotename)%00%(upstream:remoteref) refs/heads/master refs/remotes/master [1ms]
2025-04-01 00:14:42.663 [info] > git for-each-ref --sort -committerdate --format %(refname) %(objectname) %(*objectname) [2ms]
2025-04-01 00:14:42.671 [info] > git status -z -uall [17ms]
2025-04-01 00:14:47.689 [info] > git config --get commit.template [6ms]
2025-04-01 00:14:47.690 [info] > git for-each-ref --format=%(refname)%00%(upstream:short)%00%(objectname)%00%(upstream:track)%00%(upstream:remotename)%00%(upstream:remoteref) refs/heads/master refs/remotes/master [2ms]
2025-04-01 00:14:47.712 [info] > git for-each-ref --sort -committerdate --format %(refname) %(objectname) %(*objectname) [8ms]
2025-04-01 00:14:47.713 [info] > git status -z -uall [16ms]
2025-04-01 00:14:52.730 [info] > git config --get commit.template [6ms]
2025-04-01 00:14:52.731 [info] > git for-each-ref --format=%(refname)%00%(upstream:short)%00%(objectname)%00%(upstream:track)%00%(upstream:remotename)%00%(upstream:remoteref) refs/heads/master refs/remotes/master [2ms]
2025-04-01 00:14:52.746 [info] > git for-each-ref --sort -committerdate --format %(refname) %(objectname) %(*objectname) [2ms]
2025-04-01 00:14:52.752 [info] > git status -z -uall [14ms]
2025-04-01 00:14:57.767 [info] > git config --get commit.template [6ms]
2025-04-01 00:14:57.768 [info] > git for-each-ref --format=%(refname)%00%(upstream:short)%00%(objectname)%00%(upstream:track)%00%(upstream:remotename)%00%(upstream:remoteref) refs/heads/master refs/remotes/master [2ms]
2025-04-01 00:14:57.782 [info] > git for-each-ref --sort -committerdate --format %(refname) %(objectname) %(*objectname) [2ms]
2025-04-01 00:14:57.788 [info] > git status -z -uall [14ms]
2025-04-01 00:33:08.016 [info] > git config --get commit.template [6ms]
2025-04-01 00:33:08.017 [info] > git for-each-ref --format=%(refname)%00%(upstream:short)%00%(objectname)%00%(upstream:track)%00%(upstream:remotename)%00%(upstream:remoteref) refs/heads/master refs/remotes/master [3ms]
2025-04-01 00:33:08.029 [info] > git for-each-ref --sort -committerdate --format %(refname) %(objectname) %(*objectname) [2ms]
2025-04-01 00:33:08.036 [info] > git status -z -uall [15ms]
2025-04-01 00:33:12.424 [info] > git check-ignore -v -z --stdin [2ms]
2025-04-01 00:33:13.053 [info] > git config --get commit.template [5ms]
2025-04-01 00:33:13.054 [info] > git for-each-ref --format=%(refname)%00%(upstream:short)%00%(objectname)%00%(upstream:track)%00%(upstream:remotename)%00%(upstream:remoteref) refs/heads/master refs/remotes/master [1ms]
2025-04-01 00:33:13.066 [info] > git for-each-ref --sort -committerdate --format %(refname) %(objectname) %(*objectname) [2ms]
2025-04-01 00:33:13.073 [info] > git status -z -uall [14ms]
