Initializing document watcher...
Document watcher initialized
apoorvtripathi537/main.py: {}
apoorvtripathi537/test,py: {}
apoorvtripathi537/test,py: Using EditorConfig core...
apoorvtripathi537/test.py: {}
apoorvtripathi537/test.py: {}
apoorvtripathi537/test.py: {}
apoorvtripathi537/test.py: {}
apoorvtripathi537/test.py: Using EditorConfig core...
apoorvtripathi537/test.py: {}
apoorvtripathi537/test.py: {}
apoorvtripathi537/test.py: {}
apoorvtripathi537/test.py: {}
apoorvtripathi537/test.py: {}
apoorvtripathi537/test.py: {}
apoorvtripathi537/test.py: {}
apoorvtripathi537/main.py: {}
apoorvtripathi537/templates/index.html: {}
apoorvtripathi537/templates/index.html: {}
apoorvtripathi537/templates/index.html: {}
apoorvtripathi537/templates/index.html: {}
apoorvtripathi537/templates/index.html: {}
apoorvtripathi537/main.py: {}
apoorvtripathi537/main.py: {}
apoorvtripathi537/test.py: {}
apoorvtripathi537/test.py: {}
apoorvtripathi537/test.py: {}
apoorvtripathi537/templates/index.html: {}
apoorvtripathi537/templates/index.html: {}
apoorvtripathi537/templates/index.html: {}
