2025-02-22 20:51:10.821 [info] Extension host with pid 6355 started
2025-02-22 20:51:10.821 [error] Error: EEXIST: file already exists, open '/home/apoorvtripathi537/.codeoss/data/User/workspaceStorage/11d61ec4/vscode.lock'
2025-02-22 20:51:10.876 [info] Lock '/home/apoorvtripathi537/.codeoss/data/User/workspaceStorage/11d61ec4/vscode.lock': Could not acquire lock, checking if the file is stale.
2025-02-22 20:51:10.886 [info] ExtensionService#_doActivateExtension vscode.emmet, startup: false, activationEvent: 'onLanguage'
2025-02-22 20:51:10.888 [info] ExtensionService#_doActivateExtension ms-python.python, startup: false, activationEvent: 'onLanguage:python'
2025-02-22 20:51:11.262 [info] Lock '/home/apoorvtripathi537/.codeoss/data/User/workspaceStorage/11d61ec4/vscode.lock': The lock does not look stale, elapsed: 24 ms, giving up.
2025-02-22 20:51:11.280 [error] Error: EEXIST: file already exists, open '/home/apoorvtripathi537/.codeoss/data/User/workspaceStorage/11d61ec4-1/vscode.lock'
2025-02-22 20:51:11.283 [info] Lock '/home/apoorvtripathi537/.codeoss/data/User/workspaceStorage/11d61ec4-1/vscode.lock': Could not acquire lock, checking if the file is stale.
2025-02-22 20:51:11.284 [info] Lock '/home/apoorvtripathi537/.codeoss/data/User/workspaceStorage/11d61ec4-1/vscode.lock': The lock does not look stale, elapsed: 372 ms, giving up.
2025-02-22 20:51:11.287 [error] Error: EEXIST: file already exists, open '/home/apoorvtripathi537/.codeoss/data/User/workspaceStorage/11d61ec4-2/vscode.lock'
2025-02-22 20:51:11.294 [info] Lock '/home/apoorvtripathi537/.codeoss/data/User/workspaceStorage/11d61ec4-2/vscode.lock': Could not acquire lock, checking if the file is stale.
2025-02-22 20:51:11.295 [info] Lock '/home/apoorvtripathi537/.codeoss/data/User/workspaceStorage/11d61ec4-2/vscode.lock': The lock does not look stale, elapsed: 287 ms, giving up.
2025-02-22 20:51:11.299 [error] Error: EEXIST: file already exists, open '/home/apoorvtripathi537/.codeoss/data/User/workspaceStorage/11d61ec4-3/vscode.lock'
2025-02-22 20:51:11.309 [info] Lock '/home/apoorvtripathi537/.codeoss/data/User/workspaceStorage/11d61ec4-3/vscode.lock': Could not acquire lock, checking if the file is stale.
2025-02-22 20:51:11.310 [info] Lock '/home/apoorvtripathi537/.codeoss/data/User/workspaceStorage/11d61ec4-3/vscode.lock': The lock does not look stale, elapsed: 118 ms, giving up.
2025-02-22 20:51:11.318 [info] Lock '/home/apoorvtripathi537/.codeoss/data/User/workspaceStorage/11d61ec4-4/vscode.lock': Lock acquired.
2025-02-22 20:51:11.519 [error] Error: spawn /google/devshell/editor/code-oss-for-cloud-shell/extensions/ms-python.python/python-env-tools/bin/pet ENOENT
	at ChildProcess._handle.onexit (node:internal/child_process:286:19)
	at onErrorNT (node:internal/child_process:484:16)
	at process.processTicksAndRejections (node:internal/process/task_queues:82:21)
2025-02-22 20:51:11.650 [info] ExtensionService#_doActivateExtension vscode.git-base, startup: true, activationEvent: '*', root cause: vscode.git
2025-02-22 20:51:11.710 [info] ExtensionService#_doActivateExtension vscode.git, startup: true, activationEvent: '*'
2025-02-22 20:51:11.711 [info] ExtensionService#_doActivateExtension vscode.github, startup: true, activationEvent: '*'
2025-02-22 20:51:11.915 [info] ExtensionService#_doActivateExtension redhat.fabric8-analytics, startup: true, activationEvent: 'workspaceContains:**/package.json,**/pom.xml,**/go.mod,**/requirements.txt,**/build.gradle,**/Dockerfile,**/Containerfile'
2025-02-22 20:51:12.217 [info] Eager extensions activated
2025-02-22 20:51:12.218 [info] ExtensionService#_doActivateExtension EditorConfig.EditorConfig, startup: false, activationEvent: 'onStartupFinished'
2025-02-22 20:51:12.218 [info] ExtensionService#_doActivateExtension google.cloud-shell, startup: false, activationEvent: 'onStartupFinished'
2025-02-22 20:51:12.219 [info] ExtensionService#_doActivateExtension google.geminicodeassist, startup: false, activationEvent: 'onStartupFinished', root cause: googlecloudtools.cloudcode
2025-02-22 20:51:12.219 [info] ExtensionService#_doActivateExtension vscode.debug-auto-launch, startup: false, activationEvent: 'onStartupFinished'
2025-02-22 20:51:12.219 [info] ExtensionService#_doActivateExtension vscode.merge-conflict, startup: false, activationEvent: 'onStartupFinished'
2025-02-22 20:51:13.574 [info] ExtensionService#_doActivateExtension googlecloudtools.cloudcode, startup: false, activationEvent: 'onStartupFinished'
2025-02-22 20:51:15.783 [info] ExtensionService#_doActivateExtension vscode.configuration-editing, startup: false, activationEvent: 'onLanguage:jsonc'
2025-02-22 20:51:15.784 [info] ExtensionService#_doActivateExtension vscode.json-language-features, startup: false, activationEvent: 'onLanguage:jsonc'
2025-02-22 20:51:15.784 [info] ExtensionService#_doActivateExtension vscode.typescript-language-features, startup: false, activationEvent: 'onLanguage:jsonc'
2025-02-22 20:57:17.535 [info] Extension host terminating: renderer disconnected for too long (2)
2025-02-22 20:57:17.536 [info] Lock '/home/apoorvtripathi537/.codeoss/data/User/workspaceStorage/11d61ec4-4/vscode.lock': Marking the lockfile as scheduled to be released in 6000 ms.
2025-02-22 20:57:17.576 [info] Extension host with pid 6355 exiting with code 0
