2025-04-01 00:39:31.796 [info] [main] Log level: Info
2025-04-01 00:39:31.796 [info] [main] Validating found git in: "git"
2025-04-01 00:39:31.796 [info] [main] Using git "2.43.0" from "git"
2025-04-01 00:39:31.797 [info] [Model][doInitialScan] Initial repository scan started
2025-04-01 00:39:31.797 [info] > git rev-parse --show-toplevel [12ms]
2025-04-01 00:39:31.797 [info] > git rev-parse --git-dir --git-common-dir [2ms]
2025-04-01 00:39:31.797 [info] [Model][openRepository] Opened repository: /home/apoorvtripathi537
2025-04-01 00:39:31.797 [info] > git rev-parse --show-toplevel [25ms]
2025-04-01 00:39:31.797 [info] > git config --get commit.template [32ms]
2025-04-01 00:39:31.797 [info] > git rev-parse --show-toplevel [1677ms]
2025-04-01 00:39:31.797 [info] > git for-each-ref --format=%(refname)%00%(upstream:short)%00%(objectname)%00%(upstream:track)%00%(upstream:remotename)%00%(upstream:remoteref) refs/heads/master refs/remotes/master [1717ms]
2025-04-01 00:39:31.797 [info] > git check-ignore -v -z --stdin [64ms]
2025-04-01 00:39:31.797 [info] > git rev-parse --show-toplevel [56ms]
2025-04-01 00:39:31.910 [info] > git rev-parse --show-toplevel [93ms]
2025-04-01 00:39:32.136 [info] > git for-each-ref --sort -committerdate --format %(refname) %(objectname) %(*objectname) [223ms]
2025-04-01 00:39:32.620 [info] > git status -z -uall [727ms]
2025-04-01 00:39:32.621 [info] > git rev-parse --show-toplevel [669ms]
2025-04-01 00:39:32.674 [info] > git for-each-ref --format=%(refname)%00%(upstream:short)%00%(objectname)%00%(upstream:track)%00%(upstream:remotename)%00%(upstream:remoteref) refs/heads/master refs/remotes/master [26ms]
2025-04-01 00:39:32.685 [info] > git config --get commit.template [22ms]
2025-04-01 00:39:32.686 [info] > git rev-parse --show-toplevel [28ms]
2025-04-01 00:39:34.677 [info] > git config --local branch.master.vscode-merge-base [1998ms]
2025-04-01 00:39:34.677 [warning] [Git][config] git config failed: Failed to execute git
2025-04-01 00:39:34.828 [info] > git reflog master --grep-reflog=branch: Created from *. [144ms]
2025-04-01 00:39:34.834 [info] > git rev-parse --show-toplevel [2143ms]
2025-04-01 00:39:34.846 [info] > git symbolic-ref --short refs/remotes/origin/HEAD [12ms]
2025-04-01 00:39:34.846 [info] fatal: ref refs/remotes/origin/HEAD is not a symbolic ref
2025-04-01 00:39:34.846 [warning] [Repository][getDefaultBranch] Failed to get default branch details: Failed to execute git.
2025-04-01 00:39:34.854 [info] > git for-each-ref --format=%(refname)%00%(upstream:short)%00%(objectname)%00%(upstream:track)%00%(upstream:remotename)%00%(upstream:remoteref) refs/heads/master refs/remotes/master [137ms]
2025-04-01 00:39:34.869 [info] > git rev-parse --show-toplevel [26ms]
2025-04-01 00:39:34.878 [info] > git merge-base refs/heads/master refs/remotes/origin/master [26ms]
2025-04-01 00:39:34.889 [info] > git rev-parse --show-toplevel [11ms]
2025-04-01 00:39:34.908 [info] > git diff --name-status -z --diff-filter=ADMR 3af8a224fd8bda9bdfc078604fafe431df36d3cf...refs/remotes/origin/master [23ms]
2025-04-01 00:39:34.923 [info] > git status -z -uall [28ms]
2025-04-01 00:39:34.923 [info] > git rev-parse --show-toplevel [16ms]
2025-04-01 00:39:34.923 [info] > git for-each-ref --sort -committerdate --format %(refname) %(objectname) %(*objectname) [22ms]
2025-04-01 00:39:34.986 [info] > git rev-parse --show-toplevel [37ms]
2025-04-01 00:39:35.021 [info] > git rev-parse --show-toplevel [11ms]
2025-04-01 00:39:35.174 [info] > git rev-parse --show-toplevel [139ms]
2025-04-01 00:39:35.187 [info] > git rev-parse --show-toplevel [4ms]
2025-04-01 00:39:35.187 [info] [Model][doInitialScan] Initial repository scan completed - repositories (1), closed repositories (0), parent repositories (0), unsafe repositories (0)
2025-04-01 00:39:35.204 [info] > git show --textconv :main.py [10ms]
2025-04-01 00:39:35.206 [info] > git ls-files --stage -- /home/apoorvtripathi537/main.py [4ms]
2025-04-01 00:39:35.239 [info] > git cat-file -s ec7b915dba87cdcfd21c35fe04a3a3fec379e65a [27ms]
2025-04-01 00:39:56.548 [info] > git config --get commit.template [7ms]
2025-04-01 00:39:56.549 [info] > git for-each-ref --format=%(refname)%00%(upstream:short)%00%(objectname)%00%(upstream:track)%00%(upstream:remotename)%00%(upstream:remoteref) refs/heads/master refs/remotes/master [2ms]
2025-04-01 00:39:56.562 [info] > git for-each-ref --sort -committerdate --format %(refname) %(objectname) %(*objectname) [2ms]
2025-04-01 00:39:56.570 [info] > git status -z -uall [15ms]
2025-04-01 00:40:11.165 [info] > git config --get commit.template [6ms]
2025-04-01 00:40:11.166 [info] > git for-each-ref --format=%(refname)%00%(upstream:short)%00%(objectname)%00%(upstream:track)%00%(upstream:remotename)%00%(upstream:remoteref) refs/heads/master refs/remotes/master [2ms]
2025-04-01 00:40:11.180 [info] > git for-each-ref --sort -committerdate --format %(refname) %(objectname) %(*objectname) [1ms]
2025-04-01 00:40:11.189 [info] > git status -z -uall [18ms]
