Initializing document watcher...
Document watcher initialized
apoorvtripathi537/main.py: {}
apoorvtripathi537/main.py: Using EditorConfig core...
apoorvtripathi537/main.py: Using EditorConfig core...
apoorvtripathi537/main.py: Using EditorConfig core...
apoorvtripathi537/main.py: Using EditorConfig core...
apoorvtripathi537/main.py: Using EditorConfig core...
apoorvtripathi537/main.py: Using EditorConfig core...
apoorvtripathi537/main.py: Using EditorConfig core...
apoorvtripathi537/main.py: Using EditorConfig core...
apoorvtripathi537/main.py: Using EditorConfig core...
apoorvtripathi537/main.py: Using EditorConfig core...
apoorvtripathi537/main.py: {}
apoorvtripathi537/main.py: {}
apoorvtripathi537/main.py: {}
apoorvtripathi537/main.py: {}
apoorvtripathi537/uploads/main.py: {}
apoorvtripathi537/main.py: {}
apoorvtripathi537/uploads/main.py: {}
apoorvtripathi537/main.py: {}
apoorvtripathi537/uploads/main.py: {}
apoorvtripathi537/main.py: {}
apoorvtripathi537/uploads/tts20250222-090048PM.wav.txt: {}
apoorvtripathi537/main.py: {}
apoorvtripathi537/uploads/tts20250222-084538PM.wav copy.txt: {}
apoorvtripathi537/uploads/tts20250222-084041PM.wav copy.txt: {}
No more open editors.
apoorvtripathi537/main.py: {}
apoorvtripathi537/main.py: {}
apoorvtripathi537/main.py: {}
