2025-04-01 00:14:26.396 [warning] Dir "/home/apoorvtripathi537/.pixi/envs" is not watchable (directory does not exist)
2025-04-01 00:14:26.397 [info] Starting Environment refresh
2025-04-01 00:14:26.397 [info] Searching for interpreters in posix paths locator
2025-04-01 00:14:26.397 [info] Searching for pyenv environments
2025-04-01 00:14:26.397 [info] Searching for conda environments
2025-04-01 00:14:26.397 [info] Searching for global virtual environments
2025-04-01 00:14:26.397 [info] Searching for custom virtual environments
2025-04-01 00:14:26.397 [info] pyenv is not installed
2025-04-01 00:14:26.397 [info] Finished searching for pyenv environments: 1368 milliseconds
2025-04-01 00:14:26.397 [info] Finished searching for custom virtual envs: 1366 milliseconds
2025-04-01 00:14:26.397 [info] > conda info --json
2025-04-01 00:14:26.397 [info] > hatch env show --json
2025-04-01 00:14:26.397 [info] cwd: .
2025-04-01 00:14:26.397 [info] > pyenv which python
2025-04-01 00:14:26.397 [info] cwd: .
2025-04-01 00:14:26.397 [info] Finished searching for global virtual envs: 1396 milliseconds
2025-04-01 00:14:26.471 [info] Found: /bin/python --> /bin/python3.12
2025-04-01 00:14:26.488 [info] Found: /bin/python3 --> /bin/python3.12
2025-04-01 00:14:26.494 [info] Found: /bin/python3.12 --> /bin/python3.12
2025-04-01 00:14:26.537 [info] Found: /usr/bin/python --> /usr/bin/python3.12
2025-04-01 00:14:26.544 [info] Found: /usr/bin/python3 --> /usr/bin/python3.12
2025-04-01 00:14:26.545 [info] Found: /usr/bin/python3.12 --> /usr/bin/python3.12
2025-04-01 00:14:27.085 [info] > ./venv-translate/bin/python -I /google/devshell/editor/code-oss-for-cloud-shell/extensions/ms-python.python/python_files/get_output_via_markers.py /google/devshell/editor/code-oss-for-cloud-shell/extensions/ms-python.python/python_files/interpreterInfo.py
2025-04-01 00:14:27.103 [info] Finished searching for interpreters in posix paths locator: 2137 milliseconds
2025-04-01 00:14:27.103 [info] > /bin/python -I /google/devshell/editor/code-oss-for-cloud-shell/extensions/ms-python.python/python_files/get_output_via_markers.py /google/devshell/editor/code-oss-for-cloud-shell/extensions/ms-python.python/python_files/interpreterInfo.py
2025-04-01 00:14:27.166 [info] Environments refresh paths discovered (event): 2204 milliseconds
2025-04-01 00:14:27.166 [info] Environments refresh paths discovered: 2205 milliseconds
2025-04-01 00:14:27.173 [info] > /usr/bin/python -I /google/devshell/editor/code-oss-for-cloud-shell/extensions/ms-python.python/python_files/get_output_via_markers.py /google/devshell/editor/code-oss-for-cloud-shell/extensions/ms-python.python/python_files/interpreterInfo.py
2025-04-01 00:14:27.235 [info] Environments refresh finished (event): 2274 milliseconds
2025-04-01 00:14:27.252 [info] Environment refresh took 2289 milliseconds
2025-04-01 00:14:27.262 [info] Python interpreter path: ./venv-translate/bin/python
2025-04-01 00:14:29.004 [info] Starting Jedi language server for apoorvtripathi537.
