2025-04-01 00:33:25.776 [info] [main] Log level: Info
2025-04-01 00:33:25.776 [info] [main] Validating found git in: "git"
2025-04-01 00:33:25.776 [info] [main] Using git "2.43.0" from "git"
2025-04-01 00:33:25.776 [info] [Model][doInitialScan] Initial repository scan started
2025-04-01 00:33:25.776 [info] > git rev-parse --show-toplevel [9ms]
2025-04-01 00:33:25.776 [info] > git rev-parse --git-dir --git-common-dir [16ms]
2025-04-01 00:33:25.776 [info] [Model][openRepository] Opened repository: /home/apoorvtripathi537
2025-04-01 00:33:25.865 [info] > git config --get commit.template [2174ms]
2025-04-01 00:33:25.994 [info] > git for-each-ref --format=%(refname)%00%(upstream:short)%00%(objectname)%00%(upstream:track)%00%(upstream:remotename)%00%(upstream:remoteref) refs/heads/master refs/remotes/master [17ms]
2025-04-01 00:33:28.518 [info] > git check-ignore -v -z --stdin [370ms]
2025-04-01 00:33:28.519 [info] > git status -z -uall [184ms]
2025-04-01 00:33:28.577 [info] > git for-each-ref --sort -committerdate --format %(refname) %(objectname) %(*objectname) [232ms]
2025-04-01 00:33:28.726 [info] > git for-each-ref --format=%(refname)%00%(upstream:short)%00%(objectname)%00%(upstream:track)%00%(upstream:remotename)%00%(upstream:remoteref) refs/heads/master refs/remotes/master [132ms]
2025-04-01 00:33:28.733 [info] > git rev-parse --show-toplevel [186ms]
2025-04-01 00:33:28.979 [info] > git config --local branch.master.vscode-merge-base [247ms]
2025-04-01 00:33:28.979 [warning] [Git][config] git config failed: Failed to execute git
2025-04-01 00:33:28.987 [info] > git config --get commit.template [264ms]
2025-04-01 00:33:28.992 [info] > git rev-parse --show-toplevel [74ms]
2025-04-01 00:33:29.013 [info] > git reflog master --grep-reflog=branch: Created from *. [28ms]
2025-04-01 00:33:29.044 [info] > git rev-parse --show-toplevel [38ms]
2025-04-01 00:33:29.045 [info] > git for-each-ref --format=%(refname)%00%(upstream:short)%00%(objectname)%00%(upstream:track)%00%(upstream:remotename)%00%(upstream:remoteref) refs/heads/master refs/remotes/master [46ms]
2025-04-01 00:33:29.079 [info] > git symbolic-ref --short refs/remotes/origin/HEAD [59ms]
2025-04-01 00:33:29.079 [info] fatal: ref refs/remotes/origin/HEAD is not a symbolic ref
2025-04-01 00:33:29.079 [warning] [Repository][getDefaultBranch] Failed to get default branch details: Failed to execute git.
2025-04-01 00:33:29.108 [info] > git rev-parse --show-toplevel [31ms]
2025-04-01 00:33:29.127 [info] > git merge-base refs/heads/master refs/remotes/origin/master [39ms]
2025-04-01 00:33:29.176 [info] > git rev-parse --show-toplevel [57ms]
2025-04-01 00:33:29.211 [info] > git for-each-ref --sort -committerdate --format %(refname) %(objectname) %(*objectname) [42ms]
2025-04-01 00:33:29.212 [info] > git diff --name-status -z --diff-filter=ADMR 3af8a224fd8bda9bdfc078604fafe431df36d3cf...refs/remotes/origin/master [75ms]
2025-04-01 00:33:29.217 [info] > git status -z -uall [62ms]
2025-04-01 00:33:29.230 [info] > git rev-parse --show-toplevel [28ms]
2025-04-01 00:33:29.258 [info] > git rev-parse --show-toplevel [7ms]
2025-04-01 00:33:29.272 [info] > git rev-parse --show-toplevel [4ms]
2025-04-01 00:33:29.329 [info] > git rev-parse --show-toplevel [48ms]
2025-04-01 00:33:29.398 [info] > git rev-parse --show-toplevel [37ms]
2025-04-01 00:33:29.416 [info] > git rev-parse --show-toplevel [10ms]
2025-04-01 00:33:29.495 [info] > git rev-parse --show-toplevel [11ms]
2025-04-01 00:33:29.508 [info] > git rev-parse --show-toplevel [4ms]
2025-04-01 00:33:29.529 [info] > git rev-parse --show-toplevel [8ms]
2025-04-01 00:33:29.529 [info] [Model][doInitialScan] Initial repository scan completed - repositories (1), closed repositories (0), parent repositories (0), unsafe repositories (0)
2025-04-01 00:33:29.552 [info] > git show --textconv :main.py [13ms]
2025-04-01 00:33:29.555 [info] > git ls-files --stage -- /home/apoorvtripathi537/main.py [5ms]
2025-04-01 00:33:29.580 [info] > git cat-file -s ec7b915dba87cdcfd21c35fe04a3a3fec379e65a [16ms]
2025-04-01 00:33:43.059 [info] > git config --get commit.template [11ms]
2025-04-01 00:33:43.059 [info] > git for-each-ref --format=%(refname)%00%(upstream:short)%00%(objectname)%00%(upstream:track)%00%(upstream:remotename)%00%(upstream:remoteref) refs/heads/master refs/remotes/master [2ms]
2025-04-01 00:33:43.082 [info] > git for-each-ref --sort -committerdate --format %(refname) %(objectname) %(*objectname) [3ms]
2025-04-01 00:33:43.084 [info] > git status -z -uall [15ms]
2025-04-01 00:35:48.562 [info] > git config --get commit.template [8ms]
2025-04-01 00:35:48.563 [info] > git for-each-ref --format=%(refname)%00%(upstream:short)%00%(objectname)%00%(upstream:track)%00%(upstream:remotename)%00%(upstream:remoteref) refs/heads/master refs/remotes/master [3ms]
2025-04-01 00:35:48.579 [info] > git for-each-ref --sort -committerdate --format %(refname) %(objectname) %(*objectname) [2ms]
2025-04-01 00:35:48.585 [info] > git status -z -uall [15ms]
2025-04-01 00:35:53.604 [info] > git config --get commit.template [2ms]
2025-04-01 00:35:53.647 [info] > git for-each-ref --format=%(refname)%00%(upstream:short)%00%(objectname)%00%(upstream:track)%00%(upstream:remotename)%00%(upstream:remoteref) refs/heads/master refs/remotes/master [34ms]
2025-04-01 00:35:53.686 [info] > git status -z -uall [26ms]
2025-04-01 00:35:53.687 [info] > git for-each-ref --sort -committerdate --format %(refname) %(objectname) %(*objectname) [2ms]
2025-04-01 00:36:14.707 [info] > git config --get commit.template [7ms]
2025-04-01 00:36:14.708 [info] > git for-each-ref --format=%(refname)%00%(upstream:short)%00%(objectname)%00%(upstream:track)%00%(upstream:remotename)%00%(upstream:remoteref) refs/heads/master refs/remotes/master [2ms]
2025-04-01 00:36:14.726 [info] > git for-each-ref --sort -committerdate --format %(refname) %(objectname) %(*objectname) [2ms]
2025-04-01 00:36:14.731 [info] > git status -z -uall [15ms]
2025-04-01 00:36:28.248 [info] > git config --get commit.template [3ms]
2025-04-01 00:36:28.256 [info] > git for-each-ref --format=%(refname)%00%(upstream:short)%00%(objectname)%00%(upstream:track)%00%(upstream:remotename)%00%(upstream:remoteref) refs/heads/master refs/remotes/master [2ms]
2025-04-01 00:36:28.272 [info] > git for-each-ref --sort -committerdate --format %(refname) %(objectname) %(*objectname) [2ms]
2025-04-01 00:36:28.278 [info] > git status -z -uall [15ms]
2025-04-01 00:36:33.299 [info] > git config --get commit.template [7ms]
2025-04-01 00:36:33.300 [info] > git for-each-ref --format=%(refname)%00%(upstream:short)%00%(objectname)%00%(upstream:track)%00%(upstream:remotename)%00%(upstream:remoteref) refs/heads/master refs/remotes/master [2ms]
2025-04-01 00:36:33.315 [info] > git for-each-ref --sort -committerdate --format %(refname) %(objectname) %(*objectname) [2ms]
2025-04-01 00:36:33.322 [info] > git status -z -uall [15ms]
2025-04-01 00:37:30.360 [info] > git config --get commit.template [6ms]
2025-04-01 00:37:30.361 [info] > git for-each-ref --format=%(refname)%00%(upstream:short)%00%(objectname)%00%(upstream:track)%00%(upstream:remotename)%00%(upstream:remoteref) refs/heads/master refs/remotes/master [2ms]
2025-04-01 00:37:30.377 [info] > git for-each-ref --sort -committerdate --format %(refname) %(objectname) %(*objectname) [1ms]
2025-04-01 00:37:30.384 [info] > git status -z -uall [17ms]
2025-04-01 00:37:35.404 [info] > git config --get commit.template [7ms]
2025-04-01 00:37:35.406 [info] > git for-each-ref --format=%(refname)%00%(upstream:short)%00%(objectname)%00%(upstream:track)%00%(upstream:remotename)%00%(upstream:remoteref) refs/heads/master refs/remotes/master [3ms]
2025-04-01 00:37:35.421 [info] > git for-each-ref --sort -committerdate --format %(refname) %(objectname) %(*objectname) [2ms]
2025-04-01 00:37:35.427 [info] > git status -z -uall [15ms]
