2025-02-22 20:52:22.088 [info] [main] Log level: Info
2025-02-22 20:52:22.088 [info] [main] Validating found git in: "git"
2025-02-22 20:52:22.088 [info] [main] Using git "2.43.0" from "git"
2025-02-22 20:52:22.088 [info] [Model][doInitialScan] Initial repository scan started
2025-02-22 20:52:22.088 [info] > git rev-parse --show-toplevel [305ms]
2025-02-22 20:52:22.088 [info] fatal: not a git repository (or any parent up to mount point /)
Stopping at filesystem boundary (GIT_DISCOVERY_ACROSS_FILESYSTEM not set).
2025-02-22 20:52:22.088 [info] > git rev-parse --show-toplevel [143ms]
2025-02-22 20:52:22.088 [info] fatal: not a git repository (or any parent up to mount point /)
Stopping at filesystem boundary (GIT_DISCOVERY_ACROSS_FILESYSTEM not set).
2025-02-22 20:52:22.088 [info] > git rev-parse --show-toplevel [12ms]
2025-02-22 20:52:22.088 [info] fatal: not a git repository (or any parent up to mount point /)
Stopping at filesystem boundary (GIT_DISCOVERY_ACROSS_FILESYSTEM not set).
2025-02-22 20:52:24.919 [info] > git rev-parse --show-toplevel [47ms]
2025-02-22 20:52:24.919 [info] fatal: not a git repository (or any parent up to mount point /)
Stopping at filesystem boundary (GIT_DISCOVERY_ACROSS_FILESYSTEM not set).
2025-02-22 20:52:25.137 [info] > git rev-parse --show-toplevel [127ms]
2025-02-22 20:52:25.138 [info] fatal: not a git repository (or any parent up to mount point /)
Stopping at filesystem boundary (GIT_DISCOVERY_ACROSS_FILESYSTEM not set).
2025-02-22 20:52:25.178 [info] > git rev-parse --show-toplevel [23ms]
2025-02-22 20:52:25.178 [info] fatal: not a git repository (or any parent up to mount point /)
Stopping at filesystem boundary (GIT_DISCOVERY_ACROSS_FILESYSTEM not set).
2025-02-22 20:52:25.257 [info] > git rev-parse --show-toplevel [14ms]
2025-02-22 20:52:25.257 [info] fatal: not a git repository (or any parent up to mount point /)
Stopping at filesystem boundary (GIT_DISCOVERY_ACROSS_FILESYSTEM not set).
2025-02-22 20:52:25.274 [info] > git rev-parse --show-toplevel [7ms]
2025-02-22 20:52:25.274 [info] fatal: not a git repository (or any parent up to mount point /)
Stopping at filesystem boundary (GIT_DISCOVERY_ACROSS_FILESYSTEM not set).
2025-02-22 20:52:25.324 [info] > git rev-parse --show-toplevel [38ms]
2025-02-22 20:52:25.325 [info] fatal: not a git repository (or any parent up to mount point /)
Stopping at filesystem boundary (GIT_DISCOVERY_ACROSS_FILESYSTEM not set).
2025-02-22 20:52:25.341 [info] > git rev-parse --show-toplevel [3ms]
2025-02-22 20:52:25.341 [info] fatal: not a git repository (or any parent up to mount point /)
Stopping at filesystem boundary (GIT_DISCOVERY_ACROSS_FILESYSTEM not set).
2025-02-22 20:52:25.360 [info] > git rev-parse --show-toplevel [7ms]
2025-02-22 20:52:25.360 [info] fatal: not a git repository (or any parent up to mount point /)
Stopping at filesystem boundary (GIT_DISCOVERY_ACROSS_FILESYSTEM not set).
2025-02-22 20:52:25.376 [info] > git rev-parse --show-toplevel [3ms]
2025-02-22 20:52:25.376 [info] fatal: not a git repository (or any parent up to mount point /)
Stopping at filesystem boundary (GIT_DISCOVERY_ACROSS_FILESYSTEM not set).
2025-02-22 20:52:25.390 [info] > git rev-parse --show-toplevel [2ms]
2025-02-22 20:52:25.391 [info] fatal: not a git repository (or any parent up to mount point /)
Stopping at filesystem boundary (GIT_DISCOVERY_ACROSS_FILESYSTEM not set).
2025-02-22 20:52:25.407 [info] > git rev-parse --show-toplevel [4ms]
2025-02-22 20:52:25.407 [info] fatal: not a git repository (or any parent up to mount point /)
Stopping at filesystem boundary (GIT_DISCOVERY_ACROSS_FILESYSTEM not set).
2025-02-22 20:52:25.423 [info] > git rev-parse --show-toplevel [3ms]
2025-02-22 20:52:25.423 [info] fatal: not a git repository (or any parent up to mount point /)
Stopping at filesystem boundary (GIT_DISCOVERY_ACROSS_FILESYSTEM not set).
2025-02-22 20:52:25.531 [info] > git rev-parse --show-toplevel [3ms]
2025-02-22 20:52:25.531 [info] fatal: not a git repository (or any parent up to mount point /)
Stopping at filesystem boundary (GIT_DISCOVERY_ACROSS_FILESYSTEM not set).
2025-02-22 20:52:25.551 [info] > git rev-parse --show-toplevel [8ms]
2025-02-22 20:52:25.551 [info] fatal: not a git repository (or any parent up to mount point /)
Stopping at filesystem boundary (GIT_DISCOVERY_ACROSS_FILESYSTEM not set).
2025-02-22 20:52:25.551 [info] [Model][doInitialScan] Initial repository scan completed - repositories (0), closed repositories (0), parent repositories (0), unsafe repositories (0)
