2025-04-01 00:41:10.603 [info] [main] Log level: Info
2025-04-01 00:41:10.603 [info] [main] Validating found git in: "git"
2025-04-01 00:41:10.603 [info] [main] Using git "2.43.0" from "git"
2025-04-01 00:41:10.603 [info] [Model][doInitialScan] Initial repository scan started
2025-04-01 00:41:10.603 [info] > git rev-parse --show-toplevel [39ms]
2025-04-01 00:41:10.603 [info] > git rev-parse --git-dir --git-common-dir [3ms]
2025-04-01 00:41:10.604 [info] [Model][openRepository] Opened repository: /home/apoorvtripathi537
2025-04-01 00:41:10.604 [info] > git config --get commit.template [267ms]
2025-04-01 00:41:12.767 [info] > git for-each-ref --format=%(refname)%00%(upstream:short)%00%(objectname)%00%(upstream:track)%00%(upstream:remotename)%00%(upstream:remoteref) refs/heads/master refs/remotes/master [2154ms]
2025-04-01 00:41:12.907 [info] > git check-ignore -v -z --stdin [130ms]
2025-04-01 00:41:15.211 [info] > git status -z -uall [2272ms]
2025-04-01 00:41:15.212 [info] > git for-each-ref --sort -committerdate --format %(refname) %(objectname) %(*objectname) [2265ms]
2025-04-01 00:41:15.266 [info] > git for-each-ref --format=%(refname)%00%(upstream:short)%00%(objectname)%00%(upstream:track)%00%(upstream:remotename)%00%(upstream:remoteref) refs/heads/master refs/remotes/master [37ms]
2025-04-01 00:41:15.274 [info] > git rev-parse --show-toplevel [2086ms]
2025-04-01 00:41:15.300 [info] > git config --get commit.template [43ms]
2025-04-01 00:41:15.303 [info] > git rev-parse --show-toplevel [6ms]
2025-04-01 00:41:15.304 [info] > git config --local branch.master.vscode-merge-base [30ms]
2025-04-01 00:41:15.304 [warning] [Git][config] git config failed: Failed to execute git
2025-04-01 00:41:15.502 [info] > git rev-parse --show-toplevel [172ms]
2025-04-01 00:41:15.502 [info] > git for-each-ref --format=%(refname)%00%(upstream:short)%00%(objectname)%00%(upstream:track)%00%(upstream:remotename)%00%(upstream:remoteref) refs/heads/master refs/remotes/master [180ms]
2025-04-01 00:41:15.503 [info] > git reflog master --grep-reflog=branch: Created from *. [190ms]
2025-04-01 00:41:15.551 [info] > git symbolic-ref --short refs/remotes/origin/HEAD [40ms]
2025-04-01 00:41:15.551 [info] fatal: ref refs/remotes/origin/HEAD is not a symbolic ref
2025-04-01 00:41:15.551 [warning] [Repository][getDefaultBranch] Failed to get default branch details: Failed to execute git.
2025-04-01 00:41:15.596 [info] > git rev-parse --show-toplevel [56ms]
2025-04-01 00:41:15.608 [info] > git merge-base refs/heads/master refs/remotes/origin/master [45ms]
2025-04-01 00:41:15.648 [info] > git rev-parse --show-toplevel [41ms]
2025-04-01 00:41:15.660 [info] > git for-each-ref --sort -committerdate --format %(refname) %(objectname) %(*objectname) [22ms]
2025-04-01 00:41:15.661 [info] > git diff --name-status -z --diff-filter=ADMR 3af8a224fd8bda9bdfc078604fafe431df36d3cf...refs/remotes/origin/master [43ms]
2025-04-01 00:41:15.664 [info] > git status -z -uall [38ms]
2025-04-01 00:41:15.664 [info] > git rev-parse --show-toplevel [8ms]
2025-04-01 00:41:15.740 [info] > git rev-parse --show-toplevel [50ms]
2025-04-01 00:41:15.811 [info] > git rev-parse --show-toplevel [60ms]
2025-04-01 00:41:15.877 [info] > git rev-parse --show-toplevel [13ms]
2025-04-01 00:41:15.891 [info] > git rev-parse --show-toplevel [4ms]
2025-04-01 00:41:15.937 [info] > git rev-parse --show-toplevel [38ms]
2025-04-01 00:41:15.960 [info] > git rev-parse --show-toplevel [4ms]
2025-04-01 00:41:15.968 [info] > git rev-parse --show-toplevel [2ms]
2025-04-01 00:41:15.976 [info] > git rev-parse --show-toplevel [2ms]
2025-04-01 00:41:15.977 [info] [Model][doInitialScan] Initial repository scan completed - repositories (1), closed repositories (0), parent repositories (0), unsafe repositories (0)
2025-04-01 00:41:15.996 [info] > git show --textconv :main.py [12ms]
2025-04-01 00:41:15.997 [info] > git ls-files --stage -- /home/apoorvtripathi537/main.py [5ms]
2025-04-01 00:41:16.006 [info] > git cat-file -s ec7b915dba87cdcfd21c35fe04a3a3fec379e65a [2ms]
2025-04-01 00:42:54.867 [info] > git config --get commit.template [5ms]
2025-04-01 00:42:54.868 [info] > git for-each-ref --format=%(refname)%00%(upstream:short)%00%(objectname)%00%(upstream:track)%00%(upstream:remotename)%00%(upstream:remoteref) refs/heads/master refs/remotes/master [3ms]
2025-04-01 00:42:54.880 [info] > git for-each-ref --sort -committerdate --format %(refname) %(objectname) %(*objectname) [2ms]
2025-04-01 00:42:54.889 [info] > git status -z -uall [16ms]
2025-04-01 00:42:59.907 [info] > git config --get commit.template [5ms]
2025-04-01 00:42:59.908 [info] > git for-each-ref --format=%(refname)%00%(upstream:short)%00%(objectname)%00%(upstream:track)%00%(upstream:remotename)%00%(upstream:remoteref) refs/heads/master refs/remotes/master [2ms]
2025-04-01 00:42:59.920 [info] > git for-each-ref --sort -committerdate --format %(refname) %(objectname) %(*objectname) [2ms]
2025-04-01 00:42:59.927 [info] > git status -z -uall [15ms]
2025-04-01 00:43:10.701 [info] > git check-ignore -v -z --stdin [3ms]
2025-04-01 00:43:11.511 [info] > git ls-files --stage -- /home/apoorvtripathi537/templates/index.html [3ms]
2025-04-01 00:43:11.559 [info] > git show --textconv :templates/index.html [55ms]
2025-04-01 00:43:11.559 [info] > git cat-file -s 1e9b5f690e058b6ee651538f8a3adcb57917e378 [44ms]
2025-04-01 00:44:15.850 [info] > git config --get commit.template [4ms]
2025-04-01 00:44:15.851 [info] > git for-each-ref --format=%(refname)%00%(upstream:short)%00%(objectname)%00%(upstream:track)%00%(upstream:remotename)%00%(upstream:remoteref) refs/heads/master refs/remotes/master [2ms]
2025-04-01 00:44:15.863 [info] > git for-each-ref --sort -committerdate --format %(refname) %(objectname) %(*objectname) [3ms]
2025-04-01 00:44:15.872 [info] > git status -z -uall [16ms]
2025-04-01 00:44:26.494 [info] > git check-ignore -v -z --stdin [3ms]
2025-04-01 00:44:33.888 [info] > git show --textconv :main.py [5ms]
2025-04-01 00:44:33.890 [info] > git ls-files --stage -- /home/apoorvtripathi537/main.py [3ms]
2025-04-01 00:44:33.898 [info] > git cat-file -s ec7b915dba87cdcfd21c35fe04a3a3fec379e65a [3ms]
2025-04-01 00:44:39.775 [info] > git config --get commit.template [4ms]
2025-04-01 00:44:39.776 [info] > git for-each-ref --format=%(refname)%00%(upstream:short)%00%(objectname)%00%(upstream:track)%00%(upstream:remotename)%00%(upstream:remoteref) refs/heads/master refs/remotes/master [2ms]
2025-04-01 00:44:39.787 [info] > git for-each-ref --sort -committerdate --format %(refname) %(objectname) %(*objectname) [2ms]
2025-04-01 00:44:39.796 [info] > git status -z -uall [16ms]
2025-04-01 00:45:03.206 [info] > git show --textconv :templates/index.html [5ms]
2025-04-01 00:45:03.208 [info] > git ls-files --stage -- /home/apoorvtripathi537/templates/index.html [3ms]
2025-04-01 00:45:03.213 [info] > git cat-file -s 1e9b5f690e058b6ee651538f8a3adcb57917e378 [2ms]
2025-04-01 00:45:20.123 [info] > git show --textconv :templates/index.html [6ms]
2025-04-01 00:45:20.124 [info] > git ls-files --stage -- /home/apoorvtripathi537/templates/index.html [3ms]
2025-04-01 00:45:20.130 [info] > git cat-file -s 1e9b5f690e058b6ee651538f8a3adcb57917e378 [1ms]
2025-04-01 00:45:21.205 [info] > git show --textconv :uploads/20250401-124034AM.wav.txt [4ms]
2025-04-01 00:45:21.207 [info] > git ls-files --stage -- /home/apoorvtripathi537/uploads/20250401-124034AM.wav.txt [2ms]
2025-04-01 00:45:24.384 [info] > git show --textconv :templates/index.html [7ms]
2025-04-01 00:45:24.384 [info] > git ls-files --stage -- /home/apoorvtripathi537/templates/index.html [3ms]
2025-04-01 00:45:24.390 [info] > git cat-file -s 1e9b5f690e058b6ee651538f8a3adcb57917e378 [2ms]
2025-04-01 00:47:02.453 [info] > git config --get commit.template [2ms]
2025-04-01 00:47:02.458 [info] > git for-each-ref --format=%(refname)%00%(upstream:short)%00%(objectname)%00%(upstream:track)%00%(upstream:remotename)%00%(upstream:remoteref) refs/heads/master refs/remotes/master [1ms]
2025-04-01 00:47:02.469 [info] > git for-each-ref --sort -committerdate --format %(refname) %(objectname) %(*objectname) [2ms]
2025-04-01 00:47:02.478 [info] > git status -z -uall [16ms]
2025-04-01 00:47:05.410 [info] > git show --textconv :main.py [5ms]
2025-04-01 00:47:05.412 [info] > git ls-files --stage -- /home/apoorvtripathi537/main.py [3ms]
2025-04-01 00:47:05.417 [info] > git cat-file -s ec7b915dba87cdcfd21c35fe04a3a3fec379e65a [1ms]
2025-04-01 00:47:07.497 [info] > git config --get commit.template [5ms]
2025-04-01 00:47:07.498 [info] > git for-each-ref --format=%(refname)%00%(upstream:short)%00%(objectname)%00%(upstream:track)%00%(upstream:remotename)%00%(upstream:remoteref) refs/heads/master refs/remotes/master [2ms]
2025-04-01 00:47:07.510 [info] > git for-each-ref --sort -committerdate --format %(refname) %(objectname) %(*objectname) [3ms]
2025-04-01 00:47:07.518 [info] > git status -z -uall [16ms]
2025-04-01 00:47:12.532 [info] > git config --get commit.template [4ms]
2025-04-01 00:47:12.534 [info] > git for-each-ref --format=%(refname)%00%(upstream:short)%00%(objectname)%00%(upstream:track)%00%(upstream:remotename)%00%(upstream:remoteref) refs/heads/master refs/remotes/master [1ms]
2025-04-01 00:47:12.544 [info] > git for-each-ref --sort -committerdate --format %(refname) %(objectname) %(*objectname) [1ms]
2025-04-01 00:47:12.553 [info] > git status -z -uall [16ms]
2025-04-01 00:47:17.565 [info] > git config --get commit.template [2ms]
2025-04-01 00:47:17.572 [info] > git for-each-ref --format=%(refname)%00%(upstream:short)%00%(objectname)%00%(upstream:track)%00%(upstream:remotename)%00%(upstream:remoteref) refs/heads/master refs/remotes/master [2ms]
2025-04-01 00:47:17.582 [info] > git for-each-ref --sort -committerdate --format %(refname) %(objectname) %(*objectname) [2ms]
2025-04-01 00:47:17.591 [info] > git status -z -uall [15ms]
2025-04-01 00:47:22.606 [info] > git config --get commit.template [5ms]
2025-04-01 00:47:22.607 [info] > git for-each-ref --format=%(refname)%00%(upstream:short)%00%(objectname)%00%(upstream:track)%00%(upstream:remotename)%00%(upstream:remoteref) refs/heads/master refs/remotes/master [2ms]
2025-04-01 00:47:22.620 [info] > git for-each-ref --sort -committerdate --format %(refname) %(objectname) %(*objectname) [1ms]
2025-04-01 00:47:22.631 [info] > git status -z -uall [18ms]
2025-04-01 00:47:27.704 [info] > git config --get commit.template [5ms]
2025-04-01 00:47:27.706 [info] > git for-each-ref --format=%(refname)%00%(upstream:short)%00%(objectname)%00%(upstream:track)%00%(upstream:remotename)%00%(upstream:remoteref) refs/heads/master refs/remotes/master [3ms]
2025-04-01 00:47:27.716 [info] > git for-each-ref --sort -committerdate --format %(refname) %(objectname) %(*objectname) [2ms]
2025-04-01 00:47:27.728 [info] > git status -z -uall [18ms]
2025-04-01 00:47:32.780 [info] > git config --get commit.template [4ms]
2025-04-01 00:47:32.781 [info] > git for-each-ref --format=%(refname)%00%(upstream:short)%00%(objectname)%00%(upstream:track)%00%(upstream:remotename)%00%(upstream:remoteref) refs/heads/master refs/remotes/master [2ms]
2025-04-01 00:47:32.792 [info] > git for-each-ref --sort -committerdate --format %(refname) %(objectname) %(*objectname) [2ms]
2025-04-01 00:47:32.803 [info] > git status -z -uall [17ms]
2025-04-01 00:47:37.845 [info] > git config --get commit.template [5ms]
2025-04-01 00:47:37.847 [info] > git for-each-ref --format=%(refname)%00%(upstream:short)%00%(objectname)%00%(upstream:track)%00%(upstream:remotename)%00%(upstream:remoteref) refs/heads/master refs/remotes/master [3ms]
2025-04-01 00:47:37.857 [info] > git for-each-ref --sort -committerdate --format %(refname) %(objectname) %(*objectname) [3ms]
2025-04-01 00:47:37.868 [info] > git status -z -uall [18ms]
2025-04-01 00:47:42.907 [info] > git config --get commit.template [5ms]
2025-04-01 00:47:42.909 [info] > git for-each-ref --format=%(refname)%00%(upstream:short)%00%(objectname)%00%(upstream:track)%00%(upstream:remotename)%00%(upstream:remoteref) refs/heads/master refs/remotes/master [2ms]
2025-04-01 00:47:42.921 [info] > git for-each-ref --sort -committerdate --format %(refname) %(objectname) %(*objectname) [3ms]
2025-04-01 00:47:42.952 [info] > git status -z -uall [39ms]
2025-04-01 00:47:49.625 [info] > git config --get commit.template [5ms]
2025-04-01 00:47:49.627 [info] > git for-each-ref --format=%(refname)%00%(upstream:short)%00%(objectname)%00%(upstream:track)%00%(upstream:remotename)%00%(upstream:remoteref) refs/heads/master refs/remotes/master [2ms]
2025-04-01 00:47:49.638 [info] > git for-each-ref --sort -committerdate --format %(refname) %(objectname) %(*objectname) [2ms]
2025-04-01 00:47:49.679 [info] > git status -z -uall [48ms]
2025-04-01 00:47:54.717 [info] > git config --get commit.template [4ms]
2025-04-01 00:47:54.718 [info] > git for-each-ref --format=%(refname)%00%(upstream:short)%00%(objectname)%00%(upstream:track)%00%(upstream:remotename)%00%(upstream:remoteref) refs/heads/master refs/remotes/master [2ms]
2025-04-01 00:47:54.728 [info] > git for-each-ref --sort -committerdate --format %(refname) %(objectname) %(*objectname) [2ms]
2025-04-01 00:47:54.770 [info] > git status -z -uall [48ms]
2025-04-01 00:47:59.807 [info] > git config --get commit.template [5ms]
2025-04-01 00:47:59.808 [info] > git for-each-ref --format=%(refname)%00%(upstream:short)%00%(objectname)%00%(upstream:track)%00%(upstream:remotename)%00%(upstream:remoteref) refs/heads/master refs/remotes/master [2ms]
2025-04-01 00:47:59.822 [info] > git for-each-ref --sort -committerdate --format %(refname) %(objectname) %(*objectname) [2ms]
2025-04-01 00:47:59.863 [info] > git status -z -uall [48ms]
2025-04-01 00:48:04.902 [info] > git config --get commit.template [5ms]
2025-04-01 00:48:04.904 [info] > git for-each-ref --format=%(refname)%00%(upstream:short)%00%(objectname)%00%(upstream:track)%00%(upstream:remotename)%00%(upstream:remoteref) refs/heads/master refs/remotes/master [2ms]
2025-04-01 00:48:04.916 [info] > git for-each-ref --sort -committerdate --format %(refname) %(objectname) %(*objectname) [3ms]
2025-04-01 00:48:04.956 [info] > git status -z -uall [48ms]
2025-04-01 00:48:09.992 [info] > git config --get commit.template [5ms]
2025-04-01 00:48:09.993 [info] > git for-each-ref --format=%(refname)%00%(upstream:short)%00%(objectname)%00%(upstream:track)%00%(upstream:remotename)%00%(upstream:remoteref) refs/heads/master refs/remotes/master [2ms]
2025-04-01 00:48:10.004 [info] > git for-each-ref --sort -committerdate --format %(refname) %(objectname) %(*objectname) [2ms]
2025-04-01 00:48:10.045 [info] > git status -z -uall [47ms]
2025-04-01 00:48:45.063 [info] > git config --get commit.template [4ms]
2025-04-01 00:48:45.064 [info] > git for-each-ref --format=%(refname)%00%(upstream:short)%00%(objectname)%00%(upstream:track)%00%(upstream:remotename)%00%(upstream:remoteref) refs/heads/master refs/remotes/master [2ms]
2025-04-01 00:48:45.075 [info] > git for-each-ref --sort -committerdate --format %(refname) %(objectname) %(*objectname) [2ms]
2025-04-01 00:48:45.117 [info] > git status -z -uall [49ms]
2025-04-01 00:48:50.165 [info] > git config --get commit.template [4ms]
2025-04-01 00:48:50.167 [info] > git for-each-ref --format=%(refname)%00%(upstream:short)%00%(objectname)%00%(upstream:track)%00%(upstream:remotename)%00%(upstream:remoteref) refs/heads/master refs/remotes/master [2ms]
2025-04-01 00:48:50.177 [info] > git for-each-ref --sort -committerdate --format %(refname) %(objectname) %(*objectname) [2ms]
2025-04-01 00:48:50.218 [info] > git status -z -uall [47ms]
2025-04-01 00:48:55.261 [info] > git config --get commit.template [5ms]
2025-04-01 00:48:55.263 [info] > git for-each-ref --format=%(refname)%00%(upstream:short)%00%(objectname)%00%(upstream:track)%00%(upstream:remotename)%00%(upstream:remoteref) refs/heads/master refs/remotes/master [2ms]
2025-04-01 00:48:55.274 [info] > git for-each-ref --sort -committerdate --format %(refname) %(objectname) %(*objectname) [2ms]
2025-04-01 00:48:55.315 [info] > git status -z -uall [47ms]
2025-04-01 00:49:00.356 [info] > git config --get commit.template [5ms]
2025-04-01 00:49:00.357 [info] > git for-each-ref --format=%(refname)%00%(upstream:short)%00%(objectname)%00%(upstream:track)%00%(upstream:remotename)%00%(upstream:remoteref) refs/heads/master refs/remotes/master [2ms]
2025-04-01 00:49:00.367 [info] > git for-each-ref --sort -committerdate --format %(refname) %(objectname) %(*objectname) [2ms]
2025-04-01 00:49:00.408 [info] > git status -z -uall [47ms]
2025-04-01 00:49:05.448 [info] > git config --get commit.template [5ms]
2025-04-01 00:49:05.449 [info] > git for-each-ref --format=%(refname)%00%(upstream:short)%00%(objectname)%00%(upstream:track)%00%(upstream:remotename)%00%(upstream:remoteref) refs/heads/master refs/remotes/master [2ms]
2025-04-01 00:49:05.460 [info] > git for-each-ref --sort -committerdate --format %(refname) %(objectname) %(*objectname) [2ms]
2025-04-01 00:49:05.500 [info] > git status -z -uall [47ms]
2025-04-01 00:51:39.534 [info] > git config --get commit.template [5ms]
2025-04-01 00:51:39.543 [info] > git for-each-ref --format=%(refname)%00%(upstream:short)%00%(objectname)%00%(upstream:track)%00%(upstream:remotename)%00%(upstream:remoteref) refs/heads/master refs/remotes/master [3ms]
2025-04-01 00:51:39.556 [info] > git for-each-ref --sort -committerdate --format %(refname) %(objectname) %(*objectname) [2ms]
2025-04-01 00:51:39.598 [info] > git status -z -uall [50ms]
2025-04-01 00:51:44.665 [info] > git config --get commit.template [2ms]
2025-04-01 00:51:44.671 [info] > git for-each-ref --format=%(refname)%00%(upstream:short)%00%(objectname)%00%(upstream:track)%00%(upstream:remotename)%00%(upstream:remoteref) refs/heads/master refs/remotes/master [2ms]
2025-04-01 00:51:44.681 [info] > git for-each-ref --sort -committerdate --format %(refname) %(objectname) %(*objectname) [2ms]
2025-04-01 00:51:44.722 [info] > git status -z -uall [47ms]
2025-04-01 00:51:49.769 [info] > git config --get commit.template [7ms]
2025-04-01 00:51:49.771 [info] > git for-each-ref --format=%(refname)%00%(upstream:short)%00%(objectname)%00%(upstream:track)%00%(upstream:remotename)%00%(upstream:remoteref) refs/heads/master refs/remotes/master [3ms]
2025-04-01 00:51:49.786 [info] > git for-each-ref --sort -committerdate --format %(refname) %(objectname) %(*objectname) [1ms]
2025-04-01 00:51:49.860 [info] > git status -z -uall [84ms]
2025-04-01 00:51:54.932 [info] > git config --get commit.template [6ms]
2025-04-01 00:51:54.933 [info] > git for-each-ref --format=%(refname)%00%(upstream:short)%00%(objectname)%00%(upstream:track)%00%(upstream:remotename)%00%(upstream:remoteref) refs/heads/master refs/remotes/master [1ms]
2025-04-01 00:51:54.947 [info] > git for-each-ref --sort -committerdate --format %(refname) %(objectname) %(*objectname) [4ms]
2025-04-01 00:51:54.991 [info] > git status -z -uall [53ms]
2025-04-01 00:52:00.026 [info] > git config --get commit.template [5ms]
2025-04-01 00:52:00.028 [info] > git for-each-ref --format=%(refname)%00%(upstream:short)%00%(objectname)%00%(upstream:track)%00%(upstream:remotename)%00%(upstream:remoteref) refs/heads/master refs/remotes/master [3ms]
2025-04-01 00:52:00.040 [info] > git for-each-ref --sort -committerdate --format %(refname) %(objectname) %(*objectname) [2ms]
2025-04-01 00:52:00.090 [info] > git status -z -uall [57ms]
2025-04-01 00:52:05.131 [info] > git config --get commit.template [5ms]
2025-04-01 00:52:05.132 [info] > git for-each-ref --format=%(refname)%00%(upstream:short)%00%(objectname)%00%(upstream:track)%00%(upstream:remotename)%00%(upstream:remoteref) refs/heads/master refs/remotes/master [2ms]
2025-04-01 00:52:05.143 [info] > git for-each-ref --sort -committerdate --format %(refname) %(objectname) %(*objectname) [3ms]
2025-04-01 00:52:05.187 [info] > git status -z -uall [51ms]
2025-04-01 00:52:14.931 [info] > git config --get commit.template [5ms]
2025-04-01 00:52:14.932 [info] > git for-each-ref --format=%(refname)%00%(upstream:short)%00%(objectname)%00%(upstream:track)%00%(upstream:remotename)%00%(upstream:remoteref) refs/heads/master refs/remotes/master [2ms]
2025-04-01 00:52:14.943 [info] > git for-each-ref --sort -committerdate --format %(refname) %(objectname) %(*objectname) [2ms]
2025-04-01 00:52:14.989 [info] > git status -z -uall [53ms]
2025-04-01 00:52:21.931 [info] > git config --get commit.template [5ms]
2025-04-01 00:52:21.932 [info] > git for-each-ref --format=%(refname)%00%(upstream:short)%00%(objectname)%00%(upstream:track)%00%(upstream:remotename)%00%(upstream:remoteref) refs/heads/master refs/remotes/master [2ms]
2025-04-01 00:52:21.944 [info] > git for-each-ref --sort -committerdate --format %(refname) %(objectname) %(*objectname) [4ms]
2025-04-01 00:52:21.999 [info] > git status -z -uall [63ms]
2025-04-01 00:52:42.262 [info] > git config --get commit.template [6ms]
2025-04-01 00:52:42.263 [info] > git for-each-ref --format=%(refname)%00%(upstream:short)%00%(objectname)%00%(upstream:track)%00%(upstream:remotename)%00%(upstream:remoteref) refs/heads/master refs/remotes/master [2ms]
2025-04-01 00:52:42.273 [info] > git for-each-ref --sort -committerdate --format %(refname) %(objectname) %(*objectname) [2ms]
2025-04-01 00:52:42.332 [info] > git status -z -uall [65ms]
2025-04-01 00:52:47.459 [info] > git config --get commit.template [6ms]
2025-04-01 00:52:47.460 [info] > git for-each-ref --format=%(refname)%00%(upstream:short)%00%(objectname)%00%(upstream:track)%00%(upstream:remotename)%00%(upstream:remoteref) refs/heads/master refs/remotes/master [2ms]
2025-04-01 00:52:47.474 [info] > git for-each-ref --sort -committerdate --format %(refname) %(objectname) %(*objectname) [2ms]
2025-04-01 00:52:47.529 [info] > git status -z -uall [64ms]
2025-04-01 00:52:52.574 [info] > git config --get commit.template [5ms]
2025-04-01 00:52:52.575 [info] > git for-each-ref --format=%(refname)%00%(upstream:short)%00%(objectname)%00%(upstream:track)%00%(upstream:remotename)%00%(upstream:remoteref) refs/heads/master refs/remotes/master [2ms]
2025-04-01 00:52:52.586 [info] > git for-each-ref --sort -committerdate --format %(refname) %(objectname) %(*objectname) [1ms]
2025-04-01 00:52:52.642 [info] > git status -z -uall [63ms]
2025-04-01 00:53:38.301 [info] > git config --get commit.template [4ms]
2025-04-01 00:53:38.303 [info] > git for-each-ref --format=%(refname)%00%(upstream:short)%00%(objectname)%00%(upstream:track)%00%(upstream:remotename)%00%(upstream:remoteref) refs/heads/master refs/remotes/master [2ms]
2025-04-01 00:53:38.315 [info] > git for-each-ref --sort -committerdate --format %(refname) %(objectname) %(*objectname) [2ms]
2025-04-01 00:53:38.371 [info] > git status -z -uall [64ms]
2025-04-01 00:53:43.427 [info] > git config --get commit.template [6ms]
2025-04-01 00:53:43.428 [info] > git for-each-ref --format=%(refname)%00%(upstream:short)%00%(objectname)%00%(upstream:track)%00%(upstream:remotename)%00%(upstream:remoteref) refs/heads/master refs/remotes/master [3ms]
2025-04-01 00:53:43.440 [info] > git for-each-ref --sort -committerdate --format %(refname) %(objectname) %(*objectname) [2ms]
2025-04-01 00:53:43.506 [info] > git status -z -uall [73ms]
2025-04-01 00:53:48.562 [info] > git config --get commit.template [5ms]
2025-04-01 00:53:48.563 [info] > git for-each-ref --format=%(refname)%00%(upstream:short)%00%(objectname)%00%(upstream:track)%00%(upstream:remotename)%00%(upstream:remoteref) refs/heads/master refs/remotes/master [2ms]
2025-04-01 00:53:48.574 [info] > git for-each-ref --sort -committerdate --format %(refname) %(objectname) %(*objectname) [2ms]
2025-04-01 00:53:48.631 [info] > git status -z -uall [64ms]
2025-04-01 00:54:19.339 [info] > git config --get commit.template [4ms]
2025-04-01 00:54:19.341 [info] > git for-each-ref --format=%(refname)%00%(upstream:short)%00%(objectname)%00%(upstream:track)%00%(upstream:remotename)%00%(upstream:remoteref) refs/heads/master refs/remotes/master [2ms]
2025-04-01 00:54:19.351 [info] > git for-each-ref --sort -committerdate --format %(refname) %(objectname) %(*objectname) [2ms]
2025-04-01 00:54:19.410 [info] > git status -z -uall [65ms]
2025-04-01 00:54:24.467 [info] > git for-each-ref --format=%(refname)%00%(upstream:short)%00%(objectname)%00%(upstream:track)%00%(upstream:remotename)%00%(upstream:remoteref) refs/heads/master refs/remotes/master [3ms]
2025-04-01 00:54:24.468 [info] > git config --get commit.template [8ms]
2025-04-01 00:54:24.479 [info] > git for-each-ref --sort -committerdate --format %(refname) %(objectname) %(*objectname) [2ms]
2025-04-01 00:54:24.536 [info] > git status -z -uall [64ms]
2025-04-01 00:54:29.584 [info] > git config --get commit.template [5ms]
2025-04-01 00:54:29.585 [info] > git for-each-ref --format=%(refname)%00%(upstream:short)%00%(objectname)%00%(upstream:track)%00%(upstream:remotename)%00%(upstream:remoteref) refs/heads/master refs/remotes/master [1ms]
2025-04-01 00:54:29.598 [info] > git for-each-ref --sort -committerdate --format %(refname) %(objectname) %(*objectname) [3ms]
2025-04-01 00:54:29.654 [info] > git status -z -uall [64ms]
2025-04-01 00:54:34.697 [info] > git config --get commit.template [5ms]
2025-04-01 00:54:34.698 [info] > git for-each-ref --format=%(refname)%00%(upstream:short)%00%(objectname)%00%(upstream:track)%00%(upstream:remotename)%00%(upstream:remoteref) refs/heads/master refs/remotes/master [2ms]
2025-04-01 00:54:34.709 [info] > git for-each-ref --sort -committerdate --format %(refname) %(objectname) %(*objectname) [2ms]
2025-04-01 00:54:34.766 [info] > git status -z -uall [63ms]
2025-04-01 00:54:39.806 [info] > git config --get commit.template [5ms]
2025-04-01 00:54:39.807 [info] > git for-each-ref --format=%(refname)%00%(upstream:short)%00%(objectname)%00%(upstream:track)%00%(upstream:remotename)%00%(upstream:remoteref) refs/heads/master refs/remotes/master [2ms]
2025-04-01 00:54:39.818 [info] > git for-each-ref --sort -committerdate --format %(refname) %(objectname) %(*objectname) [2ms]
2025-04-01 00:54:39.874 [info] > git status -z -uall [62ms]
2025-04-01 00:54:49.537 [info] > git config --get commit.template [5ms]
2025-04-01 00:54:49.538 [info] > git for-each-ref --format=%(refname)%00%(upstream:short)%00%(objectname)%00%(upstream:track)%00%(upstream:remotename)%00%(upstream:remoteref) refs/heads/master refs/remotes/master [2ms]
2025-04-01 00:54:49.549 [info] > git for-each-ref --sort -committerdate --format %(refname) %(objectname) %(*objectname) [2ms]
2025-04-01 00:54:49.608 [info] > git status -z -uall [65ms]
2025-04-01 00:54:54.647 [info] > git config --get commit.template [6ms]
2025-04-01 00:54:54.653 [info] > git for-each-ref --format=%(refname)%00%(upstream:short)%00%(objectname)%00%(upstream:track)%00%(upstream:remotename)%00%(upstream:remoteref) refs/heads/master refs/remotes/master [2ms]
2025-04-01 00:54:54.664 [info] > git for-each-ref --sort -committerdate --format %(refname) %(objectname) %(*objectname) [2ms]
2025-04-01 00:54:54.722 [info] > git status -z -uall [65ms]
2025-04-01 00:54:59.757 [info] > git config --get commit.template [5ms]
2025-04-01 00:54:59.758 [info] > git for-each-ref --format=%(refname)%00%(upstream:short)%00%(objectname)%00%(upstream:track)%00%(upstream:remotename)%00%(upstream:remoteref) refs/heads/master refs/remotes/master [2ms]
2025-04-01 00:54:59.768 [info] > git for-each-ref --sort -committerdate --format %(refname) %(objectname) %(*objectname) [2ms]
2025-04-01 00:54:59.829 [info] > git status -z -uall [66ms]
2025-04-01 00:55:04.868 [info] > git config --get commit.template [5ms]
2025-04-01 00:55:04.869 [info] > git for-each-ref --format=%(refname)%00%(upstream:short)%00%(objectname)%00%(upstream:track)%00%(upstream:remotename)%00%(upstream:remoteref) refs/heads/master refs/remotes/master [2ms]
2025-04-01 00:55:04.880 [info] > git for-each-ref --sort -committerdate --format %(refname) %(objectname) %(*objectname) [2ms]
2025-04-01 00:55:04.937 [info] > git status -z -uall [62ms]
2025-04-01 00:55:09.972 [info] > git config --get commit.template [6ms]
2025-04-01 00:55:09.973 [info] > git for-each-ref --format=%(refname)%00%(upstream:short)%00%(objectname)%00%(upstream:track)%00%(upstream:remotename)%00%(upstream:remoteref) refs/heads/master refs/remotes/master [2ms]
2025-04-01 00:55:09.986 [info] > git for-each-ref --sort -committerdate --format %(refname) %(objectname) %(*objectname) [2ms]
2025-04-01 00:55:10.047 [info] > git status -z -uall [69ms]
2025-04-01 00:55:22.506 [info] > git config --get commit.template [5ms]
2025-04-01 00:55:22.507 [info] > git for-each-ref --format=%(refname)%00%(upstream:short)%00%(objectname)%00%(upstream:track)%00%(upstream:remotename)%00%(upstream:remoteref) refs/heads/master refs/remotes/master [1ms]
2025-04-01 00:55:22.518 [info] > git for-each-ref --sort -committerdate --format %(refname) %(objectname) %(*objectname) [2ms]
2025-04-01 00:55:22.581 [info] > git status -z -uall [70ms]
2025-04-01 00:55:27.614 [info] > git config --get commit.template [4ms]
2025-04-01 00:55:27.616 [info] > git for-each-ref --format=%(refname)%00%(upstream:short)%00%(objectname)%00%(upstream:track)%00%(upstream:remotename)%00%(upstream:remoteref) refs/heads/master refs/remotes/master [2ms]
2025-04-01 00:55:27.626 [info] > git for-each-ref --sort -committerdate --format %(refname) %(objectname) %(*objectname) [2ms]
2025-04-01 00:55:27.699 [info] > git status -z -uall [79ms]
2025-04-01 00:55:32.733 [info] > git config --get commit.template [5ms]
2025-04-01 00:55:32.735 [info] > git for-each-ref --format=%(refname)%00%(upstream:short)%00%(objectname)%00%(upstream:track)%00%(upstream:remotename)%00%(upstream:remoteref) refs/heads/master refs/remotes/master [2ms]
2025-04-01 00:55:32.747 [info] > git for-each-ref --sort -committerdate --format %(refname) %(objectname) %(*objectname) [3ms]
2025-04-01 00:55:32.815 [info] > git status -z -uall [76ms]
2025-04-01 00:55:37.853 [info] > git config --get commit.template [5ms]
2025-04-01 00:55:37.855 [info] > git for-each-ref --format=%(refname)%00%(upstream:short)%00%(objectname)%00%(upstream:track)%00%(upstream:remotename)%00%(upstream:remoteref) refs/heads/master refs/remotes/master [3ms]
2025-04-01 00:55:37.866 [info] > git for-each-ref --sort -committerdate --format %(refname) %(objectname) %(*objectname) [2ms]
2025-04-01 00:55:37.935 [info] > git status -z -uall [76ms]
2025-04-01 00:55:43.389 [info] > git config --get commit.template [5ms]
2025-04-01 00:55:43.390 [info] > git for-each-ref --format=%(refname)%00%(upstream:short)%00%(objectname)%00%(upstream:track)%00%(upstream:remotename)%00%(upstream:remoteref) refs/heads/master refs/remotes/master [2ms]
2025-04-01 00:55:43.401 [info] > git for-each-ref --sort -committerdate --format %(refname) %(objectname) %(*objectname) [2ms]
2025-04-01 00:55:43.470 [info] > git status -z -uall [76ms]
2025-04-01 00:55:52.881 [info] > git config --get commit.template [4ms]
2025-04-01 00:55:52.882 [info] > git for-each-ref --format=%(refname)%00%(upstream:short)%00%(objectname)%00%(upstream:track)%00%(upstream:remotename)%00%(upstream:remoteref) refs/heads/master refs/remotes/master [2ms]
2025-04-01 00:55:52.893 [info] > git for-each-ref --sort -committerdate --format %(refname) %(objectname) %(*objectname) [2ms]
2025-04-01 00:55:52.963 [info] > git status -z -uall [77ms]
2025-04-01 00:55:57.999 [info] > git config --get commit.template [5ms]
2025-04-01 00:55:58.001 [info] > git for-each-ref --format=%(refname)%00%(upstream:short)%00%(objectname)%00%(upstream:track)%00%(upstream:remotename)%00%(upstream:remoteref) refs/heads/master refs/remotes/master [2ms]
2025-04-01 00:55:58.012 [info] > git for-each-ref --sort -committerdate --format %(refname) %(objectname) %(*objectname) [2ms]
2025-04-01 00:55:58.083 [info] > git status -z -uall [78ms]
2025-04-01 00:56:03.117 [info] > git config --get commit.template [4ms]
2025-04-01 00:56:03.119 [info] > git for-each-ref --format=%(refname)%00%(upstream:short)%00%(objectname)%00%(upstream:track)%00%(upstream:remotename)%00%(upstream:remoteref) refs/heads/master refs/remotes/master [3ms]
2025-04-01 00:56:03.129 [info] > git for-each-ref --sort -committerdate --format %(refname) %(objectname) %(*objectname) [2ms]
2025-04-01 00:56:03.198 [info] > git status -z -uall [76ms]
2025-04-01 00:56:08.234 [info] > git config --get commit.template [6ms]
2025-04-01 00:56:08.235 [info] > git for-each-ref --format=%(refname)%00%(upstream:short)%00%(objectname)%00%(upstream:track)%00%(upstream:remotename)%00%(upstream:remoteref) refs/heads/master refs/remotes/master [2ms]
2025-04-01 00:56:08.250 [info] > git for-each-ref --sort -committerdate --format %(refname) %(objectname) %(*objectname) [5ms]
2025-04-01 00:56:08.330 [info] > git status -z -uall [89ms]
2025-04-01 00:57:10.705 [info] > git config --get commit.template [2ms]
2025-04-01 00:57:10.711 [info] > git for-each-ref --format=%(refname)%00%(upstream:short)%00%(objectname)%00%(upstream:track)%00%(upstream:remotename)%00%(upstream:remoteref) refs/heads/master refs/remotes/master [2ms]
2025-04-01 00:57:10.722 [info] > git for-each-ref --sort -committerdate --format %(refname) %(objectname) %(*objectname) [2ms]
2025-04-01 00:57:10.795 [info] > git status -z -uall [80ms]
2025-04-01 00:57:29.309 [info] > git config --get commit.template [3ms]
2025-04-01 00:57:29.315 [info] > git for-each-ref --format=%(refname)%00%(upstream:short)%00%(objectname)%00%(upstream:track)%00%(upstream:remotename)%00%(upstream:remoteref) refs/heads/master refs/remotes/master [2ms]
2025-04-01 00:57:29.326 [info] > git for-each-ref --sort -committerdate --format %(refname) %(objectname) %(*objectname) [2ms]
2025-04-01 00:57:29.399 [info] > git status -z -uall [80ms]
2025-04-01 00:57:34.455 [info] > git config --get commit.template [5ms]
2025-04-01 00:57:34.457 [info] > git for-each-ref --format=%(refname)%00%(upstream:short)%00%(objectname)%00%(upstream:track)%00%(upstream:remotename)%00%(upstream:remoteref) refs/heads/master refs/remotes/master [3ms]
2025-04-01 00:57:34.468 [info] > git for-each-ref --sort -committerdate --format %(refname) %(objectname) %(*objectname) [2ms]
2025-04-01 00:57:34.540 [info] > git status -z -uall [79ms]
2025-04-01 00:57:39.584 [info] > git config --get commit.template [5ms]
2025-04-01 00:57:39.586 [info] > git for-each-ref --format=%(refname)%00%(upstream:short)%00%(objectname)%00%(upstream:track)%00%(upstream:remotename)%00%(upstream:remoteref) refs/heads/master refs/remotes/master [3ms]
2025-04-01 00:57:39.596 [info] > git for-each-ref --sort -committerdate --format %(refname) %(objectname) %(*objectname) [2ms]
2025-04-01 00:57:39.668 [info] > git status -z -uall [78ms]
2025-04-01 00:57:44.709 [info] > git config --get commit.template [5ms]
2025-04-01 00:57:44.710 [info] > git for-each-ref --format=%(refname)%00%(upstream:short)%00%(objectname)%00%(upstream:track)%00%(upstream:remotename)%00%(upstream:remoteref) refs/heads/master refs/remotes/master [2ms]
2025-04-01 00:57:44.720 [info] > git for-each-ref --sort -committerdate --format %(refname) %(objectname) %(*objectname) [2ms]
2025-04-01 00:57:44.793 [info] > git status -z -uall [79ms]
2025-04-01 00:57:49.838 [info] > git config --get commit.template [5ms]
2025-04-01 00:57:49.839 [info] > git for-each-ref --format=%(refname)%00%(upstream:short)%00%(objectname)%00%(upstream:track)%00%(upstream:remotename)%00%(upstream:remoteref) refs/heads/master refs/remotes/master [2ms]
2025-04-01 00:57:49.851 [info] > git for-each-ref --sort -committerdate --format %(refname) %(objectname) %(*objectname) [2ms]
2025-04-01 00:57:49.923 [info] > git status -z -uall [79ms]
2025-04-01 00:57:54.960 [info] > git config --get commit.template [4ms]
2025-04-01 00:57:54.962 [info] > git for-each-ref --format=%(refname)%00%(upstream:short)%00%(objectname)%00%(upstream:track)%00%(upstream:remotename)%00%(upstream:remoteref) refs/heads/master refs/remotes/master [2ms]
2025-04-01 00:57:54.972 [info] > git for-each-ref --sort -committerdate --format %(refname) %(objectname) %(*objectname) [2ms]
2025-04-01 00:57:55.045 [info] > git status -z -uall [79ms]
2025-04-01 00:58:00.263 [info] > git config --get commit.template [6ms]
2025-04-01 00:58:00.264 [info] > git for-each-ref --format=%(refname)%00%(upstream:short)%00%(objectname)%00%(upstream:track)%00%(upstream:remotename)%00%(upstream:remoteref) refs/heads/master refs/remotes/master [2ms]
2025-04-01 00:58:00.275 [info] > git for-each-ref --sort -committerdate --format %(refname) %(objectname) %(*objectname) [2ms]
2025-04-01 00:58:00.349 [info] > git status -z -uall [80ms]
2025-04-01 00:58:05.384 [info] > git config --get commit.template [5ms]
2025-04-01 00:58:05.385 [info] > git for-each-ref --format=%(refname)%00%(upstream:short)%00%(objectname)%00%(upstream:track)%00%(upstream:remotename)%00%(upstream:remoteref) refs/heads/master refs/remotes/master [2ms]
2025-04-01 00:58:05.396 [info] > git for-each-ref --sort -committerdate --format %(refname) %(objectname) %(*objectname) [2ms]
2025-04-01 00:58:05.469 [info] > git status -z -uall [80ms]
2025-04-01 00:58:10.511 [info] > git config --get commit.template [5ms]
2025-04-01 00:58:10.512 [info] > git for-each-ref --format=%(refname)%00%(upstream:short)%00%(objectname)%00%(upstream:track)%00%(upstream:remotename)%00%(upstream:remoteref) refs/heads/master refs/remotes/master [2ms]
2025-04-01 00:58:10.523 [info] > git for-each-ref --sort -committerdate --format %(refname) %(objectname) %(*objectname) [2ms]
2025-04-01 00:58:10.594 [info] > git status -z -uall [78ms]
2025-04-01 00:58:15.628 [info] > git config --get commit.template [4ms]
2025-04-01 00:58:15.629 [info] > git for-each-ref --format=%(refname)%00%(upstream:short)%00%(objectname)%00%(upstream:track)%00%(upstream:remotename)%00%(upstream:remoteref) refs/heads/master refs/remotes/master [2ms]
2025-04-01 00:58:15.640 [info] > git for-each-ref --sort -committerdate --format %(refname) %(objectname) %(*objectname) [2ms]
2025-04-01 00:58:15.712 [info] > git status -z -uall [79ms]
2025-04-01 00:58:20.746 [info] > git config --get commit.template [5ms]
2025-04-01 00:58:20.748 [info] > git for-each-ref --format=%(refname)%00%(upstream:short)%00%(objectname)%00%(upstream:track)%00%(upstream:remotename)%00%(upstream:remoteref) refs/heads/master refs/remotes/master [2ms]
2025-04-01 00:58:20.760 [info] > git for-each-ref --sort -committerdate --format %(refname) %(objectname) %(*objectname) [4ms]
2025-04-01 00:58:20.831 [info] > git status -z -uall [79ms]
2025-04-01 00:58:25.866 [info] > git config --get commit.template [6ms]
2025-04-01 00:58:25.867 [info] > git for-each-ref --format=%(refname)%00%(upstream:short)%00%(objectname)%00%(upstream:track)%00%(upstream:remotename)%00%(upstream:remoteref) refs/heads/master refs/remotes/master [2ms]
2025-04-01 00:58:25.879 [info] > git for-each-ref --sort -committerdate --format %(refname) %(objectname) %(*objectname) [2ms]
2025-04-01 00:58:25.950 [info] > git status -z -uall [78ms]
2025-04-01 00:58:33.621 [info] > git config --get commit.template [4ms]
2025-04-01 00:58:33.623 [info] > git for-each-ref --format=%(refname)%00%(upstream:short)%00%(objectname)%00%(upstream:track)%00%(upstream:remotename)%00%(upstream:remoteref) refs/heads/master refs/remotes/master [1ms]
2025-04-01 00:58:33.632 [info] > git for-each-ref --sort -committerdate --format %(refname) %(objectname) %(*objectname) [1ms]
2025-04-01 00:58:33.706 [info] > git status -z -uall [80ms]
2025-04-01 00:58:38.740 [info] > git config --get commit.template [5ms]
2025-04-01 00:58:38.741 [info] > git for-each-ref --format=%(refname)%00%(upstream:short)%00%(objectname)%00%(upstream:track)%00%(upstream:remotename)%00%(upstream:remoteref) refs/heads/master refs/remotes/master [2ms]
2025-04-01 00:58:38.751 [info] > git for-each-ref --sort -committerdate --format %(refname) %(objectname) %(*objectname) [2ms]
2025-04-01 00:58:38.824 [info] > git status -z -uall [79ms]
