2025-04-01 20:55:39.742 [info] [main] Log level: Info
2025-04-01 20:55:39.742 [info] [main] Validating found git in: "git"
2025-04-01 20:55:39.742 [info] [main] Using git "2.43.0" from "git"
2025-04-01 20:55:39.742 [info] [Model][doInitialScan] Initial repository scan started
2025-04-01 20:55:39.742 [info] > git rev-parse --show-toplevel [3ms]
2025-04-01 20:55:39.743 [info] > git rev-parse --git-dir --git-common-dir [2ms]
2025-04-01 20:55:39.743 [info] [Model][openRepository] Opened repository: /home/apoorvtripathi537
2025-04-01 20:55:39.743 [info] > git config --get commit.template [7ms]
2025-04-01 20:55:39.743 [info] > git for-each-ref --format=%(refname)%00%(upstream:short)%00%(objectname)%00%(upstream:track)%00%(upstream:remotename)%00%(upstream:remoteref) refs/heads/master refs/remotes/master [7ms]
2025-04-01 20:55:39.743 [info] > git rev-parse --show-toplevel [8ms]
2025-04-01 20:55:39.743 [info] > git for-each-ref --sort -committerdate --format %(refname) %(objectname) %(*objectname) [12ms]
2025-04-01 20:55:39.743 [info] > git rev-parse --show-toplevel [25ms]
2025-04-01 20:55:39.743 [info] > git rev-parse --show-toplevel [2ms]
2025-04-01 20:55:39.743 [info] > git rev-parse --show-toplevel [2ms]
2025-04-01 20:55:39.743 [info] > git rev-parse --show-toplevel [6ms]
2025-04-01 20:55:39.743 [info] > git status -z -uall [89ms]
2025-04-01 20:55:39.743 [info] > git for-each-ref --format=%(refname)%00%(upstream:short)%00%(objectname)%00%(upstream:track)%00%(upstream:remotename)%00%(upstream:remoteref) refs/heads/master refs/remotes/master [14ms]
2025-04-01 20:55:39.743 [info] > git rev-parse --show-toplevel [39ms]
2025-04-01 20:55:39.743 [info] > git config --local branch.master.vscode-merge-base [6ms]
2025-04-01 20:55:39.743 [warning] [Git][config] git config failed: Failed to execute git
2025-04-01 20:55:39.743 [info] > git config --get commit.template [21ms]
2025-04-01 20:55:39.743 [info] > git rev-parse --show-toplevel [253ms]
2025-04-01 20:55:39.743 [info] > git reflog master --grep-reflog=branch: Created from *. [292ms]
2025-04-01 20:55:39.743 [info] > git rev-parse --show-toplevel [32ms]
2025-04-01 20:55:39.743 [info] > git for-each-ref --format=%(refname)%00%(upstream:short)%00%(objectname)%00%(upstream:track)%00%(upstream:remotename)%00%(upstream:remoteref) refs/heads/master refs/remotes/master [36ms]
2025-04-01 20:55:39.743 [info] > git symbolic-ref --short refs/remotes/origin/HEAD [13ms]
2025-04-01 20:55:39.743 [info] fatal: ref refs/remotes/origin/HEAD is not a symbolic ref
2025-04-01 20:55:39.743 [warning] [Repository][getDefaultBranch] Failed to get default branch details: Failed to execute git.
2025-04-01 20:55:39.743 [info] > git rev-parse --show-toplevel [8ms]
2025-04-01 20:55:39.743 [info] > git merge-base refs/heads/master refs/remotes/origin/master [9ms]
2025-04-01 20:55:39.743 [info] > git rev-parse --show-toplevel [15ms]
2025-04-01 20:55:39.743 [info] > git for-each-ref --sort -committerdate --format %(refname) %(objectname) %(*objectname) [75ms]
2025-04-01 20:55:39.743 [info] > git diff --name-status -z --diff-filter=ADMR ae54d5703c5e6277a64919db1dea687af7ee5769...refs/remotes/origin/master [85ms]
2025-04-01 20:55:39.754 [info] > git status -z -uall [97ms]
2025-04-01 20:55:39.761 [info] > git rev-parse --show-toplevel [19ms]
2025-04-01 20:55:39.768 [info] > git rev-parse --show-toplevel [2ms]
2025-04-01 20:55:39.774 [info] > git rev-parse --show-toplevel [2ms]
2025-04-01 20:55:39.780 [info] > git rev-parse --show-toplevel [2ms]
2025-04-01 20:55:39.781 [info] [Model][doInitialScan] Initial repository scan completed - repositories (1), closed repositories (0), parent repositories (0), unsafe repositories (0)
2025-04-01 20:55:42.258 [info] > git check-ignore -v -z --stdin [106ms]
2025-04-01 20:55:42.259 [info] > git show --textconv :main.py [29ms]
2025-04-01 20:55:42.265 [info] > git ls-files --stage -- /home/apoorvtripathi537/main.py [25ms]
2025-04-01 20:55:42.281 [info] > git config --get commit.template [86ms]
2025-04-01 20:55:42.337 [info] > git cat-file -s 58e769657a82a059d793108421575e698102cf55 [54ms]
2025-04-01 20:55:42.358 [info] > git for-each-ref --format=%(refname)%00%(upstream:short)%00%(objectname)%00%(upstream:track)%00%(upstream:remotename)%00%(upstream:remoteref) refs/heads/master refs/remotes/master [10ms]
2025-04-01 20:55:42.383 [info] > git for-each-ref --sort -committerdate --format %(refname) %(objectname) %(*objectname) [6ms]
2025-04-01 20:55:45.087 [info] > git status -z -uall [2719ms]
2025-04-01 20:55:50.149 [info] > git config --get commit.template [9ms]
2025-04-01 20:55:50.181 [info] > git for-each-ref --format=%(refname)%00%(upstream:short)%00%(objectname)%00%(upstream:track)%00%(upstream:remotename)%00%(upstream:remoteref) refs/heads/master refs/remotes/master [13ms]
2025-04-01 20:55:50.244 [info] > git for-each-ref --sort -committerdate --format %(refname) %(objectname) %(*objectname) [7ms]
2025-04-01 20:55:50.346 [info] > git status -z -uall [125ms]
2025-04-01 20:55:55.389 [info] > git config --get commit.template [1ms]
2025-04-01 20:55:55.408 [info] > git for-each-ref --format=%(refname)%00%(upstream:short)%00%(objectname)%00%(upstream:track)%00%(upstream:remotename)%00%(upstream:remoteref) refs/heads/master refs/remotes/master [3ms]
2025-04-01 20:55:55.438 [info] > git for-each-ref --sort -committerdate --format %(refname) %(objectname) %(*objectname) [4ms]
2025-04-01 20:55:55.656 [info] > git status -z -uall [239ms]
2025-04-01 20:56:04.051 [info] > git show --textconv :requirements.txt [27ms]
2025-04-01 20:56:04.054 [info] > git ls-files --stage -- /home/apoorvtripathi537/requirements.txt [13ms]
2025-04-01 20:56:04.072 [info] > git cat-file -s 0e53df3256716f83a0e860c2a4628d710e9500d6 [1ms]
2025-04-01 20:56:07.845 [info] > git show --textconv :main.py [18ms]
2025-04-01 20:56:07.846 [info] > git ls-files --stage -- /home/apoorvtripathi537/main.py [7ms]
2025-04-01 20:56:07.860 [info] > git cat-file -s 58e769657a82a059d793108421575e698102cf55 [2ms]
2025-04-01 20:56:08.862 [info] > git config --get commit.template [3ms]
2025-04-01 20:56:08.877 [info] > git for-each-ref --format=%(refname)%00%(upstream:short)%00%(objectname)%00%(upstream:track)%00%(upstream:remotename)%00%(upstream:remoteref) refs/heads/master refs/remotes/master [3ms]
2025-04-01 20:56:08.916 [info] > git for-each-ref --sort -committerdate --format %(refname) %(objectname) %(*objectname) [3ms]
2025-04-01 20:56:08.959 [info] > git status -z -uall [68ms]
2025-04-01 20:57:11.105 [info] > git config --get commit.template [11ms]
2025-04-01 20:57:11.106 [info] > git for-each-ref --format=%(refname)%00%(upstream:short)%00%(objectname)%00%(upstream:track)%00%(upstream:remotename)%00%(upstream:remoteref) refs/heads/master refs/remotes/master [3ms]
2025-04-01 20:57:11.141 [info] > git for-each-ref --sort -committerdate --format %(refname) %(objectname) %(*objectname) [4ms]
2025-04-01 20:57:11.188 [info] > git status -z -uall [71ms]
2025-04-01 21:03:06.735 [info] > git config --get commit.template [10ms]
2025-04-01 21:03:06.736 [info] > git for-each-ref --format=%(refname)%00%(upstream:short)%00%(objectname)%00%(upstream:track)%00%(upstream:remotename)%00%(upstream:remoteref) refs/heads/master refs/remotes/master [3ms]
2025-04-01 21:03:06.758 [info] > git for-each-ref --sort -committerdate --format %(refname) %(objectname) %(*objectname) [3ms]
2025-04-01 21:03:06.789 [info] > git status -z -uall [45ms]
2025-04-01 21:03:11.812 [info] > git config --get commit.template [9ms]
2025-04-01 21:03:11.812 [info] > git for-each-ref --format=%(refname)%00%(upstream:short)%00%(objectname)%00%(upstream:track)%00%(upstream:remotename)%00%(upstream:remoteref) refs/heads/master refs/remotes/master [2ms]
2025-04-01 21:03:11.837 [info] > git for-each-ref --sort -committerdate --format %(refname) %(objectname) %(*objectname) [2ms]
2025-04-01 21:03:11.864 [info] > git status -z -uall [43ms]
2025-04-01 21:04:32.837 [info] > git config --get commit.template [8ms]
2025-04-01 21:04:32.838 [info] > git for-each-ref --format=%(refname)%00%(upstream:short)%00%(objectname)%00%(upstream:track)%00%(upstream:remotename)%00%(upstream:remoteref) refs/heads/master refs/remotes/master [2ms]
2025-04-01 21:04:32.863 [info] > git for-each-ref --sort -committerdate --format %(refname) %(objectname) %(*objectname) [2ms]
2025-04-01 21:04:32.892 [info] > git status -z -uall [45ms]
2025-04-01 21:04:36.654 [info] > git ls-files --stage -- /home/apoorvtripathi537/Procfile [4ms]
2025-04-01 21:04:36.699 [info] > git show --textconv :Procfile [58ms]
2025-04-01 21:04:36.699 [info] > git cat-file -s 1ba043977def09b463bc26405ba8108eec86caf4 [37ms]
2025-04-01 21:04:37.909 [info] > git config --get commit.template [3ms]
2025-04-01 21:04:37.918 [info] > git for-each-ref --format=%(refname)%00%(upstream:short)%00%(objectname)%00%(upstream:track)%00%(upstream:remotename)%00%(upstream:remoteref) refs/heads/master refs/remotes/master [2ms]
2025-04-01 21:04:37.938 [info] > git for-each-ref --sort -committerdate --format %(refname) %(objectname) %(*objectname) [2ms]
2025-04-01 21:04:37.971 [info] > git status -z -uall [45ms]
2025-04-01 21:04:41.176 [info] > git show --textconv :main.py [8ms]
2025-04-01 21:04:41.180 [info] > git ls-files --stage -- /home/apoorvtripathi537/main.py [5ms]
2025-04-01 21:04:41.189 [info] > git cat-file -s 58e769657a82a059d793108421575e698102cf55 [2ms]
2025-04-01 21:04:48.233 [info] > git show --textconv :README-cloudshell.txt [8ms]
2025-04-01 21:04:48.236 [info] > git ls-files --stage -- /home/apoorvtripathi537/README-cloudshell.txt [4ms]
2025-04-01 21:04:48.244 [info] > git cat-file -s 9fa5a74e750d98eb725eca4ca09ba01af2f5cd24 [2ms]
2025-04-01 21:04:51.766 [info] > git show --textconv :main.py [8ms]
2025-04-01 21:04:51.769 [info] > git ls-files --stage -- /home/apoorvtripathi537/main.py [4ms]
2025-04-01 21:04:51.778 [info] > git cat-file -s 58e769657a82a059d793108421575e698102cf55 [2ms]
2025-04-01 21:04:57.056 [info] > git show --textconv :requirements.txt [12ms]
2025-04-01 21:04:57.057 [info] > git ls-files --stage -- /home/apoorvtripathi537/requirements.txt [5ms]
2025-04-01 21:04:57.067 [info] > git cat-file -s 0e53df3256716f83a0e860c2a4628d710e9500d6 [2ms]
2025-04-01 21:05:04.628 [info] > git show --textconv :main.py [10ms]
2025-04-01 21:05:04.632 [info] > git ls-files --stage -- /home/apoorvtripathi537/main.py [5ms]
2025-04-01 21:05:04.641 [info] > git cat-file -s 58e769657a82a059d793108421575e698102cf55 [3ms]
2025-04-01 21:05:13.605 [info] > git config --get commit.template [2ms]
2025-04-01 21:05:13.615 [info] > git for-each-ref --format=%(refname)%00%(upstream:short)%00%(objectname)%00%(upstream:track)%00%(upstream:remotename)%00%(upstream:remoteref) refs/heads/master refs/remotes/master [1ms]
2025-04-01 21:05:13.641 [info] > git for-each-ref --sort -committerdate --format %(refname) %(objectname) %(*objectname) [3ms]
2025-04-01 21:05:13.669 [info] > git status -z -uall [44ms]
2025-04-01 21:05:46.030 [info] > git show --textconv :requirements.txt [9ms]
2025-04-01 21:05:46.033 [info] > git ls-files --stage -- /home/apoorvtripathi537/requirements.txt [4ms]
2025-04-01 21:05:46.042 [info] > git cat-file -s 0e53df3256716f83a0e860c2a4628d710e9500d6 [2ms]
2025-04-01 21:05:50.917 [info] > git show --textconv :main.py [9ms]
2025-04-01 21:05:50.921 [info] > git ls-files --stage -- /home/apoorvtripathi537/main.py [5ms]
2025-04-01 21:05:50.930 [info] > git cat-file -s 58e769657a82a059d793108421575e698102cf55 [2ms]
2025-04-01 21:06:53.967 [info] > git config --get commit.template [12ms]
2025-04-01 21:06:53.969 [info] > git for-each-ref --format=%(refname)%00%(upstream:short)%00%(objectname)%00%(upstream:track)%00%(upstream:remotename)%00%(upstream:remoteref) refs/heads/master refs/remotes/master [3ms]
2025-04-01 21:06:54.005 [info] > git for-each-ref --sort -committerdate --format %(refname) %(objectname) %(*objectname) [3ms]
2025-04-01 21:06:54.052 [info] > git status -z -uall [71ms]
2025-04-01 21:06:59.074 [info] > git config --get commit.template [9ms]
2025-04-01 21:06:59.075 [info] > git for-each-ref --format=%(refname)%00%(upstream:short)%00%(objectname)%00%(upstream:track)%00%(upstream:remotename)%00%(upstream:remoteref) refs/heads/master refs/remotes/master [2ms]
2025-04-01 21:06:59.099 [info] > git for-each-ref --sort -committerdate --format %(refname) %(objectname) %(*objectname) [3ms]
2025-04-01 21:06:59.138 [info] > git status -z -uall [54ms]
2025-04-01 21:08:14.173 [info] > git config --get commit.template [9ms]
2025-04-01 21:08:14.174 [info] > git for-each-ref --format=%(refname)%00%(upstream:short)%00%(objectname)%00%(upstream:track)%00%(upstream:remotename)%00%(upstream:remoteref) refs/heads/master refs/remotes/master [2ms]
2025-04-01 21:08:14.200 [info] > git for-each-ref --sort -committerdate --format %(refname) %(objectname) %(*objectname) [2ms]
2025-04-01 21:08:14.227 [info] > git status -z -uall [45ms]
2025-04-01 21:11:59.055 [info] > git config --get commit.template [8ms]
2025-04-01 21:11:59.056 [info] > git for-each-ref --format=%(refname)%00%(upstream:short)%00%(objectname)%00%(upstream:track)%00%(upstream:remotename)%00%(upstream:remoteref) refs/heads/master refs/remotes/master [2ms]
2025-04-01 21:11:59.078 [info] > git for-each-ref --sort -committerdate --format %(refname) %(objectname) %(*objectname) [2ms]
2025-04-01 21:11:59.108 [info] > git status -z -uall [43ms]
2025-04-01 21:12:04.122 [info] > git config --get commit.template [2ms]
2025-04-01 21:12:04.130 [info] > git for-each-ref --format=%(refname)%00%(upstream:short)%00%(objectname)%00%(upstream:track)%00%(upstream:remotename)%00%(upstream:remoteref) refs/heads/master refs/remotes/master [2ms]
2025-04-01 21:12:04.151 [info] > git for-each-ref --sort -committerdate --format %(refname) %(objectname) %(*objectname) [3ms]
2025-04-01 21:12:04.182 [info] > git status -z -uall [44ms]
2025-04-01 21:17:27.533 [info] > git config --get commit.template [8ms]
2025-04-01 21:17:27.534 [info] > git for-each-ref --format=%(refname)%00%(upstream:short)%00%(objectname)%00%(upstream:track)%00%(upstream:remotename)%00%(upstream:remoteref) refs/heads/master refs/remotes/master [2ms]
2025-04-01 21:17:27.555 [info] > git for-each-ref --sort -committerdate --format %(refname) %(objectname) %(*objectname) [3ms]
2025-04-01 21:17:27.584 [info] > git status -z -uall [43ms]
2025-04-01 21:17:32.604 [info] > git config --get commit.template [7ms]
2025-04-01 21:17:32.605 [info] > git for-each-ref --format=%(refname)%00%(upstream:short)%00%(objectname)%00%(upstream:track)%00%(upstream:remotename)%00%(upstream:remoteref) refs/heads/master refs/remotes/master [2ms]
2025-04-01 21:17:32.628 [info] > git for-each-ref --sort -committerdate --format %(refname) %(objectname) %(*objectname) [3ms]
2025-04-01 21:17:32.656 [info] > git status -z -uall [44ms]
2025-04-01 21:18:20.053 [info] > git config --get commit.template [7ms]
2025-04-01 21:18:20.054 [info] > git for-each-ref --format=%(refname)%00%(upstream:short)%00%(objectname)%00%(upstream:track)%00%(upstream:remotename)%00%(upstream:remoteref) refs/heads/master refs/remotes/master [2ms]
2025-04-01 21:18:20.073 [info] > git for-each-ref --sort -committerdate --format %(refname) %(objectname) %(*objectname) [3ms]
2025-04-01 21:18:20.105 [info] > git status -z -uall [44ms]
2025-04-01 21:18:25.124 [info] > git config --get commit.template [8ms]
2025-04-01 21:18:25.125 [info] > git for-each-ref --format=%(refname)%00%(upstream:short)%00%(objectname)%00%(upstream:track)%00%(upstream:remotename)%00%(upstream:remoteref) refs/heads/master refs/remotes/master [2ms]
2025-04-01 21:18:25.146 [info] > git for-each-ref --sort -committerdate --format %(refname) %(objectname) %(*objectname) [3ms]
2025-04-01 21:18:25.175 [info] > git status -z -uall [42ms]
2025-04-01 21:18:47.571 [info] > git config --get commit.template [8ms]
2025-04-01 21:18:47.572 [info] > git for-each-ref --format=%(refname)%00%(upstream:short)%00%(objectname)%00%(upstream:track)%00%(upstream:remotename)%00%(upstream:remoteref) refs/heads/master refs/remotes/master [2ms]
2025-04-01 21:18:47.591 [info] > git for-each-ref --sort -committerdate --format %(refname) %(objectname) %(*objectname) [2ms]
2025-04-01 21:18:47.624 [info] > git status -z -uall [44ms]
2025-04-01 21:19:14.831 [info] > git config --get commit.template [8ms]
2025-04-01 21:19:14.832 [info] > git for-each-ref --format=%(refname)%00%(upstream:short)%00%(objectname)%00%(upstream:track)%00%(upstream:remotename)%00%(upstream:remoteref) refs/heads/master refs/remotes/master [2ms]
2025-04-01 21:19:14.855 [info] > git for-each-ref --sort -committerdate --format %(refname) %(objectname) %(*objectname) [2ms]
2025-04-01 21:19:14.883 [info] > git status -z -uall [44ms]
